[ 2017-09-25T11:02:29+08:00 ] ::1 /thinkmuyin/SnailKidsAdmin/Public/css/sk_common.css
INFO: [ app_init ] --START--
INFO: Run Behavior\BuildLiteBehavior [ RunTime:0.000000s ]
INFO: [ app_init ] --END-- [ RunTime:0.001000s ]
ERR: 无法加载模块:SnailKidsAdmin

[ 2017-09-25T11:02:29+08:00 ] ::1 /thinkmuyin/SnailKidsAdmin/Public/js/jquery-2.2.4.min.js
INFO: [ app_init ] --START--
INFO: Run Behavior\BuildLiteBehavior [ RunTime:0.000000s ]
INFO: [ app_init ] --END-- [ RunTime:0.000000s ]
ERR: 无法加载模块:SnailKidsAdmin

[ 2017-09-25T11:02:29+08:00 ] ::1 /thinkmuyin/SnailKidsAdmin/Public/js/bootstrap.min.js
INFO: [ app_init ] --START--
INFO: Run Behavior\BuildLiteBehavior [ RunTime:0.000000s ]
INFO: [ app_init ] --END-- [ RunTime:0.001000s ]
ERR: 无法加载模块:SnailKidsAdmin

[ 2017-09-25T11:02:29+08:00 ] ::1 /thinkmuyin/SnailKidsAdmin/Public/css/bootstrap.min.css
INFO: [ app_init ] --START--
INFO: Run Behavior\BuildLiteBehavior [ RunTime:0.000000s ]
INFO: [ app_init ] --END-- [ RunTime:0.001000s ]
ERR: 无法加载模块:SnailKidsAdmin

[ 2017-09-25T11:02:29+08:00 ] ::1 /thinkmuyin/SnailKidsAdmin/Public/js/jquery-2.2.4.min.js
INFO: [ app_init ] --START--
INFO: Run Behavior\BuildLiteBehavior [ RunTime:0.000000s ]
INFO: [ app_init ] --END-- [ RunTime:0.000000s ]
ERR: 无法加载模块:SnailKidsAdmin

[ 2017-09-25T11:02:29+08:00 ] ::1 /thinkmuyin/SnailKidsAdmin/Public/js/bootstrap.min.js
INFO: [ app_init ] --START--
INFO: Run Behavior\BuildLiteBehavior [ RunTime:0.001000s ]
INFO: [ app_init ] --END-- [ RunTime:0.001000s ]
ERR: 无法加载模块:SnailKidsAdmin

[ 2017-09-25T11:02:29+08:00 ] ::1 /thinkmuyin/SnailKidsAdmin/Public/css/sk_common.css
INFO: [ app_init ] --START--
INFO: Run Behavior\BuildLiteBehavior [ RunTime:0.000000s ]
INFO: [ app_init ] --END-- [ RunTime:0.001000s ]
ERR: 无法加载模块:SnailKidsAdmin

[ 2017-09-25T11:02:29+08:00 ] ::1 /thinkmuyin/SnailKidsAdmin/Public/css/sk_common.css
INFO: [ app_init ] --START--
INFO: Run Behavior\BuildLiteBehavior [ RunTime:0.000000s ]
INFO: [ app_init ] --END-- [ RunTime:0.001000s ]
ERR: 无法加载模块:SnailKidsAdmin

[ 2017-09-25T11:02:29+08:00 ] ::1 /thinkmuyin/SnailKidsAdmin/Public/js/bootstrap.min.js
INFO: [ app_init ] --START--
INFO: Run Behavior\BuildLiteBehavior [ RunTime:0.000000s ]
INFO: [ app_init ] --END-- [ RunTime:0.002000s ]
ERR: 无法加载模块:SnailKidsAdmin

[ 2017-09-25T11:02:29+08:00 ] ::1 /thinkmuyin/SnailKidsAdmin/Public/js/jquery-2.2.4.min.js
INFO: [ app_init ] --START--
INFO: Run Behavior\BuildLiteBehavior [ RunTime:0.000000s ]
INFO: [ app_init ] --END-- [ RunTime:0.001000s ]
ERR: 无法加载模块:SnailKidsAdmin

[ 2017-09-25T11:02:30+08:00 ] ::1 /thinkmuyin/SnailKidsAdmin/Public/css/sk_common.css
INFO: [ app_init ] --START--
INFO: Run Behavior\BuildLiteBehavior [ RunTime:0.000000s ]
INFO: [ app_init ] --END-- [ RunTime:0.001000s ]
ERR: 无法加载模块:SnailKidsAdmin

[ 2017-09-25T11:02:30+08:00 ] ::1 /thinkmuyin/SnailKidsAdmin/Public/js/jquery-2.2.4.min.js
INFO: [ app_init ] --START--
INFO: Run Behavior\BuildLiteBehavior [ RunTime:0.000000s ]
INFO: [ app_init ] --END-- [ RunTime:0.001000s ]
ERR: 无法加载模块:SnailKidsAdmin

[ 2017-09-25T11:02:30+08:00 ] ::1 /thinkmuyin/SnailKidsAdmin/Public/js/bootstrap.min.js
INFO: [ app_init ] --START--
INFO: Run Behavior\BuildLiteBehavior [ RunTime:0.001000s ]
INFO: [ app_init ] --END-- [ RunTime:0.001000s ]
ERR: 无法加载模块:SnailKidsAdmin

[ 2017-09-25T11:02:30+08:00 ] ::1 /thinkmuyin/SnailKidsAdmin/Public/js/bootstrap.min.js
INFO: [ app_init ] --START--
INFO: Run Behavior\BuildLiteBehavior [ RunTime:0.000000s ]
INFO: [ app_init ] --END-- [ RunTime:0.001000s ]
ERR: 无法加载模块:SnailKidsAdmin

[ 2017-09-25T11:02:30+08:00 ] ::1 /thinkmuyin/SnailKidsAdmin/Public/js/bootstrap.min.js
INFO: [ app_init ] --START--
INFO: Run Behavior\BuildLiteBehavior [ RunTime:0.000000s ]
INFO: [ app_init ] --END-- [ RunTime:0.001000s ]
ERR: 无法加载模块:SnailKidsAdmin

[ 2017-09-25T11:02:34+08:00 ] ::1 /thinkmuyin/SnailKidsAdmin/Public/js/jquery-2.2.4.min.js
INFO: [ app_init ] --START--
INFO: Run Behavior\BuildLiteBehavior [ RunTime:0.000000s ]
INFO: [ app_init ] --END-- [ RunTime:0.000000s ]
ERR: 无法加载模块:SnailKidsAdmin

[ 2017-09-25T11:02:34+08:00 ] ::1 /thinkmuyin/SnailKidsAdmin/Public/css/sk_common.css
INFO: [ app_init ] --START--
INFO: Run Behavior\BuildLiteBehavior [ RunTime:0.000000s ]
INFO: [ app_init ] --END-- [ RunTime:0.002000s ]
ERR: 无法加载模块:SnailKidsAdmin

[ 2017-09-25T11:02:34+08:00 ] ::1 /thinkmuyin/SnailKidsAdmin/Public/js/bootstrap.min.js
INFO: [ app_init ] --START--
INFO: Run Behavior\BuildLiteBehavior [ RunTime:0.000000s ]
INFO: [ app_init ] --END-- [ RunTime:0.001000s ]
ERR: 无法加载模块:SnailKidsAdmin

[ 2017-09-25T11:02:34+08:00 ] ::1 /thinkmuyin/SnailKidsAdmin/Public/js/bootstrap.min.js
INFO: [ app_init ] --START--
INFO: Run Behavior\BuildLiteBehavior [ RunTime:0.000000s ]
INFO: [ app_init ] --END-- [ RunTime:0.001000s ]
ERR: 无法加载模块:SnailKidsAdmin

[ 2017-09-25T11:34:05+08:00 ] ::1 /thinkmuyin/SnailKids/Admin/Public/images/default_user_icon.jpg
INFO: [ app_init ] --START--
INFO: Run Behavior\BuildLiteBehavior [ RunTime:0.000000s ]
INFO: [ app_init ] --END-- [ RunTime:0.001000s ]
ERR: 无法加载模块:SnailKids

[ 2017-09-25T11:34:05+08:00 ] ::1 /thinkmuyin/SnailKids/Admin/Public/images/default_user_icon.jpg
INFO: [ app_init ] --START--
INFO: Run Behavior\BuildLiteBehavior [ RunTime:0.000000s ]
INFO: [ app_init ] --END-- [ RunTime:0.001000s ]
ERR: 无法加载模块:SnailKids

[ 2017-09-25T11:34:05+08:00 ] ::1 /thinkmuyin/SnailKids/Admin/Public/images/default_user_icon.jpg
INFO: [ app_init ] --START--
INFO: Run Behavior\BuildLiteBehavior [ RunTime:0.000000s ]
INFO: [ app_init ] --END-- [ RunTime:0.000000s ]
ERR: 无法加载模块:SnailKids

[ 2017-09-25T13:07:11+08:00 ] ::1 /thinkmuyin/SnailKids/Admin/Public/images/default_user_icon.jpg
INFO: [ app_init ] --START--
INFO: Run Behavior\BuildLiteBehavior [ RunTime:0.000000s ]
INFO: [ app_init ] --END-- [ RunTime:0.001000s ]
ERR: 无法加载模块:SnailKids

[ 2017-09-25T13:07:11+08:00 ] ::1 /thinkmuyin/SnailKids/Admin/Public/images/default_user_icon.jpg
INFO: [ app_init ] --START--
INFO: Run Behavior\BuildLiteBehavior [ RunTime:0.000000s ]
INFO: [ app_init ] --END-- [ RunTime:0.000000s ]
ERR: 无法加载模块:SnailKids

[ 2017-09-25T13:07:11+08:00 ] ::1 /thinkmuyin/SnailKids/Admin/Public/images/default_user_icon.jpg
INFO: [ app_init ] --START--
INFO: Run Behavior\BuildLiteBehavior [ RunTime:0.000000s ]
INFO: [ app_init ] --END-- [ RunTime:0.000000s ]
ERR: 无法加载模块:SnailKids

[ 2017-09-25T13:15:44+08:00 ] ::1 /thinkmuyin/SnailKids/Admin/Public/images/default_user_icon.jpg
INFO: [ app_init ] --START--
INFO: Run Behavior\BuildLiteBehavior [ RunTime:0.000000s ]
INFO: [ app_init ] --END-- [ RunTime:0.001000s ]
ERR: 无法加载模块:SnailKids

[ 2017-09-25T13:15:44+08:00 ] ::1 /thinkmuyin/SnailKids/Admin/Public/images/default_user_icon.jpg
INFO: [ app_init ] --START--
INFO: Run Behavior\BuildLiteBehavior [ RunTime:0.000000s ]
INFO: [ app_init ] --END-- [ RunTime:0.000000s ]
ERR: 无法加载模块:SnailKids

[ 2017-09-25T13:15:45+08:00 ] ::1 /thinkmuyin/SnailKids/Admin/Public/images/default_user_icon.jpg
INFO: [ app_init ] --START--
INFO: Run Behavior\BuildLiteBehavior [ RunTime:0.000000s ]
INFO: [ app_init ] --END-- [ RunTime:0.001000s ]
ERR: 无法加载模块:SnailKids

