[ 2016-06-15T09:22:03+08:00 ] ::1 /snailkids.php/Admin/Index/login
INFO: [ app_init ] --START--
INFO: Run Behavior\BuildLiteBehavior [ RunTime:0.000051s ]
INFO: [ app_init ] --END-- [ RunTime:0.000766s ]

[ 2016-06-15T09:22:03+08:00 ] ::1 /snailkids.php/Admin/Index/verify
INFO: [ app_init ] --START--
INFO: Run Behavior\BuildLiteBehavior [ RunTime:0.000046s ]
INFO: [ app_init ] --END-- [ RunTime:0.000844s ]

[ 2016-06-15T09:22:14+08:00 ] ::1 /snailkids.php/Admin/Index/loginDo
INFO: [ app_init ] --START--
INFO: Run Behavior\BuildLiteBehavior [ RunTime:0.000031s ]
INFO: [ app_init ] --END-- [ RunTime:0.000720s ]

[ 2016-06-15T09:22:14+08:00 ] ::1 /snailkids.php/Admin/Index/index.html
INFO: [ app_init ] --START--
INFO: Run Behavior\BuildLiteBehavior [ RunTime:0.000044s ]
INFO: [ app_init ] --END-- [ RunTime:0.000777s ]

[ 2016-06-15T09:22:14+08:00 ] ::1 /snailkids.php/Admin/Index/top
INFO: [ app_init ] --START--
INFO: Run Behavior\BuildLiteBehavior [ RunTime:0.000049s ]
INFO: [ app_init ] --END-- [ RunTime:0.000899s ]

[ 2016-06-15T09:22:14+08:00 ] ::1 /snailkids.php/Admin/Welcome/welcome
INFO: [ app_init ] --START--
INFO: Run Behavior\BuildLiteBehavior [ RunTime:0.000031s ]
INFO: [ app_init ] --END-- [ RunTime:0.000633s ]

[ 2016-06-15T09:22:14+08:00 ] ::1 /snailkids.php/Admin/Index/left
INFO: [ app_init ] --START--
INFO: Run Behavior\BuildLiteBehavior [ RunTime:0.000032s ]
INFO: [ app_init ] --END-- [ RunTime:0.000631s ]

[ 2016-06-15T09:22:21+08:00 ] ::1 /snailkids.php/Admin/Video/index
INFO: [ app_init ] --START--
INFO: Run Behavior\BuildLiteBehavior [ RunTime:0.000030s ]
INFO: [ app_init ] --END-- [ RunTime:0.000570s ]

[ 2016-06-15T09:22:23+08:00 ] ::1 /snailkids.php/Admin/Photo/index
INFO: [ app_init ] --START--
INFO: Run Behavior\BuildLiteBehavior [ RunTime:0.000030s ]
INFO: [ app_init ] --END-- [ RunTime:0.000616s ]

[ 2016-06-15T09:22:25+08:00 ] ::1 /snailkids.php/Admin/Trailer/index
INFO: [ app_init ] --START--
INFO: Run Behavior\BuildLiteBehavior [ RunTime:0.000032s ]
INFO: [ app_init ] --END-- [ RunTime:0.000627s ]

[ 2016-06-15T09:22:25+08:00 ] ::1 /snailkids.php/Admin/User/index
INFO: [ app_init ] --START--
INFO: Run Behavior\BuildLiteBehavior [ RunTime:0.000047s ]
INFO: [ app_init ] --END-- [ RunTime:0.000852s ]

[ 2016-06-15T09:30:07+08:00 ] ::1 /snailkids.php/Admin/Video/index
INFO: [ app_init ] --START--
INFO: Run Behavior\BuildLiteBehavior [ RunTime:0.000031s ]
INFO: [ app_init ] --END-- [ RunTime:0.000606s ]

[ 2016-06-15T09:31:14+08:00 ] ::1 /snailkids.php/Admin/Video/index/p/2/where/all/order/id_desc
INFO: [ app_init ] --START--
INFO: Run Behavior\BuildLiteBehavior [ RunTime:0.000031s ]
INFO: [ app_init ] --END-- [ RunTime:0.000684s ]

[ 2016-06-15T09:31:16+08:00 ] ::1 /snailkids.php/Admin/Video/index/p/1/where/all/order/id_desc
INFO: [ app_init ] --START--
INFO: Run Behavior\BuildLiteBehavior [ RunTime:0.000031s ]
INFO: [ app_init ] --END-- [ RunTime:0.000693s ]

[ 2016-06-15T09:33:35+08:00 ] ::1 /snailkids.php/Admin/Video/index
INFO: [ app_init ] --START--
INFO: Run Behavior\BuildLiteBehavior [ RunTime:0.000031s ]
INFO: [ app_init ] --END-- [ RunTime:0.000593s ]

[ 2016-06-15T09:33:36+08:00 ] ::1 /snailkids.php/Admin/Video/index
INFO: [ app_init ] --START--
INFO: Run Behavior\BuildLiteBehavior [ RunTime:0.000030s ]
INFO: [ app_init ] --END-- [ RunTime:0.000613s ]

[ 2016-06-15T09:33:40+08:00 ] ::1 /snailkids.php/Admin/Video/index
INFO: [ app_init ] --START--
INFO: Run Behavior\BuildLiteBehavior [ RunTime:0.000051s ]
INFO: [ app_init ] --END-- [ RunTime:0.000996s ]

[ 2016-06-15T09:33:46+08:00 ] ::1 /snailkids.php/Admin/Video/index
INFO: [ app_init ] --START--
INFO: Run Behavior\BuildLiteBehavior [ RunTime:0.000030s ]
INFO: [ app_init ] --END-- [ RunTime:0.000587s ]

[ 2016-06-15T09:33:51+08:00 ] ::1 /snailkids.php/Admin/Video/index
INFO: [ app_init ] --START--
INFO: Run Behavior\BuildLiteBehavior [ RunTime:0.000050s ]
INFO: [ app_init ] --END-- [ RunTime:0.000827s ]

[ 2016-06-15T10:27:24+08:00 ] ::1 /snailkids.php/Admin/Index/index.html
INFO: [ app_init ] --START--
INFO: Run Behavior\BuildLiteBehavior [ RunTime:0.000031s ]
INFO: [ app_init ] --END-- [ RunTime:0.000588s ]

[ 2016-06-15T10:27:24+08:00 ] ::1 /snailkids.php/Admin/Welcome/welcome
INFO: [ app_init ] --START--
INFO: Run Behavior\BuildLiteBehavior [ RunTime:0.000051s ]
INFO: [ app_init ] --END-- [ RunTime:0.003019s ]

[ 2016-06-15T10:27:24+08:00 ] ::1 /snailkids.php/Admin/Index/top
INFO: [ app_init ] --START--
INFO: Run Behavior\BuildLiteBehavior [ RunTime:0.000047s ]
INFO: [ app_init ] --END-- [ RunTime:0.000910s ]

[ 2016-06-15T10:27:24+08:00 ] ::1 /snailkids.php/Admin/Index/left
INFO: [ app_init ] --START--
INFO: Run Behavior\BuildLiteBehavior [ RunTime:0.000038s ]
INFO: [ app_init ] --END-- [ RunTime:0.000653s ]

[ 2016-06-15T10:27:34+08:00 ] ::1 /snailkids.php/Admin/Package/index
INFO: [ app_init ] --START--
INFO: Run Behavior\BuildLiteBehavior [ RunTime:0.000030s ]
INFO: [ app_init ] --END-- [ RunTime:0.000564s ]

[ 2016-06-15T10:27:58+08:00 ] ::1 /snailkids.php/Admin/Package/index
INFO: [ app_init ] --START--
INFO: Run Behavior\BuildLiteBehavior [ RunTime:0.000031s ]
INFO: [ app_init ] --END-- [ RunTime:0.000648s ]

[ 2016-06-15T10:28:13+08:00 ] ::1 /snailkids.php/Admin/Package/index.html
INFO: [ app_init ] --START--
INFO: Run Behavior\BuildLiteBehavior [ RunTime:0.000047s ]
INFO: [ app_init ] --END-- [ RunTime:0.000794s ]

[ 2016-06-15T10:28:46+08:00 ] ::1 /snailkids.php/Admin/Package/index.html
INFO: [ app_init ] --START--
INFO: Run Behavior\BuildLiteBehavior [ RunTime:0.000033s ]
INFO: [ app_init ] --END-- [ RunTime:0.000685s ]

[ 2016-06-15T10:29:02+08:00 ] ::1 /snailkids.php/Admin/Package/index.html
INFO: [ app_init ] --START--
INFO: Run Behavior\BuildLiteBehavior [ RunTime:0.000038s ]
INFO: [ app_init ] --END-- [ RunTime:0.001338s ]

[ 2016-06-15T10:30:33+08:00 ] ::1 /snailkids.php/Admin/Package/index.html
INFO: [ app_init ] --START--
INFO: Run Behavior\BuildLiteBehavior [ RunTime:0.000031s ]
INFO: [ app_init ] --END-- [ RunTime:0.000602s ]

[ 2016-06-15T10:30:50+08:00 ] ::1 /snailkids.php/Admin/Package/add/p//where/all/order/id_desc
INFO: [ app_init ] --START--
INFO: Run Behavior\BuildLiteBehavior [ RunTime:0.000032s ]
INFO: [ app_init ] --END-- [ RunTime:0.000648s ]

[ 2016-06-15T10:34:52+08:00 ] ::1 /snailkids.php/Admin/Package/add/p//where/all/order/id_desc
INFO: [ app_init ] --START--
INFO: Run Behavior\BuildLiteBehavior [ RunTime:0.000038s ]
INFO: [ app_init ] --END-- [ RunTime:0.000764s ]

[ 2016-06-15T10:35:19+08:00 ] ::1 /snailkids.php/Admin/Package/index.html
INFO: [ app_init ] --START--
INFO: Run Behavior\BuildLiteBehavior [ RunTime:0.000031s ]
INFO: [ app_init ] --END-- [ RunTime:0.000588s ]

[ 2016-06-15T10:35:19+08:00 ] ::1 /snailkids.php/Admin/Package/index.html
INFO: [ app_init ] --START--
INFO: Run Behavior\BuildLiteBehavior [ RunTime:0.000029s ]
INFO: [ app_init ] --END-- [ RunTime:0.000576s ]

[ 2016-06-15T10:35:21+08:00 ] ::1 /snailkids.php/Admin/Package/add/p//where/all/order/id_desc
INFO: [ app_init ] --START--
INFO: Run Behavior\BuildLiteBehavior [ RunTime:0.000030s ]
INFO: [ app_init ] --END-- [ RunTime:0.000686s ]

[ 2016-06-15T10:35:22+08:00 ] ::1 /snailkids.php/Admin/Package/add/p//where/all/order/id_desc
INFO: [ app_init ] --START--
INFO: Run Behavior\BuildLiteBehavior [ RunTime:0.000032s ]
INFO: [ app_init ] --END-- [ RunTime:0.000650s ]

[ 2016-06-15T10:35:26+08:00 ] ::1 /snailkids.php/Admin/Package/add/p//where/all/order/id_desc
INFO: [ app_init ] --START--
INFO: Run Behavior\BuildLiteBehavior [ RunTime:0.000033s ]
INFO: [ app_init ] --END-- [ RunTime:0.000623s ]

[ 2016-06-15T10:39:53+08:00 ] ::1 /snailkids.php/Admin/Package/add/p//where/all/order/id_desc
INFO: [ app_init ] --START--
INFO: Run Behavior\BuildLiteBehavior [ RunTime:0.000031s ]
INFO: [ app_init ] --END-- [ RunTime:0.000660s ]

[ 2016-06-15T10:42:20+08:00 ] ::1 /snailkids.php/Admin/Package/add/p//where/all/order/id_desc
INFO: [ app_init ] --START--
INFO: Run Behavior\BuildLiteBehavior [ RunTime:0.000032s ]
INFO: [ app_init ] --END-- [ RunTime:0.000700s ]

[ 2016-06-15T10:42:36+08:00 ] ::1 /snailkids.php/Admin/Package/add/p//where/all/order/id_desc
INFO: [ app_init ] --START--
INFO: Run Behavior\BuildLiteBehavior [ RunTime:0.000035s ]
INFO: [ app_init ] --END-- [ RunTime:0.000630s ]

[ 2016-06-15T10:42:57+08:00 ] ::1 /snailkids.php/Admin/Package/add/p//where/all/order/id_desc
INFO: [ app_init ] --START--
INFO: Run Behavior\BuildLiteBehavior [ RunTime:0.000033s ]
INFO: [ app_init ] --END-- [ RunTime:0.000604s ]

[ 2016-06-15T10:44:16+08:00 ] ::1 /snailkids.php/Admin/Package/add/p//where/all/order/id_desc
INFO: [ app_init ] --START--
INFO: Run Behavior\BuildLiteBehavior [ RunTime:0.000035s ]
INFO: [ app_init ] --END-- [ RunTime:0.000658s ]

[ 2016-06-15T10:45:50+08:00 ] ::1 /snailkids.php/Admin/Package/add/p//where/all/order/id_desc
INFO: [ app_init ] --START--
INFO: Run Behavior\BuildLiteBehavior [ RunTime:0.000031s ]
INFO: [ app_init ] --END-- [ RunTime:0.000591s ]

[ 2016-06-15T10:46:14+08:00 ] ::1 /snailkids.php/Admin/Package/add/p//where/all/order/id_desc
INFO: [ app_init ] --START--
INFO: Run Behavior\BuildLiteBehavior [ RunTime:0.000031s ]
INFO: [ app_init ] --END-- [ RunTime:0.000631s ]

[ 2016-06-15T10:48:50+08:00 ] ::1 /snailkids.php/Admin/Package/index/p/where/where/all/order/id_desc
INFO: [ app_init ] --START--
INFO: Run Behavior\BuildLiteBehavior [ RunTime:0.000031s ]
INFO: [ app_init ] --END-- [ RunTime:0.000699s ]

[ 2016-06-15T11:52:25+08:00 ] ::1 /snailkids.php/Admin/Package/index.html
INFO: [ app_init ] --START--
INFO: Run Behavior\BuildLiteBehavior [ RunTime:0.000031s ]
INFO: [ app_init ] --END-- [ RunTime:0.000592s ]

[ 2016-06-15T11:52:29+08:00 ] ::1 /snailkids.php/Admin/Package/edit/id/4/p/1/where/all/order/id_desc
INFO: [ app_init ] --START--
INFO: Run Behavior\BuildLiteBehavior [ RunTime:0.000070s ]
INFO: [ app_init ] --END-- [ RunTime:0.000894s ]

[ 2016-06-15T11:52:39+08:00 ] ::1 /snailkids.php/Admin/Package/index/p/1/where/all/order/id_desc
INFO: [ app_init ] --START--
INFO: Run Behavior\BuildLiteBehavior [ RunTime:0.000032s ]
INFO: [ app_init ] --END-- [ RunTime:0.000587s ]

[ 2016-06-15T11:52:43+08:00 ] ::1 /snailkids.php/Admin/Package/index/p/1/where/enable1/order/id_desc
INFO: [ app_init ] --START--
INFO: Run Behavior\BuildLiteBehavior [ RunTime:0.000038s ]
INFO: [ app_init ] --END-- [ RunTime:0.000668s ]

[ 2016-06-15T11:52:45+08:00 ] ::1 /snailkids.php/Admin/Package/index/p/1/where/enable0/order/id_desc
INFO: [ app_init ] --START--
INFO: Run Behavior\BuildLiteBehavior [ RunTime:0.000042s ]
INFO: [ app_init ] --END-- [ RunTime:0.000624s ]

[ 2016-06-15T11:52:47+08:00 ] ::1 /snailkids.php/Admin/Package/index/p/1/where/all/order/id_desc
INFO: [ app_init ] --START--
INFO: Run Behavior\BuildLiteBehavior [ RunTime:0.000037s ]
INFO: [ app_init ] --END-- [ RunTime:0.000600s ]

[ 2016-06-15T11:52:48+08:00 ] ::1 /snailkids.php/Admin/Package/edit/id/4/p/1/where/all/order/id_desc
INFO: [ app_init ] --START--
INFO: Run Behavior\BuildLiteBehavior [ RunTime:0.000031s ]
INFO: [ app_init ] --END-- [ RunTime:0.000594s ]

[ 2016-06-15T11:54:04+08:00 ] ::1 /snailkids.php/Admin/Package/edit/id/4/p/1/where/all/order/id_desc
INFO: [ app_init ] --START--
INFO: Run Behavior\BuildLiteBehavior [ RunTime:0.000036s ]
INFO: [ app_init ] --END-- [ RunTime:0.000850s ]

[ 2016-06-15T11:58:57+08:00 ] ::1 /snailkids.php/Admin/Package/edit/id/4/p/1/where/all/order/id_desc
INFO: [ app_init ] --START--
INFO: Run Behavior\BuildLiteBehavior [ RunTime:0.000033s ]
INFO: [ app_init ] --END-- [ RunTime:0.000641s ]

[ 2016-06-15T11:59:24+08:00 ] ::1 /snailkids.php/Admin/Package/edit/id/4/p/1/where/all/order/id_desc
INFO: [ app_init ] --START--
INFO: Run Behavior\BuildLiteBehavior [ RunTime:0.000032s ]
INFO: [ app_init ] --END-- [ RunTime:0.000594s ]

[ 2016-06-15T11:59:37+08:00 ] ::1 /snailkids.php/Admin/Package/edit/id/4/p/1/where/all/order/id_desc
INFO: [ app_init ] --START--
INFO: Run Behavior\BuildLiteBehavior [ RunTime:0.000033s ]
INFO: [ app_init ] --END-- [ RunTime:0.000665s ]

[ 2016-06-15T11:59:54+08:00 ] ::1 /snailkids.php/Admin/Package/edit/id/4/p/1/where/all/order/id_desc
INFO: [ app_init ] --START--
INFO: Run Behavior\BuildLiteBehavior [ RunTime:0.000032s ]
INFO: [ app_init ] --END-- [ RunTime:0.000592s ]

[ 2016-06-15T13:47:35+08:00 ] ::1 /snailkids.php/Admin/Package/edit/id/4/p/1/where/all/order/id_desc
INFO: [ app_init ] --START--
INFO: Run Behavior\BuildLiteBehavior [ RunTime:0.000033s ]
INFO: [ app_init ] --END-- [ RunTime:0.000626s ]

[ 2016-06-15T13:47:40+08:00 ] ::1 /snailkids.php/Admin/Package/editDo/id/4/p/1/where/all/order/id_desc
INFO: [ app_init ] --START--
INFO: Run Behavior\BuildLiteBehavior [ RunTime:0.000032s ]
INFO: [ app_init ] --END-- [ RunTime:0.000562s ]

[ 2016-06-15T13:47:42+08:00 ] ::1 /snailkids.php/Admin/Package/index/p/1/where/all/order/id_desc
INFO: [ app_init ] --START--
INFO: Run Behavior\BuildLiteBehavior [ RunTime:0.000032s ]
INFO: [ app_init ] --END-- [ RunTime:0.000614s ]

[ 2016-06-15T13:47:48+08:00 ] ::1 /snailkids.php/Admin/Package/edit/id/4/p/1/where/all/order/id_desc
INFO: [ app_init ] --START--
INFO: Run Behavior\BuildLiteBehavior [ RunTime:0.000033s ]
INFO: [ app_init ] --END-- [ RunTime:0.000611s ]

[ 2016-06-15T13:48:19+08:00 ] ::1 /snailkids.php/Admin/Package/edit/id/4/p/1/where/all/order/id_desc
INFO: [ app_init ] --START--
INFO: Run Behavior\BuildLiteBehavior [ RunTime:0.000034s ]
INFO: [ app_init ] --END-- [ RunTime:0.000747s ]

[ 2016-06-15T13:48:22+08:00 ] ::1 /snailkids.php/Admin/Package/editDo/id/4/p/1/where/all/order/id_desc
INFO: [ app_init ] --START--
INFO: Run Behavior\BuildLiteBehavior [ RunTime:0.000033s ]
INFO: [ app_init ] --END-- [ RunTime:0.000849s ]

[ 2016-06-15T13:48:53+08:00 ] ::1 /snailkids.php/Admin/Package/edit/id/4/p/1/where/all/order/id_desc
INFO: [ app_init ] --START--
INFO: Run Behavior\BuildLiteBehavior [ RunTime:0.000034s ]
INFO: [ app_init ] --END-- [ RunTime:0.000621s ]

[ 2016-06-15T13:48:55+08:00 ] ::1 /snailkids.php/Admin/Package/editDo/id/4/p/1/where/all/order/id_desc
INFO: [ app_init ] --START--
INFO: Run Behavior\BuildLiteBehavior [ RunTime:0.000032s ]
INFO: [ app_init ] --END-- [ RunTime:0.000611s ]

[ 2016-06-15T13:48:57+08:00 ] ::1 /snailkids.php/Admin/Package/index/p/1/where/all/order/id_desc
INFO: [ app_init ] --START--
INFO: Run Behavior\BuildLiteBehavior [ RunTime:0.000030s ]
INFO: [ app_init ] --END-- [ RunTime:0.000573s ]

[ 2016-06-15T13:50:53+08:00 ] ::1 /snailkids.php/Admin/Package/edit/id/4/p/1/where/all/order/id_desc
INFO: [ app_init ] --START--
INFO: Run Behavior\BuildLiteBehavior [ RunTime:0.000033s ]
INFO: [ app_init ] --END-- [ RunTime:0.000630s ]

[ 2016-06-15T13:50:57+08:00 ] ::1 /snailkids.php/Admin/Package/editDo/id/4/p/1/where/all/order/id_desc
INFO: [ app_init ] --START--
INFO: Run Behavior\BuildLiteBehavior [ RunTime:0.000033s ]
INFO: [ app_init ] --END-- [ RunTime:0.000595s ]

[ 2016-06-15T13:50:59+08:00 ] ::1 /snailkids.php/Admin/Package/index/p/1/where/all/order/id_desc
INFO: [ app_init ] --START--
INFO: Run Behavior\BuildLiteBehavior [ RunTime:0.000031s ]
INFO: [ app_init ] --END-- [ RunTime:0.000615s ]

[ 2016-06-15T13:51:30+08:00 ] ::1 /snailkids.php/Admin/Package/edit/id/4/p/1/where/all/order/id_desc
INFO: [ app_init ] --START--
INFO: Run Behavior\BuildLiteBehavior [ RunTime:0.000031s ]
INFO: [ app_init ] --END-- [ RunTime:0.000611s ]

[ 2016-06-15T13:51:31+08:00 ] ::1 /snailkids.php/Admin/Package/editDo/id/4/p/1/where/all/order/id_desc
INFO: [ app_init ] --START--
INFO: Run Behavior\BuildLiteBehavior [ RunTime:0.000044s ]
INFO: [ app_init ] --END-- [ RunTime:0.000648s ]

[ 2016-06-15T13:52:21+08:00 ] ::1 /snailkids.php/Admin/Package/editDo/id/4/p/1/where/all/order/id_desc
INFO: [ app_init ] --START--
INFO: Run Behavior\BuildLiteBehavior [ RunTime:0.000032s ]
INFO: [ app_init ] --END-- [ RunTime:0.000617s ]

[ 2016-06-15T13:52:56+08:00 ] ::1 /snailkids.php/Admin/Package/editDo/id/4/p/1/where/all/order/id_desc
INFO: [ app_init ] --START--
INFO: Run Behavior\BuildLiteBehavior [ RunTime:0.000033s ]
INFO: [ app_init ] --END-- [ RunTime:0.000699s ]

[ 2016-06-15T13:52:58+08:00 ] ::1 /snailkids.php/Admin/Package/index/p/1/where/all/order/id_desc
INFO: [ app_init ] --START--
INFO: Run Behavior\BuildLiteBehavior [ RunTime:0.000030s ]
INFO: [ app_init ] --END-- [ RunTime:0.000595s ]

[ 2016-06-15T13:53:04+08:00 ] ::1 /snailkids.php/Admin/Package/edit/id/4/p/1/where/all/order/id_desc
INFO: [ app_init ] --START--
INFO: Run Behavior\BuildLiteBehavior [ RunTime:0.000031s ]
INFO: [ app_init ] --END-- [ RunTime:0.000629s ]

[ 2016-06-15T13:53:06+08:00 ] ::1 /snailkids.php/Admin/Package/editDo/id/4/p/1/where/all/order/id_desc
INFO: [ app_init ] --START--
INFO: Run Behavior\BuildLiteBehavior [ RunTime:0.000032s ]
INFO: [ app_init ] --END-- [ RunTime:0.000614s ]

[ 2016-06-15T13:53:07+08:00 ] ::1 /snailkids.php/Admin/Package/index/p/1/where/all/order/id_desc
INFO: [ app_init ] --START--
INFO: Run Behavior\BuildLiteBehavior [ RunTime:0.000031s ]
INFO: [ app_init ] --END-- [ RunTime:0.000576s ]

[ 2016-06-15T13:54:42+08:00 ] ::1 /snailkids.php/Admin/Package/edit/id/4/p/1/where/all/order/id_desc
INFO: [ app_init ] --START--
INFO: Run Behavior\BuildLiteBehavior [ RunTime:0.000032s ]
INFO: [ app_init ] --END-- [ RunTime:0.000598s ]

[ 2016-06-15T13:54:44+08:00 ] ::1 /snailkids.php/Admin/Package/editDo/id/4/p/1/where/all/order/id_desc
INFO: [ app_init ] --START--
INFO: Run Behavior\BuildLiteBehavior [ RunTime:0.000032s ]
INFO: [ app_init ] --END-- [ RunTime:0.000583s ]

[ 2016-06-15T13:55:04+08:00 ] ::1 /snailkids.php/Admin/Package/editDo/id/4/p/1/where/all/order/id_desc
INFO: [ app_init ] --START--
INFO: Run Behavior\BuildLiteBehavior [ RunTime:0.000032s ]
INFO: [ app_init ] --END-- [ RunTime:0.000575s ]

[ 2016-06-15T13:55:11+08:00 ] ::1 /snailkids.php/Admin/Package/editDo/id/4/p/1/where/all/order/id_desc
INFO: [ app_init ] --START--
INFO: Run Behavior\BuildLiteBehavior [ RunTime:0.000040s ]
INFO: [ app_init ] --END-- [ RunTime:0.000604s ]

[ 2016-06-15T13:55:13+08:00 ] ::1 /snailkids.php/Admin/Package/index/p/1/where/all/order/id_desc
INFO: [ app_init ] --START--
INFO: Run Behavior\BuildLiteBehavior [ RunTime:0.000032s ]
INFO: [ app_init ] --END-- [ RunTime:0.000586s ]

[ 2016-06-15T13:55:14+08:00 ] ::1 /snailkids.php/Admin/Package/edit/id/4/p/1/where/all/order/id_desc
INFO: [ app_init ] --START--
INFO: Run Behavior\BuildLiteBehavior [ RunTime:0.000050s ]
INFO: [ app_init ] --END-- [ RunTime:0.000956s ]

[ 2016-06-15T13:55:23+08:00 ] ::1 /snailkids.php/Admin/Package/editDo/id/4/p/1/where/all/order/id_desc
INFO: [ app_init ] --START--
INFO: Run Behavior\BuildLiteBehavior [ RunTime:0.000108s ]
INFO: [ app_init ] --END-- [ RunTime:0.001122s ]

[ 2016-06-15T13:57:42+08:00 ] ::1 /snailkids.php/Admin/Package/editDo/id/4/p/1/where/all/order/id_desc
INFO: [ app_init ] --START--
INFO: Run Behavior\BuildLiteBehavior [ RunTime:0.000032s ]
INFO: [ app_init ] --END-- [ RunTime:0.000592s ]

[ 2016-06-15T13:57:52+08:00 ] ::1 /snailkids.php/Admin/Package/editDo/id/4/p/1/where/all/order/id_desc
INFO: [ app_init ] --START--
INFO: Run Behavior\BuildLiteBehavior [ RunTime:0.000038s ]
INFO: [ app_init ] --END-- [ RunTime:0.001052s ]

[ 2016-06-15T13:57:54+08:00 ] ::1 /snailkids.php/Admin/Package/index/p/1/where/all/order/id_desc
INFO: [ app_init ] --START--
INFO: Run Behavior\BuildLiteBehavior [ RunTime:0.000048s ]
INFO: [ app_init ] --END-- [ RunTime:0.000885s ]

[ 2016-06-15T13:58:10+08:00 ] ::1 /snailkids.php/Admin/Package/edit/id/4/p/1/where/all/order/id_desc
INFO: [ app_init ] --START--
INFO: Run Behavior\BuildLiteBehavior [ RunTime:0.000031s ]
INFO: [ app_init ] --END-- [ RunTime:0.000584s ]

[ 2016-06-15T13:58:13+08:00 ] ::1 /snailkids.php/Admin/Package/editDo/id/4/p/1/where/all/order/id_desc
INFO: [ app_init ] --START--
INFO: Run Behavior\BuildLiteBehavior [ RunTime:0.000033s ]
INFO: [ app_init ] --END-- [ RunTime:0.000580s ]

[ 2016-06-15T13:59:44+08:00 ] ::1 /snailkids.php/Admin/Package/edit/id/4/p/1/where/all/order/id_desc
INFO: [ app_init ] --START--
INFO: Run Behavior\BuildLiteBehavior [ RunTime:0.000044s ]
INFO: [ app_init ] --END-- [ RunTime:0.000803s ]

[ 2016-06-15T13:59:47+08:00 ] ::1 /snailkids.php/Admin/Package/editDo/id/4/p/1/where/all/order/id_desc
INFO: [ app_init ] --START--
INFO: Run Behavior\BuildLiteBehavior [ RunTime:0.000040s ]
INFO: [ app_init ] --END-- [ RunTime:0.000583s ]

[ 2016-06-15T13:59:48+08:00 ] ::1 /snailkids.php/Admin/Package/index/p/1/where/all/order/id_desc
INFO: [ app_init ] --START--
INFO: Run Behavior\BuildLiteBehavior [ RunTime:0.000033s ]
INFO: [ app_init ] --END-- [ RunTime:0.000603s ]

[ 2016-06-15T14:00:06+08:00 ] ::1 /snailkids.php/Admin/Package/edit/id/4/p/1/where/all/order/id_desc
INFO: [ app_init ] --START--
INFO: Run Behavior\BuildLiteBehavior [ RunTime:0.000052s ]
INFO: [ app_init ] --END-- [ RunTime:0.001026s ]

[ 2016-06-15T14:00:08+08:00 ] ::1 /snailkids.php/Admin/Package/editDo/id/4/p/1/where/all/order/id_desc
INFO: [ app_init ] --START--
INFO: Run Behavior\BuildLiteBehavior [ RunTime:0.000032s ]
INFO: [ app_init ] --END-- [ RunTime:0.000763s ]

[ 2016-06-15T14:00:10+08:00 ] ::1 /snailkids.php/Admin/Package/index/p/1/where/all/order/id_desc
INFO: [ app_init ] --START--
INFO: Run Behavior\BuildLiteBehavior [ RunTime:0.000030s ]
INFO: [ app_init ] --END-- [ RunTime:0.000579s ]

[ 2016-06-15T14:00:27+08:00 ] ::1 /snailkids.php/Admin/Package/edit/id/4/p/1/where/all/order/id_desc
INFO: [ app_init ] --START--
INFO: Run Behavior\BuildLiteBehavior [ RunTime:0.000031s ]
INFO: [ app_init ] --END-- [ RunTime:0.000589s ]

[ 2016-06-15T14:00:29+08:00 ] ::1 /snailkids.php/Admin/Package/editDo/id/4/p/1/where/all/order/id_desc
INFO: [ app_init ] --START--
INFO: Run Behavior\BuildLiteBehavior [ RunTime:0.000045s ]
INFO: [ app_init ] --END-- [ RunTime:0.000894s ]

[ 2016-06-15T14:01:39+08:00 ] ::1 /snailkids.php/Admin/Package/editDo/id/4/p/1/where/all/order/id_desc
INFO: [ app_init ] --START--
INFO: Run Behavior\BuildLiteBehavior [ RunTime:0.000034s ]
INFO: [ app_init ] --END-- [ RunTime:0.000696s ]

[ 2016-06-15T14:01:40+08:00 ] ::1 /snailkids.php/Admin/Package/index/p/1/where/all/order/id_desc
INFO: [ app_init ] --START--
INFO: Run Behavior\BuildLiteBehavior [ RunTime:0.000076s ]
INFO: [ app_init ] --END-- [ RunTime:0.001008s ]

[ 2016-06-15T14:01:42+08:00 ] ::1 /snailkids.php/Admin/Package/edit/id/4/p/1/where/all/order/id_desc
INFO: [ app_init ] --START--
INFO: Run Behavior\BuildLiteBehavior [ RunTime:0.000031s ]
INFO: [ app_init ] --END-- [ RunTime:0.000589s ]

[ 2016-06-15T14:01:54+08:00 ] ::1 /snailkids.php/Admin/Package/edit/id/4/p/1/where/all/order/id_desc
INFO: [ app_init ] --START--
INFO: Run Behavior\BuildLiteBehavior [ RunTime:0.000033s ]
INFO: [ app_init ] --END-- [ RunTime:0.000751s ]

[ 2016-06-15T14:01:58+08:00 ] ::1 /snailkids.php/Admin/Package/editDo/id/4/p/1/where/all/order/id_desc
INFO: [ app_init ] --START--
INFO: Run Behavior\BuildLiteBehavior [ RunTime:0.000030s ]
INFO: [ app_init ] --END-- [ RunTime:0.000566s ]

[ 2016-06-15T14:01:59+08:00 ] ::1 /snailkids.php/Admin/Package/index/p/1/where/all/order/id_desc
INFO: [ app_init ] --START--
INFO: Run Behavior\BuildLiteBehavior [ RunTime:0.000050s ]
INFO: [ app_init ] --END-- [ RunTime:0.000998s ]

[ 2016-06-15T14:02:08+08:00 ] ::1 /snailkids.php/Admin/Package/edit/id/4/p/1/where/all/order/id_desc
INFO: [ app_init ] --START--
INFO: Run Behavior\BuildLiteBehavior [ RunTime:0.000030s ]
INFO: [ app_init ] --END-- [ RunTime:0.000608s ]

[ 2016-06-15T14:02:10+08:00 ] ::1 /snailkids.php/Admin/Package/editDo/id/4/p/1/where/all/order/id_desc
INFO: [ app_init ] --START--
INFO: Run Behavior\BuildLiteBehavior [ RunTime:0.000032s ]
INFO: [ app_init ] --END-- [ RunTime:0.000570s ]

[ 2016-06-15T14:03:56+08:00 ] ::1 /snailkids.php/Admin/Package/editDo/id/4/p/1/where/all/order/id_desc
INFO: [ app_init ] --START--
INFO: Run Behavior\BuildLiteBehavior [ RunTime:0.000034s ]
INFO: [ app_init ] --END-- [ RunTime:0.000696s ]

[ 2016-06-15T14:04:30+08:00 ] ::1 /snailkids.php/Admin/Package/editDo/id/4/p/1/where/all/order/id_desc
INFO: [ app_init ] --START--
INFO: Run Behavior\BuildLiteBehavior [ RunTime:0.000033s ]
INFO: [ app_init ] --END-- [ RunTime:0.000585s ]

[ 2016-06-15T14:04:32+08:00 ] ::1 /snailkids.php/Admin/Package/index/p/1/where/all/order/id_desc
INFO: [ app_init ] --START--
INFO: Run Behavior\BuildLiteBehavior [ RunTime:0.000069s ]
INFO: [ app_init ] --END-- [ RunTime:0.001158s ]

[ 2016-06-15T14:08:15+08:00 ] ::1 /snailkids.php/Admin/Package/edit/id/4/p/1/where/all/order/id_desc
INFO: [ app_init ] --START--
INFO: Run Behavior\BuildLiteBehavior [ RunTime:0.000048s ]
INFO: [ app_init ] --END-- [ RunTime:0.000889s ]

[ 2016-06-15T14:08:28+08:00 ] ::1 /snailkids.php/Admin/Package/editDo/id/4/p/1/where/all/order/id_desc
INFO: [ app_init ] --START--
INFO: Run Behavior\BuildLiteBehavior [ RunTime:0.000032s ]
INFO: [ app_init ] --END-- [ RunTime:0.000579s ]

[ 2016-06-15T14:08:30+08:00 ] ::1 /snailkids.php/Admin/Package/index/p/1/where/all/order/id_desc
INFO: [ app_init ] --START--
INFO: Run Behavior\BuildLiteBehavior [ RunTime:0.000037s ]
INFO: [ app_init ] --END-- [ RunTime:0.000593s ]

[ 2016-06-15T14:08:32+08:00 ] ::1 /snailkids.php/Admin/Package/edit/id/4/p/1/where/all/order/id_desc
INFO: [ app_init ] --START--
INFO: Run Behavior\BuildLiteBehavior [ RunTime:0.000031s ]
INFO: [ app_init ] --END-- [ RunTime:0.000585s ]

[ 2016-06-15T14:08:54+08:00 ] ::1 /snailkids.php/Admin/Package/editDo/id/4/p/1/where/all/order/id_desc
INFO: [ app_init ] --START--
INFO: Run Behavior\BuildLiteBehavior [ RunTime:0.000049s ]
INFO: [ app_init ] --END-- [ RunTime:0.000845s ]

[ 2016-06-15T14:08:56+08:00 ] ::1 /snailkids.php/Admin/Package/index/p/1/where/all/order/id_desc
INFO: [ app_init ] --START--
INFO: Run Behavior\BuildLiteBehavior [ RunTime:0.000031s ]
INFO: [ app_init ] --END-- [ RunTime:0.000585s ]

[ 2016-06-15T14:08:57+08:00 ] ::1 /snailkids.php/Admin/Package/edit/id/4/p/1/where/all/order/id_desc
INFO: [ app_init ] --START--
INFO: Run Behavior\BuildLiteBehavior [ RunTime:0.000031s ]
INFO: [ app_init ] --END-- [ RunTime:0.000590s ]

[ 2016-06-15T14:09:01+08:00 ] ::1 /snailkids.php/Admin/Package/editDo/id/4/p/1/where/all/order/id_desc
INFO: [ app_init ] --START--
INFO: Run Behavior\BuildLiteBehavior [ RunTime:0.000037s ]
INFO: [ app_init ] --END-- [ RunTime:0.000665s ]

[ 2016-06-15T14:09:02+08:00 ] ::1 /snailkids.php/Admin/Package/index/p/1/where/all/order/id_desc
INFO: [ app_init ] --START--
INFO: Run Behavior\BuildLiteBehavior [ RunTime:0.000031s ]
INFO: [ app_init ] --END-- [ RunTime:0.000619s ]

[ 2016-06-15T14:09:03+08:00 ] ::1 /snailkids.php/Admin/Package/edit/id/4/p/1/where/all/order/id_desc
INFO: [ app_init ] --START--
INFO: Run Behavior\BuildLiteBehavior [ RunTime:0.000030s ]
INFO: [ app_init ] --END-- [ RunTime:0.000575s ]

[ 2016-06-15T14:09:07+08:00 ] ::1 /snailkids.php/Admin/Package/editDo/id/4/p/1/where/all/order/id_desc
INFO: [ app_init ] --START--
INFO: Run Behavior\BuildLiteBehavior [ RunTime:0.000093s ]
INFO: [ app_init ] --END-- [ RunTime:0.001525s ]

[ 2016-06-15T14:09:09+08:00 ] ::1 /snailkids.php/Admin/Package/index/p/1/where/all/order/id_desc
INFO: [ app_init ] --START--
INFO: Run Behavior\BuildLiteBehavior [ RunTime:0.000031s ]
INFO: [ app_init ] --END-- [ RunTime:0.000581s ]

