[ 2017-09-13T16:21:59+08:00 ] ::1 /thinkmuyin/admin
INFO: [ app_init ] --START--
INFO: Run Behavior\BuildLiteBehavior [ RunTime:0.000000s ]
INFO: [ app_init ] --END-- [ RunTime:0.000000s ]
INFO: [ app_begin ] --START--
INFO: Run Behavior\ReadHtmlCacheBehavior [ RunTime:0.001000s ]
INFO: [ app_begin ] --END-- [ RunTime:0.001000s ]

[ 2017-09-13T16:21:59+08:00 ] ::1 /thinkmuyin/index.php/Admin/Index/login.html
INFO: [ app_init ] --START--
INFO: Run Behavior\BuildLiteBehavior [ RunTime:0.000000s ]
INFO: [ app_init ] --END-- [ RunTime:0.000000s ]
INFO: [ app_begin ] --START--
INFO: Run Behavior\ReadHtmlCacheBehavior [ RunTime:0.001000s ]
INFO: [ app_begin ] --END-- [ RunTime:0.001000s ]
INFO: [ view_parse ] --START--
INFO: [ template_filter ] --START--
INFO: Run Behavior\ContentReplaceBehavior [ RunTime:0.000000s ]
INFO: [ template_filter ] --END-- [ RunTime:0.000000s ]
NOTIC: [8] Use of undefined constant ADMIN_PUBLIC_CSS - assumed 'ADMIN_PUBLIC_CSS' D:\XAMPP\htdocs\thinkmuyin\SnailKids\Runtime\Cache\Admin\2df8f32ac5afa3ab0365dddcce39c937.php 第 7 行.
NOTIC: [8] Use of undefined constant ADMIN_PUBLIC_CSS - assumed 'ADMIN_PUBLIC_CSS' D:\XAMPP\htdocs\thinkmuyin\SnailKids\Runtime\Cache\Admin\2df8f32ac5afa3ab0365dddcce39c937.php 第 9 行.
NOTIC: [8] Use of undefined constant ADMIN_PUBLIC_JS - assumed 'ADMIN_PUBLIC_JS' D:\XAMPP\htdocs\thinkmuyin\SnailKids\Runtime\Cache\Admin\2df8f32ac5afa3ab0365dddcce39c937.php 第 10 行.
NOTIC: [8] Use of undefined constant ADMIN_PUBLIC_JS - assumed 'ADMIN_PUBLIC_JS' D:\XAMPP\htdocs\thinkmuyin\SnailKids\Runtime\Cache\Admin\2df8f32ac5afa3ab0365dddcce39c937.php 第 11 行.
NOTIC: [8] Undefined variable: loginResult D:\XAMPP\htdocs\thinkmuyin\SnailKids\Runtime\Cache\Admin\2df8f32ac5afa3ab0365dddcce39c937.php 第 59 行.
NOTIC: [8] Undefined variable: tempUsername D:\XAMPP\htdocs\thinkmuyin\SnailKids\Runtime\Cache\Admin\2df8f32ac5afa3ab0365dddcce39c937.php 第 62 行.
INFO: Run Behavior\ParseTemplateBehavior [ RunTime:0.026001s ]
INFO: [ view_parse ] --END-- [ RunTime:0.026001s ]
INFO: [ view_filter ] --START--
INFO: Run Behavior\WriteHtmlCacheBehavior [ RunTime:0.051003s ]
INFO: [ view_filter ] --END-- [ RunTime:0.052003s ]
INFO: [ app_end ] --START--
INFO: Run Behavior\ShowPageTraceBehavior [ RunTime:0.001000s ]
INFO: [ app_end ] --END-- [ RunTime:0.001000s ]

[ 2017-09-13T16:21:59+08:00 ] ::1 /thinkmuyin/index.php/Admin/Index/ADMIN_PUBLIC_JSjquery-2.2.4.min.js
INFO: [ app_init ] --START--
INFO: Run Behavior\BuildLiteBehavior [ RunTime:0.000000s ]
INFO: [ app_init ] --END-- [ RunTime:0.003000s ]
INFO: [ app_begin ] --START--
INFO: Run Behavior\ReadHtmlCacheBehavior [ RunTime:0.001000s ]
INFO: [ app_begin ] --END-- [ RunTime:0.001000s ]
ERR: 非法操作:ADMIN_PUBLIC_JSjquery-2.2.4.min.js

[ 2017-09-13T16:21:59+08:00 ] ::1 /thinkmuyin/index.php/Admin/Index/ADMIN_PUBLIC_CSSsk_common.css
INFO: [ app_init ] --START--
INFO: Run Behavior\BuildLiteBehavior [ RunTime:0.000000s ]
INFO: [ app_init ] --END-- [ RunTime:0.001000s ]
INFO: [ app_begin ] --START--
INFO: Run Behavior\ReadHtmlCacheBehavior [ RunTime:0.000000s ]
INFO: [ app_begin ] --END-- [ RunTime:0.001000s ]
ERR: 非法操作:ADMIN_PUBLIC_CSSsk_common.css

[ 2017-09-13T16:21:59+08:00 ] ::1 /thinkmuyin/index.php/Admin/Index/ADMIN_PUBLIC_JSbootstrap.min.js
INFO: [ app_init ] --START--
INFO: Run Behavior\BuildLiteBehavior [ RunTime:0.000000s ]
INFO: [ app_init ] --END-- [ RunTime:0.000000s ]
INFO: [ app_begin ] --START--
INFO: Run Behavior\ReadHtmlCacheBehavior [ RunTime:0.002000s ]
INFO: [ app_begin ] --END-- [ RunTime:0.002000s ]
ERR: 非法操作:ADMIN_PUBLIC_JSbootstrap.min.js

[ 2017-09-13T16:21:59+08:00 ] ::1 /thinkmuyin/index.php/Admin/Index/verify
INFO: [ app_init ] --START--
INFO: Run Behavior\BuildLiteBehavior [ RunTime:0.000000s ]
INFO: [ app_init ] --END-- [ RunTime:0.000000s ]
INFO: [ app_begin ] --START--
INFO: Run Behavior\ReadHtmlCacheBehavior [ RunTime:0.001001s ]
INFO: [ app_begin ] --END-- [ RunTime:0.001001s ]
INFO: [ app_end ] --START--
INFO: Run Behavior\ShowPageTraceBehavior [ RunTime:0.001000s ]
INFO: [ app_end ] --END-- [ RunTime:0.001000s ]

[ 2017-09-13T16:21:59+08:00 ] ::1 /thinkmuyin/index.php/Admin/Index/ADMIN_PUBLIC_JSbootstrap.min.js
INFO: [ app_init ] --START--
INFO: Run Behavior\BuildLiteBehavior [ RunTime:0.000000s ]
INFO: [ app_init ] --END-- [ RunTime:0.000000s ]
INFO: [ app_begin ] --START--
INFO: Run Behavior\ReadHtmlCacheBehavior [ RunTime:0.001000s ]
INFO: [ app_begin ] --END-- [ RunTime:0.001000s ]
ERR: 非法操作:ADMIN_PUBLIC_JSbootstrap.min.js

[ 2017-09-13T16:22:13+08:00 ] ::1 /thinkmuyin/index.php/Admin/Index/loginDo
INFO: [ app_init ] --START--
INFO: Run Behavior\BuildLiteBehavior [ RunTime:0.000000s ]
INFO: [ app_init ] --END-- [ RunTime:0.001000s ]
INFO: [ app_begin ] --START--
INFO: Run Behavior\ReadHtmlCacheBehavior [ RunTime:0.000000s ]
INFO: [ app_begin ] --END-- [ RunTime:0.000000s ]
ERR: SQLSTATE[HY000] [1045] Access denied for user 'root'@'localhost' (using password: YES)

[ 2017-09-13T16:22:31+08:00 ] ::1 /thinkmuyin/index.php/Admin/Index/ADMIN_PUBLIC_JSjquery-2.2.4.min.js
INFO: [ app_init ] --START--
INFO: Run Behavior\BuildLiteBehavior [ RunTime:0.000000s ]
INFO: [ app_init ] --END-- [ RunTime:0.001000s ]
INFO: [ app_begin ] --START--
INFO: Run Behavior\ReadHtmlCacheBehavior [ RunTime:0.001000s ]
INFO: [ app_begin ] --END-- [ RunTime:0.001000s ]
ERR: 非法操作:ADMIN_PUBLIC_JSjquery-2.2.4.min.js

[ 2017-09-13T16:22:31+08:00 ] ::1 /thinkmuyin/index.php/Admin/Index/ADMIN_PUBLIC_CSSsk_common.css
INFO: [ app_init ] --START--
INFO: Run Behavior\BuildLiteBehavior [ RunTime:0.000000s ]
INFO: [ app_init ] --END-- [ RunTime:0.000000s ]
INFO: [ app_begin ] --START--
INFO: Run Behavior\ReadHtmlCacheBehavior [ RunTime:0.001000s ]
INFO: [ app_begin ] --END-- [ RunTime:0.001000s ]
ERR: 非法操作:ADMIN_PUBLIC_CSSsk_common.css

[ 2017-09-13T16:22:31+08:00 ] ::1 /thinkmuyin/index.php/Admin/Index/ADMIN_PUBLIC_JSbootstrap.min.js
INFO: [ app_init ] --START--
INFO: Run Behavior\BuildLiteBehavior [ RunTime:0.000000s ]
INFO: [ app_init ] --END-- [ RunTime:0.001000s ]
INFO: [ app_begin ] --START--
INFO: Run Behavior\ReadHtmlCacheBehavior [ RunTime:0.001000s ]
INFO: [ app_begin ] --END-- [ RunTime:0.001000s ]
ERR: 非法操作:ADMIN_PUBLIC_JSbootstrap.min.js

[ 2017-09-13T16:24:48+08:00 ] ::1 /thinkmuyin/index.php/Admin/Index/loginDo
INFO: [ app_init ] --START--
INFO: Run Behavior\BuildLiteBehavior [ RunTime:0.000000s ]
INFO: [ app_init ] --END-- [ RunTime:0.001000s ]
INFO: [ app_begin ] --START--
INFO: Run Behavior\ReadHtmlCacheBehavior [ RunTime:0.001000s ]
INFO: [ app_begin ] --END-- [ RunTime:0.001000s ]
INFO: [ view_parse ] --START--
INFO: [ template_filter ] --START--
INFO: Run Behavior\ContentReplaceBehavior [ RunTime:0.000000s ]
INFO: [ template_filter ] --END-- [ RunTime:0.000000s ]
NOTIC: [8] Use of undefined constant ADMIN_PUBLIC_CSS - assumed 'ADMIN_PUBLIC_CSS' D:\XAMPP\htdocs\thinkmuyin\SnailKids\Runtime\Cache\Admin\2df8f32ac5afa3ab0365dddcce39c937.php 第 7 行.
NOTIC: [8] Use of undefined constant ADMIN_PUBLIC_CSS - assumed 'ADMIN_PUBLIC_CSS' D:\XAMPP\htdocs\thinkmuyin\SnailKids\Runtime\Cache\Admin\2df8f32ac5afa3ab0365dddcce39c937.php 第 9 行.
NOTIC: [8] Use of undefined constant ADMIN_PUBLIC_JS - assumed 'ADMIN_PUBLIC_JS' D:\XAMPP\htdocs\thinkmuyin\SnailKids\Runtime\Cache\Admin\2df8f32ac5afa3ab0365dddcce39c937.php 第 10 行.
NOTIC: [8] Use of undefined constant ADMIN_PUBLIC_JS - assumed 'ADMIN_PUBLIC_JS' D:\XAMPP\htdocs\thinkmuyin\SnailKids\Runtime\Cache\Admin\2df8f32ac5afa3ab0365dddcce39c937.php 第 11 行.
INFO: Run Behavior\ParseTemplateBehavior [ RunTime:0.009001s ]
INFO: [ view_parse ] --END-- [ RunTime:0.009001s ]
INFO: [ view_filter ] --START--
INFO: Run Behavior\WriteHtmlCacheBehavior [ RunTime:0.000000s ]
INFO: [ view_filter ] --END-- [ RunTime:0.000000s ]
INFO: [ app_end ] --START--
INFO: Run Behavior\ShowPageTraceBehavior [ RunTime:0.000000s ]
INFO: [ app_end ] --END-- [ RunTime:0.001000s ]

[ 2017-09-13T16:24:48+08:00 ] ::1 /thinkmuyin/index.php/Admin/Index/ADMIN_PUBLIC_CSSsk_common.css
INFO: [ app_init ] --START--
INFO: Run Behavior\BuildLiteBehavior [ RunTime:0.000000s ]
INFO: [ app_init ] --END-- [ RunTime:0.001000s ]
INFO: [ app_begin ] --START--
INFO: Run Behavior\ReadHtmlCacheBehavior [ RunTime:0.001000s ]
INFO: [ app_begin ] --END-- [ RunTime:0.001000s ]
ERR: 非法操作:ADMIN_PUBLIC_CSSsk_common.css

[ 2017-09-13T16:24:48+08:00 ] ::1 /thinkmuyin/index.php/Admin/Index/ADMIN_PUBLIC_JSjquery-2.2.4.min.js
INFO: [ app_init ] --START--
INFO: Run Behavior\BuildLiteBehavior [ RunTime:0.000000s ]
INFO: [ app_init ] --END-- [ RunTime:0.001001s ]
INFO: [ app_begin ] --START--
INFO: Run Behavior\ReadHtmlCacheBehavior [ RunTime:0.001000s ]
INFO: [ app_begin ] --END-- [ RunTime:0.001000s ]
ERR: 非法操作:ADMIN_PUBLIC_JSjquery-2.2.4.min.js

[ 2017-09-13T16:24:48+08:00 ] ::1 /thinkmuyin/index.php/Admin/Index/ADMIN_PUBLIC_JSbootstrap.min.js
INFO: [ app_init ] --START--
INFO: Run Behavior\BuildLiteBehavior [ RunTime:0.000000s ]
INFO: [ app_init ] --END-- [ RunTime:0.000000s ]
INFO: [ app_begin ] --START--
INFO: Run Behavior\ReadHtmlCacheBehavior [ RunTime:0.001001s ]
INFO: [ app_begin ] --END-- [ RunTime:0.001001s ]
ERR: 非法操作:ADMIN_PUBLIC_JSbootstrap.min.js

[ 2017-09-13T16:24:48+08:00 ] ::1 /thinkmuyin/index.php/Admin/Index/verify
INFO: [ app_init ] --START--
INFO: Run Behavior\BuildLiteBehavior [ RunTime:0.000000s ]
INFO: [ app_init ] --END-- [ RunTime:0.000000s ]
INFO: [ app_begin ] --START--
INFO: Run Behavior\ReadHtmlCacheBehavior [ RunTime:0.001000s ]
INFO: [ app_begin ] --END-- [ RunTime:0.001000s ]
INFO: [ app_end ] --START--
INFO: Run Behavior\ShowPageTraceBehavior [ RunTime:0.002000s ]
INFO: [ app_end ] --END-- [ RunTime:0.002000s ]

[ 2017-09-13T16:24:57+08:00 ] ::1 /thinkmuyin/index.php/Admin/Index/loginDo
INFO: [ app_init ] --START--
INFO: Run Behavior\BuildLiteBehavior [ RunTime:0.000000s ]
INFO: [ app_init ] --END-- [ RunTime:0.001000s ]
INFO: [ app_begin ] --START--
INFO: Run Behavior\ReadHtmlCacheBehavior [ RunTime:0.001000s ]
INFO: [ app_begin ] --END-- [ RunTime:0.001000s ]
SQL: SHOW COLUMNS FROM `admin` [ RunTime:0.0040s ]
SQL: SELECT * FROM `admin` WHERE `username` = 'admin' LIMIT 1   [ RunTime:0.0000s ]
NOTIC: [8] Undefined index: password_md5 D:\XAMPP\htdocs\thinkmuyin\SnailKids\Admin\Controller\IndexController.class.php 第 57 行.
INFO: [ view_parse ] --START--
INFO: [ template_filter ] --START--
INFO: Run Behavior\ContentReplaceBehavior [ RunTime:0.000000s ]
INFO: [ template_filter ] --END-- [ RunTime:0.000000s ]
NOTIC: [8] Use of undefined constant ADMIN_PUBLIC_CSS - assumed 'ADMIN_PUBLIC_CSS' D:\XAMPP\htdocs\thinkmuyin\SnailKids\Runtime\Cache\Admin\2df8f32ac5afa3ab0365dddcce39c937.php 第 7 行.
NOTIC: [8] Use of undefined constant ADMIN_PUBLIC_CSS - assumed 'ADMIN_PUBLIC_CSS' D:\XAMPP\htdocs\thinkmuyin\SnailKids\Runtime\Cache\Admin\2df8f32ac5afa3ab0365dddcce39c937.php 第 9 行.
NOTIC: [8] Use of undefined constant ADMIN_PUBLIC_JS - assumed 'ADMIN_PUBLIC_JS' D:\XAMPP\htdocs\thinkmuyin\SnailKids\Runtime\Cache\Admin\2df8f32ac5afa3ab0365dddcce39c937.php 第 10 行.
NOTIC: [8] Use of undefined constant ADMIN_PUBLIC_JS - assumed 'ADMIN_PUBLIC_JS' D:\XAMPP\htdocs\thinkmuyin\SnailKids\Runtime\Cache\Admin\2df8f32ac5afa3ab0365dddcce39c937.php 第 11 行.
INFO: Run Behavior\ParseTemplateBehavior [ RunTime:0.007001s ]
INFO: [ view_parse ] --END-- [ RunTime:0.007001s ]
INFO: [ view_filter ] --START--
INFO: Run Behavior\WriteHtmlCacheBehavior [ RunTime:0.001000s ]
INFO: [ view_filter ] --END-- [ RunTime:0.001000s ]
INFO: [ app_end ] --START--
INFO: Run Behavior\ShowPageTraceBehavior [ RunTime:0.000000s ]
INFO: [ app_end ] --END-- [ RunTime:0.000000s ]

[ 2017-09-13T16:24:57+08:00 ] ::1 /thinkmuyin/index.php/Admin/Index/ADMIN_PUBLIC_JSbootstrap.min.js
INFO: [ app_init ] --START--
INFO: Run Behavior\BuildLiteBehavior [ RunTime:0.000000s ]
INFO: [ app_init ] --END-- [ RunTime:0.000000s ]
INFO: [ app_begin ] --START--
INFO: Run Behavior\ReadHtmlCacheBehavior [ RunTime:0.001000s ]
INFO: [ app_begin ] --END-- [ RunTime:0.001000s ]
ERR: 非法操作:ADMIN_PUBLIC_JSbootstrap.min.js

[ 2017-09-13T16:24:57+08:00 ] ::1 /thinkmuyin/index.php/Admin/Index/ADMIN_PUBLIC_CSSsk_common.css
INFO: [ app_init ] --START--
INFO: Run Behavior\BuildLiteBehavior [ RunTime:0.000000s ]
INFO: [ app_init ] --END-- [ RunTime:0.000000s ]
INFO: [ app_begin ] --START--
INFO: Run Behavior\ReadHtmlCacheBehavior [ RunTime:0.001000s ]
INFO: [ app_begin ] --END-- [ RunTime:0.001000s ]
ERR: 非法操作:ADMIN_PUBLIC_CSSsk_common.css

[ 2017-09-13T16:24:57+08:00 ] ::1 /thinkmuyin/index.php/Admin/Index/ADMIN_PUBLIC_JSjquery-2.2.4.min.js
INFO: [ app_init ] --START--
INFO: Run Behavior\BuildLiteBehavior [ RunTime:0.000000s ]
INFO: [ app_init ] --END-- [ RunTime:0.000000s ]
INFO: [ app_begin ] --START--
INFO: Run Behavior\ReadHtmlCacheBehavior [ RunTime:0.000000s ]
INFO: [ app_begin ] --END-- [ RunTime:0.000000s ]
ERR: 非法操作:ADMIN_PUBLIC_JSjquery-2.2.4.min.js

[ 2017-09-13T16:24:57+08:00 ] ::1 /thinkmuyin/index.php/Admin/Index/verify
INFO: [ app_init ] --START--
INFO: Run Behavior\BuildLiteBehavior [ RunTime:0.000000s ]
INFO: [ app_init ] --END-- [ RunTime:0.001000s ]
INFO: [ app_begin ] --START--
INFO: Run Behavior\ReadHtmlCacheBehavior [ RunTime:0.001000s ]
INFO: [ app_begin ] --END-- [ RunTime:0.001000s ]
INFO: [ app_end ] --START--
INFO: Run Behavior\ShowPageTraceBehavior [ RunTime:0.001000s ]
INFO: [ app_end ] --END-- [ RunTime:0.001000s ]

[ 2017-09-13T16:24:57+08:00 ] ::1 /thinkmuyin/index.php/Admin/Index/ADMIN_PUBLIC_JSbootstrap.min.js
INFO: [ app_init ] --START--
INFO: Run Behavior\BuildLiteBehavior [ RunTime:0.000000s ]
INFO: [ app_init ] --END-- [ RunTime:0.000000s ]
INFO: [ app_begin ] --START--
INFO: Run Behavior\ReadHtmlCacheBehavior [ RunTime:0.001000s ]
INFO: [ app_begin ] --END-- [ RunTime:0.001000s ]
ERR: 非法操作:ADMIN_PUBLIC_JSbootstrap.min.js

[ 2017-09-13T16:25:04+08:00 ] ::1 /thinkmuyin/index.php/Admin/Index/loginDo
INFO: [ app_init ] --START--
INFO: Run Behavior\BuildLiteBehavior [ RunTime:0.000000s ]
INFO: [ app_init ] --END-- [ RunTime:0.001000s ]
INFO: [ app_begin ] --START--
INFO: Run Behavior\ReadHtmlCacheBehavior [ RunTime:0.001000s ]
INFO: [ app_begin ] --END-- [ RunTime:0.001000s ]
INFO: [ view_parse ] --START--
INFO: [ template_filter ] --START--
INFO: Run Behavior\ContentReplaceBehavior [ RunTime:0.000000s ]
INFO: [ template_filter ] --END-- [ RunTime:0.000000s ]
NOTIC: [8] Use of undefined constant ADMIN_PUBLIC_CSS - assumed 'ADMIN_PUBLIC_CSS' D:\XAMPP\htdocs\thinkmuyin\SnailKids\Runtime\Cache\Admin\2df8f32ac5afa3ab0365dddcce39c937.php 第 7 行.
NOTIC: [8] Use of undefined constant ADMIN_PUBLIC_CSS - assumed 'ADMIN_PUBLIC_CSS' D:\XAMPP\htdocs\thinkmuyin\SnailKids\Runtime\Cache\Admin\2df8f32ac5afa3ab0365dddcce39c937.php 第 9 行.
NOTIC: [8] Use of undefined constant ADMIN_PUBLIC_JS - assumed 'ADMIN_PUBLIC_JS' D:\XAMPP\htdocs\thinkmuyin\SnailKids\Runtime\Cache\Admin\2df8f32ac5afa3ab0365dddcce39c937.php 第 10 行.
NOTIC: [8] Use of undefined constant ADMIN_PUBLIC_JS - assumed 'ADMIN_PUBLIC_JS' D:\XAMPP\htdocs\thinkmuyin\SnailKids\Runtime\Cache\Admin\2df8f32ac5afa3ab0365dddcce39c937.php 第 11 行.
INFO: Run Behavior\ParseTemplateBehavior [ RunTime:0.008001s ]
INFO: [ view_parse ] --END-- [ RunTime:0.008001s ]
INFO: [ view_filter ] --START--
INFO: Run Behavior\WriteHtmlCacheBehavior [ RunTime:0.002000s ]
INFO: [ view_filter ] --END-- [ RunTime:0.002000s ]
INFO: [ app_end ] --START--
INFO: Run Behavior\ShowPageTraceBehavior [ RunTime:0.001000s ]
INFO: [ app_end ] --END-- [ RunTime:0.001000s ]

[ 2017-09-13T16:25:04+08:00 ] ::1 /thinkmuyin/index.php/Admin/Index/ADMIN_PUBLIC_CSSsk_common.css
INFO: [ app_init ] --START--
INFO: Run Behavior\BuildLiteBehavior [ RunTime:0.000000s ]
INFO: [ app_init ] --END-- [ RunTime:0.001001s ]
INFO: [ app_begin ] --START--
INFO: Run Behavior\ReadHtmlCacheBehavior [ RunTime:0.001000s ]
INFO: [ app_begin ] --END-- [ RunTime:0.001000s ]
ERR: 非法操作:ADMIN_PUBLIC_CSSsk_common.css

[ 2017-09-13T16:25:04+08:00 ] ::1 /thinkmuyin/index.php/Admin/Index/ADMIN_PUBLIC_JSjquery-2.2.4.min.js
INFO: [ app_init ] --START--
INFO: Run Behavior\BuildLiteBehavior [ RunTime:0.000000s ]
INFO: [ app_init ] --END-- [ RunTime:0.001000s ]
INFO: [ app_begin ] --START--
INFO: Run Behavior\ReadHtmlCacheBehavior [ RunTime:0.002000s ]
INFO: [ app_begin ] --END-- [ RunTime:0.002000s ]
ERR: 非法操作:ADMIN_PUBLIC_JSjquery-2.2.4.min.js

[ 2017-09-13T16:25:04+08:00 ] ::1 /thinkmuyin/index.php/Admin/Index/ADMIN_PUBLIC_JSbootstrap.min.js
INFO: [ app_init ] --START--
INFO: Run Behavior\BuildLiteBehavior [ RunTime:0.000000s ]
INFO: [ app_init ] --END-- [ RunTime:0.001000s ]
INFO: [ app_begin ] --START--
INFO: Run Behavior\ReadHtmlCacheBehavior [ RunTime:0.000000s ]
INFO: [ app_begin ] --END-- [ RunTime:0.000000s ]
ERR: 非法操作:ADMIN_PUBLIC_JSbootstrap.min.js

[ 2017-09-13T16:25:04+08:00 ] ::1 /thinkmuyin/index.php/Admin/Index/verify
INFO: [ app_init ] --START--
INFO: Run Behavior\BuildLiteBehavior [ RunTime:0.000000s ]
INFO: [ app_init ] --END-- [ RunTime:0.000000s ]
INFO: [ app_begin ] --START--
INFO: Run Behavior\ReadHtmlCacheBehavior [ RunTime:0.001000s ]
INFO: [ app_begin ] --END-- [ RunTime:0.001000s ]
INFO: [ app_end ] --START--
INFO: Run Behavior\ShowPageTraceBehavior [ RunTime:0.002000s ]
INFO: [ app_end ] --END-- [ RunTime:0.002000s ]

[ 2017-09-13T16:25:05+08:00 ] ::1 /thinkmuyin/index.php/Admin/Index/loginDo
INFO: [ app_init ] --START--
INFO: Run Behavior\BuildLiteBehavior [ RunTime:0.000000s ]
INFO: [ app_init ] --END-- [ RunTime:0.001000s ]
INFO: [ app_begin ] --START--
INFO: Run Behavior\ReadHtmlCacheBehavior [ RunTime:0.000000s ]
INFO: [ app_begin ] --END-- [ RunTime:0.000000s ]
INFO: [ view_parse ] --START--
INFO: [ template_filter ] --START--
INFO: Run Behavior\ContentReplaceBehavior [ RunTime:0.000000s ]
INFO: [ template_filter ] --END-- [ RunTime:0.000000s ]
NOTIC: [8] Use of undefined constant ADMIN_PUBLIC_CSS - assumed 'ADMIN_PUBLIC_CSS' D:\XAMPP\htdocs\thinkmuyin\SnailKids\Runtime\Cache\Admin\2df8f32ac5afa3ab0365dddcce39c937.php 第 7 行.
NOTIC: [8] Use of undefined constant ADMIN_PUBLIC_CSS - assumed 'ADMIN_PUBLIC_CSS' D:\XAMPP\htdocs\thinkmuyin\SnailKids\Runtime\Cache\Admin\2df8f32ac5afa3ab0365dddcce39c937.php 第 9 行.
NOTIC: [8] Use of undefined constant ADMIN_PUBLIC_JS - assumed 'ADMIN_PUBLIC_JS' D:\XAMPP\htdocs\thinkmuyin\SnailKids\Runtime\Cache\Admin\2df8f32ac5afa3ab0365dddcce39c937.php 第 10 行.
NOTIC: [8] Use of undefined constant ADMIN_PUBLIC_JS - assumed 'ADMIN_PUBLIC_JS' D:\XAMPP\htdocs\thinkmuyin\SnailKids\Runtime\Cache\Admin\2df8f32ac5afa3ab0365dddcce39c937.php 第 11 行.
INFO: Run Behavior\ParseTemplateBehavior [ RunTime:0.009001s ]
INFO: [ view_parse ] --END-- [ RunTime:0.009001s ]
INFO: [ view_filter ] --START--
INFO: Run Behavior\WriteHtmlCacheBehavior [ RunTime:0.000000s ]
INFO: [ view_filter ] --END-- [ RunTime:0.000000s ]
INFO: [ app_end ] --START--
INFO: Run Behavior\ShowPageTraceBehavior [ RunTime:0.001000s ]
INFO: [ app_end ] --END-- [ RunTime:0.001000s ]

[ 2017-09-13T16:25:05+08:00 ] ::1 /thinkmuyin/index.php/Admin/Index/ADMIN_PUBLIC_JSjquery-2.2.4.min.js
INFO: [ app_init ] --START--
INFO: Run Behavior\BuildLiteBehavior [ RunTime:0.000000s ]
INFO: [ app_init ] --END-- [ RunTime:0.001000s ]
INFO: [ app_begin ] --START--
INFO: Run Behavior\ReadHtmlCacheBehavior [ RunTime:0.001000s ]
INFO: [ app_begin ] --END-- [ RunTime:0.001000s ]
ERR: 非法操作:ADMIN_PUBLIC_JSjquery-2.2.4.min.js

[ 2017-09-13T16:25:05+08:00 ] ::1 /thinkmuyin/index.php/Admin/Index/ADMIN_PUBLIC_CSSsk_common.css
INFO: [ app_init ] --START--
INFO: Run Behavior\BuildLiteBehavior [ RunTime:0.000000s ]
INFO: [ app_init ] --END-- [ RunTime:0.001000s ]
INFO: [ app_begin ] --START--
INFO: Run Behavior\ReadHtmlCacheBehavior [ RunTime:0.001000s ]
INFO: [ app_begin ] --END-- [ RunTime:0.001000s ]
ERR: 非法操作:ADMIN_PUBLIC_CSSsk_common.css

[ 2017-09-13T16:25:05+08:00 ] ::1 /thinkmuyin/index.php/Admin/Index/ADMIN_PUBLIC_JSbootstrap.min.js
INFO: [ app_init ] --START--
INFO: Run Behavior\BuildLiteBehavior [ RunTime:0.000000s ]
INFO: [ app_init ] --END-- [ RunTime:0.001000s ]
INFO: [ app_begin ] --START--
INFO: Run Behavior\ReadHtmlCacheBehavior [ RunTime:0.001000s ]
INFO: [ app_begin ] --END-- [ RunTime:0.001000s ]
ERR: 非法操作:ADMIN_PUBLIC_JSbootstrap.min.js

[ 2017-09-13T16:25:05+08:00 ] ::1 /thinkmuyin/index.php/Admin/Index/verify
INFO: [ app_init ] --START--
INFO: Run Behavior\BuildLiteBehavior [ RunTime:0.000000s ]
INFO: [ app_init ] --END-- [ RunTime:0.000000s ]
INFO: [ app_begin ] --START--
INFO: Run Behavior\ReadHtmlCacheBehavior [ RunTime:0.001001s ]
INFO: [ app_begin ] --END-- [ RunTime:0.001001s ]
INFO: [ app_end ] --START--
INFO: Run Behavior\ShowPageTraceBehavior [ RunTime:0.001000s ]
INFO: [ app_end ] --END-- [ RunTime:0.001000s ]

[ 2017-09-13T16:25:05+08:00 ] ::1 /thinkmuyin/index.php/Admin/Index/ADMIN_PUBLIC_JSbootstrap.min.js
INFO: [ app_init ] --START--
INFO: Run Behavior\BuildLiteBehavior [ RunTime:0.000000s ]
INFO: [ app_init ] --END-- [ RunTime:0.001000s ]
INFO: [ app_begin ] --START--
INFO: Run Behavior\ReadHtmlCacheBehavior [ RunTime:0.001000s ]
INFO: [ app_begin ] --END-- [ RunTime:0.001000s ]
ERR: 非法操作:ADMIN_PUBLIC_JSbootstrap.min.js

[ 2017-09-13T16:25:11+08:00 ] ::1 /thinkmuyin/index.php/Admin/Index/loginDo
INFO: [ app_init ] --START--
INFO: Run Behavior\BuildLiteBehavior [ RunTime:0.000000s ]
INFO: [ app_init ] --END-- [ RunTime:0.000000s ]
INFO: [ app_begin ] --START--
INFO: Run Behavior\ReadHtmlCacheBehavior [ RunTime:0.001000s ]
INFO: [ app_begin ] --END-- [ RunTime:0.001000s ]
SQL: SHOW COLUMNS FROM `admin` [ RunTime:0.0030s ]
SQL: SELECT * FROM `admin` WHERE `username` = 'admin' LIMIT 1   [ RunTime:0.0010s ]
NOTIC: [8] Undefined index: password_md5 D:\XAMPP\htdocs\thinkmuyin\SnailKids\Admin\Controller\IndexController.class.php 第 57 行.
INFO: [ view_parse ] --START--
INFO: [ template_filter ] --START--
INFO: Run Behavior\ContentReplaceBehavior [ RunTime:0.000000s ]
INFO: [ template_filter ] --END-- [ RunTime:0.000000s ]
NOTIC: [8] Use of undefined constant ADMIN_PUBLIC_CSS - assumed 'ADMIN_PUBLIC_CSS' D:\XAMPP\htdocs\thinkmuyin\SnailKids\Runtime\Cache\Admin\2df8f32ac5afa3ab0365dddcce39c937.php 第 7 行.
NOTIC: [8] Use of undefined constant ADMIN_PUBLIC_CSS - assumed 'ADMIN_PUBLIC_CSS' D:\XAMPP\htdocs\thinkmuyin\SnailKids\Runtime\Cache\Admin\2df8f32ac5afa3ab0365dddcce39c937.php 第 9 行.
NOTIC: [8] Use of undefined constant ADMIN_PUBLIC_JS - assumed 'ADMIN_PUBLIC_JS' D:\XAMPP\htdocs\thinkmuyin\SnailKids\Runtime\Cache\Admin\2df8f32ac5afa3ab0365dddcce39c937.php 第 10 行.
NOTIC: [8] Use of undefined constant ADMIN_PUBLIC_JS - assumed 'ADMIN_PUBLIC_JS' D:\XAMPP\htdocs\thinkmuyin\SnailKids\Runtime\Cache\Admin\2df8f32ac5afa3ab0365dddcce39c937.php 第 11 行.
INFO: Run Behavior\ParseTemplateBehavior [ RunTime:0.007000s ]
INFO: [ view_parse ] --END-- [ RunTime:0.007000s ]
INFO: [ view_filter ] --START--
INFO: Run Behavior\WriteHtmlCacheBehavior [ RunTime:0.001000s ]
INFO: [ view_filter ] --END-- [ RunTime:0.001000s ]
INFO: [ app_end ] --START--
INFO: Run Behavior\ShowPageTraceBehavior [ RunTime:0.000000s ]
INFO: [ app_end ] --END-- [ RunTime:0.000000s ]

[ 2017-09-13T16:25:11+08:00 ] ::1 /thinkmuyin/index.php/Admin/Index/ADMIN_PUBLIC_JSbootstrap.min.js
INFO: [ app_init ] --START--
INFO: Run Behavior\BuildLiteBehavior [ RunTime:0.000000s ]
INFO: [ app_init ] --END-- [ RunTime:0.000000s ]
INFO: [ app_begin ] --START--
INFO: Run Behavior\ReadHtmlCacheBehavior [ RunTime:0.000000s ]
INFO: [ app_begin ] --END-- [ RunTime:0.000000s ]
ERR: 非法操作:ADMIN_PUBLIC_JSbootstrap.min.js

[ 2017-09-13T16:25:11+08:00 ] ::1 /thinkmuyin/index.php/Admin/Index/ADMIN_PUBLIC_CSSsk_common.css
INFO: [ app_init ] --START--
INFO: Run Behavior\BuildLiteBehavior [ RunTime:0.000000s ]
INFO: [ app_init ] --END-- [ RunTime:0.000000s ]
INFO: [ app_begin ] --START--
INFO: Run Behavior\ReadHtmlCacheBehavior [ RunTime:0.001000s ]
INFO: [ app_begin ] --END-- [ RunTime:0.002000s ]
ERR: 非法操作:ADMIN_PUBLIC_CSSsk_common.css

[ 2017-09-13T16:25:11+08:00 ] ::1 /thinkmuyin/index.php/Admin/Index/ADMIN_PUBLIC_JSjquery-2.2.4.min.js
INFO: [ app_init ] --START--
INFO: Run Behavior\BuildLiteBehavior [ RunTime:0.000000s ]
INFO: [ app_init ] --END-- [ RunTime:0.001000s ]
INFO: [ app_begin ] --START--
INFO: Run Behavior\ReadHtmlCacheBehavior [ RunTime:0.001000s ]
INFO: [ app_begin ] --END-- [ RunTime:0.002000s ]
ERR: 非法操作:ADMIN_PUBLIC_JSjquery-2.2.4.min.js

[ 2017-09-13T16:25:11+08:00 ] ::1 /thinkmuyin/index.php/Admin/Index/verify
INFO: [ app_init ] --START--
INFO: Run Behavior\BuildLiteBehavior [ RunTime:0.000000s ]
INFO: [ app_init ] --END-- [ RunTime:0.000000s ]
INFO: [ app_begin ] --START--
INFO: Run Behavior\ReadHtmlCacheBehavior [ RunTime:0.001000s ]
INFO: [ app_begin ] --END-- [ RunTime:0.001000s ]
INFO: [ app_end ] --START--
INFO: Run Behavior\ShowPageTraceBehavior [ RunTime:0.000000s ]
INFO: [ app_end ] --END-- [ RunTime:0.000000s ]

[ 2017-09-13T16:25:11+08:00 ] ::1 /thinkmuyin/index.php/Admin/Index/ADMIN_PUBLIC_JSbootstrap.min.js
INFO: [ app_init ] --START--
INFO: Run Behavior\BuildLiteBehavior [ RunTime:0.001000s ]
INFO: [ app_init ] --END-- [ RunTime:0.001000s ]
INFO: [ app_begin ] --START--
INFO: Run Behavior\ReadHtmlCacheBehavior [ RunTime:0.000000s ]
INFO: [ app_begin ] --END-- [ RunTime:0.000000s ]
ERR: 非法操作:ADMIN_PUBLIC_JSbootstrap.min.js

[ 2017-09-13T16:25:20+08:00 ] ::1 /thinkmuyin/index.php/Admin/Index/loginDo
INFO: [ app_init ] --START--
INFO: Run Behavior\BuildLiteBehavior [ RunTime:0.000000s ]
INFO: [ app_init ] --END-- [ RunTime:0.001000s ]
INFO: [ app_begin ] --START--
INFO: Run Behavior\ReadHtmlCacheBehavior [ RunTime:0.001000s ]
INFO: [ app_begin ] --END-- [ RunTime:0.001000s ]
SQL: SHOW COLUMNS FROM `admin` [ RunTime:0.0030s ]
SQL: SELECT * FROM `admin` WHERE `username` = 'admin' LIMIT 1   [ RunTime:0.0000s ]
NOTIC: [8] Undefined index: password_md5 D:\XAMPP\htdocs\thinkmuyin\SnailKids\Admin\Controller\IndexController.class.php 第 57 行.
INFO: [ view_parse ] --START--
INFO: [ template_filter ] --START--
INFO: Run Behavior\ContentReplaceBehavior [ RunTime:0.000000s ]
INFO: [ template_filter ] --END-- [ RunTime:0.000000s ]
NOTIC: [8] Use of undefined constant ADMIN_PUBLIC_CSS - assumed 'ADMIN_PUBLIC_CSS' D:\XAMPP\htdocs\thinkmuyin\SnailKids\Runtime\Cache\Admin\2df8f32ac5afa3ab0365dddcce39c937.php 第 7 行.
NOTIC: [8] Use of undefined constant ADMIN_PUBLIC_CSS - assumed 'ADMIN_PUBLIC_CSS' D:\XAMPP\htdocs\thinkmuyin\SnailKids\Runtime\Cache\Admin\2df8f32ac5afa3ab0365dddcce39c937.php 第 9 行.
NOTIC: [8] Use of undefined constant ADMIN_PUBLIC_JS - assumed 'ADMIN_PUBLIC_JS' D:\XAMPP\htdocs\thinkmuyin\SnailKids\Runtime\Cache\Admin\2df8f32ac5afa3ab0365dddcce39c937.php 第 10 行.
NOTIC: [8] Use of undefined constant ADMIN_PUBLIC_JS - assumed 'ADMIN_PUBLIC_JS' D:\XAMPP\htdocs\thinkmuyin\SnailKids\Runtime\Cache\Admin\2df8f32ac5afa3ab0365dddcce39c937.php 第 11 行.
INFO: Run Behavior\ParseTemplateBehavior [ RunTime:0.007000s ]
INFO: [ view_parse ] --END-- [ RunTime:0.007000s ]
INFO: [ view_filter ] --START--
INFO: Run Behavior\WriteHtmlCacheBehavior [ RunTime:0.000000s ]
INFO: [ view_filter ] --END-- [ RunTime:0.000000s ]
INFO: [ app_end ] --START--
INFO: Run Behavior\ShowPageTraceBehavior [ RunTime:0.001000s ]
INFO: [ app_end ] --END-- [ RunTime:0.001000s ]

[ 2017-09-13T16:25:20+08:00 ] ::1 /thinkmuyin/index.php/Admin/Index/ADMIN_PUBLIC_CSSsk_common.css
INFO: [ app_init ] --START--
INFO: Run Behavior\BuildLiteBehavior [ RunTime:0.000000s ]
INFO: [ app_init ] --END-- [ RunTime:0.001000s ]
INFO: [ app_begin ] --START--
INFO: Run Behavior\ReadHtmlCacheBehavior [ RunTime:0.001000s ]
INFO: [ app_begin ] --END-- [ RunTime:0.001000s ]
ERR: 非法操作:ADMIN_PUBLIC_CSSsk_common.css

[ 2017-09-13T16:25:20+08:00 ] ::1 /thinkmuyin/index.php/Admin/Index/ADMIN_PUBLIC_JSjquery-2.2.4.min.js
INFO: [ app_init ] --START--
INFO: Run Behavior\BuildLiteBehavior [ RunTime:0.000000s ]
INFO: [ app_init ] --END-- [ RunTime:0.001000s ]
INFO: [ app_begin ] --START--
INFO: Run Behavior\ReadHtmlCacheBehavior [ RunTime:0.001000s ]
INFO: [ app_begin ] --END-- [ RunTime:0.001000s ]
ERR: 非法操作:ADMIN_PUBLIC_JSjquery-2.2.4.min.js

[ 2017-09-13T16:25:20+08:00 ] ::1 /thinkmuyin/index.php/Admin/Index/ADMIN_PUBLIC_JSbootstrap.min.js
INFO: [ app_init ] --START--
INFO: Run Behavior\BuildLiteBehavior [ RunTime:0.000000s ]
INFO: [ app_init ] --END-- [ RunTime:0.001000s ]
INFO: [ app_begin ] --START--
INFO: Run Behavior\ReadHtmlCacheBehavior [ RunTime:0.001000s ]
INFO: [ app_begin ] --END-- [ RunTime:0.001000s ]
ERR: 非法操作:ADMIN_PUBLIC_JSbootstrap.min.js

[ 2017-09-13T16:25:20+08:00 ] ::1 /thinkmuyin/index.php/Admin/Index/verify
INFO: [ app_init ] --START--
INFO: Run Behavior\BuildLiteBehavior [ RunTime:0.000000s ]
INFO: [ app_init ] --END-- [ RunTime:0.000000s ]
INFO: [ app_begin ] --START--
INFO: Run Behavior\ReadHtmlCacheBehavior [ RunTime:0.001000s ]
INFO: [ app_begin ] --END-- [ RunTime:0.001000s ]
INFO: [ app_end ] --START--
INFO: Run Behavior\ShowPageTraceBehavior [ RunTime:0.001000s ]
INFO: [ app_end ] --END-- [ RunTime:0.001000s ]

[ 2017-09-13T17:46:16+08:00 ] ::1 /thinkmuyin/index.php/Admin/Index/loginDo
INFO: [ app_init ] --START--
INFO: Run Behavior\BuildLiteBehavior [ RunTime:0.000000s ]
INFO: [ app_init ] --END-- [ RunTime:0.001000s ]
INFO: [ app_begin ] --START--
INFO: Run Behavior\ReadHtmlCacheBehavior [ RunTime:0.001000s ]
INFO: [ app_begin ] --END-- [ RunTime:0.001000s ]
INFO: [ view_parse ] --START--
INFO: [ template_filter ] --START--
INFO: Run Behavior\ContentReplaceBehavior [ RunTime:0.000000s ]
INFO: [ template_filter ] --END-- [ RunTime:0.000000s ]
NOTIC: [8] Use of undefined constant ADMIN_PUBLIC_CSS - assumed 'ADMIN_PUBLIC_CSS' D:\XAMPP\htdocs\thinkmuyin\SnailKids\Runtime\Cache\Admin\2df8f32ac5afa3ab0365dddcce39c937.php 第 7 行.
NOTIC: [8] Use of undefined constant ADMIN_PUBLIC_CSS - assumed 'ADMIN_PUBLIC_CSS' D:\XAMPP\htdocs\thinkmuyin\SnailKids\Runtime\Cache\Admin\2df8f32ac5afa3ab0365dddcce39c937.php 第 9 行.
NOTIC: [8] Use of undefined constant ADMIN_PUBLIC_JS - assumed 'ADMIN_PUBLIC_JS' D:\XAMPP\htdocs\thinkmuyin\SnailKids\Runtime\Cache\Admin\2df8f32ac5afa3ab0365dddcce39c937.php 第 10 行.
NOTIC: [8] Use of undefined constant ADMIN_PUBLIC_JS - assumed 'ADMIN_PUBLIC_JS' D:\XAMPP\htdocs\thinkmuyin\SnailKids\Runtime\Cache\Admin\2df8f32ac5afa3ab0365dddcce39c937.php 第 11 行.
INFO: Run Behavior\ParseTemplateBehavior [ RunTime:0.008001s ]
INFO: [ view_parse ] --END-- [ RunTime:0.008001s ]
INFO: [ view_filter ] --START--
INFO: Run Behavior\WriteHtmlCacheBehavior [ RunTime:0.001000s ]
INFO: [ view_filter ] --END-- [ RunTime:0.001000s ]
INFO: [ app_end ] --START--
INFO: Run Behavior\ShowPageTraceBehavior [ RunTime:0.000000s ]
INFO: [ app_end ] --END-- [ RunTime:0.000000s ]

[ 2017-09-13T17:46:16+08:00 ] ::1 /thinkmuyin/index.php/Admin/Index/ADMIN_PUBLIC_JSjquery-2.2.4.min.js
INFO: [ app_init ] --START--
INFO: Run Behavior\BuildLiteBehavior [ RunTime:0.000000s ]
INFO: [ app_init ] --END-- [ RunTime:0.001000s ]
INFO: [ app_begin ] --START--
INFO: Run Behavior\ReadHtmlCacheBehavior [ RunTime:0.002000s ]
INFO: [ app_begin ] --END-- [ RunTime:0.002000s ]
ERR: 非法操作:ADMIN_PUBLIC_JSjquery-2.2.4.min.js

[ 2017-09-13T17:46:16+08:00 ] ::1 /thinkmuyin/index.php/Admin/Index/ADMIN_PUBLIC_CSSsk_common.css
INFO: [ app_init ] --START--
INFO: Run Behavior\BuildLiteBehavior [ RunTime:0.000000s ]
INFO: [ app_init ] --END-- [ RunTime:0.001000s ]
INFO: [ app_begin ] --START--
INFO: Run Behavior\ReadHtmlCacheBehavior [ RunTime:0.001000s ]
INFO: [ app_begin ] --END-- [ RunTime:0.001000s ]
ERR: 非法操作:ADMIN_PUBLIC_CSSsk_common.css

[ 2017-09-13T17:46:16+08:00 ] ::1 /thinkmuyin/index.php/Admin/Index/ADMIN_PUBLIC_JSbootstrap.min.js
INFO: [ app_init ] --START--
INFO: Run Behavior\BuildLiteBehavior [ RunTime:0.000000s ]
INFO: [ app_init ] --END-- [ RunTime:0.001000s ]
INFO: [ app_begin ] --START--
INFO: Run Behavior\ReadHtmlCacheBehavior [ RunTime:0.001000s ]
INFO: [ app_begin ] --END-- [ RunTime:0.001000s ]
ERR: 非法操作:ADMIN_PUBLIC_JSbootstrap.min.js

[ 2017-09-13T17:46:16+08:00 ] ::1 /thinkmuyin/index.php/Admin/Index/verify
INFO: [ app_init ] --START--
INFO: Run Behavior\BuildLiteBehavior [ RunTime:0.000000s ]
INFO: [ app_init ] --END-- [ RunTime:0.000000s ]
INFO: [ app_begin ] --START--
INFO: Run Behavior\ReadHtmlCacheBehavior [ RunTime:0.000000s ]
INFO: [ app_begin ] --END-- [ RunTime:0.000000s ]
INFO: [ app_end ] --START--
INFO: Run Behavior\ShowPageTraceBehavior [ RunTime:0.001000s ]
INFO: [ app_end ] --END-- [ RunTime:0.001000s ]

[ 2017-09-13T17:46:16+08:00 ] ::1 /thinkmuyin/index.php/Admin/Index/ADMIN_PUBLIC_JSbootstrap.min.js
INFO: [ app_init ] --START--
INFO: Run Behavior\BuildLiteBehavior [ RunTime:0.000000s ]
INFO: [ app_init ] --END-- [ RunTime:0.001000s ]
INFO: [ app_begin ] --START--
INFO: Run Behavior\ReadHtmlCacheBehavior [ RunTime:0.000000s ]
INFO: [ app_begin ] --END-- [ RunTime:0.000000s ]
ERR: 非法操作:ADMIN_PUBLIC_JSbootstrap.min.js

