[ 2017-12-29T10:35:46+08:00 ] ::1 /bendi/thinkmuyin/admin
INFO: [ app_init ] --START--
INFO: Run Behavior\BuildLiteBehavior [ RunTime:0.000000s ]
INFO: [ app_init ] --END-- [ RunTime:0.021001s ]
INFO: [ app_begin ] --START--
INFO: Run Behavior\ReadHtmlCacheBehavior [ RunTime:0.012001s ]
INFO: [ app_begin ] --END-- [ RunTime:0.012001s ]

[ 2017-12-29T10:35:46+08:00 ] ::1 /bendi/thinkmuyin/index.php/Admin/Index/login.html
INFO: [ app_init ] --START--
INFO: Run Behavior\BuildLiteBehavior [ RunTime:0.000000s ]
INFO: [ app_init ] --END-- [ RunTime:0.001000s ]
INFO: [ app_begin ] --START--
INFO: Run Behavior\ReadHtmlCacheBehavior [ RunTime:0.001000s ]
INFO: [ app_begin ] --END-- [ RunTime:0.001000s ]
INFO: [ view_parse ] --START--
INFO: [ template_filter ] --START--
INFO: Run Behavior\ContentReplaceBehavior [ RunTime:0.000000s ]
INFO: [ template_filter ] --END-- [ RunTime:0.000000s ]
NOTIC: [8] Undefined variable: loginResult D:\XAMPP\htdocs\bendi\thinkmuyin\SnailKids\Runtime\Cache\Admin\2df8f32ac5afa3ab0365dddcce39c937.php 第 59 行.
NOTIC: [8] Undefined variable: tempUsername D:\XAMPP\htdocs\bendi\thinkmuyin\SnailKids\Runtime\Cache\Admin\2df8f32ac5afa3ab0365dddcce39c937.php 第 62 行.
INFO: Run Behavior\ParseTemplateBehavior [ RunTime:0.069004s ]
INFO: [ view_parse ] --END-- [ RunTime:0.069004s ]
INFO: [ view_filter ] --START--
INFO: Run Behavior\WriteHtmlCacheBehavior [ RunTime:0.008000s ]
INFO: [ view_filter ] --END-- [ RunTime:0.008000s ]
INFO: [ app_end ] --START--
INFO: Run Behavior\ShowPageTraceBehavior [ RunTime:0.012001s ]
INFO: [ app_end ] --END-- [ RunTime:0.012001s ]

[ 2017-12-29T10:35:46+08:00 ] ::1 /bendi/thinkmuyin/index.php/Admin/Index/verify
INFO: [ app_init ] --START--
INFO: Run Behavior\BuildLiteBehavior [ RunTime:0.000000s ]
INFO: [ app_init ] --END-- [ RunTime:0.001000s ]
INFO: [ app_begin ] --START--
INFO: Run Behavior\ReadHtmlCacheBehavior [ RunTime:0.001000s ]
INFO: [ app_begin ] --END-- [ RunTime:0.001000s ]
INFO: [ app_end ] --START--
INFO: Run Behavior\ShowPageTraceBehavior [ RunTime:0.001000s ]
INFO: [ app_end ] --END-- [ RunTime:0.001000s ]

[ 2017-12-29T10:36:12+08:00 ] ::1 /bendi/thinkmuyin/index.php/Admin/Index/loginDo
INFO: [ app_init ] --START--
INFO: Run Behavior\BuildLiteBehavior [ RunTime:0.000000s ]
INFO: [ app_init ] --END-- [ RunTime:0.001000s ]
INFO: [ app_begin ] --START--
INFO: Run Behavior\ReadHtmlCacheBehavior [ RunTime:0.001000s ]
INFO: [ app_begin ] --END-- [ RunTime:0.001000s ]
SQL: SHOW COLUMNS FROM `sk_admin` [ RunTime:0.1360s ]
SQL: SELECT * FROM `sk_admin` WHERE `username` = 'admin' AND `enable` = 1 LIMIT 1   [ RunTime:0.0660s ]
SQL: UPDATE `sk_admin` SET `login_time`='1514514972' WHERE `id` = 1 [ RunTime:0.1100s ]

[ 2017-12-29T10:36:12+08:00 ] ::1 /bendi/thinkmuyin/index.php/Admin/Index/index.html
INFO: [ app_init ] --START--
INFO: Run Behavior\BuildLiteBehavior [ RunTime:0.000000s ]
INFO: [ app_init ] --END-- [ RunTime:0.001000s ]
INFO: [ app_begin ] --START--
INFO: Run Behavior\ReadHtmlCacheBehavior [ RunTime:0.001000s ]
INFO: [ app_begin ] --END-- [ RunTime:0.001000s ]
INFO: [ view_parse ] --START--
INFO: [ template_filter ] --START--
INFO: Run Behavior\ContentReplaceBehavior [ RunTime:0.000000s ]
INFO: [ template_filter ] --END-- [ RunTime:0.000000s ]
NOTIC: [8] Undefined variable: collapseIn D:\XAMPP\htdocs\bendi\thinkmuyin\SnailKids\Runtime\Cache\Admin\dc34bc3c0728cb5ae0671a6ea6d4fdd4.php 第 77 行.
INFO: Run Behavior\ParseTemplateBehavior [ RunTime:0.047003s ]
INFO: [ view_parse ] --END-- [ RunTime:0.048003s ]
INFO: [ view_filter ] --START--
INFO: Run Behavior\WriteHtmlCacheBehavior [ RunTime:0.000000s ]
INFO: [ view_filter ] --END-- [ RunTime:0.000000s ]
INFO: [ app_end ] --START--
INFO: Run Behavior\ShowPageTraceBehavior [ RunTime:0.001000s ]
INFO: [ app_end ] --END-- [ RunTime:0.001000s ]

[ 2017-12-29T10:36:12+08:00 ] ::1 /bendi/thinkmuyin/index.php/Admin/Index/top
INFO: [ app_init ] --START--
INFO: Run Behavior\BuildLiteBehavior [ RunTime:0.000000s ]
INFO: [ app_init ] --END-- [ RunTime:0.001000s ]
INFO: [ app_begin ] --START--
INFO: Run Behavior\ReadHtmlCacheBehavior [ RunTime:0.001000s ]
INFO: [ app_begin ] --END-- [ RunTime:0.001000s ]
INFO: [ view_parse ] --START--
INFO: [ template_filter ] --START--
INFO: Run Behavior\ContentReplaceBehavior [ RunTime:0.000000s ]
INFO: [ template_filter ] --END-- [ RunTime:0.000000s ]
INFO: Run Behavior\ParseTemplateBehavior [ RunTime:0.017001s ]
INFO: [ view_parse ] --END-- [ RunTime:0.017001s ]
INFO: [ view_filter ] --START--
INFO: Run Behavior\WriteHtmlCacheBehavior [ RunTime:0.000000s ]
INFO: [ view_filter ] --END-- [ RunTime:0.000000s ]
INFO: [ app_end ] --START--
INFO: Run Behavior\ShowPageTraceBehavior [ RunTime:0.001000s ]
INFO: [ app_end ] --END-- [ RunTime:0.001000s ]

[ 2017-12-29T10:36:12+08:00 ] ::1 /bendi/thinkmuyin/index.php/Admin/Index/left
INFO: [ app_init ] --START--
INFO: Run Behavior\BuildLiteBehavior [ RunTime:0.000000s ]
INFO: [ app_init ] --END-- [ RunTime:0.001000s ]
INFO: [ app_begin ] --START--
INFO: Run Behavior\ReadHtmlCacheBehavior [ RunTime:0.002000s ]
INFO: [ app_begin ] --END-- [ RunTime:0.002000s ]
INFO: [ view_parse ] --START--
INFO: [ template_filter ] --START--
INFO: Run Behavior\ContentReplaceBehavior [ RunTime:0.000000s ]
INFO: [ template_filter ] --END-- [ RunTime:0.000000s ]
NOTIC: [8] Undefined variable: collapseIn D:\XAMPP\htdocs\bendi\thinkmuyin\SnailKids\Runtime\Cache\Admin\acec32422b346029472f08543c8010a6.php 第 51 行.
INFO: Run Behavior\ParseTemplateBehavior [ RunTime:0.010000s ]
INFO: [ view_parse ] --END-- [ RunTime:0.010000s ]
INFO: [ view_filter ] --START--
INFO: Run Behavior\WriteHtmlCacheBehavior [ RunTime:0.000000s ]
INFO: [ view_filter ] --END-- [ RunTime:0.001000s ]
INFO: [ app_end ] --START--
INFO: Run Behavior\ShowPageTraceBehavior [ RunTime:0.000000s ]
INFO: [ app_end ] --END-- [ RunTime:0.000000s ]

[ 2017-12-29T10:36:12+08:00 ] ::1 /bendi/thinkmuyin/index.php/Admin/Welcome/welcome
INFO: [ app_init ] --START--
INFO: Run Behavior\BuildLiteBehavior [ RunTime:0.000000s ]
INFO: [ app_init ] --END-- [ RunTime:0.001000s ]
INFO: [ app_begin ] --START--
INFO: Run Behavior\ReadHtmlCacheBehavior [ RunTime:0.001000s ]
INFO: [ app_begin ] --END-- [ RunTime:0.001000s ]
INFO: [ view_parse ] --START--
INFO: [ template_filter ] --START--
INFO: Run Behavior\ContentReplaceBehavior [ RunTime:0.000000s ]
INFO: [ template_filter ] --END-- [ RunTime:0.001000s ]
NOTIC: [8] Use of undefined constant ADMIN_PUBLIC - assumed 'ADMIN_PUBLIC' D:\XAMPP\htdocs\bendi\thinkmuyin\SnailKids\Runtime\Cache\Admin\0f429ed94216b5c9b0800c5193895388.php 第 19 行.
NOTIC: [8] Use of undefined constant ADMIN_PUBLIC - assumed 'ADMIN_PUBLIC' D:\XAMPP\htdocs\bendi\thinkmuyin\SnailKids\Runtime\Cache\Admin\0f429ed94216b5c9b0800c5193895388.php 第 20 行.
NOTIC: [8] Use of undefined constant ADMIN_PUBLIC - assumed 'ADMIN_PUBLIC' D:\XAMPP\htdocs\bendi\thinkmuyin\SnailKids\Runtime\Cache\Admin\0f429ed94216b5c9b0800c5193895388.php 第 26 行.
NOTIC: [8] Use of undefined constant ADMIN_PUBLIC - assumed 'ADMIN_PUBLIC' D:\XAMPP\htdocs\bendi\thinkmuyin\SnailKids\Runtime\Cache\Admin\0f429ed94216b5c9b0800c5193895388.php 第 28 行.
INFO: Run Behavior\ParseTemplateBehavior [ RunTime:0.027001s ]
INFO: [ view_parse ] --END-- [ RunTime:0.028001s ]
INFO: [ view_filter ] --START--
INFO: Run Behavior\WriteHtmlCacheBehavior [ RunTime:0.000000s ]
INFO: [ view_filter ] --END-- [ RunTime:0.000000s ]
INFO: [ app_end ] --START--
INFO: Run Behavior\ShowPageTraceBehavior [ RunTime:0.003000s ]
INFO: [ app_end ] --END-- [ RunTime:0.003000s ]

[ 2017-12-29T10:36:12+08:00 ] ::1 /bendi/thinkmuyin/index.php/Admin/Welcome/ADMIN_PUBLICUEditor/default_user_icon.jpg
INFO: [ app_init ] --START--
INFO: Run Behavior\BuildLiteBehavior [ RunTime:0.000000s ]
INFO: [ app_init ] --END-- [ RunTime:0.002000s ]

[ 2017-12-29T10:36:12+08:00 ] ::1 /bendi/thinkmuyin/index.php/Admin/Welcome/ADMIN_PUBLICUEditor/ueditor.all.js
INFO: [ app_init ] --START--
INFO: Run Behavior\BuildLiteBehavior [ RunTime:0.000000s ]
INFO: [ app_init ] --END-- [ RunTime:0.000000s ]
INFO: [ app_begin ] --START--
INFO: Run Behavior\ReadHtmlCacheBehavior [ RunTime:0.000000s ]
INFO: [ app_begin ] --END-- [ RunTime:0.001000s ]
ERR: 非法操作:ADMIN_PUBLICUEditor

[ 2017-12-29T10:36:12+08:00 ] ::1 /bendi/thinkmuyin/index.php/Admin/Welcome/ADMIN_PUBLICUEditor/ueditor.config.js
INFO: [ app_init ] --START--
INFO: Run Behavior\BuildLiteBehavior [ RunTime:0.000000s ]
INFO: [ app_init ] --END-- [ RunTime:0.001000s ]
INFO: [ app_begin ] --START--
INFO: Run Behavior\ReadHtmlCacheBehavior [ RunTime:0.001000s ]
INFO: [ app_begin ] --END-- [ RunTime:0.001000s ]
ERR: 非法操作:ADMIN_PUBLICUEditor

[ 2017-12-29T10:36:12+08:00 ] ::1 /bendi/thinkmuyin/index.php/Admin/Welcome/ADMIN_PUBLICUEditor/ueditor.all.js
INFO: [ app_init ] --START--
INFO: Run Behavior\BuildLiteBehavior [ RunTime:0.000000s ]
INFO: [ app_init ] --END-- [ RunTime:0.001000s ]
INFO: [ app_begin ] --START--
INFO: Run Behavior\ReadHtmlCacheBehavior [ RunTime:0.001000s ]
INFO: [ app_begin ] --END-- [ RunTime:0.001000s ]
ERR: 非法操作:ADMIN_PUBLICUEditor

[ 2017-12-29T10:36:24+08:00 ] ::1 /bendi/thinkmuyin/index.php/Admin/User/index
INFO: [ app_init ] --START--
INFO: Run Behavior\BuildLiteBehavior [ RunTime:0.000000s ]
INFO: [ app_init ] --END-- [ RunTime:0.001000s ]
INFO: [ app_begin ] --START--
INFO: Run Behavior\ReadHtmlCacheBehavior [ RunTime:0.000000s ]
INFO: [ app_begin ] --END-- [ RunTime:0.000000s ]
SQL: SHOW COLUMNS FROM `sk_user` [ RunTime:0.0220s ]
SQL: SHOW COLUMNS FROM `sk_userinfo` [ RunTime:0.0320s ]
SQL: SELECT COUNT(*) AS tp_count FROM `sk_user` LIMIT 1   [ RunTime:0.0470s ]
SQL: SELECT * FROM `sk_user` ORDER BY id desc LIMIT 0,5   [ RunTime:0.0020s ]
INFO: [ view_parse ] --START--
INFO: [ template_filter ] --START--
INFO: Run Behavior\ContentReplaceBehavior [ RunTime:0.000000s ]
INFO: [ template_filter ] --END-- [ RunTime:0.001000s ]
INFO: Run Behavior\ParseTemplateBehavior [ RunTime:0.052003s ]
INFO: [ view_parse ] --END-- [ RunTime:0.052003s ]
INFO: [ view_filter ] --START--
INFO: Run Behavior\WriteHtmlCacheBehavior [ RunTime:0.000000s ]
INFO: [ view_filter ] --END-- [ RunTime:0.000000s ]
INFO: [ app_end ] --START--
INFO: Run Behavior\ShowPageTraceBehavior [ RunTime:0.001000s ]
INFO: [ app_end ] --END-- [ RunTime:0.001000s ]

[ 2017-12-29T10:36:27+08:00 ] ::1 /bendi/thinkmuyin/index.php/Admin/Index/index.html
INFO: [ app_init ] --START--
INFO: Run Behavior\BuildLiteBehavior [ RunTime:0.000000s ]
INFO: [ app_init ] --END-- [ RunTime:0.000000s ]
INFO: [ app_begin ] --START--
INFO: Run Behavior\ReadHtmlCacheBehavior [ RunTime:0.000000s ]
INFO: [ app_begin ] --END-- [ RunTime:0.000000s ]
INFO: [ view_parse ] --START--
INFO: [ template_filter ] --START--
INFO: Run Behavior\ContentReplaceBehavior [ RunTime:0.000000s ]
INFO: [ template_filter ] --END-- [ RunTime:0.000000s ]
NOTIC: [8] Undefined variable: collapseIn D:\XAMPP\htdocs\bendi\thinkmuyin\SnailKids\Runtime\Cache\Admin\dc34bc3c0728cb5ae0671a6ea6d4fdd4.php 第 77 行.
INFO: Run Behavior\ParseTemplateBehavior [ RunTime:0.008001s ]
INFO: [ view_parse ] --END-- [ RunTime:0.008001s ]
INFO: [ view_filter ] --START--
INFO: Run Behavior\WriteHtmlCacheBehavior [ RunTime:0.001000s ]
INFO: [ view_filter ] --END-- [ RunTime:0.001000s ]
INFO: [ app_end ] --START--
INFO: Run Behavior\ShowPageTraceBehavior [ RunTime:0.001000s ]
INFO: [ app_end ] --END-- [ RunTime:0.001000s ]

[ 2017-12-29T10:36:27+08:00 ] ::1 /bendi/thinkmuyin/index.php/Admin/Index/left
INFO: [ app_init ] --START--
INFO: Run Behavior\BuildLiteBehavior [ RunTime:0.000000s ]
INFO: [ app_init ] --END-- [ RunTime:0.002000s ]
INFO: [ app_begin ] --START--
INFO: Run Behavior\ReadHtmlCacheBehavior [ RunTime:0.001001s ]
INFO: [ app_begin ] --END-- [ RunTime:0.001001s ]
INFO: [ view_parse ] --START--
INFO: [ template_filter ] --START--
INFO: Run Behavior\ContentReplaceBehavior [ RunTime:0.000000s ]
INFO: [ template_filter ] --END-- [ RunTime:0.000000s ]
NOTIC: [8] Undefined variable: collapseIn D:\XAMPP\htdocs\bendi\thinkmuyin\SnailKids\Runtime\Cache\Admin\acec32422b346029472f08543c8010a6.php 第 51 行.
INFO: Run Behavior\ParseTemplateBehavior [ RunTime:0.008000s ]
INFO: [ view_parse ] --END-- [ RunTime:0.008000s ]
INFO: [ view_filter ] --START--
INFO: Run Behavior\WriteHtmlCacheBehavior [ RunTime:0.000000s ]
INFO: [ view_filter ] --END-- [ RunTime:0.001000s ]
INFO: [ app_end ] --START--
INFO: Run Behavior\ShowPageTraceBehavior [ RunTime:0.002000s ]
INFO: [ app_end ] --END-- [ RunTime:0.002000s ]

[ 2017-12-29T10:36:27+08:00 ] ::1 /bendi/thinkmuyin/index.php/Admin/Index/top
INFO: [ app_init ] --START--
INFO: Run Behavior\BuildLiteBehavior [ RunTime:0.000000s ]
INFO: [ app_init ] --END-- [ RunTime:0.000000s ]
INFO: [ app_begin ] --START--
INFO: Run Behavior\ReadHtmlCacheBehavior [ RunTime:0.001000s ]
INFO: [ app_begin ] --END-- [ RunTime:0.001000s ]
INFO: [ view_parse ] --START--
INFO: [ template_filter ] --START--
INFO: Run Behavior\ContentReplaceBehavior [ RunTime:0.000000s ]
INFO: [ template_filter ] --END-- [ RunTime:0.000000s ]
INFO: Run Behavior\ParseTemplateBehavior [ RunTime:0.010001s ]
INFO: [ view_parse ] --END-- [ RunTime:0.010001s ]
INFO: [ view_filter ] --START--
INFO: Run Behavior\WriteHtmlCacheBehavior [ RunTime:0.000000s ]
INFO: [ view_filter ] --END-- [ RunTime:0.000000s ]
INFO: [ app_end ] --START--
INFO: Run Behavior\ShowPageTraceBehavior [ RunTime:0.001000s ]
INFO: [ app_end ] --END-- [ RunTime:0.001000s ]

[ 2017-12-29T10:36:27+08:00 ] ::1 /bendi/thinkmuyin/index.php/Admin/Welcome/welcome
INFO: [ app_init ] --START--
INFO: Run Behavior\BuildLiteBehavior [ RunTime:0.000000s ]
INFO: [ app_init ] --END-- [ RunTime:0.001000s ]
INFO: [ app_begin ] --START--
INFO: Run Behavior\ReadHtmlCacheBehavior [ RunTime:0.001000s ]
INFO: [ app_begin ] --END-- [ RunTime:0.001000s ]
INFO: [ view_parse ] --START--
INFO: [ template_filter ] --START--
INFO: Run Behavior\ContentReplaceBehavior [ RunTime:0.000000s ]
INFO: [ template_filter ] --END-- [ RunTime:0.000000s ]
NOTIC: [8] Use of undefined constant ADMIN_PUBLIC - assumed 'ADMIN_PUBLIC' D:\XAMPP\htdocs\bendi\thinkmuyin\SnailKids\Runtime\Cache\Admin\0f429ed94216b5c9b0800c5193895388.php 第 19 行.
NOTIC: [8] Use of undefined constant ADMIN_PUBLIC - assumed 'ADMIN_PUBLIC' D:\XAMPP\htdocs\bendi\thinkmuyin\SnailKids\Runtime\Cache\Admin\0f429ed94216b5c9b0800c5193895388.php 第 20 行.
NOTIC: [8] Use of undefined constant ADMIN_PUBLIC - assumed 'ADMIN_PUBLIC' D:\XAMPP\htdocs\bendi\thinkmuyin\SnailKids\Runtime\Cache\Admin\0f429ed94216b5c9b0800c5193895388.php 第 26 行.
NOTIC: [8] Use of undefined constant ADMIN_PUBLIC - assumed 'ADMIN_PUBLIC' D:\XAMPP\htdocs\bendi\thinkmuyin\SnailKids\Runtime\Cache\Admin\0f429ed94216b5c9b0800c5193895388.php 第 28 行.
INFO: Run Behavior\ParseTemplateBehavior [ RunTime:0.009001s ]
INFO: [ view_parse ] --END-- [ RunTime:0.010001s ]
INFO: [ view_filter ] --START--
INFO: Run Behavior\WriteHtmlCacheBehavior [ RunTime:0.000000s ]
INFO: [ view_filter ] --END-- [ RunTime:0.000000s ]
INFO: [ app_end ] --START--
INFO: Run Behavior\ShowPageTraceBehavior [ RunTime:0.001000s ]
INFO: [ app_end ] --END-- [ RunTime:0.001000s ]

[ 2017-12-29T10:36:27+08:00 ] ::1 /bendi/thinkmuyin/index.php/Admin/Welcome/ADMIN_PUBLICUEditor/default_user_icon.jpg
INFO: [ app_init ] --START--
INFO: Run Behavior\BuildLiteBehavior [ RunTime:0.000000s ]
INFO: [ app_init ] --END-- [ RunTime:0.001000s ]

[ 2017-12-29T10:36:27+08:00 ] ::1 /bendi/thinkmuyin/index.php/Admin/Welcome/ADMIN_PUBLICUEditor/ueditor.config.js
INFO: [ app_init ] --START--
INFO: Run Behavior\BuildLiteBehavior [ RunTime:0.000000s ]
INFO: [ app_init ] --END-- [ RunTime:0.000000s ]
INFO: [ app_begin ] --START--
INFO: Run Behavior\ReadHtmlCacheBehavior [ RunTime:0.000000s ]
INFO: [ app_begin ] --END-- [ RunTime:0.001000s ]
ERR: 非法操作:ADMIN_PUBLICUEditor

[ 2017-12-29T10:36:27+08:00 ] ::1 /bendi/thinkmuyin/index.php/Admin/Welcome/ADMIN_PUBLICUEditor/ueditor.all.js
INFO: [ app_init ] --START--
INFO: Run Behavior\BuildLiteBehavior [ RunTime:0.000000s ]
INFO: [ app_init ] --END-- [ RunTime:0.000000s ]
INFO: [ app_begin ] --START--
INFO: Run Behavior\ReadHtmlCacheBehavior [ RunTime:0.001000s ]
INFO: [ app_begin ] --END-- [ RunTime:0.001000s ]
ERR: 非法操作:ADMIN_PUBLICUEditor

[ 2017-12-29T10:37:14+08:00 ] ::1 /bendi/thinkmuyin/index.php/Admin/Trailer/index
INFO: [ app_init ] --START--
INFO: Run Behavior\BuildLiteBehavior [ RunTime:0.000000s ]
INFO: [ app_init ] --END-- [ RunTime:0.001000s ]
INFO: [ app_begin ] --START--
INFO: Run Behavior\ReadHtmlCacheBehavior [ RunTime:0.001000s ]
INFO: [ app_begin ] --END-- [ RunTime:0.001000s ]
SQL: SHOW COLUMNS FROM `sk_trailer` [ RunTime:0.0260s ]
SQL: SELECT COUNT(*) AS tp_count FROM `sk_trailer` LIMIT 1   [ RunTime:0.0010s ]
INFO: [ view_parse ] --START--
INFO: [ template_filter ] --START--
INFO: Run Behavior\ContentReplaceBehavior [ RunTime:0.001000s ]
INFO: [ template_filter ] --END-- [ RunTime:0.001000s ]
NOTIC: [8] Undefined variable: pageNow D:\XAMPP\htdocs\bendi\thinkmuyin\SnailKids\Runtime\Cache\Admin\b9053e1a72741307cc4e19dee0cf06fd.php 第 21 行.
INFO: Run Behavior\ParseTemplateBehavior [ RunTime:0.039002s ]
INFO: [ view_parse ] --END-- [ RunTime:0.039002s ]
INFO: [ view_filter ] --START--
INFO: Run Behavior\WriteHtmlCacheBehavior [ RunTime:0.001001s ]
INFO: [ view_filter ] --END-- [ RunTime:0.001001s ]
INFO: [ app_end ] --START--
INFO: Run Behavior\ShowPageTraceBehavior [ RunTime:0.001000s ]
INFO: [ app_end ] --END-- [ RunTime:0.001000s ]

[ 2017-12-29T10:37:16+08:00 ] ::1 /bendi/thinkmuyin/index.php/Admin/Photo/index
INFO: [ app_init ] --START--
INFO: Run Behavior\BuildLiteBehavior [ RunTime:0.000000s ]
INFO: [ app_init ] --END-- [ RunTime:0.002000s ]
INFO: [ app_begin ] --START--
INFO: Run Behavior\ReadHtmlCacheBehavior [ RunTime:0.001000s ]
INFO: [ app_begin ] --END-- [ RunTime:0.002000s ]
SQL: SHOW COLUMNS FROM `sk_photo` [ RunTime:0.0330s ]
SQL: SELECT COUNT(*) AS tp_count FROM `sk_photo` LIMIT 1   [ RunTime:0.0000s ]
SQL: SELECT * FROM `sk_photo` ORDER BY id desc LIMIT 0,5   [ RunTime:0.0010s ]
INFO: [ view_parse ] --START--
INFO: [ template_filter ] --START--
INFO: Run Behavior\ContentReplaceBehavior [ RunTime:0.000000s ]
INFO: [ template_filter ] --END-- [ RunTime:0.000000s ]
INFO: Run Behavior\ParseTemplateBehavior [ RunTime:0.053004s ]
INFO: [ view_parse ] --END-- [ RunTime:0.053004s ]
INFO: [ view_filter ] --START--
INFO: Run Behavior\WriteHtmlCacheBehavior [ RunTime:0.001000s ]
INFO: [ view_filter ] --END-- [ RunTime:0.001000s ]
INFO: [ app_end ] --START--
INFO: Run Behavior\ShowPageTraceBehavior [ RunTime:0.002000s ]
INFO: [ app_end ] --END-- [ RunTime:0.002000s ]

[ 2017-12-29T10:37:19+08:00 ] ::1 /bendi/thinkmuyin/index.php/Admin/Video/index
INFO: [ app_init ] --START--
INFO: Run Behavior\BuildLiteBehavior [ RunTime:0.000000s ]
INFO: [ app_init ] --END-- [ RunTime:0.001000s ]
INFO: [ app_begin ] --START--
INFO: Run Behavior\ReadHtmlCacheBehavior [ RunTime:0.000000s ]
INFO: [ app_begin ] --END-- [ RunTime:0.001000s ]
SQL: SHOW COLUMNS FROM `sk_video` [ RunTime:0.0250s ]
SQL: SHOW COLUMNS FROM `sk_theme` [ RunTime:0.0310s ]
NOTIC: [2] Missing argument 1 for Think\Model::where(), called in D:\XAMPP\htdocs\bendi\thinkmuyin\SnailKids\Admin\Controller\VideoController.class.php on line 27 and defined D:\XAMPP\htdocs\bendi\thinkmuyin\ThinkPHP\Library\Think\Model.class.php 第 1797 行.
NOTIC: [8] Undefined variable: where D:\XAMPP\htdocs\bendi\thinkmuyin\ThinkPHP\Library\Think\Model.class.php 第 1805 行.
NOTIC: [8] Undefined variable: where D:\XAMPP\htdocs\bendi\thinkmuyin\ThinkPHP\Library\Think\Model.class.php 第 1808 行.
NOTIC: [8] Undefined variable: where D:\XAMPP\htdocs\bendi\thinkmuyin\ThinkPHP\Library\Think\Model.class.php 第 1816 行.
SQL: SELECT * FROM `sk_theme`  [ RunTime:0.0010s ]
SQL: SELECT COUNT(*) AS tp_count FROM `sk_video` LIMIT 1   [ RunTime:0.0000s ]
INFO: [ view_parse ] --START--
INFO: [ template_filter ] --START--
INFO: Run Behavior\ContentReplaceBehavior [ RunTime:0.001000s ]
INFO: [ template_filter ] --END-- [ RunTime:0.001000s ]
NOTIC: [8] Undefined variable: pageNow D:\XAMPP\htdocs\bendi\thinkmuyin\SnailKids\Runtime\Cache\Admin\6ebefc1914ec0cba8396f805ad8115de.php 第 21 行.
INFO: Run Behavior\ParseTemplateBehavior [ RunTime:0.047003s ]
INFO: [ view_parse ] --END-- [ RunTime:0.047003s ]
INFO: [ view_filter ] --START--
INFO: Run Behavior\WriteHtmlCacheBehavior [ RunTime:0.000000s ]
INFO: [ view_filter ] --END-- [ RunTime:0.001000s ]
INFO: [ app_end ] --START--
INFO: Run Behavior\ShowPageTraceBehavior [ RunTime:0.001000s ]
INFO: [ app_end ] --END-- [ RunTime:0.001000s ]

[ 2017-12-29T10:37:21+08:00 ] ::1 /bendi/thinkmuyin/index.php/Admin/Package/index
INFO: [ app_init ] --START--
INFO: Run Behavior\BuildLiteBehavior [ RunTime:0.000000s ]
INFO: [ app_init ] --END-- [ RunTime:0.001000s ]
INFO: [ app_begin ] --START--
INFO: Run Behavior\ReadHtmlCacheBehavior [ RunTime:0.000000s ]
INFO: [ app_begin ] --END-- [ RunTime:0.001000s ]
SQL: SHOW COLUMNS FROM `sk_package` [ RunTime:0.0330s ]
SQL: SELECT COUNT(*) AS tp_count FROM `sk_package` LIMIT 1   [ RunTime:0.0010s ]
SQL: SELECT * FROM `sk_package` ORDER BY id desc LIMIT 0,5   [ RunTime:0.0010s ]
INFO: [ view_parse ] --START--
INFO: [ template_filter ] --START--
INFO: Run Behavior\ContentReplaceBehavior [ RunTime:0.001000s ]
INFO: [ template_filter ] --END-- [ RunTime:0.001000s ]
INFO: Run Behavior\ParseTemplateBehavior [ RunTime:0.044002s ]
INFO: [ view_parse ] --END-- [ RunTime:0.044002s ]
INFO: [ view_filter ] --START--
INFO: Run Behavior\WriteHtmlCacheBehavior [ RunTime:0.001001s ]
INFO: [ view_filter ] --END-- [ RunTime:0.001001s ]
INFO: [ app_end ] --START--
INFO: Run Behavior\ShowPageTraceBehavior [ RunTime:0.002000s ]
INFO: [ app_end ] --END-- [ RunTime:0.002000s ]

[ 2017-12-29T10:37:22+08:00 ] ::1 /bendi/thinkmuyin/index.php/Admin/Order/index
INFO: [ app_init ] --START--
INFO: Run Behavior\BuildLiteBehavior [ RunTime:0.000000s ]
INFO: [ app_init ] --END-- [ RunTime:0.001001s ]
INFO: [ app_begin ] --START--
INFO: Run Behavior\ReadHtmlCacheBehavior [ RunTime:0.001000s ]
INFO: [ app_begin ] --END-- [ RunTime:0.001000s ]
SQL: SHOW COLUMNS FROM `sk_order` [ RunTime:0.0210s ]
SQL: SELECT COUNT(*) AS tp_count FROM `sk_order` LIMIT 1   [ RunTime:0.0000s ]
INFO: [ view_parse ] --START--
INFO: [ template_filter ] --START--
INFO: Run Behavior\ContentReplaceBehavior [ RunTime:0.000000s ]
INFO: [ template_filter ] --END-- [ RunTime:0.000000s ]
INFO: Run Behavior\ParseTemplateBehavior [ RunTime:0.027002s ]
INFO: [ view_parse ] --END-- [ RunTime:0.027002s ]
INFO: [ view_filter ] --START--
INFO: Run Behavior\WriteHtmlCacheBehavior [ RunTime:0.001000s ]
INFO: [ view_filter ] --END-- [ RunTime:0.001000s ]
INFO: [ app_end ] --START--
INFO: Run Behavior\ShowPageTraceBehavior [ RunTime:0.001000s ]
INFO: [ app_end ] --END-- [ RunTime:0.001000s ]

[ 2017-12-29T10:37:24+08:00 ] ::1 /bendi/thinkmuyin/index.php/Admin/User/index
INFO: [ app_init ] --START--
INFO: Run Behavior\BuildLiteBehavior [ RunTime:0.000000s ]
INFO: [ app_init ] --END-- [ RunTime:0.001000s ]
INFO: [ app_begin ] --START--
INFO: Run Behavior\ReadHtmlCacheBehavior [ RunTime:0.000000s ]
INFO: [ app_begin ] --END-- [ RunTime:0.000000s ]
SQL: SHOW COLUMNS FROM `sk_user` [ RunTime:0.0030s ]
SQL: SHOW COLUMNS FROM `sk_userinfo` [ RunTime:0.0020s ]
SQL: SELECT COUNT(*) AS tp_count FROM `sk_user` LIMIT 1   [ RunTime:0.0000s ]
SQL: SELECT * FROM `sk_user` ORDER BY id desc LIMIT 0,5   [ RunTime:0.0010s ]
INFO: [ view_parse ] --START--
INFO: [ template_filter ] --START--
INFO: Run Behavior\ContentReplaceBehavior [ RunTime:0.000000s ]
INFO: [ template_filter ] --END-- [ RunTime:0.000000s ]
INFO: Run Behavior\ParseTemplateBehavior [ RunTime:0.012001s ]
INFO: [ view_parse ] --END-- [ RunTime:0.012001s ]
INFO: [ view_filter ] --START--
INFO: Run Behavior\WriteHtmlCacheBehavior [ RunTime:0.001000s ]
INFO: [ view_filter ] --END-- [ RunTime:0.001000s ]
INFO: [ app_end ] --START--
INFO: Run Behavior\ShowPageTraceBehavior [ RunTime:0.000000s ]
INFO: [ app_end ] --END-- [ RunTime:0.000000s ]

[ 2017-12-29T10:39:24+08:00 ] ::1 /bendi/thinkmuyin/admin
INFO: [ app_init ] --START--
INFO: Run Behavior\BuildLiteBehavior [ RunTime:0.000000s ]
INFO: [ app_init ] --END-- [ RunTime:0.001000s ]
INFO: [ app_begin ] --START--
INFO: Run Behavior\ReadHtmlCacheBehavior [ RunTime:0.001000s ]
INFO: [ app_begin ] --END-- [ RunTime:0.001000s ]
INFO: [ view_parse ] --START--
INFO: [ template_filter ] --START--
INFO: Run Behavior\ContentReplaceBehavior [ RunTime:0.000000s ]
INFO: [ template_filter ] --END-- [ RunTime:0.000000s ]
NOTIC: [8] Undefined variable: collapseIn D:\XAMPP\htdocs\bendi\thinkmuyin\SnailKids\Runtime\Cache\Admin\dc34bc3c0728cb5ae0671a6ea6d4fdd4.php 第 77 行.
INFO: Run Behavior\ParseTemplateBehavior [ RunTime:0.008000s ]
INFO: [ view_parse ] --END-- [ RunTime:0.008000s ]
INFO: [ view_filter ] --START--
INFO: Run Behavior\WriteHtmlCacheBehavior [ RunTime:0.000000s ]
INFO: [ view_filter ] --END-- [ RunTime:0.000000s ]
INFO: [ app_end ] --START--
INFO: Run Behavior\ShowPageTraceBehavior [ RunTime:0.001000s ]
INFO: [ app_end ] --END-- [ RunTime:0.001000s ]

[ 2017-12-29T10:39:24+08:00 ] ::1 /bendi/thinkmuyin/index.php/Admin/Index/top
INFO: [ app_init ] --START--
INFO: Run Behavior\BuildLiteBehavior [ RunTime:0.000000s ]
INFO: [ app_init ] --END-- [ RunTime:0.001000s ]
INFO: [ app_begin ] --START--
INFO: Run Behavior\ReadHtmlCacheBehavior [ RunTime:0.001000s ]
INFO: [ app_begin ] --END-- [ RunTime:0.001000s ]
INFO: [ view_parse ] --START--
INFO: [ template_filter ] --START--
INFO: Run Behavior\ContentReplaceBehavior [ RunTime:0.000000s ]
INFO: [ template_filter ] --END-- [ RunTime:0.001000s ]
INFO: Run Behavior\ParseTemplateBehavior [ RunTime:0.009001s ]
INFO: [ view_parse ] --END-- [ RunTime:0.009001s ]
INFO: [ view_filter ] --START--
INFO: Run Behavior\WriteHtmlCacheBehavior [ RunTime:0.001000s ]
INFO: [ view_filter ] --END-- [ RunTime:0.001000s ]
INFO: [ app_end ] --START--
INFO: Run Behavior\ShowPageTraceBehavior [ RunTime:0.001000s ]
INFO: [ app_end ] --END-- [ RunTime:0.001000s ]

[ 2017-12-29T10:39:24+08:00 ] ::1 /bendi/thinkmuyin/index.php/Admin/Welcome/welcome
INFO: [ app_init ] --START--
INFO: Run Behavior\BuildLiteBehavior [ RunTime:0.000000s ]
INFO: [ app_init ] --END-- [ RunTime:0.001000s ]
INFO: [ app_begin ] --START--
INFO: Run Behavior\ReadHtmlCacheBehavior [ RunTime:0.000000s ]
INFO: [ app_begin ] --END-- [ RunTime:0.000000s ]
INFO: [ view_parse ] --START--
INFO: [ template_filter ] --START--
INFO: Run Behavior\ContentReplaceBehavior [ RunTime:0.000000s ]
INFO: [ template_filter ] --END-- [ RunTime:0.001000s ]
NOTIC: [8] Use of undefined constant ADMIN_PUBLIC - assumed 'ADMIN_PUBLIC' D:\XAMPP\htdocs\bendi\thinkmuyin\SnailKids\Runtime\Cache\Admin\0f429ed94216b5c9b0800c5193895388.php 第 19 行.
NOTIC: [8] Use of undefined constant ADMIN_PUBLIC - assumed 'ADMIN_PUBLIC' D:\XAMPP\htdocs\bendi\thinkmuyin\SnailKids\Runtime\Cache\Admin\0f429ed94216b5c9b0800c5193895388.php 第 20 行.
NOTIC: [8] Use of undefined constant ADMIN_PUBLIC - assumed 'ADMIN_PUBLIC' D:\XAMPP\htdocs\bendi\thinkmuyin\SnailKids\Runtime\Cache\Admin\0f429ed94216b5c9b0800c5193895388.php 第 26 行.
NOTIC: [8] Use of undefined constant ADMIN_PUBLIC - assumed 'ADMIN_PUBLIC' D:\XAMPP\htdocs\bendi\thinkmuyin\SnailKids\Runtime\Cache\Admin\0f429ed94216b5c9b0800c5193895388.php 第 28 行.
INFO: Run Behavior\ParseTemplateBehavior [ RunTime:0.010001s ]
INFO: [ view_parse ] --END-- [ RunTime:0.010001s ]
INFO: [ view_filter ] --START--
INFO: Run Behavior\WriteHtmlCacheBehavior [ RunTime:0.000000s ]
INFO: [ view_filter ] --END-- [ RunTime:0.002000s ]
INFO: [ app_end ] --START--
INFO: Run Behavior\ShowPageTraceBehavior [ RunTime:0.001000s ]
INFO: [ app_end ] --END-- [ RunTime:0.001000s ]

[ 2017-12-29T10:39:24+08:00 ] ::1 /bendi/thinkmuyin/index.php/Admin/Index/left
INFO: [ app_init ] --START--
INFO: Run Behavior\BuildLiteBehavior [ RunTime:0.000000s ]
INFO: [ app_init ] --END-- [ RunTime:0.001000s ]
INFO: [ app_begin ] --START--
INFO: Run Behavior\ReadHtmlCacheBehavior [ RunTime:0.001000s ]
INFO: [ app_begin ] --END-- [ RunTime:0.001000s ]
INFO: [ view_parse ] --START--
INFO: [ template_filter ] --START--
INFO: Run Behavior\ContentReplaceBehavior [ RunTime:0.001000s ]
INFO: [ template_filter ] --END-- [ RunTime:0.001000s ]
NOTIC: [8] Undefined variable: collapseIn D:\XAMPP\htdocs\bendi\thinkmuyin\SnailKids\Runtime\Cache\Admin\acec32422b346029472f08543c8010a6.php 第 51 行.
INFO: Run Behavior\ParseTemplateBehavior [ RunTime:0.011001s ]
INFO: [ view_parse ] --END-- [ RunTime:0.011001s ]
INFO: [ view_filter ] --START--
INFO: Run Behavior\WriteHtmlCacheBehavior [ RunTime:0.001000s ]
INFO: [ view_filter ] --END-- [ RunTime:0.001000s ]
INFO: [ app_end ] --START--
INFO: Run Behavior\ShowPageTraceBehavior [ RunTime:0.001000s ]
INFO: [ app_end ] --END-- [ RunTime:0.001000s ]

[ 2017-12-29T10:39:24+08:00 ] ::1 /bendi/thinkmuyin/index.php/Admin/Welcome/ADMIN_PUBLICUEditor/default_user_icon.jpg
INFO: [ app_init ] --START--
INFO: Run Behavior\BuildLiteBehavior [ RunTime:0.000000s ]
INFO: [ app_init ] --END-- [ RunTime:0.001000s ]

[ 2017-12-29T10:39:24+08:00 ] ::1 /bendi/thinkmuyin/index.php/Admin/Welcome/ADMIN_PUBLICUEditor/ueditor.all.js
INFO: [ app_init ] --START--
INFO: Run Behavior\BuildLiteBehavior [ RunTime:0.000000s ]
INFO: [ app_init ] --END-- [ RunTime:0.001000s ]
INFO: [ app_begin ] --START--
INFO: Run Behavior\ReadHtmlCacheBehavior [ RunTime:0.001000s ]
INFO: [ app_begin ] --END-- [ RunTime:0.001000s ]
ERR: 非法操作:ADMIN_PUBLICUEditor

[ 2017-12-29T10:39:24+08:00 ] ::1 /bendi/thinkmuyin/index.php/Admin/Welcome/ADMIN_PUBLICUEditor/ueditor.config.js
INFO: [ app_init ] --START--
INFO: Run Behavior\BuildLiteBehavior [ RunTime:0.000000s ]
INFO: [ app_init ] --END-- [ RunTime:0.002000s ]
INFO: [ app_begin ] --START--
INFO: Run Behavior\ReadHtmlCacheBehavior [ RunTime:0.001001s ]
INFO: [ app_begin ] --END-- [ RunTime:0.001001s ]
ERR: 非法操作:ADMIN_PUBLICUEditor

[ 2017-12-29T10:39:24+08:00 ] ::1 /bendi/thinkmuyin/index.php/Admin/Welcome/ADMIN_PUBLICUEditor/ueditor.all.js
INFO: [ app_init ] --START--
INFO: Run Behavior\BuildLiteBehavior [ RunTime:0.000000s ]
INFO: [ app_init ] --END-- [ RunTime:0.001000s ]
INFO: [ app_begin ] --START--
INFO: Run Behavior\ReadHtmlCacheBehavior [ RunTime:0.001000s ]
INFO: [ app_begin ] --END-- [ RunTime:0.001000s ]
ERR: 非法操作:ADMIN_PUBLICUEditor

[ 2017-12-29T10:39:32+08:00 ] ::1 /bendi/thinkmuyin/index.php/Admin/User/index
INFO: [ app_init ] --START--
INFO: Run Behavior\BuildLiteBehavior [ RunTime:0.000000s ]
INFO: [ app_init ] --END-- [ RunTime:0.000000s ]
INFO: [ app_begin ] --START--
INFO: Run Behavior\ReadHtmlCacheBehavior [ RunTime:0.001000s ]
INFO: [ app_begin ] --END-- [ RunTime:0.001000s ]
SQL: SHOW COLUMNS FROM `sk_user` [ RunTime:0.0030s ]
SQL: SHOW COLUMNS FROM `sk_userinfo` [ RunTime:0.0020s ]
SQL: SELECT COUNT(*) AS tp_count FROM `sk_user` LIMIT 1   [ RunTime:0.0010s ]
SQL: SELECT * FROM `sk_user` ORDER BY id desc LIMIT 0,5   [ RunTime:0.0000s ]
INFO: [ view_parse ] --START--
INFO: [ template_filter ] --START--
INFO: Run Behavior\ContentReplaceBehavior [ RunTime:0.001000s ]
INFO: [ template_filter ] --END-- [ RunTime:0.001000s ]
INFO: Run Behavior\ParseTemplateBehavior [ RunTime:0.014001s ]
INFO: [ view_parse ] --END-- [ RunTime:0.014001s ]
INFO: [ view_filter ] --START--
INFO: Run Behavior\WriteHtmlCacheBehavior [ RunTime:0.000000s ]
INFO: [ view_filter ] --END-- [ RunTime:0.000000s ]
INFO: [ app_end ] --START--
INFO: Run Behavior\ShowPageTraceBehavior [ RunTime:0.001000s ]
INFO: [ app_end ] --END-- [ RunTime:0.001000s ]

[ 2017-12-29T10:39:34+08:00 ] ::1 /bendi/thinkmuyin/index.php/Admin/Trailer/index
INFO: [ app_init ] --START--
INFO: Run Behavior\BuildLiteBehavior [ RunTime:0.000000s ]
INFO: [ app_init ] --END-- [ RunTime:0.000000s ]
INFO: [ app_begin ] --START--
INFO: Run Behavior\ReadHtmlCacheBehavior [ RunTime:0.001000s ]
INFO: [ app_begin ] --END-- [ RunTime:0.001000s ]
SQL: SHOW COLUMNS FROM `sk_trailer` [ RunTime:0.0030s ]
SQL: SELECT COUNT(*) AS tp_count FROM `sk_trailer` LIMIT 1   [ RunTime:0.0000s ]
INFO: [ view_parse ] --START--
INFO: [ template_filter ] --START--
INFO: Run Behavior\ContentReplaceBehavior [ RunTime:0.000000s ]
INFO: [ template_filter ] --END-- [ RunTime:0.000000s ]
NOTIC: [8] Undefined variable: pageNow D:\XAMPP\htdocs\bendi\thinkmuyin\SnailKids\Runtime\Cache\Admin\b9053e1a72741307cc4e19dee0cf06fd.php 第 21 行.
INFO: Run Behavior\ParseTemplateBehavior [ RunTime:0.011001s ]
INFO: [ view_parse ] --END-- [ RunTime:0.011001s ]
INFO: [ view_filter ] --START--
INFO: Run Behavior\WriteHtmlCacheBehavior [ RunTime:0.000000s ]
INFO: [ view_filter ] --END-- [ RunTime:0.000000s ]
INFO: [ app_end ] --START--
INFO: Run Behavior\ShowPageTraceBehavior [ RunTime:0.001000s ]
INFO: [ app_end ] --END-- [ RunTime:0.001000s ]

[ 2017-12-29T10:39:35+08:00 ] ::1 /bendi/thinkmuyin/index.php/Admin/Photo/index
INFO: [ app_init ] --START--
INFO: Run Behavior\BuildLiteBehavior [ RunTime:0.000000s ]
INFO: [ app_init ] --END-- [ RunTime:0.001000s ]
INFO: [ app_begin ] --START--
INFO: Run Behavior\ReadHtmlCacheBehavior [ RunTime:0.001000s ]
INFO: [ app_begin ] --END-- [ RunTime:0.002000s ]
SQL: SHOW COLUMNS FROM `sk_photo` [ RunTime:0.0040s ]
SQL: SELECT COUNT(*) AS tp_count FROM `sk_photo` LIMIT 1   [ RunTime:0.0000s ]
SQL: SELECT * FROM `sk_photo` ORDER BY id desc LIMIT 0,5   [ RunTime:0.0000s ]
INFO: [ view_parse ] --START--
INFO: [ template_filter ] --START--
INFO: Run Behavior\ContentReplaceBehavior [ RunTime:0.000000s ]
INFO: [ template_filter ] --END-- [ RunTime:0.000000s ]
INFO: Run Behavior\ParseTemplateBehavior [ RunTime:0.019001s ]
INFO: [ view_parse ] --END-- [ RunTime:0.019001s ]
INFO: [ view_filter ] --START--
INFO: Run Behavior\WriteHtmlCacheBehavior [ RunTime:0.001000s ]
INFO: [ view_filter ] --END-- [ RunTime:0.001000s ]
INFO: [ app_end ] --START--
INFO: Run Behavior\ShowPageTraceBehavior [ RunTime:0.001000s ]
INFO: [ app_end ] --END-- [ RunTime:0.001000s ]

[ 2017-12-29T10:39:36+08:00 ] ::1 /bendi/thinkmuyin/index.php/Admin/Video/index
INFO: [ app_init ] --START--
INFO: Run Behavior\BuildLiteBehavior [ RunTime:0.000000s ]
INFO: [ app_init ] --END-- [ RunTime:0.001000s ]
INFO: [ app_begin ] --START--
INFO: Run Behavior\ReadHtmlCacheBehavior [ RunTime:0.001001s ]
INFO: [ app_begin ] --END-- [ RunTime:0.001001s ]
SQL: SHOW COLUMNS FROM `sk_video` [ RunTime:0.0020s ]
SQL: SHOW COLUMNS FROM `sk_theme` [ RunTime:0.0020s ]
NOTIC: [2] Missing argument 1 for Think\Model::where(), called in D:\XAMPP\htdocs\bendi\thinkmuyin\SnailKids\Admin\Controller\VideoController.class.php on line 27 and defined D:\XAMPP\htdocs\bendi\thinkmuyin\ThinkPHP\Library\Think\Model.class.php 第 1797 行.
NOTIC: [8] Undefined variable: where D:\XAMPP\htdocs\bendi\thinkmuyin\ThinkPHP\Library\Think\Model.class.php 第 1805 行.
NOTIC: [8] Undefined variable: where D:\XAMPP\htdocs\bendi\thinkmuyin\ThinkPHP\Library\Think\Model.class.php 第 1808 行.
NOTIC: [8] Undefined variable: where D:\XAMPP\htdocs\bendi\thinkmuyin\ThinkPHP\Library\Think\Model.class.php 第 1816 行.
SQL: SELECT * FROM `sk_theme`  [ RunTime:0.0000s ]
SQL: SELECT COUNT(*) AS tp_count FROM `sk_video` LIMIT 1   [ RunTime:0.0000s ]
INFO: [ view_parse ] --START--
INFO: [ template_filter ] --START--
INFO: Run Behavior\ContentReplaceBehavior [ RunTime:0.000000s ]
INFO: [ template_filter ] --END-- [ RunTime:0.000000s ]
NOTIC: [8] Undefined variable: pageNow D:\XAMPP\htdocs\bendi\thinkmuyin\SnailKids\Runtime\Cache\Admin\6ebefc1914ec0cba8396f805ad8115de.php 第 21 行.
INFO: Run Behavior\ParseTemplateBehavior [ RunTime:0.014001s ]
INFO: [ view_parse ] --END-- [ RunTime:0.015001s ]
INFO: [ view_filter ] --START--
INFO: Run Behavior\WriteHtmlCacheBehavior [ RunTime:0.000000s ]
INFO: [ view_filter ] --END-- [ RunTime:0.000000s ]
INFO: [ app_end ] --START--
INFO: Run Behavior\ShowPageTraceBehavior [ RunTime:0.001000s ]
INFO: [ app_end ] --END-- [ RunTime:0.001000s ]

[ 2017-12-29T10:39:37+08:00 ] ::1 /bendi/thinkmuyin/index.php/Admin/Package/index
INFO: [ app_init ] --START--
INFO: Run Behavior\BuildLiteBehavior [ RunTime:0.000000s ]
INFO: [ app_init ] --END-- [ RunTime:0.001000s ]
INFO: [ app_begin ] --START--
INFO: Run Behavior\ReadHtmlCacheBehavior [ RunTime:0.001000s ]
INFO: [ app_begin ] --END-- [ RunTime:0.001000s ]
SQL: SHOW COLUMNS FROM `sk_package` [ RunTime:0.0030s ]
SQL: SELECT COUNT(*) AS tp_count FROM `sk_package` LIMIT 1   [ RunTime:0.0010s ]
SQL: SELECT * FROM `sk_package` ORDER BY id desc LIMIT 0,5   [ RunTime:0.0000s ]
INFO: [ view_parse ] --START--
INFO: [ template_filter ] --START--
INFO: Run Behavior\ContentReplaceBehavior [ RunTime:0.000000s ]
INFO: [ template_filter ] --END-- [ RunTime:0.000000s ]
INFO: Run Behavior\ParseTemplateBehavior [ RunTime:0.013001s ]
INFO: [ view_parse ] --END-- [ RunTime:0.013001s ]
INFO: [ view_filter ] --START--
INFO: Run Behavior\WriteHtmlCacheBehavior [ RunTime:0.000000s ]
INFO: [ view_filter ] --END-- [ RunTime:0.000000s ]
INFO: [ app_end ] --START--
INFO: Run Behavior\ShowPageTraceBehavior [ RunTime:0.000000s ]
INFO: [ app_end ] --END-- [ RunTime:0.000000s ]

[ 2017-12-29T10:39:38+08:00 ] ::1 /bendi/thinkmuyin/index.php/Admin/Order/index
INFO: [ app_init ] --START--
INFO: Run Behavior\BuildLiteBehavior [ RunTime:0.000000s ]
INFO: [ app_init ] --END-- [ RunTime:0.001000s ]
INFO: [ app_begin ] --START--
INFO: Run Behavior\ReadHtmlCacheBehavior [ RunTime:0.002000s ]
INFO: [ app_begin ] --END-- [ RunTime:0.002000s ]
SQL: SHOW COLUMNS FROM `sk_order` [ RunTime:0.0060s ]
SQL: SELECT COUNT(*) AS tp_count FROM `sk_order` LIMIT 1   [ RunTime:0.0010s ]
INFO: [ view_parse ] --START--
INFO: [ template_filter ] --START--
INFO: Run Behavior\ContentReplaceBehavior [ RunTime:0.000000s ]
INFO: [ template_filter ] --END-- [ RunTime:0.000000s ]
INFO: Run Behavior\ParseTemplateBehavior [ RunTime:0.032002s ]
INFO: [ view_parse ] --END-- [ RunTime:0.033002s ]
INFO: [ view_filter ] --START--
INFO: Run Behavior\WriteHtmlCacheBehavior [ RunTime:0.001000s ]
INFO: [ view_filter ] --END-- [ RunTime:0.001000s ]
INFO: [ app_end ] --START--
INFO: Run Behavior\ShowPageTraceBehavior [ RunTime:0.001000s ]
INFO: [ app_end ] --END-- [ RunTime:0.001000s ]

[ 2017-12-29T10:39:45+08:00 ] ::1 /bendi/thinkmuyin/admin
INFO: [ app_init ] --START--
INFO: Run Behavior\BuildLiteBehavior [ RunTime:0.000000s ]
INFO: [ app_init ] --END-- [ RunTime:0.000000s ]
INFO: [ app_begin ] --START--
INFO: Run Behavior\ReadHtmlCacheBehavior [ RunTime:0.001000s ]
INFO: [ app_begin ] --END-- [ RunTime:0.001000s ]
INFO: [ view_parse ] --START--
INFO: [ template_filter ] --START--
INFO: Run Behavior\ContentReplaceBehavior [ RunTime:0.000000s ]
INFO: [ template_filter ] --END-- [ RunTime:0.000000s ]
NOTIC: [8] Undefined variable: collapseIn D:\XAMPP\htdocs\bendi\thinkmuyin\SnailKids\Runtime\Cache\Admin\dc34bc3c0728cb5ae0671a6ea6d4fdd4.php 第 77 行.
INFO: Run Behavior\ParseTemplateBehavior [ RunTime:0.009001s ]
INFO: [ view_parse ] --END-- [ RunTime:0.009001s ]
INFO: [ view_filter ] --START--
INFO: Run Behavior\WriteHtmlCacheBehavior [ RunTime:0.000000s ]
INFO: [ view_filter ] --END-- [ RunTime:0.000000s ]
INFO: [ app_end ] --START--
INFO: Run Behavior\ShowPageTraceBehavior [ RunTime:0.001000s ]
INFO: [ app_end ] --END-- [ RunTime:0.001000s ]

[ 2017-12-29T10:39:45+08:00 ] ::1 /bendi/thinkmuyin/index.php/Admin/Welcome/welcome
INFO: [ app_init ] --START--
INFO: Run Behavior\BuildLiteBehavior [ RunTime:0.000000s ]
INFO: [ app_init ] --END-- [ RunTime:0.001000s ]
INFO: [ app_begin ] --START--
INFO: Run Behavior\ReadHtmlCacheBehavior [ RunTime:0.000000s ]
INFO: [ app_begin ] --END-- [ RunTime:0.001000s ]
INFO: [ view_parse ] --START--
INFO: [ template_filter ] --START--
INFO: Run Behavior\ContentReplaceBehavior [ RunTime:0.000000s ]
INFO: [ template_filter ] --END-- [ RunTime:0.001000s ]
NOTIC: [8] Use of undefined constant ADMIN_PUBLIC - assumed 'ADMIN_PUBLIC' D:\XAMPP\htdocs\bendi\thinkmuyin\SnailKids\Runtime\Cache\Admin\0f429ed94216b5c9b0800c5193895388.php 第 19 行.
NOTIC: [8] Use of undefined constant ADMIN_PUBLIC - assumed 'ADMIN_PUBLIC' D:\XAMPP\htdocs\bendi\thinkmuyin\SnailKids\Runtime\Cache\Admin\0f429ed94216b5c9b0800c5193895388.php 第 20 行.
NOTIC: [8] Use of undefined constant ADMIN_PUBLIC - assumed 'ADMIN_PUBLIC' D:\XAMPP\htdocs\bendi\thinkmuyin\SnailKids\Runtime\Cache\Admin\0f429ed94216b5c9b0800c5193895388.php 第 26 行.
NOTIC: [8] Use of undefined constant ADMIN_PUBLIC - assumed 'ADMIN_PUBLIC' D:\XAMPP\htdocs\bendi\thinkmuyin\SnailKids\Runtime\Cache\Admin\0f429ed94216b5c9b0800c5193895388.php 第 28 行.
INFO: Run Behavior\ParseTemplateBehavior [ RunTime:0.008001s ]
INFO: [ view_parse ] --END-- [ RunTime:0.008001s ]
INFO: [ view_filter ] --START--
INFO: Run Behavior\WriteHtmlCacheBehavior [ RunTime:0.001000s ]
INFO: [ view_filter ] --END-- [ RunTime:0.001000s ]
INFO: [ app_end ] --START--
INFO: Run Behavior\ShowPageTraceBehavior [ RunTime:0.000000s ]
INFO: [ app_end ] --END-- [ RunTime:0.000000s ]

[ 2017-12-29T10:39:45+08:00 ] ::1 /bendi/thinkmuyin/index.php/Admin/Index/top
INFO: [ app_init ] --START--
INFO: Run Behavior\BuildLiteBehavior [ RunTime:0.001000s ]
INFO: [ app_init ] --END-- [ RunTime:0.001000s ]
INFO: [ app_begin ] --START--
INFO: Run Behavior\ReadHtmlCacheBehavior [ RunTime:0.001000s ]
INFO: [ app_begin ] --END-- [ RunTime:0.001000s ]
INFO: [ view_parse ] --START--
INFO: [ template_filter ] --START--
INFO: Run Behavior\ContentReplaceBehavior [ RunTime:0.000000s ]
INFO: [ template_filter ] --END-- [ RunTime:0.000000s ]
INFO: Run Behavior\ParseTemplateBehavior [ RunTime:0.008000s ]
INFO: [ view_parse ] --END-- [ RunTime:0.009000s ]
INFO: [ view_filter ] --START--
INFO: Run Behavior\WriteHtmlCacheBehavior [ RunTime:0.000000s ]
INFO: [ view_filter ] --END-- [ RunTime:0.000000s ]
INFO: [ app_end ] --START--
INFO: Run Behavior\ShowPageTraceBehavior [ RunTime:0.002000s ]
INFO: [ app_end ] --END-- [ RunTime:0.002000s ]

[ 2017-12-29T10:39:45+08:00 ] ::1 /bendi/thinkmuyin/index.php/Admin/Index/left
INFO: [ app_init ] --START--
INFO: Run Behavior\BuildLiteBehavior [ RunTime:0.000000s ]
INFO: [ app_init ] --END-- [ RunTime:0.001001s ]
INFO: [ app_begin ] --START--
INFO: Run Behavior\ReadHtmlCacheBehavior [ RunTime:0.001000s ]
INFO: [ app_begin ] --END-- [ RunTime:0.001000s ]
INFO: [ view_parse ] --START--
INFO: [ template_filter ] --START--
INFO: Run Behavior\ContentReplaceBehavior [ RunTime:0.001000s ]
INFO: [ template_filter ] --END-- [ RunTime:0.001000s ]
NOTIC: [8] Undefined variable: collapseIn D:\XAMPP\htdocs\bendi\thinkmuyin\SnailKids\Runtime\Cache\Admin\acec32422b346029472f08543c8010a6.php 第 51 行.
INFO: Run Behavior\ParseTemplateBehavior [ RunTime:0.006001s ]
INFO: [ view_parse ] --END-- [ RunTime:0.006001s ]
INFO: [ view_filter ] --START--
INFO: Run Behavior\WriteHtmlCacheBehavior [ RunTime:0.000000s ]
INFO: [ view_filter ] --END-- [ RunTime:0.000000s ]
INFO: [ app_end ] --START--
INFO: Run Behavior\ShowPageTraceBehavior [ RunTime:0.000000s ]
INFO: [ app_end ] --END-- [ RunTime:0.000000s ]

[ 2017-12-29T10:39:45+08:00 ] ::1 /bendi/thinkmuyin/index.php/Admin/Welcome/ADMIN_PUBLICUEditor/default_user_icon.jpg
INFO: [ app_init ] --START--
INFO: Run Behavior\BuildLiteBehavior [ RunTime:0.000000s ]
INFO: [ app_init ] --END-- [ RunTime:0.001000s ]

[ 2017-12-29T10:39:45+08:00 ] ::1 /bendi/thinkmuyin/index.php/Admin/Welcome/ADMIN_PUBLICUEditor/ueditor.all.js
INFO: [ app_init ] --START--
INFO: Run Behavior\BuildLiteBehavior [ RunTime:0.000000s ]
INFO: [ app_init ] --END-- [ RunTime:0.001001s ]
INFO: [ app_begin ] --START--
INFO: Run Behavior\ReadHtmlCacheBehavior [ RunTime:0.001000s ]
INFO: [ app_begin ] --END-- [ RunTime:0.001000s ]
ERR: 非法操作:ADMIN_PUBLICUEditor

[ 2017-12-29T10:39:45+08:00 ] ::1 /bendi/thinkmuyin/index.php/Admin/Welcome/ADMIN_PUBLICUEditor/ueditor.config.js
INFO: [ app_init ] --START--
INFO: Run Behavior\BuildLiteBehavior [ RunTime:0.000000s ]
INFO: [ app_init ] --END-- [ RunTime:0.000000s ]
INFO: [ app_begin ] --START--
INFO: Run Behavior\ReadHtmlCacheBehavior [ RunTime:0.001000s ]
INFO: [ app_begin ] --END-- [ RunTime:0.001000s ]
ERR: 非法操作:ADMIN_PUBLICUEditor

[ 2017-12-29T10:39:45+08:00 ] ::1 /bendi/thinkmuyin/index.php/Admin/Welcome/ADMIN_PUBLICUEditor/ueditor.all.js
INFO: [ app_init ] --START--
INFO: Run Behavior\BuildLiteBehavior [ RunTime:0.000000s ]
INFO: [ app_init ] --END-- [ RunTime:0.001000s ]
INFO: [ app_begin ] --START--
INFO: Run Behavior\ReadHtmlCacheBehavior [ RunTime:0.001000s ]
INFO: [ app_begin ] --END-- [ RunTime:0.001000s ]
ERR: 非法操作:ADMIN_PUBLICUEditor

[ 2017-12-29T10:45:44+08:00 ] ::1 /bendi/thinkmuyin/admin
INFO: [ app_init ] --START--
INFO: Run Behavior\BuildLiteBehavior [ RunTime:0.000000s ]
INFO: [ app_init ] --END-- [ RunTime:0.001000s ]
INFO: [ app_begin ] --START--
INFO: Run Behavior\ReadHtmlCacheBehavior [ RunTime:0.001000s ]
INFO: [ app_begin ] --END-- [ RunTime:0.001000s ]
INFO: [ view_parse ] --START--
INFO: [ template_filter ] --START--
INFO: Run Behavior\ContentReplaceBehavior [ RunTime:0.000000s ]
INFO: [ template_filter ] --END-- [ RunTime:0.000000s ]
NOTIC: [8] Undefined variable: collapseIn D:\XAMPP\htdocs\bendi\thinkmuyin\SnailKids\Runtime\Cache\Admin\dc34bc3c0728cb5ae0671a6ea6d4fdd4.php 第 77 行.
INFO: Run Behavior\ParseTemplateBehavior [ RunTime:0.012001s ]
INFO: [ view_parse ] --END-- [ RunTime:0.012001s ]
INFO: [ view_filter ] --START--
INFO: Run Behavior\WriteHtmlCacheBehavior [ RunTime:0.000000s ]
INFO: [ view_filter ] --END-- [ RunTime:0.000000s ]
INFO: [ app_end ] --START--
INFO: Run Behavior\ShowPageTraceBehavior [ RunTime:0.000000s ]
INFO: [ app_end ] --END-- [ RunTime:0.002000s ]

[ 2017-12-29T10:45:44+08:00 ] ::1 /bendi/thinkmuyin/index.php/Admin/Index/left
INFO: [ app_init ] --START--
INFO: Run Behavior\BuildLiteBehavior [ RunTime:0.000000s ]
INFO: [ app_init ] --END-- [ RunTime:0.001000s ]
INFO: [ app_begin ] --START--
INFO: Run Behavior\ReadHtmlCacheBehavior [ RunTime:0.001000s ]
INFO: [ app_begin ] --END-- [ RunTime:0.001000s ]
INFO: [ view_parse ] --START--
INFO: [ template_filter ] --START--
INFO: Run Behavior\ContentReplaceBehavior [ RunTime:0.001001s ]
INFO: [ template_filter ] --END-- [ RunTime:0.001001s ]
NOTIC: [8] Undefined variable: collapseIn D:\XAMPP\htdocs\bendi\thinkmuyin\SnailKids\Runtime\Cache\Admin\acec32422b346029472f08543c8010a6.php 第 51 行.
INFO: Run Behavior\ParseTemplateBehavior [ RunTime:0.011001s ]
INFO: [ view_parse ] --END-- [ RunTime:0.013001s ]
INFO: [ view_filter ] --START--
INFO: Run Behavior\WriteHtmlCacheBehavior [ RunTime:0.000000s ]
INFO: [ view_filter ] --END-- [ RunTime:0.001000s ]
INFO: [ app_end ] --START--
INFO: Run Behavior\ShowPageTraceBehavior [ RunTime:0.001000s ]
INFO: [ app_end ] --END-- [ RunTime:0.001000s ]

[ 2017-12-29T10:45:44+08:00 ] ::1 /bendi/thinkmuyin/index.php/Admin/Index/top
INFO: [ app_init ] --START--
INFO: Run Behavior\BuildLiteBehavior [ RunTime:0.000000s ]
INFO: [ app_init ] --END-- [ RunTime:0.014001s ]
INFO: [ app_begin ] --START--
INFO: Run Behavior\ReadHtmlCacheBehavior [ RunTime:0.001000s ]
INFO: [ app_begin ] --END-- [ RunTime:0.001000s ]
INFO: [ view_parse ] --START--
INFO: [ template_filter ] --START--
INFO: Run Behavior\ContentReplaceBehavior [ RunTime:0.000000s ]
INFO: [ template_filter ] --END-- [ RunTime:0.000000s ]
INFO: Run Behavior\ParseTemplateBehavior [ RunTime:0.011001s ]
INFO: [ view_parse ] --END-- [ RunTime:0.011001s ]
INFO: [ view_filter ] --START--
INFO: Run Behavior\WriteHtmlCacheBehavior [ RunTime:0.000000s ]
INFO: [ view_filter ] --END-- [ RunTime:0.000000s ]
INFO: [ app_end ] --START--
INFO: Run Behavior\ShowPageTraceBehavior [ RunTime:0.002000s ]
INFO: [ app_end ] --END-- [ RunTime:0.002000s ]

[ 2017-12-29T10:45:44+08:00 ] ::1 /bendi/thinkmuyin/index.php/Admin/Welcome/welcome
INFO: [ app_init ] --START--
INFO: Run Behavior\BuildLiteBehavior [ RunTime:0.000000s ]
INFO: [ app_init ] --END-- [ RunTime:0.001000s ]
INFO: [ app_begin ] --START--
INFO: Run Behavior\ReadHtmlCacheBehavior [ RunTime:0.001000s ]
INFO: [ app_begin ] --END-- [ RunTime:0.001000s ]
INFO: [ view_parse ] --START--
INFO: [ template_filter ] --START--
INFO: Run Behavior\ContentReplaceBehavior [ RunTime:0.000000s ]
INFO: [ template_filter ] --END-- [ RunTime:0.000000s ]
NOTIC: [8] Use of undefined constant ADMIN_PUBLIC - assumed 'ADMIN_PUBLIC' D:\XAMPP\htdocs\bendi\thinkmuyin\SnailKids\Runtime\Cache\Admin\0f429ed94216b5c9b0800c5193895388.php 第 19 行.
NOTIC: [8] Use of undefined constant ADMIN_PUBLIC - assumed 'ADMIN_PUBLIC' D:\XAMPP\htdocs\bendi\thinkmuyin\SnailKids\Runtime\Cache\Admin\0f429ed94216b5c9b0800c5193895388.php 第 20 行.
NOTIC: [8] Use of undefined constant ADMIN_PUBLIC - assumed 'ADMIN_PUBLIC' D:\XAMPP\htdocs\bendi\thinkmuyin\SnailKids\Runtime\Cache\Admin\0f429ed94216b5c9b0800c5193895388.php 第 26 行.
NOTIC: [8] Use of undefined constant ADMIN_PUBLIC - assumed 'ADMIN_PUBLIC' D:\XAMPP\htdocs\bendi\thinkmuyin\SnailKids\Runtime\Cache\Admin\0f429ed94216b5c9b0800c5193895388.php 第 28 行.
INFO: Run Behavior\ParseTemplateBehavior [ RunTime:0.010000s ]
INFO: [ view_parse ] --END-- [ RunTime:0.010000s ]
INFO: [ view_filter ] --START--
INFO: Run Behavior\WriteHtmlCacheBehavior [ RunTime:0.000000s ]
INFO: [ view_filter ] --END-- [ RunTime:0.000000s ]
INFO: [ app_end ] --START--
INFO: Run Behavior\ShowPageTraceBehavior [ RunTime:0.002000s ]
INFO: [ app_end ] --END-- [ RunTime:0.002000s ]

[ 2017-12-29T10:45:44+08:00 ] ::1 /bendi/thinkmuyin/index.php/Admin/Welcome/ADMIN_PUBLICUEditor/ueditor.config.js
INFO: [ app_init ] --START--
INFO: Run Behavior\BuildLiteBehavior [ RunTime:0.000000s ]
INFO: [ app_init ] --END-- [ RunTime:0.001000s ]
INFO: [ app_begin ] --START--
INFO: Run Behavior\ReadHtmlCacheBehavior [ RunTime:0.001000s ]
INFO: [ app_begin ] --END-- [ RunTime:0.001000s ]
ERR: 非法操作:ADMIN_PUBLICUEditor

[ 2017-12-29T10:45:44+08:00 ] ::1 /bendi/thinkmuyin/index.php/Admin/Welcome/ADMIN_PUBLICUEditor/ueditor.all.js
INFO: [ app_init ] --START--
INFO: Run Behavior\BuildLiteBehavior [ RunTime:0.000000s ]
INFO: [ app_init ] --END-- [ RunTime:0.001000s ]
INFO: [ app_begin ] --START--
INFO: Run Behavior\ReadHtmlCacheBehavior [ RunTime:0.001000s ]
INFO: [ app_begin ] --END-- [ RunTime:0.001000s ]
ERR: 非法操作:ADMIN_PUBLICUEditor

[ 2017-12-29T10:45:44+08:00 ] ::1 /bendi/thinkmuyin/index.php/Admin/Welcome/ADMIN_PUBLICUEditor/default_user_icon.jpg
INFO: [ app_init ] --START--
INFO: Run Behavior\BuildLiteBehavior [ RunTime:0.001000s ]
INFO: [ app_init ] --END-- [ RunTime:0.001000s ]

[ 2017-12-29T10:45:45+08:00 ] ::1 /bendi/thinkmuyin/index.php/Admin/Welcome/ADMIN_PUBLICUEditor/ueditor.config.js
INFO: [ app_init ] --START--
INFO: Run Behavior\BuildLiteBehavior [ RunTime:0.000000s ]
INFO: [ app_init ] --END-- [ RunTime:0.000000s ]
INFO: [ app_begin ] --START--
INFO: Run Behavior\ReadHtmlCacheBehavior [ RunTime:0.001000s ]
INFO: [ app_begin ] --END-- [ RunTime:0.001000s ]
ERR: 非法操作:ADMIN_PUBLICUEditor

[ 2017-12-29T10:45:45+08:00 ] ::1 /bendi/thinkmuyin/index.php/Admin/Welcome/ADMIN_PUBLICUEditor/ueditor.all.js
INFO: [ app_init ] --START--
INFO: Run Behavior\BuildLiteBehavior [ RunTime:0.000000s ]
INFO: [ app_init ] --END-- [ RunTime:0.001000s ]
INFO: [ app_begin ] --START--
INFO: Run Behavior\ReadHtmlCacheBehavior [ RunTime:0.001000s ]
INFO: [ app_begin ] --END-- [ RunTime:0.001000s ]
ERR: 非法操作:ADMIN_PUBLICUEditor

