[ 2017-10-11T09:20:40+08:00 ] ::1 /thinkmuyin/admin
INFO: [ app_init ] --START--
INFO: Run Behavior\BuildLiteBehavior [ RunTime:0.000000s ]
INFO: [ app_init ] --END-- [ RunTime:0.000000s ]
INFO: [ app_begin ] --START--
INFO: Run Behavior\ReadHtmlCacheBehavior [ RunTime:0.001000s ]
INFO: [ app_begin ] --END-- [ RunTime:0.001000s ]

[ 2017-10-11T09:20:41+08:00 ] ::1 /thinkmuyin/index.php/Admin/Index/login.html
INFO: [ app_init ] --START--
INFO: Run Behavior\BuildLiteBehavior [ RunTime:0.000000s ]
INFO: [ app_init ] --END-- [ RunTime:0.000000s ]
INFO: [ app_begin ] --START--
INFO: Run Behavior\ReadHtmlCacheBehavior [ RunTime:0.001000s ]
INFO: [ app_begin ] --END-- [ RunTime:0.001000s ]
INFO: [ view_parse ] --START--
INFO: [ template_filter ] --START--
INFO: Run Behavior\ContentReplaceBehavior [ RunTime:0.000000s ]
INFO: [ template_filter ] --END-- [ RunTime:0.000000s ]
NOTIC: [8] Undefined variable: loginResult D:\XAMPP\htdocs\thinkmuyin\SnailKids\Runtime\Cache\Admin\2df8f32ac5afa3ab0365dddcce39c937.php 第 59 行.
NOTIC: [8] Undefined variable: tempUsername D:\XAMPP\htdocs\thinkmuyin\SnailKids\Runtime\Cache\Admin\2df8f32ac5afa3ab0365dddcce39c937.php 第 62 行.
INFO: Run Behavior\ParseTemplateBehavior [ RunTime:0.052003s ]
INFO: [ view_parse ] --END-- [ RunTime:0.052003s ]
INFO: [ view_filter ] --START--
INFO: Run Behavior\WriteHtmlCacheBehavior [ RunTime:0.000000s ]
INFO: [ view_filter ] --END-- [ RunTime:0.000000s ]
INFO: [ app_end ] --START--
INFO: Run Behavior\ShowPageTraceBehavior [ RunTime:0.001000s ]
INFO: [ app_end ] --END-- [ RunTime:0.001000s ]

[ 2017-10-11T09:20:41+08:00 ] ::1 /thinkmuyin/index.php/Admin/Index/verify
INFO: [ app_init ] --START--
INFO: Run Behavior\BuildLiteBehavior [ RunTime:0.000000s ]
INFO: [ app_init ] --END-- [ RunTime:0.000000s ]
INFO: [ app_begin ] --START--
INFO: Run Behavior\ReadHtmlCacheBehavior [ RunTime:0.001000s ]
INFO: [ app_begin ] --END-- [ RunTime:0.001000s ]
INFO: [ app_end ] --START--
INFO: Run Behavior\ShowPageTraceBehavior [ RunTime:0.001000s ]
INFO: [ app_end ] --END-- [ RunTime:0.001000s ]

[ 2017-10-11T09:20:55+08:00 ] ::1 /thinkmuyin/index.php/Admin/Index/loginDo
INFO: [ app_init ] --START--
INFO: Run Behavior\BuildLiteBehavior [ RunTime:0.000000s ]
INFO: [ app_init ] --END-- [ RunTime:0.001000s ]
INFO: [ app_begin ] --START--
INFO: Run Behavior\ReadHtmlCacheBehavior [ RunTime:0.001000s ]
INFO: [ app_begin ] --END-- [ RunTime:0.001000s ]
SQL: SHOW COLUMNS FROM `sk_admin` [ RunTime:0.2800s ]
SQL: SELECT * FROM `sk_admin` WHERE `username` = 'admin' AND `enable` = 1 LIMIT 1   [ RunTime:0.0000s ]
INFO: [ view_parse ] --START--
INFO: [ template_filter ] --START--
INFO: Run Behavior\ContentReplaceBehavior [ RunTime:0.000000s ]
INFO: [ template_filter ] --END-- [ RunTime:0.001000s ]
INFO: Run Behavior\ParseTemplateBehavior [ RunTime:0.008001s ]
INFO: [ view_parse ] --END-- [ RunTime:0.008001s ]
INFO: [ view_filter ] --START--
INFO: Run Behavior\WriteHtmlCacheBehavior [ RunTime:0.000000s ]
INFO: [ view_filter ] --END-- [ RunTime:0.000000s ]
INFO: [ app_end ] --START--
INFO: Run Behavior\ShowPageTraceBehavior [ RunTime:0.000000s ]
INFO: [ app_end ] --END-- [ RunTime:0.000000s ]

[ 2017-10-11T09:20:55+08:00 ] ::1 /thinkmuyin/index.php/Admin/Index/verify
INFO: [ app_init ] --START--
INFO: Run Behavior\BuildLiteBehavior [ RunTime:0.000000s ]
INFO: [ app_init ] --END-- [ RunTime:0.001000s ]
INFO: [ app_begin ] --START--
INFO: Run Behavior\ReadHtmlCacheBehavior [ RunTime:0.000000s ]
INFO: [ app_begin ] --END-- [ RunTime:0.000000s ]
INFO: [ app_end ] --START--
INFO: Run Behavior\ShowPageTraceBehavior [ RunTime:0.001000s ]
INFO: [ app_end ] --END-- [ RunTime:0.001000s ]

[ 2017-10-11T09:21:17+08:00 ] ::1 /thinkmuyin/index.php/Admin/Index/loginDo
INFO: [ app_init ] --START--
INFO: Run Behavior\BuildLiteBehavior [ RunTime:0.000000s ]
INFO: [ app_init ] --END-- [ RunTime:0.000000s ]
INFO: [ app_begin ] --START--
INFO: Run Behavior\ReadHtmlCacheBehavior [ RunTime:0.000000s ]
INFO: [ app_begin ] --END-- [ RunTime:0.000000s ]
SQL: SHOW COLUMNS FROM `sk_admin` [ RunTime:0.0020s ]
SQL: SELECT * FROM `sk_admin` WHERE `username` = 'admin' AND `enable` = 1 LIMIT 1   [ RunTime:0.0000s ]
SQL: UPDATE `sk_admin` SET `login_time`='1507684877' WHERE `id` = 1 [ RunTime:0.1350s ]

[ 2017-10-11T09:21:17+08:00 ] ::1 /thinkmuyin/index.php/Admin/Index/index.html
INFO: [ app_init ] --START--
INFO: Run Behavior\BuildLiteBehavior [ RunTime:0.000000s ]
INFO: [ app_init ] --END-- [ RunTime:0.000000s ]
INFO: [ app_begin ] --START--
INFO: Run Behavior\ReadHtmlCacheBehavior [ RunTime:0.001000s ]
INFO: [ app_begin ] --END-- [ RunTime:0.001000s ]
INFO: [ view_parse ] --START--
INFO: [ template_filter ] --START--
INFO: Run Behavior\ContentReplaceBehavior [ RunTime:0.000000s ]
INFO: [ template_filter ] --END-- [ RunTime:0.000000s ]
NOTIC: [8] Undefined variable: collapseIn D:\XAMPP\htdocs\thinkmuyin\SnailKids\Runtime\Cache\Admin\dc34bc3c0728cb5ae0671a6ea6d4fdd4.php 第 77 行.
INFO: Run Behavior\ParseTemplateBehavior [ RunTime:0.006000s ]
INFO: [ view_parse ] --END-- [ RunTime:0.006000s ]
INFO: [ view_filter ] --START--
INFO: Run Behavior\WriteHtmlCacheBehavior [ RunTime:0.001000s ]
INFO: [ view_filter ] --END-- [ RunTime:0.001000s ]
INFO: [ app_end ] --START--
INFO: Run Behavior\ShowPageTraceBehavior [ RunTime:0.000000s ]
INFO: [ app_end ] --END-- [ RunTime:0.000000s ]

[ 2017-10-11T09:21:17+08:00 ] ::1 /thinkmuyin/index.php/Admin/Index/top
INFO: [ app_init ] --START--
INFO: Run Behavior\BuildLiteBehavior [ RunTime:0.000000s ]
INFO: [ app_init ] --END-- [ RunTime:0.001000s ]
INFO: [ app_begin ] --START--
INFO: Run Behavior\ReadHtmlCacheBehavior [ RunTime:0.000000s ]
INFO: [ app_begin ] --END-- [ RunTime:0.000000s ]
INFO: [ view_parse ] --START--
INFO: [ template_filter ] --START--
INFO: Run Behavior\ContentReplaceBehavior [ RunTime:0.000000s ]
INFO: [ template_filter ] --END-- [ RunTime:0.000000s ]
INFO: Run Behavior\ParseTemplateBehavior [ RunTime:0.006001s ]
INFO: [ view_parse ] --END-- [ RunTime:0.007001s ]
INFO: [ view_filter ] --START--
INFO: Run Behavior\WriteHtmlCacheBehavior [ RunTime:0.000000s ]
INFO: [ view_filter ] --END-- [ RunTime:0.000000s ]
INFO: [ app_end ] --START--
INFO: Run Behavior\ShowPageTraceBehavior [ RunTime:0.001000s ]
INFO: [ app_end ] --END-- [ RunTime:0.001000s ]

[ 2017-10-11T09:21:17+08:00 ] ::1 /thinkmuyin/index.php/Admin/Index/left
INFO: [ app_init ] --START--
INFO: Run Behavior\BuildLiteBehavior [ RunTime:0.000000s ]
INFO: [ app_init ] --END-- [ RunTime:0.000000s ]
INFO: [ app_begin ] --START--
INFO: Run Behavior\ReadHtmlCacheBehavior [ RunTime:0.000000s ]
INFO: [ app_begin ] --END-- [ RunTime:0.000000s ]
INFO: [ view_parse ] --START--
INFO: [ template_filter ] --START--
INFO: Run Behavior\ContentReplaceBehavior [ RunTime:0.000000s ]
INFO: [ template_filter ] --END-- [ RunTime:0.000000s ]
NOTIC: [8] Undefined variable: collapseIn D:\XAMPP\htdocs\thinkmuyin\SnailKids\Runtime\Cache\Admin\acec32422b346029472f08543c8010a6.php 第 51 行.
INFO: Run Behavior\ParseTemplateBehavior [ RunTime:0.006000s ]
INFO: [ view_parse ] --END-- [ RunTime:0.006000s ]
INFO: [ view_filter ] --START--
INFO: Run Behavior\WriteHtmlCacheBehavior [ RunTime:0.001000s ]
INFO: [ view_filter ] --END-- [ RunTime:0.001000s ]
INFO: [ app_end ] --START--
INFO: Run Behavior\ShowPageTraceBehavior [ RunTime:0.000000s ]
INFO: [ app_end ] --END-- [ RunTime:0.000000s ]

[ 2017-10-11T09:21:17+08:00 ] ::1 /thinkmuyin/index.php/Admin/Welcome/welcome
INFO: [ app_init ] --START--
INFO: Run Behavior\BuildLiteBehavior [ RunTime:0.000000s ]
INFO: [ app_init ] --END-- [ RunTime:0.002001s ]
INFO: [ app_begin ] --START--
INFO: Run Behavior\ReadHtmlCacheBehavior [ RunTime:0.001000s ]
INFO: [ app_begin ] --END-- [ RunTime:0.001000s ]
INFO: [ view_parse ] --START--
INFO: [ template_filter ] --START--
INFO: Run Behavior\ContentReplaceBehavior [ RunTime:0.000000s ]
INFO: [ template_filter ] --END-- [ RunTime:0.001000s ]
NOTIC: [8] Use of undefined constant ADMIN_PUBLIC - assumed 'ADMIN_PUBLIC' D:\XAMPP\htdocs\thinkmuyin\SnailKids\Runtime\Cache\Admin\0f429ed94216b5c9b0800c5193895388.php 第 19 行.
NOTIC: [8] Use of undefined constant ADMIN_PUBLIC - assumed 'ADMIN_PUBLIC' D:\XAMPP\htdocs\thinkmuyin\SnailKids\Runtime\Cache\Admin\0f429ed94216b5c9b0800c5193895388.php 第 20 行.
NOTIC: [8] Use of undefined constant ADMIN_PUBLIC - assumed 'ADMIN_PUBLIC' D:\XAMPP\htdocs\thinkmuyin\SnailKids\Runtime\Cache\Admin\0f429ed94216b5c9b0800c5193895388.php 第 26 行.
NOTIC: [8] Use of undefined constant ADMIN_PUBLIC - assumed 'ADMIN_PUBLIC' D:\XAMPP\htdocs\thinkmuyin\SnailKids\Runtime\Cache\Admin\0f429ed94216b5c9b0800c5193895388.php 第 28 行.
INFO: Run Behavior\ParseTemplateBehavior [ RunTime:0.008001s ]
INFO: [ view_parse ] --END-- [ RunTime:0.008001s ]
INFO: [ view_filter ] --START--
INFO: Run Behavior\WriteHtmlCacheBehavior [ RunTime:0.001000s ]
INFO: [ view_filter ] --END-- [ RunTime:0.001000s ]
INFO: [ app_end ] --START--
INFO: Run Behavior\ShowPageTraceBehavior [ RunTime:0.002000s ]
INFO: [ app_end ] --END-- [ RunTime:0.002000s ]

[ 2017-10-11T09:21:17+08:00 ] ::1 /thinkmuyin/index.php/Admin/Welcome/ADMIN_PUBLICUEditor/ueditor.config.js
INFO: [ app_init ] --START--
INFO: Run Behavior\BuildLiteBehavior [ RunTime:0.000000s ]
INFO: [ app_init ] --END-- [ RunTime:0.001000s ]
INFO: [ app_begin ] --START--
INFO: Run Behavior\ReadHtmlCacheBehavior [ RunTime:0.001000s ]
INFO: [ app_begin ] --END-- [ RunTime:0.001000s ]
ERR: 非法操作:ADMIN_PUBLICUEditor

[ 2017-10-11T09:21:17+08:00 ] ::1 /thinkmuyin/index.php/Admin/Welcome/ADMIN_PUBLICUEditor/default_user_icon.jpg
INFO: [ app_init ] --START--
INFO: Run Behavior\BuildLiteBehavior [ RunTime:0.000000s ]
INFO: [ app_init ] --END-- [ RunTime:0.001000s ]

[ 2017-10-11T09:21:17+08:00 ] ::1 /thinkmuyin/index.php/Admin/Welcome/ADMIN_PUBLICUEditor/ueditor.all.js
INFO: [ app_init ] --START--
INFO: Run Behavior\BuildLiteBehavior [ RunTime:0.000000s ]
INFO: [ app_init ] --END-- [ RunTime:0.000000s ]
INFO: [ app_begin ] --START--
INFO: Run Behavior\ReadHtmlCacheBehavior [ RunTime:0.000000s ]
INFO: [ app_begin ] --END-- [ RunTime:0.001000s ]
ERR: 非法操作:ADMIN_PUBLICUEditor

[ 2017-10-11T09:21:23+08:00 ] ::1 /thinkmuyin/index.php/Admin/Province/index
INFO: [ app_init ] --START--
INFO: Run Behavior\BuildLiteBehavior [ RunTime:0.000000s ]
INFO: [ app_init ] --END-- [ RunTime:0.001000s ]
INFO: [ app_begin ] --START--
INFO: Run Behavior\ReadHtmlCacheBehavior [ RunTime:0.001000s ]
INFO: [ app_begin ] --END-- [ RunTime:0.001000s ]
SQL: SHOW COLUMNS FROM `sk_province` [ RunTime:0.0020s ]
NOTIC: [2] Missing argument 1 for Think\Model::where(), called in D:\XAMPP\htdocs\thinkmuyin\SnailKids\Admin\Controller\ProvinceController.class.php on line 13 and defined D:\XAMPP\htdocs\thinkmuyin\ThinkPHP\Library\Think\Model.class.php 第 1797 行.
NOTIC: [8] Undefined variable: where D:\XAMPP\htdocs\thinkmuyin\ThinkPHP\Library\Think\Model.class.php 第 1805 行.
NOTIC: [8] Undefined variable: where D:\XAMPP\htdocs\thinkmuyin\ThinkPHP\Library\Think\Model.class.php 第 1808 行.
NOTIC: [8] Undefined variable: where D:\XAMPP\htdocs\thinkmuyin\ThinkPHP\Library\Think\Model.class.php 第 1816 行.
SQL: SELECT COUNT(*) AS tp_count FROM `sk_province` LIMIT 1   [ RunTime:0.0210s ]
NOTIC: [2] Missing argument 1 for Think\Model::where(), called in D:\XAMPP\htdocs\thinkmuyin\SnailKids\Admin\Controller\ProvinceController.class.php on line 82 and defined D:\XAMPP\htdocs\thinkmuyin\ThinkPHP\Library\Think\Model.class.php 第 1797 行.
NOTIC: [8] Undefined variable: where D:\XAMPP\htdocs\thinkmuyin\ThinkPHP\Library\Think\Model.class.php 第 1805 行.
NOTIC: [8] Undefined variable: where D:\XAMPP\htdocs\thinkmuyin\ThinkPHP\Library\Think\Model.class.php 第 1808 行.
NOTIC: [8] Undefined variable: where D:\XAMPP\htdocs\thinkmuyin\ThinkPHP\Library\Think\Model.class.php 第 1816 行.
SQL: SELECT * FROM `sk_province` ORDER BY id LIMIT 0,10   [ RunTime:0.0010s ]
INFO: [ view_parse ] --START--
INFO: [ template_filter ] --START--
INFO: Run Behavior\ContentReplaceBehavior [ RunTime:0.001000s ]
INFO: [ template_filter ] --END-- [ RunTime:0.001000s ]
NOTIC: [2] date() expects parameter 2 to be long, string given D:\XAMPP\htdocs\thinkmuyin\SnailKids\Runtime\Cache\Admin\af092c979dce3adbd6bf41409e6ca815.php 第 121 行.
NOTIC: [2] date() expects parameter 2 to be long, string given D:\XAMPP\htdocs\thinkmuyin\SnailKids\Runtime\Cache\Admin\af092c979dce3adbd6bf41409e6ca815.php 第 121 行.
NOTIC: [2] date() expects parameter 2 to be long, string given D:\XAMPP\htdocs\thinkmuyin\SnailKids\Runtime\Cache\Admin\af092c979dce3adbd6bf41409e6ca815.php 第 121 行.
NOTIC: [2] date() expects parameter 2 to be long, string given D:\XAMPP\htdocs\thinkmuyin\SnailKids\Runtime\Cache\Admin\af092c979dce3adbd6bf41409e6ca815.php 第 121 行.
NOTIC: [2] date() expects parameter 2 to be long, string given D:\XAMPP\htdocs\thinkmuyin\SnailKids\Runtime\Cache\Admin\af092c979dce3adbd6bf41409e6ca815.php 第 121 行.
NOTIC: [2] date() expects parameter 2 to be long, string given D:\XAMPP\htdocs\thinkmuyin\SnailKids\Runtime\Cache\Admin\af092c979dce3adbd6bf41409e6ca815.php 第 121 行.
NOTIC: [2] date() expects parameter 2 to be long, string given D:\XAMPP\htdocs\thinkmuyin\SnailKids\Runtime\Cache\Admin\af092c979dce3adbd6bf41409e6ca815.php 第 121 行.
NOTIC: [2] date() expects parameter 2 to be long, string given D:\XAMPP\htdocs\thinkmuyin\SnailKids\Runtime\Cache\Admin\af092c979dce3adbd6bf41409e6ca815.php 第 121 行.
NOTIC: [2] date() expects parameter 2 to be long, string given D:\XAMPP\htdocs\thinkmuyin\SnailKids\Runtime\Cache\Admin\af092c979dce3adbd6bf41409e6ca815.php 第 121 行.
NOTIC: [2] date() expects parameter 2 to be long, string given D:\XAMPP\htdocs\thinkmuyin\SnailKids\Runtime\Cache\Admin\af092c979dce3adbd6bf41409e6ca815.php 第 121 行.
INFO: Run Behavior\ParseTemplateBehavior [ RunTime:0.016000s ]
INFO: [ view_parse ] --END-- [ RunTime:0.016000s ]
INFO: [ view_filter ] --START--
INFO: Run Behavior\WriteHtmlCacheBehavior [ RunTime:0.000000s ]
INFO: [ view_filter ] --END-- [ RunTime:0.000000s ]
INFO: [ app_end ] --START--
INFO: Run Behavior\ShowPageTraceBehavior [ RunTime:0.001001s ]
INFO: [ app_end ] --END-- [ RunTime:0.001001s ]

[ 2017-10-11T09:21:27+08:00 ] ::1 /thinkmuyin/index.php/Admin/City/index
INFO: [ app_init ] --START--
INFO: Run Behavior\BuildLiteBehavior [ RunTime:0.000000s ]
INFO: [ app_init ] --END-- [ RunTime:0.001000s ]
INFO: [ app_begin ] --START--
INFO: Run Behavior\ReadHtmlCacheBehavior [ RunTime:0.001000s ]
INFO: [ app_begin ] --END-- [ RunTime:0.001000s ]
SQL: SHOW COLUMNS FROM `sk_city` [ RunTime:0.0020s ]
NOTIC: [2] Missing argument 1 for Think\Model::where(), called in D:\XAMPP\htdocs\thinkmuyin\SnailKids\Admin\Controller\CityController.class.php on line 14 and defined D:\XAMPP\htdocs\thinkmuyin\ThinkPHP\Library\Think\Model.class.php 第 1797 行.
NOTIC: [8] Undefined variable: where D:\XAMPP\htdocs\thinkmuyin\ThinkPHP\Library\Think\Model.class.php 第 1805 行.
NOTIC: [8] Undefined variable: where D:\XAMPP\htdocs\thinkmuyin\ThinkPHP\Library\Think\Model.class.php 第 1808 行.
NOTIC: [8] Undefined variable: where D:\XAMPP\htdocs\thinkmuyin\ThinkPHP\Library\Think\Model.class.php 第 1816 行.
SQL: SELECT COUNT(*) AS tp_count FROM `sk_city` LIMIT 1   [ RunTime:0.0000s ]
SQL: SHOW COLUMNS FROM `sk_province` [ RunTime:0.0030s ]
SQL: SELECT `id`,`name` FROM `sk_province` WHERE ( enable=1 )  [ RunTime:0.0000s ]
NOTIC: [2] Missing argument 1 for Think\Model::where(), called in D:\XAMPP\htdocs\thinkmuyin\SnailKids\Admin\Controller\CityController.class.php on line 96 and defined D:\XAMPP\htdocs\thinkmuyin\ThinkPHP\Library\Think\Model.class.php 第 1797 行.
NOTIC: [8] Undefined variable: where D:\XAMPP\htdocs\thinkmuyin\ThinkPHP\Library\Think\Model.class.php 第 1805 行.
NOTIC: [8] Undefined variable: where D:\XAMPP\htdocs\thinkmuyin\ThinkPHP\Library\Think\Model.class.php 第 1808 行.
NOTIC: [8] Undefined variable: where D:\XAMPP\htdocs\thinkmuyin\ThinkPHP\Library\Think\Model.class.php 第 1816 行.
SQL: SELECT * FROM `sk_city` ORDER BY id LIMIT 0,10   [ RunTime:0.0010s ]
INFO: [ view_parse ] --START--
INFO: [ template_filter ] --START--
INFO: Run Behavior\ContentReplaceBehavior [ RunTime:0.001000s ]
INFO: [ template_filter ] --END-- [ RunTime:0.001000s ]
NOTIC: [2] date() expects parameter 2 to be long, string given D:\XAMPP\htdocs\thinkmuyin\SnailKids\Runtime\Cache\Admin\ab22db25ea27650078fc0754cc217979.php 第 145 行.
NOTIC: [2] date() expects parameter 2 to be long, string given D:\XAMPP\htdocs\thinkmuyin\SnailKids\Runtime\Cache\Admin\ab22db25ea27650078fc0754cc217979.php 第 145 行.
NOTIC: [2] date() expects parameter 2 to be long, string given D:\XAMPP\htdocs\thinkmuyin\SnailKids\Runtime\Cache\Admin\ab22db25ea27650078fc0754cc217979.php 第 145 行.
NOTIC: [2] date() expects parameter 2 to be long, string given D:\XAMPP\htdocs\thinkmuyin\SnailKids\Runtime\Cache\Admin\ab22db25ea27650078fc0754cc217979.php 第 145 行.
NOTIC: [2] date() expects parameter 2 to be long, string given D:\XAMPP\htdocs\thinkmuyin\SnailKids\Runtime\Cache\Admin\ab22db25ea27650078fc0754cc217979.php 第 145 行.
NOTIC: [2] date() expects parameter 2 to be long, string given D:\XAMPP\htdocs\thinkmuyin\SnailKids\Runtime\Cache\Admin\ab22db25ea27650078fc0754cc217979.php 第 145 行.
NOTIC: [2] date() expects parameter 2 to be long, string given D:\XAMPP\htdocs\thinkmuyin\SnailKids\Runtime\Cache\Admin\ab22db25ea27650078fc0754cc217979.php 第 145 行.
NOTIC: [2] date() expects parameter 2 to be long, string given D:\XAMPP\htdocs\thinkmuyin\SnailKids\Runtime\Cache\Admin\ab22db25ea27650078fc0754cc217979.php 第 145 行.
NOTIC: [2] date() expects parameter 2 to be long, string given D:\XAMPP\htdocs\thinkmuyin\SnailKids\Runtime\Cache\Admin\ab22db25ea27650078fc0754cc217979.php 第 145 行.
NOTIC: [2] date() expects parameter 2 to be long, string given D:\XAMPP\htdocs\thinkmuyin\SnailKids\Runtime\Cache\Admin\ab22db25ea27650078fc0754cc217979.php 第 145 行.
INFO: Run Behavior\ParseTemplateBehavior [ RunTime:0.012001s ]
INFO: [ view_parse ] --END-- [ RunTime:0.012001s ]
INFO: [ view_filter ] --START--
INFO: Run Behavior\WriteHtmlCacheBehavior [ RunTime:0.000000s ]
INFO: [ view_filter ] --END-- [ RunTime:0.000000s ]
INFO: [ app_end ] --START--
INFO: Run Behavior\ShowPageTraceBehavior [ RunTime:0.000000s ]
INFO: [ app_end ] --END-- [ RunTime:0.000000s ]

[ 2017-10-11T09:21:29+08:00 ] ::1 /thinkmuyin/index.php/Admin/Area/district
INFO: [ app_init ] --START--
INFO: Run Behavior\BuildLiteBehavior [ RunTime:0.000000s ]
INFO: [ app_init ] --END-- [ RunTime:0.000000s ]
INFO: [ app_begin ] --START--
INFO: Run Behavior\ReadHtmlCacheBehavior [ RunTime:0.000000s ]
INFO: [ app_begin ] --END-- [ RunTime:0.000000s ]
ERR: 无法加载控制器:Area

[ 2017-10-11T09:21:30+08:00 ] ::1 /thinkmuyin/index.php/Admin/Province/index
INFO: [ app_init ] --START--
INFO: Run Behavior\BuildLiteBehavior [ RunTime:0.000000s ]
INFO: [ app_init ] --END-- [ RunTime:0.002000s ]
INFO: [ app_begin ] --START--
INFO: Run Behavior\ReadHtmlCacheBehavior [ RunTime:0.001000s ]
INFO: [ app_begin ] --END-- [ RunTime:0.001000s ]
SQL: SHOW COLUMNS FROM `sk_province` [ RunTime:0.0030s ]
NOTIC: [2] Missing argument 1 for Think\Model::where(), called in D:\XAMPP\htdocs\thinkmuyin\SnailKids\Admin\Controller\ProvinceController.class.php on line 13 and defined D:\XAMPP\htdocs\thinkmuyin\ThinkPHP\Library\Think\Model.class.php 第 1797 行.
NOTIC: [8] Undefined variable: where D:\XAMPP\htdocs\thinkmuyin\ThinkPHP\Library\Think\Model.class.php 第 1805 行.
NOTIC: [8] Undefined variable: where D:\XAMPP\htdocs\thinkmuyin\ThinkPHP\Library\Think\Model.class.php 第 1808 行.
NOTIC: [8] Undefined variable: where D:\XAMPP\htdocs\thinkmuyin\ThinkPHP\Library\Think\Model.class.php 第 1816 行.
SQL: SELECT COUNT(*) AS tp_count FROM `sk_province` LIMIT 1   [ RunTime:0.0010s ]
NOTIC: [2] Missing argument 1 for Think\Model::where(), called in D:\XAMPP\htdocs\thinkmuyin\SnailKids\Admin\Controller\ProvinceController.class.php on line 82 and defined D:\XAMPP\htdocs\thinkmuyin\ThinkPHP\Library\Think\Model.class.php 第 1797 行.
NOTIC: [8] Undefined variable: where D:\XAMPP\htdocs\thinkmuyin\ThinkPHP\Library\Think\Model.class.php 第 1805 行.
NOTIC: [8] Undefined variable: where D:\XAMPP\htdocs\thinkmuyin\ThinkPHP\Library\Think\Model.class.php 第 1808 行.
NOTIC: [8] Undefined variable: where D:\XAMPP\htdocs\thinkmuyin\ThinkPHP\Library\Think\Model.class.php 第 1816 行.
SQL: SELECT * FROM `sk_province` ORDER BY id LIMIT 0,10   [ RunTime:0.0010s ]
INFO: [ view_parse ] --START--
INFO: [ template_filter ] --START--
INFO: Run Behavior\ContentReplaceBehavior [ RunTime:0.001000s ]
INFO: [ template_filter ] --END-- [ RunTime:0.001000s ]
NOTIC: [2] date() expects parameter 2 to be long, string given D:\XAMPP\htdocs\thinkmuyin\SnailKids\Runtime\Cache\Admin\af092c979dce3adbd6bf41409e6ca815.php 第 121 行.
NOTIC: [2] date() expects parameter 2 to be long, string given D:\XAMPP\htdocs\thinkmuyin\SnailKids\Runtime\Cache\Admin\af092c979dce3adbd6bf41409e6ca815.php 第 121 行.
NOTIC: [2] date() expects parameter 2 to be long, string given D:\XAMPP\htdocs\thinkmuyin\SnailKids\Runtime\Cache\Admin\af092c979dce3adbd6bf41409e6ca815.php 第 121 行.
NOTIC: [2] date() expects parameter 2 to be long, string given D:\XAMPP\htdocs\thinkmuyin\SnailKids\Runtime\Cache\Admin\af092c979dce3adbd6bf41409e6ca815.php 第 121 行.
NOTIC: [2] date() expects parameter 2 to be long, string given D:\XAMPP\htdocs\thinkmuyin\SnailKids\Runtime\Cache\Admin\af092c979dce3adbd6bf41409e6ca815.php 第 121 行.
NOTIC: [2] date() expects parameter 2 to be long, string given D:\XAMPP\htdocs\thinkmuyin\SnailKids\Runtime\Cache\Admin\af092c979dce3adbd6bf41409e6ca815.php 第 121 行.
NOTIC: [2] date() expects parameter 2 to be long, string given D:\XAMPP\htdocs\thinkmuyin\SnailKids\Runtime\Cache\Admin\af092c979dce3adbd6bf41409e6ca815.php 第 121 行.
NOTIC: [2] date() expects parameter 2 to be long, string given D:\XAMPP\htdocs\thinkmuyin\SnailKids\Runtime\Cache\Admin\af092c979dce3adbd6bf41409e6ca815.php 第 121 行.
NOTIC: [2] date() expects parameter 2 to be long, string given D:\XAMPP\htdocs\thinkmuyin\SnailKids\Runtime\Cache\Admin\af092c979dce3adbd6bf41409e6ca815.php 第 121 行.
NOTIC: [2] date() expects parameter 2 to be long, string given D:\XAMPP\htdocs\thinkmuyin\SnailKids\Runtime\Cache\Admin\af092c979dce3adbd6bf41409e6ca815.php 第 121 行.
INFO: Run Behavior\ParseTemplateBehavior [ RunTime:0.014001s ]
INFO: [ view_parse ] --END-- [ RunTime:0.014001s ]
INFO: [ view_filter ] --START--
INFO: Run Behavior\WriteHtmlCacheBehavior [ RunTime:0.000000s ]
INFO: [ view_filter ] --END-- [ RunTime:0.001000s ]
INFO: [ app_end ] --START--
INFO: Run Behavior\ShowPageTraceBehavior [ RunTime:0.000000s ]
INFO: [ app_end ] --END-- [ RunTime:0.000000s ]

[ 2017-10-11T09:21:55+08:00 ] ::1 /thinkmuyin/index.php/Admin/Area/district
INFO: [ app_init ] --START--
INFO: Run Behavior\BuildLiteBehavior [ RunTime:0.000000s ]
INFO: [ app_init ] --END-- [ RunTime:0.001000s ]
INFO: [ app_begin ] --START--
INFO: Run Behavior\ReadHtmlCacheBehavior [ RunTime:0.002000s ]
INFO: [ app_begin ] --END-- [ RunTime:0.002000s ]
ERR: 无法加载控制器:Area

[ 2017-10-11T09:25:18+08:00 ] ::1 /thinkmuyin/index.php/Admin/Index/index.html
INFO: [ app_init ] --START--
INFO: Run Behavior\BuildLiteBehavior [ RunTime:0.000000s ]
INFO: [ app_init ] --END-- [ RunTime:0.000000s ]
INFO: [ app_begin ] --START--
INFO: Run Behavior\ReadHtmlCacheBehavior [ RunTime:0.001000s ]
INFO: [ app_begin ] --END-- [ RunTime:0.001000s ]
INFO: [ view_parse ] --START--
INFO: [ template_filter ] --START--
INFO: Run Behavior\ContentReplaceBehavior [ RunTime:0.000000s ]
INFO: [ template_filter ] --END-- [ RunTime:0.000000s ]
NOTIC: [8] Undefined variable: collapseIn D:\XAMPP\htdocs\thinkmuyin\SnailKids\Runtime\Cache\Admin\dc34bc3c0728cb5ae0671a6ea6d4fdd4.php 第 77 行.
INFO: Run Behavior\ParseTemplateBehavior [ RunTime:0.007001s ]
INFO: [ view_parse ] --END-- [ RunTime:0.008001s ]
INFO: [ view_filter ] --START--
INFO: Run Behavior\WriteHtmlCacheBehavior [ RunTime:0.000000s ]
INFO: [ view_filter ] --END-- [ RunTime:0.000000s ]
INFO: [ app_end ] --START--
INFO: Run Behavior\ShowPageTraceBehavior [ RunTime:0.001000s ]
INFO: [ app_end ] --END-- [ RunTime:0.001000s ]

[ 2017-10-11T09:25:19+08:00 ] ::1 /thinkmuyin/index.php/Admin/Index/top
INFO: [ app_init ] --START--
INFO: Run Behavior\BuildLiteBehavior [ RunTime:0.000000s ]
INFO: [ app_init ] --END-- [ RunTime:0.001000s ]
INFO: [ app_begin ] --START--
INFO: Run Behavior\ReadHtmlCacheBehavior [ RunTime:0.001000s ]
INFO: [ app_begin ] --END-- [ RunTime:0.001000s ]
INFO: [ view_parse ] --START--
INFO: [ template_filter ] --START--
INFO: Run Behavior\ContentReplaceBehavior [ RunTime:0.000000s ]
INFO: [ template_filter ] --END-- [ RunTime:0.000000s ]
INFO: Run Behavior\ParseTemplateBehavior [ RunTime:0.007000s ]
INFO: [ view_parse ] --END-- [ RunTime:0.007000s ]
INFO: [ view_filter ] --START--
INFO: Run Behavior\WriteHtmlCacheBehavior [ RunTime:0.000000s ]
INFO: [ view_filter ] --END-- [ RunTime:0.000000s ]
INFO: [ app_end ] --START--
INFO: Run Behavior\ShowPageTraceBehavior [ RunTime:0.001000s ]
INFO: [ app_end ] --END-- [ RunTime:0.001000s ]

[ 2017-10-11T09:25:19+08:00 ] ::1 /thinkmuyin/index.php/Admin/Index/left
INFO: [ app_init ] --START--
INFO: Run Behavior\BuildLiteBehavior [ RunTime:0.000000s ]
INFO: [ app_init ] --END-- [ RunTime:0.001000s ]
INFO: [ app_begin ] --START--
INFO: Run Behavior\ReadHtmlCacheBehavior [ RunTime:0.001000s ]
INFO: [ app_begin ] --END-- [ RunTime:0.001000s ]
INFO: [ view_parse ] --START--
INFO: [ template_filter ] --START--
INFO: Run Behavior\ContentReplaceBehavior [ RunTime:0.000000s ]
INFO: [ template_filter ] --END-- [ RunTime:0.000000s ]
NOTIC: [8] Undefined variable: collapseIn D:\XAMPP\htdocs\thinkmuyin\SnailKids\Runtime\Cache\Admin\acec32422b346029472f08543c8010a6.php 第 51 行.
INFO: Run Behavior\ParseTemplateBehavior [ RunTime:0.008001s ]
INFO: [ view_parse ] --END-- [ RunTime:0.009001s ]
INFO: [ view_filter ] --START--
INFO: Run Behavior\WriteHtmlCacheBehavior [ RunTime:0.000000s ]
INFO: [ view_filter ] --END-- [ RunTime:0.000000s ]
INFO: [ app_end ] --START--
INFO: Run Behavior\ShowPageTraceBehavior [ RunTime:0.001000s ]
INFO: [ app_end ] --END-- [ RunTime:0.001000s ]

[ 2017-10-11T09:25:19+08:00 ] ::1 /thinkmuyin/index.php/Admin/Welcome/welcome
INFO: [ app_init ] --START--
INFO: Run Behavior\BuildLiteBehavior [ RunTime:0.000000s ]
INFO: [ app_init ] --END-- [ RunTime:0.001000s ]
INFO: [ app_begin ] --START--
INFO: Run Behavior\ReadHtmlCacheBehavior [ RunTime:0.001000s ]
INFO: [ app_begin ] --END-- [ RunTime:0.001000s ]
INFO: [ view_parse ] --START--
INFO: [ template_filter ] --START--
INFO: Run Behavior\ContentReplaceBehavior [ RunTime:0.000000s ]
INFO: [ template_filter ] --END-- [ RunTime:0.000000s ]
NOTIC: [8] Use of undefined constant ADMIN_PUBLIC - assumed 'ADMIN_PUBLIC' D:\XAMPP\htdocs\thinkmuyin\SnailKids\Runtime\Cache\Admin\0f429ed94216b5c9b0800c5193895388.php 第 19 行.
NOTIC: [8] Use of undefined constant ADMIN_PUBLIC - assumed 'ADMIN_PUBLIC' D:\XAMPP\htdocs\thinkmuyin\SnailKids\Runtime\Cache\Admin\0f429ed94216b5c9b0800c5193895388.php 第 20 行.
NOTIC: [8] Use of undefined constant ADMIN_PUBLIC - assumed 'ADMIN_PUBLIC' D:\XAMPP\htdocs\thinkmuyin\SnailKids\Runtime\Cache\Admin\0f429ed94216b5c9b0800c5193895388.php 第 26 行.
NOTIC: [8] Use of undefined constant ADMIN_PUBLIC - assumed 'ADMIN_PUBLIC' D:\XAMPP\htdocs\thinkmuyin\SnailKids\Runtime\Cache\Admin\0f429ed94216b5c9b0800c5193895388.php 第 28 行.
INFO: Run Behavior\ParseTemplateBehavior [ RunTime:0.008001s ]
INFO: [ view_parse ] --END-- [ RunTime:0.008001s ]
INFO: [ view_filter ] --START--
INFO: Run Behavior\WriteHtmlCacheBehavior [ RunTime:0.000000s ]
INFO: [ view_filter ] --END-- [ RunTime:0.000000s ]
INFO: [ app_end ] --START--
INFO: Run Behavior\ShowPageTraceBehavior [ RunTime:0.001000s ]
INFO: [ app_end ] --END-- [ RunTime:0.001000s ]

[ 2017-10-11T09:25:19+08:00 ] ::1 /thinkmuyin/index.php/Admin/Welcome/ADMIN_PUBLICUEditor/ueditor.config.js
INFO: [ app_init ] --START--
INFO: Run Behavior\BuildLiteBehavior [ RunTime:0.000000s ]
INFO: [ app_init ] --END-- [ RunTime:0.001001s ]
INFO: [ app_begin ] --START--
INFO: Run Behavior\ReadHtmlCacheBehavior [ RunTime:0.001000s ]
INFO: [ app_begin ] --END-- [ RunTime:0.001000s ]
ERR: 非法操作:ADMIN_PUBLICUEditor

[ 2017-10-11T09:25:19+08:00 ] ::1 /thinkmuyin/index.php/Admin/Welcome/ADMIN_PUBLICUEditor/ueditor.all.js
INFO: [ app_init ] --START--
INFO: Run Behavior\BuildLiteBehavior [ RunTime:0.000000s ]
INFO: [ app_init ] --END-- [ RunTime:0.000000s ]
INFO: [ app_begin ] --START--
INFO: Run Behavior\ReadHtmlCacheBehavior [ RunTime:0.001000s ]
INFO: [ app_begin ] --END-- [ RunTime:0.001000s ]
ERR: 非法操作:ADMIN_PUBLICUEditor

[ 2017-10-11T09:25:19+08:00 ] ::1 /thinkmuyin/index.php/Admin/Welcome/ADMIN_PUBLICUEditor/default_user_icon.jpg
INFO: [ app_init ] --START--
INFO: Run Behavior\BuildLiteBehavior [ RunTime:0.000000s ]
INFO: [ app_init ] --END-- [ RunTime:0.000000s ]

[ 2017-10-11T09:25:19+08:00 ] ::1 /thinkmuyin/index.php/Admin/Welcome/ADMIN_PUBLICUEditor/ueditor.config.js
INFO: [ app_init ] --START--
INFO: Run Behavior\BuildLiteBehavior [ RunTime:0.000000s ]
INFO: [ app_init ] --END-- [ RunTime:0.001000s ]
INFO: [ app_begin ] --START--
INFO: Run Behavior\ReadHtmlCacheBehavior [ RunTime:0.001000s ]
INFO: [ app_begin ] --END-- [ RunTime:0.001000s ]
ERR: 非法操作:ADMIN_PUBLICUEditor

[ 2017-10-11T09:25:19+08:00 ] ::1 /thinkmuyin/index.php/Admin/Welcome/ADMIN_PUBLICUEditor/ueditor.all.js
INFO: [ app_init ] --START--
INFO: Run Behavior\BuildLiteBehavior [ RunTime:0.000000s ]
INFO: [ app_init ] --END-- [ RunTime:0.001000s ]
INFO: [ app_begin ] --START--
INFO: Run Behavior\ReadHtmlCacheBehavior [ RunTime:0.001000s ]
INFO: [ app_begin ] --END-- [ RunTime:0.001000s ]
ERR: 非法操作:ADMIN_PUBLICUEditor

[ 2017-10-11T09:25:21+08:00 ] ::1 /thinkmuyin/index.php/Admin/Province/index
INFO: [ app_init ] --START--
INFO: Run Behavior\BuildLiteBehavior [ RunTime:0.000000s ]
INFO: [ app_init ] --END-- [ RunTime:0.000000s ]
INFO: [ app_begin ] --START--
INFO: Run Behavior\ReadHtmlCacheBehavior [ RunTime:0.001000s ]
INFO: [ app_begin ] --END-- [ RunTime:0.001000s ]
SQL: SHOW COLUMNS FROM `sk_province` [ RunTime:0.0020s ]
NOTIC: [2] Missing argument 1 for Think\Model::where(), called in D:\XAMPP\htdocs\thinkmuyin\SnailKids\Admin\Controller\ProvinceController.class.php on line 13 and defined D:\XAMPP\htdocs\thinkmuyin\ThinkPHP\Library\Think\Model.class.php 第 1797 行.
NOTIC: [8] Undefined variable: where D:\XAMPP\htdocs\thinkmuyin\ThinkPHP\Library\Think\Model.class.php 第 1805 行.
NOTIC: [8] Undefined variable: where D:\XAMPP\htdocs\thinkmuyin\ThinkPHP\Library\Think\Model.class.php 第 1808 行.
NOTIC: [8] Undefined variable: where D:\XAMPP\htdocs\thinkmuyin\ThinkPHP\Library\Think\Model.class.php 第 1816 行.
SQL: SELECT COUNT(*) AS tp_count FROM `sk_province` LIMIT 1   [ RunTime:0.0010s ]
NOTIC: [2] Missing argument 1 for Think\Model::where(), called in D:\XAMPP\htdocs\thinkmuyin\SnailKids\Admin\Controller\ProvinceController.class.php on line 82 and defined D:\XAMPP\htdocs\thinkmuyin\ThinkPHP\Library\Think\Model.class.php 第 1797 行.
NOTIC: [8] Undefined variable: where D:\XAMPP\htdocs\thinkmuyin\ThinkPHP\Library\Think\Model.class.php 第 1805 行.
NOTIC: [8] Undefined variable: where D:\XAMPP\htdocs\thinkmuyin\ThinkPHP\Library\Think\Model.class.php 第 1808 行.
NOTIC: [8] Undefined variable: where D:\XAMPP\htdocs\thinkmuyin\ThinkPHP\Library\Think\Model.class.php 第 1816 行.
SQL: SELECT * FROM `sk_province` ORDER BY id LIMIT 0,10   [ RunTime:0.0000s ]
INFO: [ view_parse ] --START--
INFO: [ template_filter ] --START--
INFO: Run Behavior\ContentReplaceBehavior [ RunTime:0.000000s ]
INFO: [ template_filter ] --END-- [ RunTime:0.000000s ]
NOTIC: [2] date() expects parameter 2 to be long, string given D:\XAMPP\htdocs\thinkmuyin\SnailKids\Runtime\Cache\Admin\af092c979dce3adbd6bf41409e6ca815.php 第 121 行.
NOTIC: [2] date() expects parameter 2 to be long, string given D:\XAMPP\htdocs\thinkmuyin\SnailKids\Runtime\Cache\Admin\af092c979dce3adbd6bf41409e6ca815.php 第 121 行.
NOTIC: [2] date() expects parameter 2 to be long, string given D:\XAMPP\htdocs\thinkmuyin\SnailKids\Runtime\Cache\Admin\af092c979dce3adbd6bf41409e6ca815.php 第 121 行.
NOTIC: [2] date() expects parameter 2 to be long, string given D:\XAMPP\htdocs\thinkmuyin\SnailKids\Runtime\Cache\Admin\af092c979dce3adbd6bf41409e6ca815.php 第 121 行.
NOTIC: [2] date() expects parameter 2 to be long, string given D:\XAMPP\htdocs\thinkmuyin\SnailKids\Runtime\Cache\Admin\af092c979dce3adbd6bf41409e6ca815.php 第 121 行.
NOTIC: [2] date() expects parameter 2 to be long, string given D:\XAMPP\htdocs\thinkmuyin\SnailKids\Runtime\Cache\Admin\af092c979dce3adbd6bf41409e6ca815.php 第 121 行.
NOTIC: [2] date() expects parameter 2 to be long, string given D:\XAMPP\htdocs\thinkmuyin\SnailKids\Runtime\Cache\Admin\af092c979dce3adbd6bf41409e6ca815.php 第 121 行.
NOTIC: [2] date() expects parameter 2 to be long, string given D:\XAMPP\htdocs\thinkmuyin\SnailKids\Runtime\Cache\Admin\af092c979dce3adbd6bf41409e6ca815.php 第 121 行.
NOTIC: [2] date() expects parameter 2 to be long, string given D:\XAMPP\htdocs\thinkmuyin\SnailKids\Runtime\Cache\Admin\af092c979dce3adbd6bf41409e6ca815.php 第 121 行.
NOTIC: [2] date() expects parameter 2 to be long, string given D:\XAMPP\htdocs\thinkmuyin\SnailKids\Runtime\Cache\Admin\af092c979dce3adbd6bf41409e6ca815.php 第 121 行.
INFO: Run Behavior\ParseTemplateBehavior [ RunTime:0.009000s ]
INFO: [ view_parse ] --END-- [ RunTime:0.009000s ]
INFO: [ view_filter ] --START--
INFO: Run Behavior\WriteHtmlCacheBehavior [ RunTime:0.001000s ]
INFO: [ view_filter ] --END-- [ RunTime:0.001000s ]
INFO: [ app_end ] --START--
INFO: Run Behavior\ShowPageTraceBehavior [ RunTime:0.001000s ]
INFO: [ app_end ] --END-- [ RunTime:0.001000s ]

[ 2017-10-11T09:25:23+08:00 ] ::1 /thinkmuyin/index.php/Admin/City/index
INFO: [ app_init ] --START--
INFO: Run Behavior\BuildLiteBehavior [ RunTime:0.000000s ]
INFO: [ app_init ] --END-- [ RunTime:0.000000s ]
INFO: [ app_begin ] --START--
INFO: Run Behavior\ReadHtmlCacheBehavior [ RunTime:0.000000s ]
INFO: [ app_begin ] --END-- [ RunTime:0.000000s ]
SQL: SHOW COLUMNS FROM `sk_city` [ RunTime:0.0020s ]
NOTIC: [2] Missing argument 1 for Think\Model::where(), called in D:\XAMPP\htdocs\thinkmuyin\SnailKids\Admin\Controller\CityController.class.php on line 14 and defined D:\XAMPP\htdocs\thinkmuyin\ThinkPHP\Library\Think\Model.class.php 第 1797 行.
NOTIC: [8] Undefined variable: where D:\XAMPP\htdocs\thinkmuyin\ThinkPHP\Library\Think\Model.class.php 第 1805 行.
NOTIC: [8] Undefined variable: where D:\XAMPP\htdocs\thinkmuyin\ThinkPHP\Library\Think\Model.class.php 第 1808 行.
NOTIC: [8] Undefined variable: where D:\XAMPP\htdocs\thinkmuyin\ThinkPHP\Library\Think\Model.class.php 第 1816 行.
SQL: SELECT COUNT(*) AS tp_count FROM `sk_city` LIMIT 1   [ RunTime:0.0000s ]
SQL: SHOW COLUMNS FROM `sk_province` [ RunTime:0.0020s ]
SQL: SELECT `id`,`name` FROM `sk_province` WHERE ( enable=1 )  [ RunTime:0.0010s ]
NOTIC: [2] Missing argument 1 for Think\Model::where(), called in D:\XAMPP\htdocs\thinkmuyin\SnailKids\Admin\Controller\CityController.class.php on line 96 and defined D:\XAMPP\htdocs\thinkmuyin\ThinkPHP\Library\Think\Model.class.php 第 1797 行.
NOTIC: [8] Undefined variable: where D:\XAMPP\htdocs\thinkmuyin\ThinkPHP\Library\Think\Model.class.php 第 1805 行.
NOTIC: [8] Undefined variable: where D:\XAMPP\htdocs\thinkmuyin\ThinkPHP\Library\Think\Model.class.php 第 1808 行.
NOTIC: [8] Undefined variable: where D:\XAMPP\htdocs\thinkmuyin\ThinkPHP\Library\Think\Model.class.php 第 1816 行.
SQL: SELECT * FROM `sk_city` ORDER BY id LIMIT 0,10   [ RunTime:0.0000s ]
INFO: [ view_parse ] --START--
INFO: [ template_filter ] --START--
INFO: Run Behavior\ContentReplaceBehavior [ RunTime:0.000000s ]
INFO: [ template_filter ] --END-- [ RunTime:0.000000s ]
NOTIC: [2] date() expects parameter 2 to be long, string given D:\XAMPP\htdocs\thinkmuyin\SnailKids\Runtime\Cache\Admin\ab22db25ea27650078fc0754cc217979.php 第 145 行.
NOTIC: [2] date() expects parameter 2 to be long, string given D:\XAMPP\htdocs\thinkmuyin\SnailKids\Runtime\Cache\Admin\ab22db25ea27650078fc0754cc217979.php 第 145 行.
NOTIC: [2] date() expects parameter 2 to be long, string given D:\XAMPP\htdocs\thinkmuyin\SnailKids\Runtime\Cache\Admin\ab22db25ea27650078fc0754cc217979.php 第 145 行.
NOTIC: [2] date() expects parameter 2 to be long, string given D:\XAMPP\htdocs\thinkmuyin\SnailKids\Runtime\Cache\Admin\ab22db25ea27650078fc0754cc217979.php 第 145 行.
NOTIC: [2] date() expects parameter 2 to be long, string given D:\XAMPP\htdocs\thinkmuyin\SnailKids\Runtime\Cache\Admin\ab22db25ea27650078fc0754cc217979.php 第 145 行.
NOTIC: [2] date() expects parameter 2 to be long, string given D:\XAMPP\htdocs\thinkmuyin\SnailKids\Runtime\Cache\Admin\ab22db25ea27650078fc0754cc217979.php 第 145 行.
NOTIC: [2] date() expects parameter 2 to be long, string given D:\XAMPP\htdocs\thinkmuyin\SnailKids\Runtime\Cache\Admin\ab22db25ea27650078fc0754cc217979.php 第 145 行.
NOTIC: [2] date() expects parameter 2 to be long, string given D:\XAMPP\htdocs\thinkmuyin\SnailKids\Runtime\Cache\Admin\ab22db25ea27650078fc0754cc217979.php 第 145 行.
NOTIC: [2] date() expects parameter 2 to be long, string given D:\XAMPP\htdocs\thinkmuyin\SnailKids\Runtime\Cache\Admin\ab22db25ea27650078fc0754cc217979.php 第 145 行.
NOTIC: [2] date() expects parameter 2 to be long, string given D:\XAMPP\htdocs\thinkmuyin\SnailKids\Runtime\Cache\Admin\ab22db25ea27650078fc0754cc217979.php 第 145 行.
INFO: Run Behavior\ParseTemplateBehavior [ RunTime:0.010000s ]
INFO: [ view_parse ] --END-- [ RunTime:0.010000s ]
INFO: [ view_filter ] --START--
INFO: Run Behavior\WriteHtmlCacheBehavior [ RunTime:0.001000s ]
INFO: [ view_filter ] --END-- [ RunTime:0.001000s ]
INFO: [ app_end ] --START--
INFO: Run Behavior\ShowPageTraceBehavior [ RunTime:0.001000s ]
INFO: [ app_end ] --END-- [ RunTime:0.001000s ]

[ 2017-10-11T09:25:24+08:00 ] ::1 /thinkmuyin/index.php/Admin/Area/district
INFO: [ app_init ] --START--
INFO: Run Behavior\BuildLiteBehavior [ RunTime:0.000000s ]
INFO: [ app_init ] --END-- [ RunTime:0.001000s ]
INFO: [ app_begin ] --START--
INFO: Run Behavior\ReadHtmlCacheBehavior [ RunTime:0.000000s ]
INFO: [ app_begin ] --END-- [ RunTime:0.001000s ]
ERR: 无法加载控制器:Area

[ 2017-10-11T09:25:28+08:00 ] ::1 /thinkmuyin/index.php/Admin/User/index
INFO: [ app_init ] --START--
INFO: Run Behavior\BuildLiteBehavior [ RunTime:0.000000s ]
INFO: [ app_init ] --END-- [ RunTime:0.000000s ]
INFO: [ app_begin ] --START--
INFO: Run Behavior\ReadHtmlCacheBehavior [ RunTime:0.000000s ]
INFO: [ app_begin ] --END-- [ RunTime:0.000000s ]
SQL: SHOW COLUMNS FROM `sk_user` [ RunTime:0.0320s ]
SQL: SHOW COLUMNS FROM `sk_userinfo` [ RunTime:0.0090s ]
SQL: SELECT COUNT(*) AS tp_count FROM `sk_user` LIMIT 1   [ RunTime:0.0000s ]
SQL: SELECT * FROM `sk_user` ORDER BY id desc LIMIT 0,5   [ RunTime:0.0010s ]
INFO: [ view_parse ] --START--
INFO: [ template_filter ] --START--
INFO: Run Behavior\ContentReplaceBehavior [ RunTime:0.000000s ]
INFO: [ template_filter ] --END-- [ RunTime:0.000000s ]
INFO: Run Behavior\ParseTemplateBehavior [ RunTime:0.011000s ]
INFO: [ view_parse ] --END-- [ RunTime:0.011000s ]
INFO: [ view_filter ] --START--
INFO: Run Behavior\WriteHtmlCacheBehavior [ RunTime:0.001001s ]
INFO: [ view_filter ] --END-- [ RunTime:0.001001s ]
INFO: [ app_end ] --START--
INFO: Run Behavior\ShowPageTraceBehavior [ RunTime:0.000000s ]
INFO: [ app_end ] --END-- [ RunTime:0.000000s ]

[ 2017-10-11T09:25:29+08:00 ] ::1 /thinkmuyin/index.php/Admin/Trailer/index
INFO: [ app_init ] --START--
INFO: Run Behavior\BuildLiteBehavior [ RunTime:0.000000s ]
INFO: [ app_init ] --END-- [ RunTime:0.001000s ]
INFO: [ app_begin ] --START--
INFO: Run Behavior\ReadHtmlCacheBehavior [ RunTime:0.000000s ]
INFO: [ app_begin ] --END-- [ RunTime:0.000000s ]
SQL: SHOW COLUMNS FROM `sk_trailer` [ RunTime:0.0630s ]
SQL: SELECT COUNT(*) AS tp_count FROM `sk_trailer` LIMIT 1   [ RunTime:0.0010s ]
INFO: [ view_parse ] --START--
INFO: [ template_filter ] --START--
INFO: Run Behavior\ContentReplaceBehavior [ RunTime:0.000000s ]
INFO: [ template_filter ] --END-- [ RunTime:0.001000s ]
NOTIC: [8] Undefined variable: pageNow D:\XAMPP\htdocs\thinkmuyin\SnailKids\Runtime\Cache\Admin\b9053e1a72741307cc4e19dee0cf06fd.php 第 21 行.
INFO: Run Behavior\ParseTemplateBehavior [ RunTime:0.022001s ]
INFO: [ view_parse ] --END-- [ RunTime:0.022001s ]
INFO: [ view_filter ] --START--
INFO: Run Behavior\WriteHtmlCacheBehavior [ RunTime:0.001000s ]
INFO: [ view_filter ] --END-- [ RunTime:0.001000s ]
INFO: [ app_end ] --START--
INFO: Run Behavior\ShowPageTraceBehavior [ RunTime:0.001000s ]
INFO: [ app_end ] --END-- [ RunTime:0.001000s ]

[ 2017-10-11T09:25:30+08:00 ] ::1 /thinkmuyin/index.php/Admin/Photo/index
INFO: [ app_init ] --START--
INFO: Run Behavior\BuildLiteBehavior [ RunTime:0.000000s ]
INFO: [ app_init ] --END-- [ RunTime:0.000000s ]
INFO: [ app_begin ] --START--
INFO: Run Behavior\ReadHtmlCacheBehavior [ RunTime:0.001000s ]
INFO: [ app_begin ] --END-- [ RunTime:0.001000s ]
SQL: SHOW COLUMNS FROM `sk_photo` [ RunTime:0.0170s ]
SQL: SELECT COUNT(*) AS tp_count FROM `sk_photo` LIMIT 1   [ RunTime:0.0000s ]
SQL: SELECT * FROM `sk_photo` ORDER BY id desc LIMIT 0,5   [ RunTime:0.0000s ]
INFO: [ view_parse ] --START--
INFO: [ template_filter ] --START--
INFO: Run Behavior\ContentReplaceBehavior [ RunTime:0.000000s ]
INFO: [ template_filter ] --END-- [ RunTime:0.000000s ]
INFO: Run Behavior\ParseTemplateBehavior [ RunTime:0.011001s ]
INFO: [ view_parse ] --END-- [ RunTime:0.011001s ]
INFO: [ view_filter ] --START--
INFO: Run Behavior\WriteHtmlCacheBehavior [ RunTime:0.000000s ]
INFO: [ view_filter ] --END-- [ RunTime:0.000000s ]
INFO: [ app_end ] --START--
INFO: Run Behavior\ShowPageTraceBehavior [ RunTime:0.001000s ]
INFO: [ app_end ] --END-- [ RunTime:0.001000s ]

[ 2017-10-11T09:25:31+08:00 ] ::1 /thinkmuyin/index.php/Admin/Video/index
INFO: [ app_init ] --START--
INFO: Run Behavior\BuildLiteBehavior [ RunTime:0.000000s ]
INFO: [ app_init ] --END-- [ RunTime:0.001000s ]
INFO: [ app_begin ] --START--
INFO: Run Behavior\ReadHtmlCacheBehavior [ RunTime:0.000000s ]
INFO: [ app_begin ] --END-- [ RunTime:0.000000s ]
SQL: SHOW COLUMNS FROM `sk_video` [ RunTime:0.0420s ]
SQL: SHOW COLUMNS FROM `sk_theme` [ RunTime:0.0090s ]
NOTIC: [2] Missing argument 1 for Think\Model::where(), called in D:\XAMPP\htdocs\thinkmuyin\SnailKids\Admin\Controller\VideoController.class.php on line 27 and defined D:\XAMPP\htdocs\thinkmuyin\ThinkPHP\Library\Think\Model.class.php 第 1797 行.
NOTIC: [8] Undefined variable: where D:\XAMPP\htdocs\thinkmuyin\ThinkPHP\Library\Think\Model.class.php 第 1805 行.
NOTIC: [8] Undefined variable: where D:\XAMPP\htdocs\thinkmuyin\ThinkPHP\Library\Think\Model.class.php 第 1808 行.
NOTIC: [8] Undefined variable: where D:\XAMPP\htdocs\thinkmuyin\ThinkPHP\Library\Think\Model.class.php 第 1816 行.
SQL: SELECT * FROM `sk_theme`  [ RunTime:0.0000s ]
SQL: SELECT COUNT(*) AS tp_count FROM `sk_video` LIMIT 1   [ RunTime:0.0000s ]
INFO: [ view_parse ] --START--
INFO: [ template_filter ] --START--
INFO: Run Behavior\ContentReplaceBehavior [ RunTime:0.001000s ]
INFO: [ template_filter ] --END-- [ RunTime:0.001000s ]
NOTIC: [8] Undefined variable: pageNow D:\XAMPP\htdocs\thinkmuyin\SnailKids\Runtime\Cache\Admin\6ebefc1914ec0cba8396f805ad8115de.php 第 21 行.
INFO: Run Behavior\ParseTemplateBehavior [ RunTime:0.035002s ]
INFO: [ view_parse ] --END-- [ RunTime:0.035002s ]
INFO: [ view_filter ] --START--
INFO: Run Behavior\WriteHtmlCacheBehavior [ RunTime:0.001000s ]
INFO: [ view_filter ] --END-- [ RunTime:0.001000s ]
INFO: [ app_end ] --START--
INFO: Run Behavior\ShowPageTraceBehavior [ RunTime:0.001000s ]
INFO: [ app_end ] --END-- [ RunTime:0.001000s ]

[ 2017-10-11T09:25:32+08:00 ] ::1 /thinkmuyin/index.php/Admin/Package/index
INFO: [ app_init ] --START--
INFO: Run Behavior\BuildLiteBehavior [ RunTime:0.000000s ]
INFO: [ app_init ] --END-- [ RunTime:0.001000s ]
INFO: [ app_begin ] --START--
INFO: Run Behavior\ReadHtmlCacheBehavior [ RunTime:0.001000s ]
INFO: [ app_begin ] --END-- [ RunTime:0.001000s ]
SQL: SHOW COLUMNS FROM `sk_package` [ RunTime:0.2180s ]
SQL: SELECT COUNT(*) AS tp_count FROM `sk_package` LIMIT 1   [ RunTime:0.0000s ]
SQL: SELECT * FROM `sk_package` ORDER BY id desc LIMIT 0,5   [ RunTime:0.0010s ]
INFO: [ view_parse ] --START--
INFO: [ template_filter ] --START--
INFO: Run Behavior\ContentReplaceBehavior [ RunTime:0.000000s ]
INFO: [ template_filter ] --END-- [ RunTime:0.000000s ]
INFO: Run Behavior\ParseTemplateBehavior [ RunTime:0.027001s ]
INFO: [ view_parse ] --END-- [ RunTime:0.027001s ]
INFO: [ view_filter ] --START--
INFO: Run Behavior\WriteHtmlCacheBehavior [ RunTime:0.001000s ]
INFO: [ view_filter ] --END-- [ RunTime:0.001000s ]
INFO: [ app_end ] --START--
INFO: Run Behavior\ShowPageTraceBehavior [ RunTime:0.002001s ]
INFO: [ app_end ] --END-- [ RunTime:0.002001s ]

[ 2017-10-11T09:25:32+08:00 ] ::1 /thinkmuyin/index.php/Admin/Order/index
INFO: [ app_init ] --START--
INFO: Run Behavior\BuildLiteBehavior [ RunTime:0.000000s ]
INFO: [ app_init ] --END-- [ RunTime:0.001000s ]
INFO: [ app_begin ] --START--
INFO: Run Behavior\ReadHtmlCacheBehavior [ RunTime:0.001000s ]
INFO: [ app_begin ] --END-- [ RunTime:0.001000s ]
SQL: SHOW COLUMNS FROM `sk_order` [ RunTime:0.0430s ]
SQL: SELECT COUNT(*) AS tp_count FROM `sk_order` LIMIT 1   [ RunTime:0.0010s ]
INFO: [ view_parse ] --START--
INFO: [ template_filter ] --START--
INFO: Run Behavior\ContentReplaceBehavior [ RunTime:0.000000s ]
INFO: [ template_filter ] --END-- [ RunTime:0.000000s ]
INFO: Run Behavior\ParseTemplateBehavior [ RunTime:0.033002s ]
INFO: [ view_parse ] --END-- [ RunTime:0.034002s ]
INFO: [ view_filter ] --START--
INFO: Run Behavior\WriteHtmlCacheBehavior [ RunTime:0.001000s ]
INFO: [ view_filter ] --END-- [ RunTime:0.001000s ]
INFO: [ app_end ] --START--
INFO: Run Behavior\ShowPageTraceBehavior [ RunTime:0.002000s ]
INFO: [ app_end ] --END-- [ RunTime:0.002000s ]

[ 2017-10-11T09:25:35+08:00 ] ::1 /thinkmuyin/index.php/Admin/User/index
INFO: [ app_init ] --START--
INFO: Run Behavior\BuildLiteBehavior [ RunTime:0.000000s ]
INFO: [ app_init ] --END-- [ RunTime:0.000000s ]
INFO: [ app_begin ] --START--
INFO: Run Behavior\ReadHtmlCacheBehavior [ RunTime:0.000000s ]
INFO: [ app_begin ] --END-- [ RunTime:0.000000s ]
SQL: SHOW COLUMNS FROM `sk_user` [ RunTime:0.0020s ]
SQL: SHOW COLUMNS FROM `sk_userinfo` [ RunTime:0.0020s ]
SQL: SELECT COUNT(*) AS tp_count FROM `sk_user` LIMIT 1   [ RunTime:0.0000s ]
SQL: SELECT * FROM `sk_user` ORDER BY id desc LIMIT 0,5   [ RunTime:0.0010s ]
INFO: [ view_parse ] --START--
INFO: [ template_filter ] --START--
INFO: Run Behavior\ContentReplaceBehavior [ RunTime:0.000000s ]
INFO: [ template_filter ] --END-- [ RunTime:0.000000s ]
INFO: Run Behavior\ParseTemplateBehavior [ RunTime:0.012001s ]
INFO: [ view_parse ] --END-- [ RunTime:0.012001s ]
INFO: [ view_filter ] --START--
INFO: Run Behavior\WriteHtmlCacheBehavior [ RunTime:0.000000s ]
INFO: [ view_filter ] --END-- [ RunTime:0.000000s ]
INFO: [ app_end ] --START--
INFO: Run Behavior\ShowPageTraceBehavior [ RunTime:0.001000s ]
INFO: [ app_end ] --END-- [ RunTime:0.001000s ]

[ 2017-10-11T09:25:36+08:00 ] ::1 /thinkmuyin/index.php/Admin/City/index
INFO: [ app_init ] --START--
INFO: Run Behavior\BuildLiteBehavior [ RunTime:0.000000s ]
INFO: [ app_init ] --END-- [ RunTime:0.000000s ]
INFO: [ app_begin ] --START--
INFO: Run Behavior\ReadHtmlCacheBehavior [ RunTime:0.001000s ]
INFO: [ app_begin ] --END-- [ RunTime:0.001000s ]
SQL: SHOW COLUMNS FROM `sk_city` [ RunTime:0.0020s ]
NOTIC: [2] Missing argument 1 for Think\Model::where(), called in D:\XAMPP\htdocs\thinkmuyin\SnailKids\Admin\Controller\CityController.class.php on line 14 and defined D:\XAMPP\htdocs\thinkmuyin\ThinkPHP\Library\Think\Model.class.php 第 1797 行.
NOTIC: [8] Undefined variable: where D:\XAMPP\htdocs\thinkmuyin\ThinkPHP\Library\Think\Model.class.php 第 1805 行.
NOTIC: [8] Undefined variable: where D:\XAMPP\htdocs\thinkmuyin\ThinkPHP\Library\Think\Model.class.php 第 1808 行.
NOTIC: [8] Undefined variable: where D:\XAMPP\htdocs\thinkmuyin\ThinkPHP\Library\Think\Model.class.php 第 1816 行.
SQL: SELECT COUNT(*) AS tp_count FROM `sk_city` LIMIT 1   [ RunTime:0.0000s ]
SQL: SHOW COLUMNS FROM `sk_province` [ RunTime:0.0020s ]
SQL: SELECT `id`,`name` FROM `sk_province` WHERE ( enable=1 )  [ RunTime:0.0010s ]
NOTIC: [2] Missing argument 1 for Think\Model::where(), called in D:\XAMPP\htdocs\thinkmuyin\SnailKids\Admin\Controller\CityController.class.php on line 96 and defined D:\XAMPP\htdocs\thinkmuyin\ThinkPHP\Library\Think\Model.class.php 第 1797 行.
NOTIC: [8] Undefined variable: where D:\XAMPP\htdocs\thinkmuyin\ThinkPHP\Library\Think\Model.class.php 第 1805 行.
NOTIC: [8] Undefined variable: where D:\XAMPP\htdocs\thinkmuyin\ThinkPHP\Library\Think\Model.class.php 第 1808 行.
NOTIC: [8] Undefined variable: where D:\XAMPP\htdocs\thinkmuyin\ThinkPHP\Library\Think\Model.class.php 第 1816 行.
SQL: SELECT * FROM `sk_city` ORDER BY id LIMIT 0,10   [ RunTime:0.0010s ]
INFO: [ view_parse ] --START--
INFO: [ template_filter ] --START--
INFO: Run Behavior\ContentReplaceBehavior [ RunTime:0.000000s ]
INFO: [ template_filter ] --END-- [ RunTime:0.001000s ]
NOTIC: [2] date() expects parameter 2 to be long, string given D:\XAMPP\htdocs\thinkmuyin\SnailKids\Runtime\Cache\Admin\ab22db25ea27650078fc0754cc217979.php 第 145 行.
NOTIC: [2] date() expects parameter 2 to be long, string given D:\XAMPP\htdocs\thinkmuyin\SnailKids\Runtime\Cache\Admin\ab22db25ea27650078fc0754cc217979.php 第 145 行.
NOTIC: [2] date() expects parameter 2 to be long, string given D:\XAMPP\htdocs\thinkmuyin\SnailKids\Runtime\Cache\Admin\ab22db25ea27650078fc0754cc217979.php 第 145 行.
NOTIC: [2] date() expects parameter 2 to be long, string given D:\XAMPP\htdocs\thinkmuyin\SnailKids\Runtime\Cache\Admin\ab22db25ea27650078fc0754cc217979.php 第 145 行.
NOTIC: [2] date() expects parameter 2 to be long, string given D:\XAMPP\htdocs\thinkmuyin\SnailKids\Runtime\Cache\Admin\ab22db25ea27650078fc0754cc217979.php 第 145 行.
NOTIC: [2] date() expects parameter 2 to be long, string given D:\XAMPP\htdocs\thinkmuyin\SnailKids\Runtime\Cache\Admin\ab22db25ea27650078fc0754cc217979.php 第 145 行.
NOTIC: [2] date() expects parameter 2 to be long, string given D:\XAMPP\htdocs\thinkmuyin\SnailKids\Runtime\Cache\Admin\ab22db25ea27650078fc0754cc217979.php 第 145 行.
NOTIC: [2] date() expects parameter 2 to be long, string given D:\XAMPP\htdocs\thinkmuyin\SnailKids\Runtime\Cache\Admin\ab22db25ea27650078fc0754cc217979.php 第 145 行.
NOTIC: [2] date() expects parameter 2 to be long, string given D:\XAMPP\htdocs\thinkmuyin\SnailKids\Runtime\Cache\Admin\ab22db25ea27650078fc0754cc217979.php 第 145 行.
NOTIC: [2] date() expects parameter 2 to be long, string given D:\XAMPP\htdocs\thinkmuyin\SnailKids\Runtime\Cache\Admin\ab22db25ea27650078fc0754cc217979.php 第 145 行.
INFO: Run Behavior\ParseTemplateBehavior [ RunTime:0.018001s ]
INFO: [ view_parse ] --END-- [ RunTime:0.018001s ]
INFO: [ view_filter ] --START--
INFO: Run Behavior\WriteHtmlCacheBehavior [ RunTime:0.001001s ]
INFO: [ view_filter ] --END-- [ RunTime:0.001001s ]
INFO: [ app_end ] --START--
INFO: Run Behavior\ShowPageTraceBehavior [ RunTime:0.001000s ]
INFO: [ app_end ] --END-- [ RunTime:0.001000s ]

[ 2017-10-11T09:29:00+08:00 ] ::1 /thinkmuyin/index.php/Admin/Area/district
INFO: [ app_init ] --START--
INFO: Run Behavior\BuildLiteBehavior [ RunTime:0.000000s ]
INFO: [ app_init ] --END-- [ RunTime:0.000000s ]
INFO: [ app_begin ] --START--
INFO: Run Behavior\ReadHtmlCacheBehavior [ RunTime:0.001000s ]
INFO: [ app_begin ] --END-- [ RunTime:0.001000s ]
ERR: 无法加载控制器:Area

[ 2017-10-11T09:30:58+08:00 ] ::1 /thinkmuyin/index.php/Admin/Index/index.html
INFO: [ app_init ] --START--
INFO: Run Behavior\BuildLiteBehavior [ RunTime:0.000000s ]
INFO: [ app_init ] --END-- [ RunTime:0.000000s ]
INFO: [ app_begin ] --START--
INFO: Run Behavior\ReadHtmlCacheBehavior [ RunTime:0.001000s ]
INFO: [ app_begin ] --END-- [ RunTime:0.001000s ]
INFO: [ view_parse ] --START--
INFO: [ template_filter ] --START--
INFO: Run Behavior\ContentReplaceBehavior [ RunTime:0.000000s ]
INFO: [ template_filter ] --END-- [ RunTime:0.000000s ]
NOTIC: [8] Undefined variable: collapseIn D:\XAMPP\htdocs\thinkmuyin\SnailKids\Runtime\Cache\Admin\dc34bc3c0728cb5ae0671a6ea6d4fdd4.php 第 77 行.
INFO: Run Behavior\ParseTemplateBehavior [ RunTime:0.008001s ]
INFO: [ view_parse ] --END-- [ RunTime:0.008001s ]
INFO: [ view_filter ] --START--
INFO: Run Behavior\WriteHtmlCacheBehavior [ RunTime:0.001000s ]
INFO: [ view_filter ] --END-- [ RunTime:0.001000s ]
INFO: [ app_end ] --START--
INFO: Run Behavior\ShowPageTraceBehavior [ RunTime:0.000000s ]
INFO: [ app_end ] --END-- [ RunTime:0.000000s ]

[ 2017-10-11T09:30:58+08:00 ] ::1 /thinkmuyin/index.php/Admin/Index/left
INFO: [ app_init ] --START--
INFO: Run Behavior\BuildLiteBehavior [ RunTime:0.000000s ]
INFO: [ app_init ] --END-- [ RunTime:0.001000s ]
INFO: [ app_begin ] --START--
INFO: Run Behavior\ReadHtmlCacheBehavior [ RunTime:0.000000s ]
INFO: [ app_begin ] --END-- [ RunTime:0.000000s ]
INFO: [ view_parse ] --START--
INFO: [ template_filter ] --START--
INFO: Run Behavior\ContentReplaceBehavior [ RunTime:0.000000s ]
INFO: [ template_filter ] --END-- [ RunTime:0.000000s ]
NOTIC: [8] Undefined variable: collapseIn D:\XAMPP\htdocs\thinkmuyin\SnailKids\Runtime\Cache\Admin\acec32422b346029472f08543c8010a6.php 第 51 行.
INFO: Run Behavior\ParseTemplateBehavior [ RunTime:0.006000s ]
INFO: [ view_parse ] --END-- [ RunTime:0.006000s ]
INFO: [ view_filter ] --START--
INFO: Run Behavior\WriteHtmlCacheBehavior [ RunTime:0.001000s ]
INFO: [ view_filter ] --END-- [ RunTime:0.001000s ]
INFO: [ app_end ] --START--
INFO: Run Behavior\ShowPageTraceBehavior [ RunTime:0.000000s ]
INFO: [ app_end ] --END-- [ RunTime:0.001000s ]

[ 2017-10-11T09:30:58+08:00 ] ::1 /thinkmuyin/index.php/Admin/Index/top
INFO: [ app_init ] --START--
INFO: Run Behavior\BuildLiteBehavior [ RunTime:0.000000s ]
INFO: [ app_init ] --END-- [ RunTime:0.001000s ]
INFO: [ app_begin ] --START--
INFO: Run Behavior\ReadHtmlCacheBehavior [ RunTime:0.001001s ]
INFO: [ app_begin ] --END-- [ RunTime:0.001001s ]
INFO: [ view_parse ] --START--
INFO: [ template_filter ] --START--
INFO: Run Behavior\ContentReplaceBehavior [ RunTime:0.000000s ]
INFO: [ template_filter ] --END-- [ RunTime:0.000000s ]
INFO: Run Behavior\ParseTemplateBehavior [ RunTime:0.009001s ]
INFO: [ view_parse ] --END-- [ RunTime:0.009001s ]
INFO: [ view_filter ] --START--
INFO: Run Behavior\WriteHtmlCacheBehavior [ RunTime:0.000000s ]
INFO: [ view_filter ] --END-- [ RunTime:0.000000s ]
INFO: [ app_end ] --START--
INFO: Run Behavior\ShowPageTraceBehavior [ RunTime:0.001000s ]
INFO: [ app_end ] --END-- [ RunTime:0.001000s ]

[ 2017-10-11T09:30:58+08:00 ] ::1 /thinkmuyin/index.php/Admin/Welcome/welcome
INFO: [ app_init ] --START--
INFO: Run Behavior\BuildLiteBehavior [ RunTime:0.000000s ]
INFO: [ app_init ] --END-- [ RunTime:0.001000s ]
INFO: [ app_begin ] --START--
INFO: Run Behavior\ReadHtmlCacheBehavior [ RunTime:0.001000s ]
INFO: [ app_begin ] --END-- [ RunTime:0.001000s ]
INFO: [ view_parse ] --START--
INFO: [ template_filter ] --START--
INFO: Run Behavior\ContentReplaceBehavior [ RunTime:0.000000s ]
INFO: [ template_filter ] --END-- [ RunTime:0.000000s ]
NOTIC: [8] Use of undefined constant ADMIN_PUBLIC - assumed 'ADMIN_PUBLIC' D:\XAMPP\htdocs\thinkmuyin\SnailKids\Runtime\Cache\Admin\0f429ed94216b5c9b0800c5193895388.php 第 19 行.
NOTIC: [8] Use of undefined constant ADMIN_PUBLIC - assumed 'ADMIN_PUBLIC' D:\XAMPP\htdocs\thinkmuyin\SnailKids\Runtime\Cache\Admin\0f429ed94216b5c9b0800c5193895388.php 第 20 行.
NOTIC: [8] Use of undefined constant ADMIN_PUBLIC - assumed 'ADMIN_PUBLIC' D:\XAMPP\htdocs\thinkmuyin\SnailKids\Runtime\Cache\Admin\0f429ed94216b5c9b0800c5193895388.php 第 26 行.
NOTIC: [8] Use of undefined constant ADMIN_PUBLIC - assumed 'ADMIN_PUBLIC' D:\XAMPP\htdocs\thinkmuyin\SnailKids\Runtime\Cache\Admin\0f429ed94216b5c9b0800c5193895388.php 第 28 行.
INFO: Run Behavior\ParseTemplateBehavior [ RunTime:0.006000s ]
INFO: [ view_parse ] --END-- [ RunTime:0.006000s ]
INFO: [ view_filter ] --START--
INFO: Run Behavior\WriteHtmlCacheBehavior [ RunTime:0.001000s ]
INFO: [ view_filter ] --END-- [ RunTime:0.001000s ]
INFO: [ app_end ] --START--
INFO: Run Behavior\ShowPageTraceBehavior [ RunTime:0.001000s ]
INFO: [ app_end ] --END-- [ RunTime:0.001000s ]

[ 2017-10-11T09:30:58+08:00 ] ::1 /thinkmuyin/index.php/Admin/Welcome/ADMIN_PUBLICUEditor/default_user_icon.jpg
INFO: [ app_init ] --START--
INFO: Run Behavior\BuildLiteBehavior [ RunTime:0.000000s ]
INFO: [ app_init ] --END-- [ RunTime:0.001000s ]

[ 2017-10-11T09:30:58+08:00 ] ::1 /thinkmuyin/index.php/Admin/Welcome/ADMIN_PUBLICUEditor/ueditor.all.js
INFO: [ app_init ] --START--
INFO: Run Behavior\BuildLiteBehavior [ RunTime:0.000000s ]
INFO: [ app_init ] --END-- [ RunTime:0.001000s ]
INFO: [ app_begin ] --START--
INFO: Run Behavior\ReadHtmlCacheBehavior [ RunTime:0.001000s ]
INFO: [ app_begin ] --END-- [ RunTime:0.001000s ]
ERR: 非法操作:ADMIN_PUBLICUEditor

[ 2017-10-11T09:30:58+08:00 ] ::1 /thinkmuyin/index.php/Admin/Welcome/ADMIN_PUBLICUEditor/ueditor.config.js
INFO: [ app_init ] --START--
INFO: Run Behavior\BuildLiteBehavior [ RunTime:0.000000s ]
INFO: [ app_init ] --END-- [ RunTime:0.000000s ]
INFO: [ app_begin ] --START--
INFO: Run Behavior\ReadHtmlCacheBehavior [ RunTime:0.001001s ]
INFO: [ app_begin ] --END-- [ RunTime:0.001001s ]
ERR: 非法操作:ADMIN_PUBLICUEditor

[ 2017-10-11T09:30:58+08:00 ] ::1 /thinkmuyin/index.php/Admin/Welcome/ADMIN_PUBLICUEditor/ueditor.config.js
INFO: [ app_init ] --START--
INFO: Run Behavior\BuildLiteBehavior [ RunTime:0.000000s ]
INFO: [ app_init ] --END-- [ RunTime:0.000000s ]
INFO: [ app_begin ] --START--
INFO: Run Behavior\ReadHtmlCacheBehavior [ RunTime:0.001000s ]
INFO: [ app_begin ] --END-- [ RunTime:0.001000s ]
ERR: 非法操作:ADMIN_PUBLICUEditor

[ 2017-10-11T09:30:58+08:00 ] ::1 /thinkmuyin/index.php/Admin/Welcome/ADMIN_PUBLICUEditor/ueditor.all.js
INFO: [ app_init ] --START--
INFO: Run Behavior\BuildLiteBehavior [ RunTime:0.000000s ]
INFO: [ app_init ] --END-- [ RunTime:0.001000s ]
INFO: [ app_begin ] --START--
INFO: Run Behavior\ReadHtmlCacheBehavior [ RunTime:0.000000s ]
INFO: [ app_begin ] --END-- [ RunTime:0.000000s ]
ERR: 非法操作:ADMIN_PUBLICUEditor

[ 2017-10-11T09:31:00+08:00 ] ::1 /thinkmuyin/index.php/Admin/Area/district
INFO: [ app_init ] --START--
INFO: Run Behavior\BuildLiteBehavior [ RunTime:0.000000s ]
INFO: [ app_init ] --END-- [ RunTime:0.001000s ]
INFO: [ app_begin ] --START--
INFO: Run Behavior\ReadHtmlCacheBehavior [ RunTime:0.001000s ]
INFO: [ app_begin ] --END-- [ RunTime:0.001000s ]
ERR: The parameter class is expected to be either a string or an object

[ 2017-10-11T09:31:06+08:00 ] ::1 /thinkmuyin/index.php/Admin/Area/district
INFO: [ app_init ] --START--
INFO: Run Behavior\BuildLiteBehavior [ RunTime:0.000000s ]
INFO: [ app_init ] --END-- [ RunTime:0.001000s ]
INFO: [ app_begin ] --START--
INFO: Run Behavior\ReadHtmlCacheBehavior [ RunTime:0.001000s ]
INFO: [ app_begin ] --END-- [ RunTime:0.001000s ]
ERR: The parameter class is expected to be either a string or an object

[ 2017-10-11T09:31:07+08:00 ] ::1 /thinkmuyin/index.php/Admin/Area/district
INFO: [ app_init ] --START--
INFO: Run Behavior\BuildLiteBehavior [ RunTime:0.000000s ]
INFO: [ app_init ] --END-- [ RunTime:0.000000s ]
INFO: [ app_begin ] --START--
INFO: Run Behavior\ReadHtmlCacheBehavior [ RunTime:0.000000s ]
INFO: [ app_begin ] --END-- [ RunTime:0.000000s ]
ERR: The parameter class is expected to be either a string or an object

[ 2017-10-11T09:31:22+08:00 ] ::1 /thinkmuyin/index.php/Admin/Index/index.html
INFO: [ app_init ] --START--
INFO: Run Behavior\BuildLiteBehavior [ RunTime:0.000000s ]
INFO: [ app_init ] --END-- [ RunTime:0.000000s ]
INFO: [ app_begin ] --START--
INFO: Run Behavior\ReadHtmlCacheBehavior [ RunTime:0.001000s ]
INFO: [ app_begin ] --END-- [ RunTime:0.001000s ]
INFO: [ view_parse ] --START--
INFO: [ template_filter ] --START--
INFO: Run Behavior\ContentReplaceBehavior [ RunTime:0.000000s ]
INFO: [ template_filter ] --END-- [ RunTime:0.000000s ]
NOTIC: [8] Undefined variable: collapseIn D:\XAMPP\htdocs\thinkmuyin\SnailKids\Runtime\Cache\Admin\dc34bc3c0728cb5ae0671a6ea6d4fdd4.php 第 77 行.
INFO: Run Behavior\ParseTemplateBehavior [ RunTime:0.008001s ]
INFO: [ view_parse ] --END-- [ RunTime:0.008001s ]
INFO: [ view_filter ] --START--
INFO: Run Behavior\WriteHtmlCacheBehavior [ RunTime:0.001000s ]
INFO: [ view_filter ] --END-- [ RunTime:0.001000s ]
INFO: [ app_end ] --START--
INFO: Run Behavior\ShowPageTraceBehavior [ RunTime:0.000000s ]
INFO: [ app_end ] --END-- [ RunTime:0.000000s ]

[ 2017-10-11T09:31:22+08:00 ] ::1 /thinkmuyin/index.php/Admin/Welcome/welcome
INFO: [ app_init ] --START--
INFO: Run Behavior\BuildLiteBehavior [ RunTime:0.000000s ]
INFO: [ app_init ] --END-- [ RunTime:0.000000s ]
INFO: [ app_begin ] --START--
INFO: Run Behavior\ReadHtmlCacheBehavior [ RunTime:0.001000s ]
INFO: [ app_begin ] --END-- [ RunTime:0.001000s ]
INFO: [ view_parse ] --START--
INFO: [ template_filter ] --START--
INFO: Run Behavior\ContentReplaceBehavior [ RunTime:0.000000s ]
INFO: [ template_filter ] --END-- [ RunTime:0.000000s ]
NOTIC: [8] Use of undefined constant ADMIN_PUBLIC - assumed 'ADMIN_PUBLIC' D:\XAMPP\htdocs\thinkmuyin\SnailKids\Runtime\Cache\Admin\0f429ed94216b5c9b0800c5193895388.php 第 19 行.
NOTIC: [8] Use of undefined constant ADMIN_PUBLIC - assumed 'ADMIN_PUBLIC' D:\XAMPP\htdocs\thinkmuyin\SnailKids\Runtime\Cache\Admin\0f429ed94216b5c9b0800c5193895388.php 第 20 行.
NOTIC: [8] Use of undefined constant ADMIN_PUBLIC - assumed 'ADMIN_PUBLIC' D:\XAMPP\htdocs\thinkmuyin\SnailKids\Runtime\Cache\Admin\0f429ed94216b5c9b0800c5193895388.php 第 26 行.
NOTIC: [8] Use of undefined constant ADMIN_PUBLIC - assumed 'ADMIN_PUBLIC' D:\XAMPP\htdocs\thinkmuyin\SnailKids\Runtime\Cache\Admin\0f429ed94216b5c9b0800c5193895388.php 第 28 行.
INFO: Run Behavior\ParseTemplateBehavior [ RunTime:0.005000s ]
INFO: [ view_parse ] --END-- [ RunTime:0.005000s ]
INFO: [ view_filter ] --START--
INFO: Run Behavior\WriteHtmlCacheBehavior [ RunTime:0.001000s ]
INFO: [ view_filter ] --END-- [ RunTime:0.001000s ]
INFO: [ app_end ] --START--
INFO: Run Behavior\ShowPageTraceBehavior [ RunTime:0.000000s ]
INFO: [ app_end ] --END-- [ RunTime:0.000000s ]

[ 2017-10-11T09:31:22+08:00 ] ::1 /thinkmuyin/index.php/Admin/Index/top
INFO: [ app_init ] --START--
INFO: Run Behavior\BuildLiteBehavior [ RunTime:0.000000s ]
INFO: [ app_init ] --END-- [ RunTime:0.001000s ]
INFO: [ app_begin ] --START--
INFO: Run Behavior\ReadHtmlCacheBehavior [ RunTime:0.000000s ]
INFO: [ app_begin ] --END-- [ RunTime:0.000000s ]
INFO: [ view_parse ] --START--
INFO: [ template_filter ] --START--
INFO: Run Behavior\ContentReplaceBehavior [ RunTime:0.000000s ]
INFO: [ template_filter ] --END-- [ RunTime:0.000000s ]
INFO: Run Behavior\ParseTemplateBehavior [ RunTime:0.006000s ]
INFO: [ view_parse ] --END-- [ RunTime:0.006000s ]
INFO: [ view_filter ] --START--
INFO: Run Behavior\WriteHtmlCacheBehavior [ RunTime:0.001000s ]
INFO: [ view_filter ] --END-- [ RunTime:0.001000s ]
INFO: [ app_end ] --START--
INFO: Run Behavior\ShowPageTraceBehavior [ RunTime:0.000000s ]
INFO: [ app_end ] --END-- [ RunTime:0.000000s ]

[ 2017-10-11T09:31:22+08:00 ] ::1 /thinkmuyin/index.php/Admin/Index/left
INFO: [ app_init ] --START--
INFO: Run Behavior\BuildLiteBehavior [ RunTime:0.000000s ]
INFO: [ app_init ] --END-- [ RunTime:0.002000s ]
INFO: [ app_begin ] --START--
INFO: Run Behavior\ReadHtmlCacheBehavior [ RunTime:0.001000s ]
INFO: [ app_begin ] --END-- [ RunTime:0.001000s ]
INFO: [ view_parse ] --START--
INFO: [ template_filter ] --START--
INFO: Run Behavior\ContentReplaceBehavior [ RunTime:0.000000s ]
INFO: [ template_filter ] --END-- [ RunTime:0.000000s ]
NOTIC: [8] Undefined variable: collapseIn D:\XAMPP\htdocs\thinkmuyin\SnailKids\Runtime\Cache\Admin\acec32422b346029472f08543c8010a6.php 第 51 行.
INFO: Run Behavior\ParseTemplateBehavior [ RunTime:0.010000s ]
INFO: [ view_parse ] --END-- [ RunTime:0.010000s ]
INFO: [ view_filter ] --START--
INFO: Run Behavior\WriteHtmlCacheBehavior [ RunTime:0.000000s ]
INFO: [ view_filter ] --END-- [ RunTime:0.001000s ]
INFO: [ app_end ] --START--
INFO: Run Behavior\ShowPageTraceBehavior [ RunTime:0.004001s ]
INFO: [ app_end ] --END-- [ RunTime:0.004001s ]

[ 2017-10-11T09:31:22+08:00 ] ::1 /thinkmuyin/index.php/Admin/Welcome/ADMIN_PUBLICUEditor/default_user_icon.jpg
INFO: [ app_init ] --START--
INFO: Run Behavior\BuildLiteBehavior [ RunTime:0.000000s ]
INFO: [ app_init ] --END-- [ RunTime:0.001000s ]

[ 2017-10-11T09:31:22+08:00 ] ::1 /thinkmuyin/index.php/Admin/Welcome/ADMIN_PUBLICUEditor/ueditor.config.js
INFO: [ app_init ] --START--
INFO: Run Behavior\BuildLiteBehavior [ RunTime:0.000000s ]
INFO: [ app_init ] --END-- [ RunTime:0.001000s ]
INFO: [ app_begin ] --START--
INFO: Run Behavior\ReadHtmlCacheBehavior [ RunTime:0.001000s ]
INFO: [ app_begin ] --END-- [ RunTime:0.001000s ]
ERR: 非法操作:ADMIN_PUBLICUEditor

[ 2017-10-11T09:31:22+08:00 ] ::1 /thinkmuyin/index.php/Admin/Welcome/ADMIN_PUBLICUEditor/ueditor.all.js
INFO: [ app_init ] --START--
INFO: Run Behavior\BuildLiteBehavior [ RunTime:0.000000s ]
INFO: [ app_init ] --END-- [ RunTime:0.000000s ]
INFO: [ app_begin ] --START--
INFO: Run Behavior\ReadHtmlCacheBehavior [ RunTime:0.001000s ]
INFO: [ app_begin ] --END-- [ RunTime:0.001000s ]
ERR: 非法操作:ADMIN_PUBLICUEditor

[ 2017-10-11T09:31:22+08:00 ] ::1 /thinkmuyin/index.php/Admin/Welcome/ADMIN_PUBLICUEditor/ueditor.config.js
INFO: [ app_init ] --START--
INFO: Run Behavior\BuildLiteBehavior [ RunTime:0.000000s ]
INFO: [ app_init ] --END-- [ RunTime:0.001000s ]
INFO: [ app_begin ] --START--
INFO: Run Behavior\ReadHtmlCacheBehavior [ RunTime:0.001000s ]
INFO: [ app_begin ] --END-- [ RunTime:0.001000s ]
ERR: 非法操作:ADMIN_PUBLICUEditor

[ 2017-10-11T09:31:22+08:00 ] ::1 /thinkmuyin/index.php/Admin/Welcome/ADMIN_PUBLICUEditor/ueditor.all.js
INFO: [ app_init ] --START--
INFO: Run Behavior\BuildLiteBehavior [ RunTime:0.000000s ]
INFO: [ app_init ] --END-- [ RunTime:0.001000s ]
INFO: [ app_begin ] --START--
INFO: Run Behavior\ReadHtmlCacheBehavior [ RunTime:0.000000s ]
INFO: [ app_begin ] --END-- [ RunTime:0.000000s ]
ERR: 非法操作:ADMIN_PUBLICUEditor

[ 2017-10-11T09:31:24+08:00 ] ::1 /thinkmuyin/index.php/Admin/Area/district
INFO: [ app_init ] --START--
INFO: Run Behavior\BuildLiteBehavior [ RunTime:0.000000s ]
INFO: [ app_init ] --END-- [ RunTime:0.000000s ]
INFO: [ app_begin ] --START--
INFO: Run Behavior\ReadHtmlCacheBehavior [ RunTime:0.001001s ]
INFO: [ app_begin ] --END-- [ RunTime:0.001001s ]
ERR: 无法加载控制器:Area

[ 2017-10-11T11:05:07+08:00 ] ::1 /thinkmuyin/index.php/Admin/Package/index
INFO: [ app_init ] --START--
INFO: Run Behavior\BuildLiteBehavior [ RunTime:0.000000s ]
INFO: [ app_init ] --END-- [ RunTime:0.000000s ]
INFO: [ app_begin ] --START--
INFO: Run Behavior\ReadHtmlCacheBehavior [ RunTime:0.001000s ]
INFO: [ app_begin ] --END-- [ RunTime:0.001000s ]
SQL: SHOW COLUMNS FROM `sk_package` [ RunTime:0.0030s ]
SQL: SELECT COUNT(*) AS tp_count FROM `sk_package` LIMIT 1   [ RunTime:0.0000s ]
SQL: SELECT * FROM `sk_package` ORDER BY id desc LIMIT 0,5   [ RunTime:0.0010s ]
INFO: [ view_parse ] --START--
INFO: [ template_filter ] --START--
INFO: Run Behavior\ContentReplaceBehavior [ RunTime:0.001000s ]
INFO: [ template_filter ] --END-- [ RunTime:0.001000s ]
INFO: Run Behavior\ParseTemplateBehavior [ RunTime:0.011000s ]
INFO: [ view_parse ] --END-- [ RunTime:0.011000s ]
INFO: [ view_filter ] --START--
INFO: Run Behavior\WriteHtmlCacheBehavior [ RunTime:0.001000s ]
INFO: [ view_filter ] --END-- [ RunTime:0.001000s ]
INFO: [ app_end ] --START--
INFO: Run Behavior\ShowPageTraceBehavior [ RunTime:0.000000s ]
INFO: [ app_end ] --END-- [ RunTime:0.000000s ]

[ 2017-10-11T16:59:04+08:00 ] ::1 /thinkmuyin/index.php/Admin/Province/index
INFO: [ app_init ] --START--
INFO: Run Behavior\BuildLiteBehavior [ RunTime:0.000000s ]
INFO: [ app_init ] --END-- [ RunTime:0.000000s ]
INFO: [ app_begin ] --START--
INFO: Run Behavior\ReadHtmlCacheBehavior [ RunTime:0.001000s ]
INFO: [ app_begin ] --END-- [ RunTime:0.001000s ]
SQL: SHOW COLUMNS FROM `sk_province` [ RunTime:0.0030s ]
NOTIC: [2] Missing argument 1 for Think\Model::where(), called in D:\XAMPP\htdocs\thinkmuyin\SnailKids\Admin\Controller\ProvinceController.class.php on line 13 and defined D:\XAMPP\htdocs\thinkmuyin\ThinkPHP\Library\Think\Model.class.php 第 1797 行.
NOTIC: [8] Undefined variable: where D:\XAMPP\htdocs\thinkmuyin\ThinkPHP\Library\Think\Model.class.php 第 1805 行.
NOTIC: [8] Undefined variable: where D:\XAMPP\htdocs\thinkmuyin\ThinkPHP\Library\Think\Model.class.php 第 1808 行.
NOTIC: [8] Undefined variable: where D:\XAMPP\htdocs\thinkmuyin\ThinkPHP\Library\Think\Model.class.php 第 1816 行.
SQL: SELECT COUNT(*) AS tp_count FROM `sk_province` LIMIT 1   [ RunTime:0.0000s ]
NOTIC: [2] Missing argument 1 for Think\Model::where(), called in D:\XAMPP\htdocs\thinkmuyin\SnailKids\Admin\Controller\ProvinceController.class.php on line 82 and defined D:\XAMPP\htdocs\thinkmuyin\ThinkPHP\Library\Think\Model.class.php 第 1797 行.
NOTIC: [8] Undefined variable: where D:\XAMPP\htdocs\thinkmuyin\ThinkPHP\Library\Think\Model.class.php 第 1805 行.
NOTIC: [8] Undefined variable: where D:\XAMPP\htdocs\thinkmuyin\ThinkPHP\Library\Think\Model.class.php 第 1808 行.
NOTIC: [8] Undefined variable: where D:\XAMPP\htdocs\thinkmuyin\ThinkPHP\Library\Think\Model.class.php 第 1816 行.
SQL: SELECT * FROM `sk_province` ORDER BY id LIMIT 0,10   [ RunTime:0.0000s ]
INFO: [ view_parse ] --START--
INFO: [ template_filter ] --START--
INFO: Run Behavior\ContentReplaceBehavior [ RunTime:0.000000s ]
INFO: [ template_filter ] --END-- [ RunTime:0.000000s ]
NOTIC: [2] date() expects parameter 2 to be long, string given D:\XAMPP\htdocs\thinkmuyin\SnailKids\Runtime\Cache\Admin\af092c979dce3adbd6bf41409e6ca815.php 第 121 行.
NOTIC: [2] date() expects parameter 2 to be long, string given D:\XAMPP\htdocs\thinkmuyin\SnailKids\Runtime\Cache\Admin\af092c979dce3adbd6bf41409e6ca815.php 第 121 行.
NOTIC: [2] date() expects parameter 2 to be long, string given D:\XAMPP\htdocs\thinkmuyin\SnailKids\Runtime\Cache\Admin\af092c979dce3adbd6bf41409e6ca815.php 第 121 行.
NOTIC: [2] date() expects parameter 2 to be long, string given D:\XAMPP\htdocs\thinkmuyin\SnailKids\Runtime\Cache\Admin\af092c979dce3adbd6bf41409e6ca815.php 第 121 行.
NOTIC: [2] date() expects parameter 2 to be long, string given D:\XAMPP\htdocs\thinkmuyin\SnailKids\Runtime\Cache\Admin\af092c979dce3adbd6bf41409e6ca815.php 第 121 行.
NOTIC: [2] date() expects parameter 2 to be long, string given D:\XAMPP\htdocs\thinkmuyin\SnailKids\Runtime\Cache\Admin\af092c979dce3adbd6bf41409e6ca815.php 第 121 行.
NOTIC: [2] date() expects parameter 2 to be long, string given D:\XAMPP\htdocs\thinkmuyin\SnailKids\Runtime\Cache\Admin\af092c979dce3adbd6bf41409e6ca815.php 第 121 行.
NOTIC: [2] date() expects parameter 2 to be long, string given D:\XAMPP\htdocs\thinkmuyin\SnailKids\Runtime\Cache\Admin\af092c979dce3adbd6bf41409e6ca815.php 第 121 行.
NOTIC: [2] date() expects parameter 2 to be long, string given D:\XAMPP\htdocs\thinkmuyin\SnailKids\Runtime\Cache\Admin\af092c979dce3adbd6bf41409e6ca815.php 第 121 行.
NOTIC: [2] date() expects parameter 2 to be long, string given D:\XAMPP\htdocs\thinkmuyin\SnailKids\Runtime\Cache\Admin\af092c979dce3adbd6bf41409e6ca815.php 第 121 行.
INFO: Run Behavior\ParseTemplateBehavior [ RunTime:0.011000s ]
INFO: [ view_parse ] --END-- [ RunTime:0.011000s ]
INFO: [ view_filter ] --START--
INFO: Run Behavior\WriteHtmlCacheBehavior [ RunTime:0.000000s ]
INFO: [ view_filter ] --END-- [ RunTime:0.001000s ]
INFO: [ app_end ] --START--
INFO: Run Behavior\ShowPageTraceBehavior [ RunTime:0.001001s ]
INFO: [ app_end ] --END-- [ RunTime:0.001001s ]

[ 2017-10-11T17:50:12+08:00 ] ::1 /thinkmuyin/index.php/Admin/Package/index
INFO: [ app_init ] --START--
INFO: Run Behavior\BuildLiteBehavior [ RunTime:0.000000s ]
INFO: [ app_init ] --END-- [ RunTime:0.001001s ]
INFO: [ app_begin ] --START--
INFO: Run Behavior\ReadHtmlCacheBehavior [ RunTime:0.001000s ]
INFO: [ app_begin ] --END-- [ RunTime:0.001000s ]
SQL: SHOW COLUMNS FROM `sk_package` [ RunTime:0.0030s ]
SQL: SELECT COUNT(*) AS tp_count FROM `sk_package` LIMIT 1   [ RunTime:0.0000s ]
SQL: SELECT * FROM `sk_package` ORDER BY id desc LIMIT 0,5   [ RunTime:0.0000s ]
INFO: [ view_parse ] --START--
INFO: [ template_filter ] --START--
INFO: Run Behavior\ContentReplaceBehavior [ RunTime:0.000000s ]
INFO: [ template_filter ] --END-- [ RunTime:0.000000s ]
INFO: Run Behavior\ParseTemplateBehavior [ RunTime:0.011000s ]
INFO: [ view_parse ] --END-- [ RunTime:0.011000s ]
INFO: [ view_filter ] --START--
INFO: Run Behavior\WriteHtmlCacheBehavior [ RunTime:0.000000s ]
INFO: [ view_filter ] --END-- [ RunTime:0.000000s ]
INFO: [ app_end ] --START--
INFO: Run Behavior\ShowPageTraceBehavior [ RunTime:0.001000s ]
INFO: [ app_end ] --END-- [ RunTime:0.001000s ]

[ 2017-10-11T17:50:15+08:00 ] ::1 /thinkmuyin/index.php/Admin/Package/add/p/1/where/all/order/id_desc
INFO: [ app_init ] --START--
INFO: Run Behavior\BuildLiteBehavior [ RunTime:0.000000s ]
INFO: [ app_init ] --END-- [ RunTime:0.000000s ]
INFO: [ app_begin ] --START--
INFO: Run Behavior\ReadHtmlCacheBehavior [ RunTime:0.001000s ]
INFO: [ app_begin ] --END-- [ RunTime:0.001000s ]
INFO: [ view_parse ] --START--
INFO: [ template_filter ] --START--
INFO: Run Behavior\ContentReplaceBehavior [ RunTime:0.000000s ]
INFO: [ template_filter ] --END-- [ RunTime:0.000000s ]
INFO: Run Behavior\ParseTemplateBehavior [ RunTime:0.038002s ]
INFO: [ view_parse ] --END-- [ RunTime:0.038002s ]
INFO: [ view_filter ] --START--
INFO: Run Behavior\WriteHtmlCacheBehavior [ RunTime:0.000000s ]
INFO: [ view_filter ] --END-- [ RunTime:0.000000s ]
INFO: [ app_end ] --START--
INFO: Run Behavior\ShowPageTraceBehavior [ RunTime:0.001001s ]
INFO: [ app_end ] --END-- [ RunTime:0.001001s ]

[ 2017-10-11T17:50:35+08:00 ] ::1 /thinkmuyin/index.php/Admin/Package/addDo/p/1/where/all/order/id_desc
INFO: [ app_init ] --START--
INFO: Run Behavior\BuildLiteBehavior [ RunTime:0.000000s ]
INFO: [ app_init ] --END-- [ RunTime:0.001000s ]
INFO: [ app_begin ] --START--
INFO: Run Behavior\ReadHtmlCacheBehavior [ RunTime:0.001000s ]
INFO: [ app_begin ] --END-- [ RunTime:0.001000s ]
NOTIC: [2] call_user_func() expects parameter 1 to be a valid callback, no array or string given D:\XAMPP\htdocs\thinkmuyin\ThinkPHP\Library\Think\Upload.class.php 第 170 行.
NOTIC: [2] call_user_func() expects parameter 1 to be a valid callback, no array or string given D:\XAMPP\htdocs\thinkmuyin\ThinkPHP\Library\Think\Upload.class.php 第 170 行.
NOTIC: [2] call_user_func() expects parameter 1 to be a valid callback, no array or string given D:\XAMPP\htdocs\thinkmuyin\ThinkPHP\Library\Think\Upload.class.php 第 170 行.
NOTIC: [2] call_user_func() expects parameter 1 to be a valid callback, no array or string given D:\XAMPP\htdocs\thinkmuyin\ThinkPHP\Library\Think\Upload.class.php 第 170 行.
SQL: SHOW COLUMNS FROM `sk_package` [ RunTime:0.0040s ]
NOTIC: [8] Undefined index: validate D:\XAMPP\htdocs\thinkmuyin\ThinkPHP\Library\Think\Model.class.php 第 1185 行.
NOTIC: [8] Undefined index: auto D:\XAMPP\htdocs\thinkmuyin\ThinkPHP\Library\Think\Model.class.php 第 1128 行.
SQL: INSERT INTO `sk_package` (`name`,`alias`,`price`,`content`,`describe`,`cover_path`,`image_path_group`,`enable`,`add_time`,`edit_time`,`admin_id`) VALUES ('1','1','1','1','1','SnailKids/Public/Upload/Package/Image/201710/1507715435_7450.jpg','SnailKids/Public/Upload/Package/Image/201710/1507715435_3216.jpg|SnailKids/Public/Upload/Package/Image/201710/1507715435_4137.jpg|SnailKids/Public/Upload/Package/Image/201710/1507715435_4459.jpg','1','1507715435','1507715435','1') [ RunTime:0.0420s ]
INFO: [ view_parse ] --START--
INFO: [ template_filter ] --START--
INFO: Run Behavior\ContentReplaceBehavior [ RunTime:0.000000s ]
INFO: [ template_filter ] --END-- [ RunTime:0.001000s ]
INFO: Run Behavior\ParseTemplateBehavior [ RunTime:0.032002s ]
INFO: [ view_parse ] --END-- [ RunTime:0.032002s ]
INFO: [ view_filter ] --START--
INFO: Run Behavior\WriteHtmlCacheBehavior [ RunTime:0.003000s ]
INFO: [ view_filter ] --END-- [ RunTime:0.003000s ]
INFO: [ app_end ] --START--
INFO: Run Behavior\ShowPageTraceBehavior [ RunTime:0.003000s ]
INFO: [ app_end ] --END-- [ RunTime:0.003000s ]

[ 2017-10-11T18:54:59+08:00 ] ::1 /thinkmuyin/index.php/Admin/Package/index/p/1/where/all/order/id_desc
INFO: [ app_init ] --START--
INFO: Run Behavior\BuildLiteBehavior [ RunTime:0.000000s ]
INFO: [ app_init ] --END-- [ RunTime:0.000000s ]
INFO: [ app_begin ] --START--
INFO: Run Behavior\ReadHtmlCacheBehavior [ RunTime:0.001000s ]
INFO: [ app_begin ] --END-- [ RunTime:0.001000s ]
SQL: SHOW COLUMNS FROM `sk_package` [ RunTime:0.0020s ]
SQL: SELECT COUNT(*) AS tp_count FROM `sk_package` LIMIT 1   [ RunTime:0.0010s ]
SQL: SELECT * FROM `sk_package` ORDER BY id desc LIMIT 0,5   [ RunTime:0.0000s ]
INFO: [ view_parse ] --START--
INFO: [ template_filter ] --START--
INFO: Run Behavior\ContentReplaceBehavior [ RunTime:0.000000s ]
INFO: [ template_filter ] --END-- [ RunTime:0.000000s ]
INFO: Run Behavior\ParseTemplateBehavior [ RunTime:0.012000s ]
INFO: [ view_parse ] --END-- [ RunTime:0.012000s ]
INFO: [ view_filter ] --START--
INFO: Run Behavior\WriteHtmlCacheBehavior [ RunTime:0.001000s ]
INFO: [ view_filter ] --END-- [ RunTime:0.001000s ]
INFO: [ app_end ] --START--
INFO: Run Behavior\ShowPageTraceBehavior [ RunTime:0.001000s ]
INFO: [ app_end ] --END-- [ RunTime:0.001000s ]

[ 2017-10-11T18:55:08+08:00 ] ::1 /thinkmuyin/index.php/Admin/Package/index
INFO: [ app_init ] --START--
INFO: Run Behavior\BuildLiteBehavior [ RunTime:0.000000s ]
INFO: [ app_init ] --END-- [ RunTime:0.000000s ]
INFO: [ app_begin ] --START--
INFO: Run Behavior\ReadHtmlCacheBehavior [ RunTime:0.001000s ]
INFO: [ app_begin ] --END-- [ RunTime:0.001000s ]
SQL: SHOW COLUMNS FROM `sk_package` [ RunTime:0.0030s ]
SQL: SELECT COUNT(*) AS tp_count FROM `sk_package` LIMIT 1   [ RunTime:0.0000s ]
SQL: SELECT * FROM `sk_package` ORDER BY id desc LIMIT 0,5   [ RunTime:0.0010s ]
INFO: [ view_parse ] --START--
INFO: [ template_filter ] --START--
INFO: Run Behavior\ContentReplaceBehavior [ RunTime:0.000000s ]
INFO: [ template_filter ] --END-- [ RunTime:0.000000s ]
INFO: Run Behavior\ParseTemplateBehavior [ RunTime:0.012001s ]
INFO: [ view_parse ] --END-- [ RunTime:0.012001s ]
INFO: [ view_filter ] --START--
INFO: Run Behavior\WriteHtmlCacheBehavior [ RunTime:0.001000s ]
INFO: [ view_filter ] --END-- [ RunTime:0.001000s ]
INFO: [ app_end ] --START--
INFO: Run Behavior\ShowPageTraceBehavior [ RunTime:0.000000s ]
INFO: [ app_end ] --END-- [ RunTime:0.000000s ]

[ 2017-10-11T18:55:09+08:00 ] ::1 /thinkmuyin/index.php/Admin/Package/add/p/1/where/all/order/id_desc
INFO: [ app_init ] --START--
INFO: Run Behavior\BuildLiteBehavior [ RunTime:0.000000s ]
INFO: [ app_init ] --END-- [ RunTime:0.001000s ]
INFO: [ app_begin ] --START--
INFO: Run Behavior\ReadHtmlCacheBehavior [ RunTime:0.001000s ]
INFO: [ app_begin ] --END-- [ RunTime:0.001000s ]
INFO: [ view_parse ] --START--
INFO: [ template_filter ] --START--
INFO: Run Behavior\ContentReplaceBehavior [ RunTime:0.000000s ]
INFO: [ template_filter ] --END-- [ RunTime:0.000000s ]
INFO: Run Behavior\ParseTemplateBehavior [ RunTime:0.012001s ]
INFO: [ view_parse ] --END-- [ RunTime:0.012001s ]
INFO: [ view_filter ] --START--
INFO: Run Behavior\WriteHtmlCacheBehavior [ RunTime:0.001000s ]
INFO: [ view_filter ] --END-- [ RunTime:0.001000s ]
INFO: [ app_end ] --START--
INFO: Run Behavior\ShowPageTraceBehavior [ RunTime:0.001000s ]
INFO: [ app_end ] --END-- [ RunTime:0.001000s ]

[ 2017-10-11T18:55:28+08:00 ] ::1 /thinkmuyin/index.php/Admin/Package/addDo/p/1/where/all/order/id_desc
INFO: [ app_init ] --START--
INFO: Run Behavior\BuildLiteBehavior [ RunTime:0.000000s ]
INFO: [ app_init ] --END-- [ RunTime:0.000000s ]
INFO: [ app_begin ] --START--
INFO: Run Behavior\ReadHtmlCacheBehavior [ RunTime:0.001000s ]
INFO: [ app_begin ] --END-- [ RunTime:0.001000s ]
NOTIC: [2] call_user_func() expects parameter 1 to be a valid callback, no array or string given D:\XAMPP\htdocs\thinkmuyin\ThinkPHP\Library\Think\Upload.class.php 第 170 行.
NOTIC: [2] call_user_func() expects parameter 1 to be a valid callback, no array or string given D:\XAMPP\htdocs\thinkmuyin\ThinkPHP\Library\Think\Upload.class.php 第 170 行.
NOTIC: [2] call_user_func() expects parameter 1 to be a valid callback, no array or string given D:\XAMPP\htdocs\thinkmuyin\ThinkPHP\Library\Think\Upload.class.php 第 170 行.
NOTIC: [2] call_user_func() expects parameter 1 to be a valid callback, no array or string given D:\XAMPP\htdocs\thinkmuyin\ThinkPHP\Library\Think\Upload.class.php 第 170 行.
SQL: SHOW COLUMNS FROM `sk_package` [ RunTime:0.0140s ]
NOTIC: [8] Undefined index: validate D:\XAMPP\htdocs\thinkmuyin\ThinkPHP\Library\Think\Model.class.php 第 1185 行.
NOTIC: [8] Undefined index: auto D:\XAMPP\htdocs\thinkmuyin\ThinkPHP\Library\Think\Model.class.php 第 1128 行.
SQL: INSERT INTO `sk_package` (`name`,`alias`,`price`,`content`,`describe`,`cover_path`,`image_path_group`,`enable`,`add_time`,`edit_time`,`admin_id`) VALUES ('123','123','123','123','123','thinkmuyin/SnailKids/Public/Upload/Package/Image/201710/1507719328_2831.jpg','thinkmuyin/SnailKids/Public/Upload/Package/Image/201710/1507719328_9651.jpg|thinkmuyin/SnailKids/Public/Upload/Package/Image/201710/1507719328_7637.jpg|thinkmuyin/SnailKids/Public/Upload/Package/Image/201710/1507719328_9218.jpg','1','1507719328','1507719328','1') [ RunTime:0.0490s ]
INFO: [ view_parse ] --START--
INFO: [ template_filter ] --START--
INFO: Run Behavior\ContentReplaceBehavior [ RunTime:0.000000s ]
INFO: [ template_filter ] --END-- [ RunTime:0.001000s ]
INFO: Run Behavior\ParseTemplateBehavior [ RunTime:0.022001s ]
INFO: [ view_parse ] --END-- [ RunTime:0.022001s ]
INFO: [ view_filter ] --START--
INFO: Run Behavior\WriteHtmlCacheBehavior [ RunTime:0.002000s ]
INFO: [ view_filter ] --END-- [ RunTime:0.002000s ]
INFO: [ app_end ] --START--
INFO: Run Behavior\ShowPageTraceBehavior [ RunTime:0.002001s ]
INFO: [ app_end ] --END-- [ RunTime:0.002001s ]

[ 2017-10-11T18:56:27+08:00 ] ::1 /thinkmuyin/index.php/Admin/Package/index/p/1/where/all/order/id_desc
INFO: [ app_init ] --START--
INFO: Run Behavior\BuildLiteBehavior [ RunTime:0.000000s ]
INFO: [ app_init ] --END-- [ RunTime:0.001000s ]
INFO: [ app_begin ] --START--
INFO: Run Behavior\ReadHtmlCacheBehavior [ RunTime:0.000000s ]
INFO: [ app_begin ] --END-- [ RunTime:0.001000s ]
SQL: SHOW COLUMNS FROM `sk_package` [ RunTime:0.0030s ]
SQL: SELECT COUNT(*) AS tp_count FROM `sk_package` LIMIT 1   [ RunTime:0.0000s ]
SQL: SELECT * FROM `sk_package` ORDER BY id desc LIMIT 0,5   [ RunTime:0.0010s ]
INFO: [ view_parse ] --START--
INFO: [ template_filter ] --START--
INFO: Run Behavior\ContentReplaceBehavior [ RunTime:0.001000s ]
INFO: [ template_filter ] --END-- [ RunTime:0.001000s ]
INFO: Run Behavior\ParseTemplateBehavior [ RunTime:0.011000s ]
INFO: [ view_parse ] --END-- [ RunTime:0.011000s ]
INFO: [ view_filter ] --START--
INFO: Run Behavior\WriteHtmlCacheBehavior [ RunTime:0.001001s ]
INFO: [ view_filter ] --END-- [ RunTime:0.001001s ]
INFO: [ app_end ] --START--
INFO: Run Behavior\ShowPageTraceBehavior [ RunTime:0.001000s ]
INFO: [ app_end ] --END-- [ RunTime:0.001000s ]

[ 2017-10-11T19:26:58+08:00 ] ::1 /thinkmuyin/index.php/Admin/Index/index.html
INFO: [ app_init ] --START--
INFO: Run Behavior\BuildLiteBehavior [ RunTime:0.000000s ]
INFO: [ app_init ] --END-- [ RunTime:0.001000s ]
INFO: [ app_begin ] --START--
INFO: Run Behavior\ReadHtmlCacheBehavior [ RunTime:0.001000s ]
INFO: [ app_begin ] --END-- [ RunTime:0.001000s ]
INFO: [ view_parse ] --START--
INFO: [ template_filter ] --START--
INFO: Run Behavior\ContentReplaceBehavior [ RunTime:0.000000s ]
INFO: [ template_filter ] --END-- [ RunTime:0.000000s ]
NOTIC: [8] Undefined variable: collapseIn D:\XAMPP\htdocs\thinkmuyin\SnailKids\Runtime\Cache\Admin\dc34bc3c0728cb5ae0671a6ea6d4fdd4.php 第 77 行.
INFO: Run Behavior\ParseTemplateBehavior [ RunTime:0.008000s ]
INFO: [ view_parse ] --END-- [ RunTime:0.008000s ]
INFO: [ view_filter ] --START--
INFO: Run Behavior\WriteHtmlCacheBehavior [ RunTime:0.001000s ]
INFO: [ view_filter ] --END-- [ RunTime:0.001000s ]
INFO: [ app_end ] --START--
INFO: Run Behavior\ShowPageTraceBehavior [ RunTime:0.001000s ]
INFO: [ app_end ] --END-- [ RunTime:0.001000s ]

[ 2017-10-11T19:26:58+08:00 ] ::1 /thinkmuyin/index.php/Admin/Index/left
INFO: [ app_init ] --START--
INFO: Run Behavior\BuildLiteBehavior [ RunTime:0.000000s ]
INFO: [ app_init ] --END-- [ RunTime:0.001000s ]
INFO: [ app_begin ] --START--
INFO: Run Behavior\ReadHtmlCacheBehavior [ RunTime:0.001000s ]
INFO: [ app_begin ] --END-- [ RunTime:0.001000s ]
INFO: [ view_parse ] --START--
INFO: [ template_filter ] --START--
INFO: Run Behavior\ContentReplaceBehavior [ RunTime:0.001000s ]
INFO: [ template_filter ] --END-- [ RunTime:0.001000s ]
NOTIC: [8] Undefined variable: collapseIn D:\XAMPP\htdocs\thinkmuyin\SnailKids\Runtime\Cache\Admin\acec32422b346029472f08543c8010a6.php 第 51 行.
INFO: Run Behavior\ParseTemplateBehavior [ RunTime:0.008000s ]
INFO: [ view_parse ] --END-- [ RunTime:0.008000s ]
INFO: [ view_filter ] --START--
INFO: Run Behavior\WriteHtmlCacheBehavior [ RunTime:0.000000s ]
INFO: [ view_filter ] --END-- [ RunTime:0.000000s ]
INFO: [ app_end ] --START--
INFO: Run Behavior\ShowPageTraceBehavior [ RunTime:0.001000s ]
INFO: [ app_end ] --END-- [ RunTime:0.001000s ]

[ 2017-10-11T19:26:58+08:00 ] ::1 /thinkmuyin/index.php/Admin/Index/top
INFO: [ app_init ] --START--
INFO: Run Behavior\BuildLiteBehavior [ RunTime:0.000000s ]
INFO: [ app_init ] --END-- [ RunTime:0.001000s ]
INFO: [ app_begin ] --START--
INFO: Run Behavior\ReadHtmlCacheBehavior [ RunTime:0.002000s ]
INFO: [ app_begin ] --END-- [ RunTime:0.002000s ]
INFO: [ view_parse ] --START--
INFO: [ template_filter ] --START--
INFO: Run Behavior\ContentReplaceBehavior [ RunTime:0.001000s ]
INFO: [ template_filter ] --END-- [ RunTime:0.001000s ]
INFO: Run Behavior\ParseTemplateBehavior [ RunTime:0.010001s ]
INFO: [ view_parse ] --END-- [ RunTime:0.010001s ]
INFO: [ view_filter ] --START--
INFO: Run Behavior\WriteHtmlCacheBehavior [ RunTime:0.001000s ]
INFO: [ view_filter ] --END-- [ RunTime:0.001000s ]
INFO: [ app_end ] --START--
INFO: Run Behavior\ShowPageTraceBehavior [ RunTime:0.001000s ]
INFO: [ app_end ] --END-- [ RunTime:0.001000s ]

[ 2017-10-11T19:26:58+08:00 ] ::1 /thinkmuyin/index.php/Admin/Welcome/welcome
INFO: [ app_init ] --START--
INFO: Run Behavior\BuildLiteBehavior [ RunTime:0.000000s ]
INFO: [ app_init ] --END-- [ RunTime:0.001000s ]
INFO: [ app_begin ] --START--
INFO: Run Behavior\ReadHtmlCacheBehavior [ RunTime:0.001000s ]
INFO: [ app_begin ] --END-- [ RunTime:0.001000s ]
INFO: [ view_parse ] --START--
INFO: [ template_filter ] --START--
INFO: Run Behavior\ContentReplaceBehavior [ RunTime:0.000000s ]
INFO: [ template_filter ] --END-- [ RunTime:0.000000s ]
NOTIC: [8] Use of undefined constant ADMIN_PUBLIC - assumed 'ADMIN_PUBLIC' D:\XAMPP\htdocs\thinkmuyin\SnailKids\Runtime\Cache\Admin\0f429ed94216b5c9b0800c5193895388.php 第 19 行.
NOTIC: [8] Use of undefined constant ADMIN_PUBLIC - assumed 'ADMIN_PUBLIC' D:\XAMPP\htdocs\thinkmuyin\SnailKids\Runtime\Cache\Admin\0f429ed94216b5c9b0800c5193895388.php 第 20 行.
NOTIC: [8] Use of undefined constant ADMIN_PUBLIC - assumed 'ADMIN_PUBLIC' D:\XAMPP\htdocs\thinkmuyin\SnailKids\Runtime\Cache\Admin\0f429ed94216b5c9b0800c5193895388.php 第 26 行.
NOTIC: [8] Use of undefined constant ADMIN_PUBLIC - assumed 'ADMIN_PUBLIC' D:\XAMPP\htdocs\thinkmuyin\SnailKids\Runtime\Cache\Admin\0f429ed94216b5c9b0800c5193895388.php 第 28 行.
INFO: Run Behavior\ParseTemplateBehavior [ RunTime:0.005001s ]
INFO: [ view_parse ] --END-- [ RunTime:0.005001s ]
INFO: [ view_filter ] --START--
INFO: Run Behavior\WriteHtmlCacheBehavior [ RunTime:0.001000s ]
INFO: [ view_filter ] --END-- [ RunTime:0.001000s ]
INFO: [ app_end ] --START--
INFO: Run Behavior\ShowPageTraceBehavior [ RunTime:0.001000s ]
INFO: [ app_end ] --END-- [ RunTime:0.001000s ]

[ 2017-10-11T19:26:58+08:00 ] ::1 /thinkmuyin/index.php/Admin/Welcome/ADMIN_PUBLICUEditor/default_user_icon.jpg
INFO: [ app_init ] --START--
INFO: Run Behavior\BuildLiteBehavior [ RunTime:0.000000s ]
INFO: [ app_init ] --END-- [ RunTime:0.001000s ]

[ 2017-10-11T19:26:58+08:00 ] ::1 /thinkmuyin/index.php/Admin/Welcome/ADMIN_PUBLICUEditor/ueditor.all.js
INFO: [ app_init ] --START--
INFO: Run Behavior\BuildLiteBehavior [ RunTime:0.000000s ]
INFO: [ app_init ] --END-- [ RunTime:0.000000s ]
INFO: [ app_begin ] --START--
INFO: Run Behavior\ReadHtmlCacheBehavior [ RunTime:0.001000s ]
INFO: [ app_begin ] --END-- [ RunTime:0.002000s ]
ERR: 非法操作:ADMIN_PUBLICUEditor

[ 2017-10-11T19:26:58+08:00 ] ::1 /thinkmuyin/index.php/Admin/Welcome/ADMIN_PUBLICUEditor/ueditor.config.js
INFO: [ app_init ] --START--
INFO: Run Behavior\BuildLiteBehavior [ RunTime:0.000000s ]
INFO: [ app_init ] --END-- [ RunTime:0.000000s ]
INFO: [ app_begin ] --START--
INFO: Run Behavior\ReadHtmlCacheBehavior [ RunTime:0.001000s ]
INFO: [ app_begin ] --END-- [ RunTime:0.001000s ]
ERR: 非法操作:ADMIN_PUBLICUEditor

[ 2017-10-11T19:26:58+08:00 ] ::1 /thinkmuyin/index.php/Admin/Welcome/ADMIN_PUBLICUEditor/ueditor.all.js
INFO: [ app_init ] --START--
INFO: Run Behavior\BuildLiteBehavior [ RunTime:0.000000s ]
INFO: [ app_init ] --END-- [ RunTime:0.001000s ]
INFO: [ app_begin ] --START--
INFO: Run Behavior\ReadHtmlCacheBehavior [ RunTime:0.001000s ]
INFO: [ app_begin ] --END-- [ RunTime:0.001000s ]
ERR: 非法操作:ADMIN_PUBLICUEditor

[ 2017-10-11T19:28:28+08:00 ] ::1 /thinkmuyin/index.php/Admin/Package/index
INFO: [ app_init ] --START--
INFO: Run Behavior\BuildLiteBehavior [ RunTime:0.000000s ]
INFO: [ app_init ] --END-- [ RunTime:0.001000s ]
INFO: [ app_begin ] --START--
INFO: Run Behavior\ReadHtmlCacheBehavior [ RunTime:0.001000s ]
INFO: [ app_begin ] --END-- [ RunTime:0.001000s ]
SQL: SHOW COLUMNS FROM `sk_package` [ RunTime:0.0030s ]
SQL: SELECT COUNT(*) AS tp_count FROM `sk_package` LIMIT 1   [ RunTime:0.0000s ]
SQL: SELECT * FROM `sk_package` ORDER BY id desc LIMIT 0,5   [ RunTime:0.0010s ]
INFO: [ view_parse ] --START--
INFO: [ template_filter ] --START--
INFO: Run Behavior\ContentReplaceBehavior [ RunTime:0.000000s ]
INFO: [ template_filter ] --END-- [ RunTime:0.000000s ]
INFO: Run Behavior\ParseTemplateBehavior [ RunTime:0.012000s ]
INFO: [ view_parse ] --END-- [ RunTime:0.012000s ]
INFO: [ view_filter ] --START--
INFO: Run Behavior\WriteHtmlCacheBehavior [ RunTime:0.000000s ]
INFO: [ view_filter ] --END-- [ RunTime:0.001001s ]
INFO: [ app_end ] --START--
INFO: Run Behavior\ShowPageTraceBehavior [ RunTime:0.000000s ]
INFO: [ app_end ] --END-- [ RunTime:0.000000s ]

