[ 2016-07-05T11:19:52+08:00 ] ::1 /snailkids.php/Api/Index/init
INFO: [ app_init ] --START--
INFO: Run Behavior\BuildLiteBehavior [ RunTime:0.000031s ]
INFO: [ app_init ] --END-- [ RunTime:0.000572s ]
INFO: [ app_begin ] --START--
INFO: Run Behavior\ReadHtmlCacheBehavior [ RunTime:0.001453s ]
INFO: [ app_begin ] --END-- [ RunTime:0.001665s ]
NOTIC: [8] Undefined index: NEWEST_VERSION D:\Programs\wamp\www3\SnailKids\Api\Controller\IndexController.class.php 第 22 行.
NOTIC: [8] Undefined offset: 0 D:\Programs\wamp\www3\SnailKids\Api\Controller\IndexController.class.php 第 38 行.
SQL: SHOW COLUMNS FROM `sk_package` [ RunTime:0.0926s ]
SQL: SELECT `id`,`name`,`cover_path` FROM `sk_package` WHERE `enable` = 1 ORDER BY id  [ RunTime:0.0270s ]

[ 2016-07-05T11:20:21+08:00 ] ::1 /snailkids.php/Api/Index/init
INFO: [ app_init ] --START--
INFO: Run Behavior\BuildLiteBehavior [ RunTime:0.000032s ]
INFO: [ app_init ] --END-- [ RunTime:0.000706s ]
INFO: [ app_begin ] --START--
INFO: Run Behavior\ReadHtmlCacheBehavior [ RunTime:0.000929s ]
INFO: [ app_begin ] --END-- [ RunTime:0.001076s ]
NOTIC: [8] Undefined index: NEWEST_VERSION D:\Programs\wamp\www3\SnailKids\Api\Controller\IndexController.class.php 第 22 行.
NOTIC: [8] Undefined offset: 0 D:\Programs\wamp\www3\SnailKids\Api\Controller\IndexController.class.php 第 39 行.
SQL: SHOW COLUMNS FROM `sk_package` [ RunTime:0.0112s ]
SQL: SELECT `id`,`name`,`cover_path` FROM `sk_package` WHERE `enable` = 1 ORDER BY id  [ RunTime:0.0005s ]

[ 2016-07-05T11:20:25+08:00 ] ::1 /snailkids.php/Api/Index/init
INFO: [ app_init ] --START--
INFO: Run Behavior\BuildLiteBehavior [ RunTime:0.000032s ]
INFO: [ app_init ] --END-- [ RunTime:0.000606s ]
INFO: [ app_begin ] --START--
INFO: Run Behavior\ReadHtmlCacheBehavior [ RunTime:0.000815s ]
INFO: [ app_begin ] --END-- [ RunTime:0.000939s ]
NOTIC: [8] Undefined index: NEWEST_VERSION D:\Programs\wamp\www3\SnailKids\Api\Controller\IndexController.class.php 第 22 行.
NOTIC: [8] Undefined offset: 0 D:\Programs\wamp\www3\SnailKids\Api\Controller\IndexController.class.php 第 39 行.
SQL: SHOW COLUMNS FROM `sk_package` [ RunTime:0.0092s ]
SQL: SELECT `id`,`name`,`cover_path` FROM `sk_package` WHERE `enable` = 1 ORDER BY id  [ RunTime:0.0004s ]

[ 2016-07-05T11:20:36+08:00 ] ::1 /snailkids.php/Api/Index/init
INFO: [ app_init ] --START--
INFO: Run Behavior\BuildLiteBehavior [ RunTime:0.000043s ]
INFO: [ app_init ] --END-- [ RunTime:0.000595s ]
INFO: [ app_begin ] --START--
INFO: Run Behavior\ReadHtmlCacheBehavior [ RunTime:0.000972s ]
INFO: [ app_begin ] --END-- [ RunTime:0.001123s ]
NOTIC: [8] Undefined index: NEWEST_VERSION D:\Programs\wamp\www3\SnailKids\Api\Controller\IndexController.class.php 第 22 行.
NOTIC: [8] Undefined offset: 0 D:\Programs\wamp\www3\SnailKids\Api\Controller\IndexController.class.php 第 39 行.
SQL: SHOW COLUMNS FROM `sk_package` [ RunTime:0.0091s ]
SQL: SELECT `id`,`name`,`cover_path` FROM `sk_package` WHERE `enable` = 1 ORDER BY id  [ RunTime:0.0004s ]

[ 2016-07-05T11:20:37+08:00 ] ::1 /snailkids.php/Api/Index/init
INFO: [ app_init ] --START--
INFO: Run Behavior\BuildLiteBehavior [ RunTime:0.000030s ]
INFO: [ app_init ] --END-- [ RunTime:0.000575s ]
INFO: [ app_begin ] --START--
INFO: Run Behavior\ReadHtmlCacheBehavior [ RunTime:0.000906s ]
INFO: [ app_begin ] --END-- [ RunTime:0.001034s ]
NOTIC: [8] Undefined index: NEWEST_VERSION D:\Programs\wamp\www3\SnailKids\Api\Controller\IndexController.class.php 第 22 行.
NOTIC: [8] Undefined offset: 0 D:\Programs\wamp\www3\SnailKids\Api\Controller\IndexController.class.php 第 39 行.
SQL: SHOW COLUMNS FROM `sk_package` [ RunTime:0.0098s ]
SQL: SELECT `id`,`name`,`cover_path` FROM `sk_package` WHERE `enable` = 1 ORDER BY id  [ RunTime:0.0004s ]

[ 2016-07-05T11:20:38+08:00 ] ::1 /snailkids.php/Api/Index/init
INFO: [ app_init ] --START--
INFO: Run Behavior\BuildLiteBehavior [ RunTime:0.000030s ]
INFO: [ app_init ] --END-- [ RunTime:0.000596s ]
INFO: [ app_begin ] --START--
INFO: Run Behavior\ReadHtmlCacheBehavior [ RunTime:0.000961s ]
INFO: [ app_begin ] --END-- [ RunTime:0.001088s ]
NOTIC: [8] Undefined index: NEWEST_VERSION D:\Programs\wamp\www3\SnailKids\Api\Controller\IndexController.class.php 第 22 行.
NOTIC: [8] Undefined offset: 0 D:\Programs\wamp\www3\SnailKids\Api\Controller\IndexController.class.php 第 39 行.
SQL: SHOW COLUMNS FROM `sk_package` [ RunTime:0.0098s ]
SQL: SELECT `id`,`name`,`cover_path` FROM `sk_package` WHERE `enable` = 1 ORDER BY id  [ RunTime:0.0004s ]

[ 2016-07-05T11:21:02+08:00 ] ::1 /snailkids.php/Api/Index/init
INFO: [ app_init ] --START--
INFO: Run Behavior\BuildLiteBehavior [ RunTime:0.000031s ]
INFO: [ app_init ] --END-- [ RunTime:0.000693s ]
INFO: [ app_begin ] --START--
INFO: Run Behavior\ReadHtmlCacheBehavior [ RunTime:0.000960s ]
INFO: [ app_begin ] --END-- [ RunTime:0.001121s ]
NOTIC: [8] Undefined offset: 0 D:\Programs\wamp\www3\SnailKids\Api\Controller\IndexController.class.php 第 39 行.
SQL: SHOW COLUMNS FROM `sk_package` [ RunTime:0.0092s ]
SQL: SELECT `id`,`name`,`cover_path` FROM `sk_package` WHERE `enable` = 1 ORDER BY id  [ RunTime:0.0005s ]

[ 2016-07-05T11:21:13+08:00 ] ::1 /snailkids.php/Api/Index/init
INFO: [ app_init ] --START--
INFO: Run Behavior\BuildLiteBehavior [ RunTime:0.000068s ]
INFO: [ app_init ] --END-- [ RunTime:0.000803s ]
INFO: [ app_begin ] --START--
INFO: Run Behavior\ReadHtmlCacheBehavior [ RunTime:0.001244s ]
INFO: [ app_begin ] --END-- [ RunTime:0.001424s ]
NOTIC: [8] Undefined offset: 0 D:\Programs\wamp\www3\SnailKids\Api\Controller\IndexController.class.php 第 39 行.
SQL: SHOW COLUMNS FROM `sk_package` [ RunTime:0.0102s ]
SQL: SELECT `id`,`name`,`cover_path` FROM `sk_package` WHERE `enable` = 1 ORDER BY id  [ RunTime:0.0004s ]

[ 2016-07-05T11:21:29+08:00 ] ::1 /snailkids.php/Api/Index/init
INFO: [ app_init ] --START--
INFO: Run Behavior\BuildLiteBehavior [ RunTime:0.000038s ]
INFO: [ app_init ] --END-- [ RunTime:0.000643s ]
INFO: [ app_begin ] --START--
INFO: Run Behavior\ReadHtmlCacheBehavior [ RunTime:0.000993s ]
INFO: [ app_begin ] --END-- [ RunTime:0.001155s ]
NOTIC: [8] Undefined offset: 0 D:\Programs\wamp\www3\SnailKids\Api\Controller\IndexController.class.php 第 39 行.
SQL: SHOW COLUMNS FROM `sk_package` [ RunTime:0.0091s ]
SQL: SELECT `id`,`name`,`cover_path` FROM `sk_package` WHERE `enable` = 1 ORDER BY id  [ RunTime:0.0004s ]

[ 2016-07-05T11:22:11+08:00 ] ::1 /snailkids.php/Api/Index/init
INFO: [ app_init ] --START--
INFO: Run Behavior\BuildLiteBehavior [ RunTime:0.000031s ]
INFO: [ app_init ] --END-- [ RunTime:0.000639s ]
INFO: [ app_begin ] --START--
INFO: Run Behavior\ReadHtmlCacheBehavior [ RunTime:0.000954s ]
INFO: [ app_begin ] --END-- [ RunTime:0.001100s ]
NOTIC: [8] Undefined offset: 0 D:\Programs\wamp\www3\SnailKids\Api\Controller\IndexController.class.php 第 39 行.
SQL: SHOW COLUMNS FROM `sk_package` [ RunTime:0.0106s ]
SQL: SELECT `id`,`name`,`cover_path` FROM `sk_package` WHERE `enable` = 1 ORDER BY id  [ RunTime:0.0004s ]

[ 2016-07-05T11:22:23+08:00 ] ::1 /snailkids.php/Api/Index/init
INFO: [ app_init ] --START--
INFO: Run Behavior\BuildLiteBehavior [ RunTime:0.000031s ]
INFO: [ app_init ] --END-- [ RunTime:0.000592s ]
INFO: [ app_begin ] --START--
INFO: Run Behavior\ReadHtmlCacheBehavior [ RunTime:0.000907s ]
INFO: [ app_begin ] --END-- [ RunTime:0.001050s ]
NOTIC: [8] Undefined offset: 0 D:\Programs\wamp\www3\SnailKids\Api\Controller\IndexController.class.php 第 39 行.
SQL: SHOW COLUMNS FROM `sk_package` [ RunTime:0.0091s ]
SQL: SELECT `id`,`name`,`cover_path` FROM `sk_package` WHERE `enable` = 1 ORDER BY id  [ RunTime:0.0004s ]

[ 2016-07-05T11:22:30+08:00 ] ::1 /snailkids.php/Api/Index/init
INFO: [ app_init ] --START--
INFO: Run Behavior\BuildLiteBehavior [ RunTime:0.000033s ]
INFO: [ app_init ] --END-- [ RunTime:0.000808s ]
INFO: [ app_begin ] --START--
INFO: Run Behavior\ReadHtmlCacheBehavior [ RunTime:0.000962s ]
INFO: [ app_begin ] --END-- [ RunTime:0.001137s ]
NOTIC: [8] Undefined offset: 0 D:\Programs\wamp\www3\SnailKids\Api\Controller\IndexController.class.php 第 39 行.
SQL: SHOW COLUMNS FROM `sk_package` [ RunTime:0.0094s ]
SQL: SELECT `id`,`name`,`cover_path` FROM `sk_package` WHERE `enable` = 1 ORDER BY id  [ RunTime:0.0004s ]

[ 2016-07-05T13:59:36+08:00 ] ::1 /snailkids.php/Api/Index/init
INFO: [ app_init ] --START--
INFO: Run Behavior\BuildLiteBehavior [ RunTime:0.000034s ]
INFO: [ app_init ] --END-- [ RunTime:0.000631s ]
INFO: [ app_begin ] --START--
INFO: Run Behavior\ReadHtmlCacheBehavior [ RunTime:0.001198s ]
INFO: [ app_begin ] --END-- [ RunTime:0.001344s ]
NOTIC: [8] Undefined offset: 0 D:\Programs\wamp\www3\SnailKids\Api\Controller\IndexController.class.php 第 39 行.
SQL: SHOW COLUMNS FROM `sk_package` [ RunTime:0.0130s ]
SQL: SELECT `id`,`name`,`cover_path` FROM `sk_package` WHERE `enable` = 1 ORDER BY id  [ RunTime:0.0005s ]

[ 2016-07-05T14:08:40+08:00 ] ::1 /snailkids.php/Api/Index/init
INFO: [ app_init ] --START--
INFO: Run Behavior\BuildLiteBehavior [ RunTime:0.000035s ]
INFO: [ app_init ] --END-- [ RunTime:0.000727s ]
INFO: [ app_begin ] --START--
INFO: Run Behavior\ReadHtmlCacheBehavior [ RunTime:0.001593s ]
INFO: [ app_begin ] --END-- [ RunTime:0.001824s ]
INFO: [ app_end ] --START--
INFO: Run Behavior\ShowPageTraceBehavior [ RunTime:0.001195s ]
INFO: [ app_end ] --END-- [ RunTime:0.001387s ]

[ 2016-07-05T14:18:08+08:00 ] ::1 /snailkids.php/Api/Index/init
INFO: [ app_init ] --START--
INFO: Run Behavior\BuildLiteBehavior [ RunTime:0.000033s ]
INFO: [ app_init ] --END-- [ RunTime:0.000789s ]
INFO: [ app_begin ] --START--
INFO: Run Behavior\ReadHtmlCacheBehavior [ RunTime:0.001101s ]
INFO: [ app_begin ] --END-- [ RunTime:0.001440s ]
INFO: [ app_end ] --START--
INFO: Run Behavior\ShowPageTraceBehavior [ RunTime:0.001059s ]
INFO: [ app_end ] --END-- [ RunTime:0.001213s ]

[ 2016-07-05T14:18:46+08:00 ] ::1 /snailkids.php/Api/Index/init
INFO: [ app_init ] --START--
INFO: Run Behavior\BuildLiteBehavior [ RunTime:0.000049s ]
INFO: [ app_init ] --END-- [ RunTime:0.001287s ]
INFO: [ app_begin ] --START--
INFO: Run Behavior\ReadHtmlCacheBehavior [ RunTime:0.000859s ]
INFO: [ app_begin ] --END-- [ RunTime:0.000999s ]
INFO: [ app_end ] --START--
INFO: Run Behavior\ShowPageTraceBehavior [ RunTime:0.001250s ]
INFO: [ app_end ] --END-- [ RunTime:0.001397s ]

[ 2016-07-05T14:18:51+08:00 ] ::1 /snailkids.php/Api/Index/init/version/1
INFO: [ app_init ] --START--
INFO: Run Behavior\BuildLiteBehavior [ RunTime:0.000032s ]
INFO: [ app_init ] --END-- [ RunTime:0.000622s ]
INFO: [ app_begin ] --START--
INFO: Run Behavior\ReadHtmlCacheBehavior [ RunTime:0.000981s ]
INFO: [ app_begin ] --END-- [ RunTime:0.001125s ]
INFO: [ app_end ] --START--
INFO: Run Behavior\ShowPageTraceBehavior [ RunTime:0.001067s ]
INFO: [ app_end ] --END-- [ RunTime:0.001255s ]

[ 2016-07-05T14:18:54+08:00 ] ::1 /snailkids.php/Api/Index/init/version/1.1
INFO: [ app_init ] --START--
INFO: Run Behavior\BuildLiteBehavior [ RunTime:0.000035s ]
INFO: [ app_init ] --END-- [ RunTime:0.000929s ]
INFO: [ app_begin ] --START--
INFO: Run Behavior\ReadHtmlCacheBehavior [ RunTime:0.000829s ]
INFO: [ app_begin ] --END-- [ RunTime:0.000960s ]
INFO: [ app_end ] --START--
INFO: Run Behavior\ShowPageTraceBehavior [ RunTime:0.000804s ]
INFO: [ app_end ] --END-- [ RunTime:0.000925s ]

[ 2016-07-05T14:18:59+08:00 ] ::1 /snailkids.php/Api/Index/init/version/sd
INFO: [ app_init ] --START--
INFO: Run Behavior\BuildLiteBehavior [ RunTime:0.000030s ]
INFO: [ app_init ] --END-- [ RunTime:0.000570s ]
INFO: [ app_begin ] --START--
INFO: Run Behavior\ReadHtmlCacheBehavior [ RunTime:0.000814s ]
INFO: [ app_begin ] --END-- [ RunTime:0.000937s ]
INFO: [ app_end ] --START--
INFO: Run Behavior\ShowPageTraceBehavior [ RunTime:0.000824s ]
INFO: [ app_end ] --END-- [ RunTime:0.000956s ]

[ 2016-07-05T14:19:07+08:00 ] ::1 /snailkids.php/Api/Index/init/version/1sd
INFO: [ app_init ] --START--
INFO: Run Behavior\BuildLiteBehavior [ RunTime:0.000033s ]
INFO: [ app_init ] --END-- [ RunTime:0.000652s ]
INFO: [ app_begin ] --START--
INFO: Run Behavior\ReadHtmlCacheBehavior [ RunTime:0.000900s ]
INFO: [ app_begin ] --END-- [ RunTime:0.001053s ]
INFO: [ app_end ] --START--
INFO: Run Behavior\ShowPageTraceBehavior [ RunTime:0.001315s ]
INFO: [ app_end ] --END-- [ RunTime:0.001503s ]

[ 2016-07-05T14:19:13+08:00 ] ::1 /snailkids.php/Api/Index/init/version/sd11
INFO: [ app_init ] --START--
INFO: Run Behavior\BuildLiteBehavior [ RunTime:0.000039s ]
INFO: [ app_init ] --END-- [ RunTime:0.000643s ]
INFO: [ app_begin ] --START--
INFO: Run Behavior\ReadHtmlCacheBehavior [ RunTime:0.000834s ]
INFO: [ app_begin ] --END-- [ RunTime:0.000962s ]
INFO: [ app_end ] --START--
INFO: Run Behavior\ShowPageTraceBehavior [ RunTime:0.001131s ]
INFO: [ app_end ] --END-- [ RunTime:0.001306s ]

[ 2016-07-05T14:20:14+08:00 ] ::1 /snailkids.php/Api/Index/init/version/sd11
INFO: [ app_init ] --START--
INFO: Run Behavior\BuildLiteBehavior [ RunTime:0.000033s ]
INFO: [ app_init ] --END-- [ RunTime:0.000605s ]
INFO: [ app_begin ] --START--
INFO: Run Behavior\ReadHtmlCacheBehavior [ RunTime:0.000922s ]
INFO: [ app_begin ] --END-- [ RunTime:0.001090s ]
INFO: [ app_end ] --START--
INFO: Run Behavior\ShowPageTraceBehavior [ RunTime:0.000881s ]
INFO: [ app_end ] --END-- [ RunTime:0.001013s ]

[ 2016-07-05T14:20:15+08:00 ] ::1 /snailkids.php/Api/Index/init/version/sd11
INFO: [ app_init ] --START--
INFO: Run Behavior\BuildLiteBehavior [ RunTime:0.000030s ]
INFO: [ app_init ] --END-- [ RunTime:0.000603s ]
INFO: [ app_begin ] --START--
INFO: Run Behavior\ReadHtmlCacheBehavior [ RunTime:0.000886s ]
INFO: [ app_begin ] --END-- [ RunTime:0.001046s ]
INFO: [ app_end ] --START--
INFO: Run Behavior\ShowPageTraceBehavior [ RunTime:0.000807s ]
INFO: [ app_end ] --END-- [ RunTime:0.000930s ]

[ 2016-07-05T14:20:41+08:00 ] ::1 /snailkids.php/Api/Index/init/version/sd11
INFO: [ app_init ] --START--
INFO: Run Behavior\BuildLiteBehavior [ RunTime:0.000033s ]
INFO: [ app_init ] --END-- [ RunTime:0.000656s ]
INFO: [ app_begin ] --START--
INFO: Run Behavior\ReadHtmlCacheBehavior [ RunTime:0.000814s ]
INFO: [ app_begin ] --END-- [ RunTime:0.000940s ]
INFO: [ app_end ] --START--
INFO: Run Behavior\ShowPageTraceBehavior [ RunTime:0.000881s ]
INFO: [ app_end ] --END-- [ RunTime:0.001006s ]

[ 2016-07-05T14:20:48+08:00 ] ::1 /snailkids.php/Api/Index/init/version/
INFO: [ app_init ] --START--
INFO: Run Behavior\BuildLiteBehavior [ RunTime:0.000031s ]
INFO: [ app_init ] --END-- [ RunTime:0.000614s ]
INFO: [ app_begin ] --START--
INFO: Run Behavior\ReadHtmlCacheBehavior [ RunTime:0.000818s ]
INFO: [ app_begin ] --END-- [ RunTime:0.000957s ]
INFO: [ app_end ] --START--
INFO: Run Behavior\ShowPageTraceBehavior [ RunTime:0.000926s ]
INFO: [ app_end ] --END-- [ RunTime:0.001092s ]

[ 2016-07-05T14:20:50+08:00 ] ::1 /snailkids.php/Api/Index/init/version/1
INFO: [ app_init ] --START--
INFO: Run Behavior\BuildLiteBehavior [ RunTime:0.000030s ]
INFO: [ app_init ] --END-- [ RunTime:0.000602s ]
INFO: [ app_begin ] --START--
INFO: Run Behavior\ReadHtmlCacheBehavior [ RunTime:0.000899s ]
INFO: [ app_begin ] --END-- [ RunTime:0.001032s ]
INFO: [ app_end ] --START--
INFO: Run Behavior\ShowPageTraceBehavior [ RunTime:0.000792s ]
INFO: [ app_end ] --END-- [ RunTime:0.000915s ]

[ 2016-07-05T14:20:56+08:00 ] ::1 /snailkids.php/Api/Index/init/version/1.1
INFO: [ app_init ] --START--
INFO: Run Behavior\BuildLiteBehavior [ RunTime:0.000031s ]
INFO: [ app_init ] --END-- [ RunTime:0.000619s ]
INFO: [ app_begin ] --START--
INFO: Run Behavior\ReadHtmlCacheBehavior [ RunTime:0.000839s ]
INFO: [ app_begin ] --END-- [ RunTime:0.000969s ]
INFO: [ app_end ] --START--
INFO: Run Behavior\ShowPageTraceBehavior [ RunTime:0.000904s ]
INFO: [ app_end ] --END-- [ RunTime:0.001041s ]

[ 2016-07-05T14:21:01+08:00 ] ::1 /snailkids.php/Api/Index/init/version/0.9
INFO: [ app_init ] --START--
INFO: Run Behavior\BuildLiteBehavior [ RunTime:0.000031s ]
INFO: [ app_init ] --END-- [ RunTime:0.000571s ]
INFO: [ app_begin ] --START--
INFO: Run Behavior\ReadHtmlCacheBehavior [ RunTime:0.000825s ]
INFO: [ app_begin ] --END-- [ RunTime:0.000951s ]
INFO: [ app_end ] --START--
INFO: Run Behavior\ShowPageTraceBehavior [ RunTime:0.000793s ]
INFO: [ app_end ] --END-- [ RunTime:0.000918s ]

[ 2016-07-05T14:21:21+08:00 ] ::1 /snailkids.php/Api/Index/init/version/0.9
INFO: [ app_init ] --START--
INFO: Run Behavior\BuildLiteBehavior [ RunTime:0.000032s ]
INFO: [ app_init ] --END-- [ RunTime:0.000777s ]
INFO: [ app_begin ] --START--
INFO: Run Behavior\ReadHtmlCacheBehavior [ RunTime:0.000882s ]
INFO: [ app_begin ] --END-- [ RunTime:0.001014s ]
INFO: [ app_end ] --START--
INFO: Run Behavior\ShowPageTraceBehavior [ RunTime:0.001128s ]
INFO: [ app_end ] --END-- [ RunTime:0.001326s ]

[ 2016-07-05T14:21:26+08:00 ] ::1 /snailkids.php/Api/Index/init/version/1.01
INFO: [ app_init ] --START--
INFO: Run Behavior\BuildLiteBehavior [ RunTime:0.000032s ]
INFO: [ app_init ] --END-- [ RunTime:0.000598s ]
INFO: [ app_begin ] --START--
INFO: Run Behavior\ReadHtmlCacheBehavior [ RunTime:0.000808s ]
INFO: [ app_begin ] --END-- [ RunTime:0.000936s ]
INFO: [ app_end ] --START--
INFO: Run Behavior\ShowPageTraceBehavior [ RunTime:0.000873s ]
INFO: [ app_end ] --END-- [ RunTime:0.001007s ]

[ 2016-07-05T14:21:29+08:00 ] ::1 /snailkids.php/Api/Index/init/version/1.00
INFO: [ app_init ] --START--
INFO: Run Behavior\BuildLiteBehavior [ RunTime:0.000040s ]
INFO: [ app_init ] --END-- [ RunTime:0.000593s ]
INFO: [ app_begin ] --START--
INFO: Run Behavior\ReadHtmlCacheBehavior [ RunTime:0.000838s ]
INFO: [ app_begin ] --END-- [ RunTime:0.000963s ]
INFO: [ app_end ] --START--
INFO: Run Behavior\ShowPageTraceBehavior [ RunTime:0.000856s ]
INFO: [ app_end ] --END-- [ RunTime:0.001009s ]

[ 2016-07-05T14:21:34+08:00 ] ::1 /snailkids.php/Api/Index/init/version/0.999999
INFO: [ app_init ] --START--
INFO: Run Behavior\BuildLiteBehavior [ RunTime:0.000031s ]
INFO: [ app_init ] --END-- [ RunTime:0.000606s ]
INFO: [ app_begin ] --START--
INFO: Run Behavior\ReadHtmlCacheBehavior [ RunTime:0.000831s ]
INFO: [ app_begin ] --END-- [ RunTime:0.000960s ]
INFO: [ app_end ] --START--
INFO: Run Behavior\ShowPageTraceBehavior [ RunTime:0.000810s ]
INFO: [ app_end ] --END-- [ RunTime:0.000935s ]

[ 2016-07-05T14:28:55+08:00 ] ::1 /snailkids.php/Api/Index/init/version/0.999999
INFO: [ app_init ] --START--
INFO: Run Behavior\BuildLiteBehavior [ RunTime:0.000032s ]
INFO: [ app_init ] --END-- [ RunTime:0.000612s ]
INFO: [ app_begin ] --START--
INFO: Run Behavior\ReadHtmlCacheBehavior [ RunTime:0.000872s ]
INFO: [ app_begin ] --END-- [ RunTime:0.001007s ]
INFO: [ app_end ] --START--
INFO: Run Behavior\ShowPageTraceBehavior [ RunTime:0.000862s ]
INFO: [ app_end ] --END-- [ RunTime:0.000998s ]

[ 2016-07-05T14:28:57+08:00 ] ::1 /snailkids.php/Api/Index/init/version/0.999999
INFO: [ app_init ] --START--
INFO: Run Behavior\BuildLiteBehavior [ RunTime:0.000031s ]
INFO: [ app_init ] --END-- [ RunTime:0.000606s ]
INFO: [ app_begin ] --START--
INFO: Run Behavior\ReadHtmlCacheBehavior [ RunTime:0.000804s ]
INFO: [ app_begin ] --END-- [ RunTime:0.000929s ]
INFO: [ app_end ] --START--
INFO: Run Behavior\ShowPageTraceBehavior [ RunTime:0.000818s ]
INFO: [ app_end ] --END-- [ RunTime:0.000944s ]

[ 2016-07-05T14:30:28+08:00 ] ::1 /snailkids.php/Api/Index/init/version/0.999999
INFO: [ app_init ] --START--
INFO: Run Behavior\BuildLiteBehavior [ RunTime:0.000032s ]
INFO: [ app_init ] --END-- [ RunTime:0.000608s ]
INFO: [ app_begin ] --START--
INFO: Run Behavior\ReadHtmlCacheBehavior [ RunTime:0.000866s ]
INFO: [ app_begin ] --END-- [ RunTime:0.000993s ]

[ 2016-07-05T14:31:47+08:00 ] ::1 /snailkids.php/Api/Index/init/version/0.999999
INFO: [ app_init ] --START--
INFO: Run Behavior\BuildLiteBehavior [ RunTime:0.000062s ]
INFO: [ app_init ] --END-- [ RunTime:0.000638s ]
INFO: [ app_begin ] --START--
INFO: Run Behavior\ReadHtmlCacheBehavior [ RunTime:0.000850s ]
INFO: [ app_begin ] --END-- [ RunTime:0.000983s ]
INFO: [ app_end ] --START--
INFO: Run Behavior\ShowPageTraceBehavior [ RunTime:0.000857s ]
INFO: [ app_end ] --END-- [ RunTime:0.000985s ]

[ 2016-07-05T14:33:46+08:00 ] ::1 /snailkids.php/Api/Index/init/version/0.999999
INFO: [ app_init ] --START--
INFO: Run Behavior\BuildLiteBehavior [ RunTime:0.000032s ]
INFO: [ app_init ] --END-- [ RunTime:0.000652s ]
INFO: [ app_begin ] --START--
INFO: Run Behavior\ReadHtmlCacheBehavior [ RunTime:0.000954s ]
INFO: [ app_begin ] --END-- [ RunTime:0.001100s ]
INFO: [ app_end ] --START--
INFO: Run Behavior\ShowPageTraceBehavior [ RunTime:0.001432s ]
INFO: [ app_end ] --END-- [ RunTime:0.001699s ]

[ 2016-07-05T14:38:03+08:00 ] ::1 /snailkids.php/Api/Index/init/version/0.999999
INFO: [ app_init ] --START--
INFO: Run Behavior\BuildLiteBehavior [ RunTime:0.000045s ]
INFO: [ app_init ] --END-- [ RunTime:0.000929s ]
INFO: [ app_begin ] --START--
INFO: Run Behavior\ReadHtmlCacheBehavior [ RunTime:0.000983s ]
INFO: [ app_begin ] --END-- [ RunTime:0.001137s ]
NOTIC: [8] Undefined index: 0.999999 D:\Programs\wamp\www3\SnailKids\Api\Controller\IndexController.class.php 第 42 行.
INFO: [ app_end ] --START--
INFO: Run Behavior\ShowPageTraceBehavior [ RunTime:0.000895s ]
INFO: [ app_end ] --END-- [ RunTime:0.001027s ]

[ 2016-07-05T14:38:12+08:00 ] ::1 /snailkids.php/Api/Index/init/version/1.0
INFO: [ app_init ] --START--
INFO: Run Behavior\BuildLiteBehavior [ RunTime:0.000034s ]
INFO: [ app_init ] --END-- [ RunTime:0.000639s ]
INFO: [ app_begin ] --START--
INFO: Run Behavior\ReadHtmlCacheBehavior [ RunTime:0.000845s ]
INFO: [ app_begin ] --END-- [ RunTime:0.000978s ]
INFO: [ app_end ] --START--
INFO: Run Behavior\ShowPageTraceBehavior [ RunTime:0.000880s ]
INFO: [ app_end ] --END-- [ RunTime:0.001009s ]

[ 2016-07-05T14:39:44+08:00 ] ::1 /snailkids.php/Api/Index/init/version/1.0
INFO: [ app_init ] --START--
INFO: Run Behavior\BuildLiteBehavior [ RunTime:0.000035s ]
INFO: [ app_init ] --END-- [ RunTime:0.000703s ]
INFO: [ app_begin ] --START--
INFO: Run Behavior\ReadHtmlCacheBehavior [ RunTime:0.000898s ]
INFO: [ app_begin ] --END-- [ RunTime:0.001044s ]
INFO: [ app_end ] --START--
INFO: Run Behavior\ShowPageTraceBehavior [ RunTime:0.000847s ]
INFO: [ app_end ] --END-- [ RunTime:0.000979s ]

[ 2016-07-05T14:39:45+08:00 ] ::1 /snailkids.php/Api/Index/init/version/1.0
INFO: [ app_init ] --START--
INFO: Run Behavior\BuildLiteBehavior [ RunTime:0.000057s ]
INFO: [ app_init ] --END-- [ RunTime:0.000910s ]
INFO: [ app_begin ] --START--
INFO: Run Behavior\ReadHtmlCacheBehavior [ RunTime:0.001221s ]
INFO: [ app_begin ] --END-- [ RunTime:0.001438s ]
INFO: [ app_end ] --START--
INFO: Run Behavior\ShowPageTraceBehavior [ RunTime:0.001438s ]
INFO: [ app_end ] --END-- [ RunTime:0.001657s ]

[ 2016-07-05T14:39:48+08:00 ] ::1 /snailkids.php/Api/Index/init/version/1.2
INFO: [ app_init ] --START--
INFO: Run Behavior\BuildLiteBehavior [ RunTime:0.000035s ]
INFO: [ app_init ] --END-- [ RunTime:0.000619s ]
INFO: [ app_begin ] --START--
INFO: Run Behavior\ReadHtmlCacheBehavior [ RunTime:0.000878s ]
INFO: [ app_begin ] --END-- [ RunTime:0.001036s ]
INFO: [ app_end ] --START--
INFO: Run Behavior\ShowPageTraceBehavior [ RunTime:0.000929s ]
INFO: [ app_end ] --END-- [ RunTime:0.001070s ]

[ 2016-07-05T14:39:55+08:00 ] ::1 /snailkids.php/Api/Index/init/version/1
INFO: [ app_init ] --START--
INFO: Run Behavior\BuildLiteBehavior [ RunTime:0.000033s ]
INFO: [ app_init ] --END-- [ RunTime:0.000603s ]
INFO: [ app_begin ] --START--
INFO: Run Behavior\ReadHtmlCacheBehavior [ RunTime:0.001159s ]
INFO: [ app_begin ] --END-- [ RunTime:0.001343s ]
INFO: [ app_end ] --START--
INFO: Run Behavior\ShowPageTraceBehavior [ RunTime:0.001215s ]
INFO: [ app_end ] --END-- [ RunTime:0.001394s ]

[ 2016-07-05T14:40:00+08:00 ] ::1 /snailkids.php/Api/Index/init/version/1.0
INFO: [ app_init ] --START--
INFO: Run Behavior\BuildLiteBehavior [ RunTime:0.000033s ]
INFO: [ app_init ] --END-- [ RunTime:0.000729s ]
INFO: [ app_begin ] --START--
INFO: Run Behavior\ReadHtmlCacheBehavior [ RunTime:0.001809s ]
INFO: [ app_begin ] --END-- [ RunTime:0.002011s ]
INFO: [ app_end ] --START--
INFO: Run Behavior\ShowPageTraceBehavior [ RunTime:0.001376s ]
INFO: [ app_end ] --END-- [ RunTime:0.001547s ]

[ 2016-07-05T14:40:08+08:00 ] ::1 /snailkids.php/Api/Index/init/version/0.9
INFO: [ app_init ] --START--
INFO: Run Behavior\BuildLiteBehavior [ RunTime:0.000051s ]
INFO: [ app_init ] --END-- [ RunTime:0.001069s ]
INFO: [ app_begin ] --START--
INFO: Run Behavior\ReadHtmlCacheBehavior [ RunTime:0.001352s ]
INFO: [ app_begin ] --END-- [ RunTime:0.001571s ]
INFO: [ app_end ] --START--
INFO: Run Behavior\ShowPageTraceBehavior [ RunTime:0.001567s ]
INFO: [ app_end ] --END-- [ RunTime:0.001781s ]

[ 2016-07-05T14:41:04+08:00 ] ::1 /snailkids.php/Api/Index/init/version/0.9
INFO: [ app_init ] --START--
INFO: Run Behavior\BuildLiteBehavior [ RunTime:0.000033s ]
INFO: [ app_init ] --END-- [ RunTime:0.000785s ]
INFO: [ app_begin ] --START--
INFO: Run Behavior\ReadHtmlCacheBehavior [ RunTime:0.000866s ]
INFO: [ app_begin ] --END-- [ RunTime:0.001007s ]
INFO: [ app_end ] --START--
INFO: Run Behavior\ShowPageTraceBehavior [ RunTime:0.001840s ]
INFO: [ app_end ] --END-- [ RunTime:0.002103s ]

[ 2016-07-05T14:41:35+08:00 ] ::1 /snailkids.php/Api/Index/init/version/0.9
INFO: [ app_init ] --START--
INFO: Run Behavior\BuildLiteBehavior [ RunTime:0.000055s ]
INFO: [ app_init ] --END-- [ RunTime:0.001485s ]
INFO: [ app_begin ] --START--
INFO: Run Behavior\ReadHtmlCacheBehavior [ RunTime:0.001510s ]
INFO: [ app_begin ] --END-- [ RunTime:0.001743s ]
SQL: SHOW COLUMNS FROM `sk_package` [ RunTime:0.0154s ]
SQL: SELECT `id`,`name`,`cover_path` FROM `sk_package` WHERE `enable` = 1 ORDER BY id  [ RunTime:0.0005s ]
INFO: [ app_end ] --START--
INFO: Run Behavior\ShowPageTraceBehavior [ RunTime:0.001132s ]
INFO: [ app_end ] --END-- [ RunTime:0.001266s ]

[ 2016-07-05T14:46:18+08:00 ] ::1 /snailkids.php/Api/Index/init/version/0.9
INFO: [ app_init ] --START--
INFO: Run Behavior\BuildLiteBehavior [ RunTime:0.000035s ]
INFO: [ app_init ] --END-- [ RunTime:0.000693s ]
INFO: [ app_begin ] --START--
INFO: Run Behavior\ReadHtmlCacheBehavior [ RunTime:0.001323s ]
INFO: [ app_begin ] --END-- [ RunTime:0.001539s ]
SQL: SHOW COLUMNS FROM `sk_package` [ RunTime:0.0153s ]
SQL: SELECT `id`,`name`,`cover_path` FROM `sk_package` WHERE `enable` = 1 ORDER BY id  [ RunTime:0.0004s ]
INFO: [ app_end ] --START--
INFO: Run Behavior\ShowPageTraceBehavior [ RunTime:0.000947s ]
INFO: [ app_end ] --END-- [ RunTime:0.001189s ]

[ 2016-07-05T14:46:37+08:00 ] ::1 /snailkids.php/Api/Index/init/version/0.9
INFO: [ app_init ] --START--
INFO: Run Behavior\BuildLiteBehavior [ RunTime:0.000030s ]
INFO: [ app_init ] --END-- [ RunTime:0.000588s ]
INFO: [ app_begin ] --START--
INFO: Run Behavior\ReadHtmlCacheBehavior [ RunTime:0.000860s ]
INFO: [ app_begin ] --END-- [ RunTime:0.001021s ]
SQL: SHOW COLUMNS FROM `sk_package` [ RunTime:0.0101s ]
SQL: SELECT `id`,`name`,`cover_path` FROM `sk_package` WHERE `enable` = 1 ORDER BY id  [ RunTime:0.0003s ]
INFO: [ app_end ] --START--
INFO: Run Behavior\ShowPageTraceBehavior [ RunTime:0.000905s ]
INFO: [ app_end ] --END-- [ RunTime:0.001031s ]

[ 2016-07-05T14:56:36+08:00 ] ::1 /snailkids.php/Api/Active/index
INFO: [ app_init ] --START--
INFO: Run Behavior\BuildLiteBehavior [ RunTime:0.000044s ]
INFO: [ app_init ] --END-- [ RunTime:0.000805s ]
INFO: [ app_begin ] --START--
INFO: Run Behavior\ReadHtmlCacheBehavior [ RunTime:0.001484s ]
INFO: [ app_begin ] --END-- [ RunTime:0.001677s ]
ERR: 无法加载控制器:Active

[ 2016-07-05T15:30:41+08:00 ] ::1 /snailkids.php/Api/Index/index
INFO: [ app_init ] --START--
INFO: Run Behavior\BuildLiteBehavior [ RunTime:0.000035s ]
INFO: [ app_init ] --END-- [ RunTime:0.000828s ]
INFO: [ app_begin ] --START--
INFO: Run Behavior\ReadHtmlCacheBehavior [ RunTime:0.000856s ]
INFO: [ app_begin ] --END-- [ RunTime:0.000983s ]
ERR: 非法操作:index

[ 2016-07-05T15:30:46+08:00 ] ::1 /snailkids.php/Api/Index/init
INFO: [ app_init ] --START--
INFO: Run Behavior\BuildLiteBehavior [ RunTime:0.000030s ]
INFO: [ app_init ] --END-- [ RunTime:0.000571s ]
INFO: [ app_begin ] --START--
INFO: Run Behavior\ReadHtmlCacheBehavior [ RunTime:0.000815s ]
INFO: [ app_begin ] --END-- [ RunTime:0.000962s ]
NOTIC: [2] array_key_exists(): The first argument should be either a string or an integer D:\Programs\wamp\www3\SnailKids\Api\Controller\IndexController.class.php 第 42 行.
SQL: SHOW COLUMNS FROM `sk_package` [ RunTime:0.0096s ]
SQL: SELECT `id`,`name`,`cover_path` FROM `sk_package` WHERE `enable` = 1 ORDER BY id  [ RunTime:0.0004s ]
INFO: [ app_end ] --START--
INFO: Run Behavior\ShowPageTraceBehavior [ RunTime:0.000933s ]
INFO: [ app_end ] --END-- [ RunTime:0.001054s ]

[ 2016-07-05T16:07:54+08:00 ] ::1 /snailkids.php/Api/Package/index/package_id/4
INFO: [ app_init ] --START--
INFO: Run Behavior\BuildLiteBehavior [ RunTime:0.000034s ]
INFO: [ app_init ] --END-- [ RunTime:0.000628s ]
INFO: [ app_begin ] --START--
INFO: Run Behavior\ReadHtmlCacheBehavior [ RunTime:0.001142s ]
INFO: [ app_begin ] --END-- [ RunTime:0.001281s ]
SQL: SHOW COLUMNS FROM `sk_package` [ RunTime:0.0099s ]
SQL: SELECT `id`,`name` FROM `sk_package` WHERE `enable` = 1 ORDER BY id  [ RunTime:0.0004s ]
SQL: SELECT * FROM `sk_package` WHERE `enable` = 1 AND `id` = 1 LIMIT 1   [ RunTime:0.0004s ]

[ 2016-07-05T16:08:07+08:00 ] ::1 /snailkids.php/Api/Index/init
INFO: [ app_init ] --START--
INFO: Run Behavior\BuildLiteBehavior [ RunTime:0.000034s ]
INFO: [ app_init ] --END-- [ RunTime:0.000602s ]
INFO: [ app_begin ] --START--
INFO: Run Behavior\ReadHtmlCacheBehavior [ RunTime:0.001027s ]
INFO: [ app_begin ] --END-- [ RunTime:0.001185s ]
NOTIC: [2] array_key_exists(): The first argument should be either a string or an integer D:\Programs\wamp\www3\SnailKids\Api\Controller\IndexController.class.php 第 42 行.
SQL: SHOW COLUMNS FROM `sk_package` [ RunTime:0.0095s ]
SQL: SELECT `id`,`name`,`cover_path` FROM `sk_package` WHERE `enable` = 1 ORDER BY id  [ RunTime:0.0004s ]
INFO: [ app_end ] --START--
INFO: Run Behavior\ShowPageTraceBehavior [ RunTime:0.001237s ]
INFO: [ app_end ] --END-- [ RunTime:0.001373s ]

