[ 2016-06-15T09:29:13+08:00 ] ::1 /snailkids.php/Api/Index/index
INFO: [ app_init ] --START--
INFO: Run Behavior\BuildLiteBehavior [ RunTime:0.000031s ]
INFO: [ app_init ] --END-- [ RunTime:0.000596s ]
INFO: [ app_begin ] --START--
INFO: Run Behavior\ReadHtmlCacheBehavior [ RunTime:0.000941s ]
INFO: [ app_begin ] --END-- [ RunTime:0.001070s ]
SQL: SHOW COLUMNS FROM `sk_trailer` [ RunTime:0.0126s ]
SQL: SELECT `id`,`thumb_path` FROM `sk_trailer` WHERE `enable` = 1 ORDER BY edit_time desc LIMIT 1   [ RunTime:0.0004s ]
SQL: SHOW COLUMNS FROM `sk_photo` [ RunTime:0.0100s ]
SQL: SELECT `id`,`introduce`,`image_path_group` FROM `sk_photo` WHERE `enable` = 1 ORDER BY edit_time desc LIMIT 3   [ RunTime:0.0005s ]
SQL: SHOW COLUMNS FROM `sk_theme` [ RunTime:0.0090s ]
SQL: SELECT * FROM `sk_theme`  [ RunTime:0.0003s ]

[ 2016-06-15T09:29:54+08:00 ] ::1 /snailkids.php/Api/Index/index
INFO: [ app_init ] --START--
INFO: Run Behavior\BuildLiteBehavior [ RunTime:0.000032s ]
INFO: [ app_init ] --END-- [ RunTime:0.000608s ]
INFO: [ app_begin ] --START--
INFO: Run Behavior\ReadHtmlCacheBehavior [ RunTime:0.000886s ]
INFO: [ app_begin ] --END-- [ RunTime:0.001016s ]
SQL: SHOW COLUMNS FROM `sk_trailer` [ RunTime:0.0098s ]
SQL: SELECT `id`,`thumb_path` FROM `sk_trailer` WHERE `enable` = 1 ORDER BY edit_time desc LIMIT 1   [ RunTime:0.0004s ]
SQL: SHOW COLUMNS FROM `sk_photo` [ RunTime:0.0076s ]
SQL: SELECT `id`,`introduce`,`image_path_group` FROM `sk_photo` WHERE `enable` = 1 ORDER BY edit_time desc LIMIT 3   [ RunTime:0.0004s ]
SQL: SHOW COLUMNS FROM `sk_theme` [ RunTime:0.0069s ]
SQL: SELECT * FROM `sk_theme`  [ RunTime:0.0003s ]

[ 2016-06-15T09:30:28+08:00 ] ::1 /snailkids.php/Api/Theme/index
INFO: [ app_init ] --START--
INFO: Run Behavior\BuildLiteBehavior [ RunTime:0.000037s ]
INFO: [ app_init ] --END-- [ RunTime:0.000803s ]
INFO: [ app_begin ] --START--
INFO: Run Behavior\ReadHtmlCacheBehavior [ RunTime:0.000703s ]
INFO: [ app_begin ] --END-- [ RunTime:0.000848s ]
SQL: SHOW COLUMNS FROM `sk_video` [ RunTime:0.0098s ]
SQL: SELECT COUNT(*) AS tp_count FROM `sk_video` WHERE `theme_id` = 1 AND `enable` = 1 LIMIT 1   [ RunTime:0.0004s ]
SQL: SELECT `id`,`title`,`duration`,`cover_path`,`play_num`,`praise_num`,`comment_num` FROM `sk_video` WHERE `theme_id` = 1 AND `enable` = 1 ORDER BY edit_time desc LIMIT 0,5   [ RunTime:0.0003s ]

[ 2016-06-15T09:31:09+08:00 ] ::1 /snailkids.php/Api/Video/index/videoId/1
INFO: [ app_init ] --START--
INFO: Run Behavior\BuildLiteBehavior [ RunTime:0.000032s ]
INFO: [ app_init ] --END-- [ RunTime:0.000585s ]
INFO: [ app_begin ] --START--
INFO: Run Behavior\ReadHtmlCacheBehavior [ RunTime:0.001027s ]
INFO: [ app_begin ] --END-- [ RunTime:0.001219s ]
SQL: SHOW COLUMNS FROM `sk_video` [ RunTime:0.0116s ]
SQL: SELECT * FROM `sk_video` WHERE `id` = 1 AND `enable` = 1 LIMIT 1   [ RunTime:0.0005s ]
SQL: SHOW COLUMNS FROM `sk_userinfo` [ RunTime:0.0077s ]
SQL: SHOW COLUMNS FROM `sk_videopraise` [ RunTime:0.0088s ]
SQL: SELECT * FROM `sk_videopraise` WHERE `video_id` = 1 LIMIT 1   [ RunTime:0.0003s ]
SQL: SELECT * FROM `sk_userinfo` WHERE `user_id` = 7 LIMIT 1   [ RunTime:0.0003s ]
SQL: SELECT * FROM `sk_userinfo` WHERE `user_id` = 4 LIMIT 1   [ RunTime:0.0003s ]
SQL: SELECT * FROM `sk_userinfo` WHERE `user_id` = 6 LIMIT 1   [ RunTime:0.0003s ]
SQL: SELECT * FROM `sk_userinfo` WHERE `user_id` = 3 LIMIT 1   [ RunTime:0.0003s ]
SQL: SELECT * FROM `sk_userinfo` WHERE `user_id` = 10 LIMIT 1   [ RunTime:0.0003s ]
SQL: SELECT * FROM `sk_userinfo` WHERE `user_id` = 1 LIMIT 1   [ RunTime:0.0003s ]
SQL: SELECT * FROM `sk_userinfo` WHERE `user_id` = 8 LIMIT 1   [ RunTime:0.0003s ]
SQL: SELECT * FROM `sk_userinfo` WHERE `user_id` = 5 LIMIT 1   [ RunTime:0.0003s ]
SQL: SELECT * FROM `sk_userinfo` WHERE `user_id` = 2 LIMIT 1   [ RunTime:0.0003s ]
SQL: SHOW COLUMNS FROM `sk_videocomment` [ RunTime:0.0091s ]
SQL: SELECT * FROM `sk_videocomment` WHERE `video_id` = 1 AND `enable` = 1 ORDER BY comment_time desc LIMIT 5   [ RunTime:0.0004s ]
SQL: SELECT * FROM `sk_userinfo` WHERE `user_id` = 8 LIMIT 1   [ RunTime:0.0003s ]
SQL: SELECT * FROM `sk_userinfo` WHERE `user_id` = 6 LIMIT 1   [ RunTime:0.0003s ]
SQL: SELECT * FROM `sk_userinfo` WHERE `user_id` = 3 LIMIT 1   [ RunTime:0.0003s ]

[ 2016-06-15T09:31:24+08:00 ] ::1 /snailkids.php/Api/Video/index/videoId/9
INFO: [ app_init ] --START--
INFO: Run Behavior\BuildLiteBehavior [ RunTime:0.000031s ]
INFO: [ app_init ] --END-- [ RunTime:0.000576s ]
INFO: [ app_begin ] --START--
INFO: Run Behavior\ReadHtmlCacheBehavior [ RunTime:0.000720s ]
INFO: [ app_begin ] --END-- [ RunTime:0.000848s ]
SQL: SHOW COLUMNS FROM `sk_video` [ RunTime:0.0089s ]
SQL: SELECT * FROM `sk_video` WHERE `id` = 9 AND `enable` = 1 LIMIT 1   [ RunTime:0.0004s ]
SQL: SHOW COLUMNS FROM `sk_userinfo` [ RunTime:0.0068s ]
SQL: SHOW COLUMNS FROM `sk_videopraise` [ RunTime:0.0069s ]
SQL: SELECT * FROM `sk_videopraise` WHERE `video_id` = 9 LIMIT 1   [ RunTime:0.0003s ]
SQL: SELECT * FROM `sk_userinfo` WHERE `user_id` = 3 LIMIT 1   [ RunTime:0.0003s ]
SQL: SELECT * FROM `sk_userinfo` WHERE `user_id` = 2 LIMIT 1   [ RunTime:0.0003s ]
SQL: SELECT * FROM `sk_userinfo` WHERE `user_id` = 1 LIMIT 1   [ RunTime:0.0003s ]
SQL: SHOW COLUMNS FROM `sk_videocomment` [ RunTime:0.0070s ]
SQL: SELECT * FROM `sk_videocomment` WHERE `video_id` = 9 AND `enable` = 1 ORDER BY comment_time desc LIMIT 5   [ RunTime:0.0004s ]

[ 2016-06-15T09:31:27+08:00 ] ::1 /snailkids.php/Api/Video/index/videoId/9
INFO: [ app_init ] --START--
INFO: Run Behavior\BuildLiteBehavior [ RunTime:0.000029s ]
INFO: [ app_init ] --END-- [ RunTime:0.000611s ]
INFO: [ app_begin ] --START--
INFO: Run Behavior\ReadHtmlCacheBehavior [ RunTime:0.000703s ]
INFO: [ app_begin ] --END-- [ RunTime:0.000829s ]
SQL: SHOW COLUMNS FROM `sk_video` [ RunTime:0.0089s ]
SQL: SELECT * FROM `sk_video` WHERE `id` = 9 AND `enable` = 1 LIMIT 1   [ RunTime:0.0004s ]
SQL: SHOW COLUMNS FROM `sk_userinfo` [ RunTime:0.0095s ]
SQL: SHOW COLUMNS FROM `sk_videopraise` [ RunTime:0.0063s ]
SQL: SELECT * FROM `sk_videopraise` WHERE `video_id` = 9 LIMIT 1   [ RunTime:0.0003s ]
SQL: SELECT * FROM `sk_userinfo` WHERE `user_id` = 3 LIMIT 1   [ RunTime:0.0003s ]
SQL: SELECT * FROM `sk_userinfo` WHERE `user_id` = 2 LIMIT 1   [ RunTime:0.0003s ]
SQL: SELECT * FROM `sk_userinfo` WHERE `user_id` = 1 LIMIT 1   [ RunTime:0.0003s ]
SQL: SHOW COLUMNS FROM `sk_videocomment` [ RunTime:0.0071s ]
SQL: SELECT * FROM `sk_videocomment` WHERE `video_id` = 9 AND `enable` = 1 ORDER BY comment_time desc LIMIT 5   [ RunTime:0.0004s ]

[ 2016-06-15T09:31:27+08:00 ] ::1 /snailkids.php/Api/Video/index/videoId/9
INFO: [ app_init ] --START--
INFO: Run Behavior\BuildLiteBehavior [ RunTime:0.000030s ]
INFO: [ app_init ] --END-- [ RunTime:0.000606s ]
INFO: [ app_begin ] --START--
INFO: Run Behavior\ReadHtmlCacheBehavior [ RunTime:0.000722s ]
INFO: [ app_begin ] --END-- [ RunTime:0.000855s ]
SQL: SHOW COLUMNS FROM `sk_video` [ RunTime:0.0071s ]
SQL: SELECT * FROM `sk_video` WHERE `id` = 9 AND `enable` = 1 LIMIT 1   [ RunTime:0.0004s ]
SQL: SHOW COLUMNS FROM `sk_userinfo` [ RunTime:0.0054s ]
SQL: SHOW COLUMNS FROM `sk_videopraise` [ RunTime:0.0052s ]
SQL: SELECT * FROM `sk_videopraise` WHERE `video_id` = 9 LIMIT 1   [ RunTime:0.0003s ]
SQL: SELECT * FROM `sk_userinfo` WHERE `user_id` = 3 LIMIT 1   [ RunTime:0.0003s ]
SQL: SELECT * FROM `sk_userinfo` WHERE `user_id` = 2 LIMIT 1   [ RunTime:0.0004s ]
SQL: SELECT * FROM `sk_userinfo` WHERE `user_id` = 1 LIMIT 1   [ RunTime:0.0003s ]
SQL: SHOW COLUMNS FROM `sk_videocomment` [ RunTime:0.0055s ]
SQL: SELECT * FROM `sk_videocomment` WHERE `video_id` = 9 AND `enable` = 1 ORDER BY comment_time desc LIMIT 5   [ RunTime:0.0004s ]

[ 2016-06-15T09:33:38+08:00 ] ::1 /snailkids.php/Api/Video/index/videoId/9
INFO: [ app_init ] --START--
INFO: Run Behavior\BuildLiteBehavior [ RunTime:0.000029s ]
INFO: [ app_init ] --END-- [ RunTime:0.000569s ]
INFO: [ app_begin ] --START--
INFO: Run Behavior\ReadHtmlCacheBehavior [ RunTime:0.000873s ]
INFO: [ app_begin ] --END-- [ RunTime:0.000996s ]
SQL: SHOW COLUMNS FROM `sk_video` [ RunTime:0.0088s ]
SQL: SELECT * FROM `sk_video` WHERE `id` = 9 AND `enable` = 1 LIMIT 1   [ RunTime:0.0005s ]
SQL: UPDATE `sk_video` SET `play_num`=play_num+1 WHERE `id` = 9 AND `enable` = 1 [ RunTime:0.0014s ]
SQL: SHOW COLUMNS FROM `sk_userinfo` [ RunTime:0.0066s ]
SQL: SHOW COLUMNS FROM `sk_videopraise` [ RunTime:0.0074s ]
SQL: SELECT * FROM `sk_videopraise` WHERE `video_id` = 9 LIMIT 1   [ RunTime:0.0003s ]
SQL: SELECT * FROM `sk_userinfo` WHERE `user_id` = 3 LIMIT 1   [ RunTime:0.0003s ]
SQL: SELECT * FROM `sk_userinfo` WHERE `user_id` = 2 LIMIT 1   [ RunTime:0.0003s ]
SQL: SELECT * FROM `sk_userinfo` WHERE `user_id` = 1 LIMIT 1   [ RunTime:0.0003s ]
SQL: SHOW COLUMNS FROM `sk_videocomment` [ RunTime:0.0074s ]
SQL: SELECT * FROM `sk_videocomment` WHERE `video_id` = 9 AND `enable` = 1 ORDER BY comment_time desc LIMIT 5   [ RunTime:0.0004s ]

[ 2016-06-15T09:33:43+08:00 ] ::1 /snailkids.php/Api/Video/index/videoId/9
INFO: [ app_init ] --START--
INFO: Run Behavior\BuildLiteBehavior [ RunTime:0.000030s ]
INFO: [ app_init ] --END-- [ RunTime:0.000608s ]
INFO: [ app_begin ] --START--
INFO: Run Behavior\ReadHtmlCacheBehavior [ RunTime:0.000868s ]
INFO: [ app_begin ] --END-- [ RunTime:0.001001s ]
SQL: SHOW COLUMNS FROM `sk_video` [ RunTime:0.0085s ]
SQL: SELECT * FROM `sk_video` WHERE `id` = 9 AND `enable` = 1 LIMIT 1   [ RunTime:0.0004s ]
SQL: UPDATE `sk_video` SET `play_num`=play_num+1 WHERE `id` = 9 AND `enable` = 1 [ RunTime:0.0015s ]
SQL: SHOW COLUMNS FROM `sk_userinfo` [ RunTime:0.0065s ]
SQL: SHOW COLUMNS FROM `sk_videopraise` [ RunTime:0.0076s ]
SQL: SELECT * FROM `sk_videopraise` WHERE `video_id` = 9 LIMIT 1   [ RunTime:0.0003s ]
SQL: SELECT * FROM `sk_userinfo` WHERE `user_id` = 3 LIMIT 1   [ RunTime:0.0003s ]
SQL: SELECT * FROM `sk_userinfo` WHERE `user_id` = 2 LIMIT 1   [ RunTime:0.0003s ]
SQL: SELECT * FROM `sk_userinfo` WHERE `user_id` = 1 LIMIT 1   [ RunTime:0.0003s ]
SQL: SHOW COLUMNS FROM `sk_videocomment` [ RunTime:0.0070s ]
SQL: SELECT * FROM `sk_videocomment` WHERE `video_id` = 9 AND `enable` = 1 ORDER BY comment_time desc LIMIT 5   [ RunTime:0.0004s ]

[ 2016-06-15T09:33:48+08:00 ] ::1 /snailkids.php/Api/Video/index/videoId/9
INFO: [ app_init ] --START--
INFO: Run Behavior\BuildLiteBehavior [ RunTime:0.000030s ]
INFO: [ app_init ] --END-- [ RunTime:0.000576s ]
INFO: [ app_begin ] --START--
INFO: Run Behavior\ReadHtmlCacheBehavior [ RunTime:0.001555s ]
INFO: [ app_begin ] --END-- [ RunTime:0.001705s ]
SQL: SHOW COLUMNS FROM `sk_video` [ RunTime:0.0099s ]
SQL: SELECT * FROM `sk_video` WHERE `id` = 9 AND `enable` = 1 LIMIT 1   [ RunTime:0.0004s ]
SQL: UPDATE `sk_video` SET `play_num`=play_num+1 WHERE `id` = 9 AND `enable` = 1 [ RunTime:0.0013s ]
SQL: SHOW COLUMNS FROM `sk_userinfo` [ RunTime:0.0077s ]
SQL: SHOW COLUMNS FROM `sk_videopraise` [ RunTime:0.0078s ]
SQL: SELECT * FROM `sk_videopraise` WHERE `video_id` = 9 LIMIT 1   [ RunTime:0.0003s ]
SQL: SELECT * FROM `sk_userinfo` WHERE `user_id` = 3 LIMIT 1   [ RunTime:0.0003s ]
SQL: SELECT * FROM `sk_userinfo` WHERE `user_id` = 2 LIMIT 1   [ RunTime:0.0004s ]
SQL: SELECT * FROM `sk_userinfo` WHERE `user_id` = 1 LIMIT 1   [ RunTime:0.0004s ]
SQL: SHOW COLUMNS FROM `sk_videocomment` [ RunTime:0.0070s ]
SQL: SELECT * FROM `sk_videocomment` WHERE `video_id` = 9 AND `enable` = 1 ORDER BY comment_time desc LIMIT 5   [ RunTime:0.0004s ]

[ 2016-06-15T09:33:48+08:00 ] ::1 /snailkids.php/Api/Video/index/videoId/9
INFO: [ app_init ] --START--
INFO: Run Behavior\BuildLiteBehavior [ RunTime:0.000034s ]
INFO: [ app_init ] --END-- [ RunTime:0.000615s ]
INFO: [ app_begin ] --START--
INFO: Run Behavior\ReadHtmlCacheBehavior [ RunTime:0.000882s ]
INFO: [ app_begin ] --END-- [ RunTime:0.001013s ]
SQL: SHOW COLUMNS FROM `sk_video` [ RunTime:0.0063s ]
SQL: SELECT * FROM `sk_video` WHERE `id` = 9 AND `enable` = 1 LIMIT 1   [ RunTime:0.0005s ]
SQL: UPDATE `sk_video` SET `play_num`=play_num+1 WHERE `id` = 9 AND `enable` = 1 [ RunTime:0.0017s ]
SQL: SHOW COLUMNS FROM `sk_userinfo` [ RunTime:0.0062s ]
SQL: SHOW COLUMNS FROM `sk_videopraise` [ RunTime:0.0055s ]
SQL: SELECT * FROM `sk_videopraise` WHERE `video_id` = 9 LIMIT 1   [ RunTime:0.0003s ]
SQL: SELECT * FROM `sk_userinfo` WHERE `user_id` = 3 LIMIT 1   [ RunTime:0.0003s ]
SQL: SELECT * FROM `sk_userinfo` WHERE `user_id` = 2 LIMIT 1   [ RunTime:0.0002s ]
SQL: SELECT * FROM `sk_userinfo` WHERE `user_id` = 1 LIMIT 1   [ RunTime:0.0002s ]
SQL: SHOW COLUMNS FROM `sk_videocomment` [ RunTime:0.0076s ]
SQL: SELECT * FROM `sk_videocomment` WHERE `video_id` = 9 AND `enable` = 1 ORDER BY comment_time desc LIMIT 5   [ RunTime:0.0003s ]

[ 2016-06-15T09:33:48+08:00 ] ::1 /snailkids.php/Api/Video/index/videoId/9
INFO: [ app_init ] --START--
INFO: Run Behavior\BuildLiteBehavior [ RunTime:0.000049s ]
INFO: [ app_init ] --END-- [ RunTime:0.000960s ]
INFO: [ app_begin ] --START--
INFO: Run Behavior\ReadHtmlCacheBehavior [ RunTime:0.001214s ]
INFO: [ app_begin ] --END-- [ RunTime:0.001406s ]
SQL: SHOW COLUMNS FROM `sk_video` [ RunTime:0.0072s ]
SQL: SELECT * FROM `sk_video` WHERE `id` = 9 AND `enable` = 1 LIMIT 1   [ RunTime:0.0006s ]
SQL: UPDATE `sk_video` SET `play_num`=play_num+1 WHERE `id` = 9 AND `enable` = 1 [ RunTime:0.0017s ]
SQL: SHOW COLUMNS FROM `sk_userinfo` [ RunTime:0.0086s ]
SQL: SHOW COLUMNS FROM `sk_videopraise` [ RunTime:0.0062s ]
SQL: SELECT * FROM `sk_videopraise` WHERE `video_id` = 9 LIMIT 1   [ RunTime:0.0003s ]
SQL: SELECT * FROM `sk_userinfo` WHERE `user_id` = 3 LIMIT 1   [ RunTime:0.0002s ]
SQL: SELECT * FROM `sk_userinfo` WHERE `user_id` = 2 LIMIT 1   [ RunTime:0.0002s ]
SQL: SELECT * FROM `sk_userinfo` WHERE `user_id` = 1 LIMIT 1   [ RunTime:0.0002s ]
SQL: SHOW COLUMNS FROM `sk_videocomment` [ RunTime:0.0064s ]
SQL: SELECT * FROM `sk_videocomment` WHERE `video_id` = 9 AND `enable` = 1 ORDER BY comment_time desc LIMIT 5   [ RunTime:0.0003s ]

[ 2016-06-15T09:33:48+08:00 ] ::1 /snailkids.php/Api/Video/index/videoId/9
INFO: [ app_init ] --START--
INFO: Run Behavior\BuildLiteBehavior [ RunTime:0.000046s ]
INFO: [ app_init ] --END-- [ RunTime:0.000915s ]
INFO: [ app_begin ] --START--
INFO: Run Behavior\ReadHtmlCacheBehavior [ RunTime:0.001521s ]
INFO: [ app_begin ] --END-- [ RunTime:0.001760s ]
SQL: SHOW COLUMNS FROM `sk_video` [ RunTime:0.0067s ]
SQL: SELECT * FROM `sk_video` WHERE `id` = 9 AND `enable` = 1 LIMIT 1   [ RunTime:0.0007s ]
SQL: UPDATE `sk_video` SET `play_num`=play_num+1 WHERE `id` = 9 AND `enable` = 1 [ RunTime:0.0019s ]
SQL: SHOW COLUMNS FROM `sk_userinfo` [ RunTime:0.0085s ]
SQL: SHOW COLUMNS FROM `sk_videopraise` [ RunTime:0.0044s ]
SQL: SELECT * FROM `sk_videopraise` WHERE `video_id` = 9 LIMIT 1   [ RunTime:0.0003s ]
SQL: SELECT * FROM `sk_userinfo` WHERE `user_id` = 3 LIMIT 1   [ RunTime:0.0002s ]
SQL: SELECT * FROM `sk_userinfo` WHERE `user_id` = 2 LIMIT 1   [ RunTime:0.0003s ]
SQL: SELECT * FROM `sk_userinfo` WHERE `user_id` = 1 LIMIT 1   [ RunTime:0.0012s ]
SQL: SHOW COLUMNS FROM `sk_videocomment` [ RunTime:0.0078s ]
SQL: SELECT * FROM `sk_videocomment` WHERE `video_id` = 9 AND `enable` = 1 ORDER BY comment_time desc LIMIT 5   [ RunTime:0.0007s ]

[ 2016-06-15T09:33:48+08:00 ] ::1 /snailkids.php/Api/Video/index/videoId/9
INFO: [ app_init ] --START--
INFO: Run Behavior\BuildLiteBehavior [ RunTime:0.000031s ]
INFO: [ app_init ] --END-- [ RunTime:0.000582s ]
INFO: [ app_begin ] --START--
INFO: Run Behavior\ReadHtmlCacheBehavior [ RunTime:0.000884s ]
INFO: [ app_begin ] --END-- [ RunTime:0.001020s ]
SQL: SHOW COLUMNS FROM `sk_video` [ RunTime:0.0074s ]
SQL: SELECT * FROM `sk_video` WHERE `id` = 9 AND `enable` = 1 LIMIT 1   [ RunTime:0.0004s ]
SQL: UPDATE `sk_video` SET `play_num`=play_num+1 WHERE `id` = 9 AND `enable` = 1 [ RunTime:0.0035s ]
SQL: SHOW COLUMNS FROM `sk_userinfo` [ RunTime:0.0054s ]
SQL: SHOW COLUMNS FROM `sk_videopraise` [ RunTime:0.0064s ]
SQL: SELECT * FROM `sk_videopraise` WHERE `video_id` = 9 LIMIT 1   [ RunTime:0.0003s ]
SQL: SELECT * FROM `sk_userinfo` WHERE `user_id` = 3 LIMIT 1   [ RunTime:0.0002s ]
SQL: SELECT * FROM `sk_userinfo` WHERE `user_id` = 2 LIMIT 1   [ RunTime:0.0002s ]
SQL: SELECT * FROM `sk_userinfo` WHERE `user_id` = 1 LIMIT 1   [ RunTime:0.0002s ]
SQL: SHOW COLUMNS FROM `sk_videocomment` [ RunTime:0.0051s ]
SQL: SELECT * FROM `sk_videocomment` WHERE `video_id` = 9 AND `enable` = 1 ORDER BY comment_time desc LIMIT 5   [ RunTime:0.0003s ]

[ 2016-06-15T09:33:49+08:00 ] ::1 /snailkids.php/Api/Video/index/videoId/9
INFO: [ app_init ] --START--
INFO: Run Behavior\BuildLiteBehavior [ RunTime:0.000031s ]
INFO: [ app_init ] --END-- [ RunTime:0.000613s ]
INFO: [ app_begin ] --START--
INFO: Run Behavior\ReadHtmlCacheBehavior [ RunTime:0.001351s ]
INFO: [ app_begin ] --END-- [ RunTime:0.001579s ]
SQL: SHOW COLUMNS FROM `sk_video` [ RunTime:0.0101s ]
SQL: SELECT * FROM `sk_video` WHERE `id` = 9 AND `enable` = 1 LIMIT 1   [ RunTime:0.0004s ]
SQL: UPDATE `sk_video` SET `play_num`=play_num+1 WHERE `id` = 9 AND `enable` = 1 [ RunTime:0.0010s ]
SQL: SHOW COLUMNS FROM `sk_userinfo` [ RunTime:0.0087s ]
SQL: SHOW COLUMNS FROM `sk_videopraise` [ RunTime:0.0070s ]
SQL: SELECT * FROM `sk_videopraise` WHERE `video_id` = 9 LIMIT 1   [ RunTime:0.0003s ]
SQL: SELECT * FROM `sk_userinfo` WHERE `user_id` = 3 LIMIT 1   [ RunTime:0.0003s ]
SQL: SELECT * FROM `sk_userinfo` WHERE `user_id` = 2 LIMIT 1   [ RunTime:0.0003s ]
SQL: SELECT * FROM `sk_userinfo` WHERE `user_id` = 1 LIMIT 1   [ RunTime:0.0002s ]
SQL: SHOW COLUMNS FROM `sk_videocomment` [ RunTime:0.0085s ]
SQL: SELECT * FROM `sk_videocomment` WHERE `video_id` = 9 AND `enable` = 1 ORDER BY comment_time desc LIMIT 5   [ RunTime:0.0003s ]

[ 2016-06-15T09:33:49+08:00 ] ::1 /snailkids.php/Api/Video/index/videoId/9
INFO: [ app_init ] --START--
INFO: Run Behavior\BuildLiteBehavior [ RunTime:0.000065s ]
INFO: [ app_init ] --END-- [ RunTime:0.000963s ]
INFO: [ app_begin ] --START--
INFO: Run Behavior\ReadHtmlCacheBehavior [ RunTime:0.001551s ]
INFO: [ app_begin ] --END-- [ RunTime:0.001768s ]
SQL: SHOW COLUMNS FROM `sk_video` [ RunTime:0.0071s ]
SQL: SELECT * FROM `sk_video` WHERE `id` = 9 AND `enable` = 1 LIMIT 1   [ RunTime:0.0004s ]
SQL: UPDATE `sk_video` SET `play_num`=play_num+1 WHERE `id` = 9 AND `enable` = 1 [ RunTime:0.0011s ]
SQL: SHOW COLUMNS FROM `sk_userinfo` [ RunTime:0.0091s ]
SQL: SHOW COLUMNS FROM `sk_videopraise` [ RunTime:0.0070s ]
SQL: SELECT * FROM `sk_videopraise` WHERE `video_id` = 9 LIMIT 1   [ RunTime:0.0003s ]
SQL: SELECT * FROM `sk_userinfo` WHERE `user_id` = 3 LIMIT 1   [ RunTime:0.0002s ]
SQL: SELECT * FROM `sk_userinfo` WHERE `user_id` = 2 LIMIT 1   [ RunTime:0.0002s ]
SQL: SELECT * FROM `sk_userinfo` WHERE `user_id` = 1 LIMIT 1   [ RunTime:0.0002s ]
SQL: SHOW COLUMNS FROM `sk_videocomment` [ RunTime:0.0060s ]
SQL: SELECT * FROM `sk_videocomment` WHERE `video_id` = 9 AND `enable` = 1 ORDER BY comment_time desc LIMIT 5   [ RunTime:0.0003s ]

[ 2016-06-15T09:33:49+08:00 ] ::1 /snailkids.php/Api/Video/index/videoId/9
INFO: [ app_init ] --START--
INFO: Run Behavior\BuildLiteBehavior [ RunTime:0.000050s ]
INFO: [ app_init ] --END-- [ RunTime:0.000965s ]
INFO: [ app_begin ] --START--
INFO: Run Behavior\ReadHtmlCacheBehavior [ RunTime:0.001512s ]
INFO: [ app_begin ] --END-- [ RunTime:0.001782s ]
SQL: SHOW COLUMNS FROM `sk_video` [ RunTime:0.0084s ]
SQL: SELECT * FROM `sk_video` WHERE `id` = 9 AND `enable` = 1 LIMIT 1   [ RunTime:0.0007s ]
SQL: UPDATE `sk_video` SET `play_num`=play_num+1 WHERE `id` = 9 AND `enable` = 1 [ RunTime:0.0013s ]
SQL: SHOW COLUMNS FROM `sk_userinfo` [ RunTime:0.0058s ]
SQL: SHOW COLUMNS FROM `sk_videopraise` [ RunTime:0.0054s ]
SQL: SELECT * FROM `sk_videopraise` WHERE `video_id` = 9 LIMIT 1   [ RunTime:0.0003s ]
SQL: SELECT * FROM `sk_userinfo` WHERE `user_id` = 3 LIMIT 1   [ RunTime:0.0002s ]
SQL: SELECT * FROM `sk_userinfo` WHERE `user_id` = 2 LIMIT 1   [ RunTime:0.0002s ]
SQL: SELECT * FROM `sk_userinfo` WHERE `user_id` = 1 LIMIT 1   [ RunTime:0.0002s ]
SQL: SHOW COLUMNS FROM `sk_videocomment` [ RunTime:0.0064s ]
SQL: SELECT * FROM `sk_videocomment` WHERE `video_id` = 9 AND `enable` = 1 ORDER BY comment_time desc LIMIT 5   [ RunTime:0.0003s ]

[ 2016-06-15T09:33:49+08:00 ] ::1 /snailkids.php/Api/Video/index/videoId/9
INFO: [ app_init ] --START--
INFO: Run Behavior\BuildLiteBehavior [ RunTime:0.000032s ]
INFO: [ app_init ] --END-- [ RunTime:0.000720s ]
INFO: [ app_begin ] --START--
INFO: Run Behavior\ReadHtmlCacheBehavior [ RunTime:0.001279s ]
INFO: [ app_begin ] --END-- [ RunTime:0.001459s ]
SQL: SHOW COLUMNS FROM `sk_video` [ RunTime:0.0110s ]
SQL: SELECT * FROM `sk_video` WHERE `id` = 9 AND `enable` = 1 LIMIT 1   [ RunTime:0.0005s ]
SQL: UPDATE `sk_video` SET `play_num`=play_num+1 WHERE `id` = 9 AND `enable` = 1 [ RunTime:0.0017s ]
SQL: SHOW COLUMNS FROM `sk_userinfo` [ RunTime:0.0062s ]
SQL: SHOW COLUMNS FROM `sk_videopraise` [ RunTime:0.0048s ]
SQL: SELECT * FROM `sk_videopraise` WHERE `video_id` = 9 LIMIT 1   [ RunTime:0.0003s ]
SQL: SELECT * FROM `sk_userinfo` WHERE `user_id` = 3 LIMIT 1   [ RunTime:0.0002s ]
SQL: SELECT * FROM `sk_userinfo` WHERE `user_id` = 2 LIMIT 1   [ RunTime:0.0002s ]
SQL: SELECT * FROM `sk_userinfo` WHERE `user_id` = 1 LIMIT 1   [ RunTime:0.0002s ]
SQL: SHOW COLUMNS FROM `sk_videocomment` [ RunTime:0.0060s ]
SQL: SELECT * FROM `sk_videocomment` WHERE `video_id` = 9 AND `enable` = 1 ORDER BY comment_time desc LIMIT 5   [ RunTime:0.0003s ]

[ 2016-06-15T09:33:49+08:00 ] ::1 /snailkids.php/Api/Video/index/videoId/9
INFO: [ app_init ] --START--
INFO: Run Behavior\BuildLiteBehavior [ RunTime:0.000038s ]
INFO: [ app_init ] --END-- [ RunTime:0.000924s ]
INFO: [ app_begin ] --START--
INFO: Run Behavior\ReadHtmlCacheBehavior [ RunTime:0.000930s ]
INFO: [ app_begin ] --END-- [ RunTime:0.001067s ]
SQL: SHOW COLUMNS FROM `sk_video` [ RunTime:0.0055s ]
SQL: SELECT * FROM `sk_video` WHERE `id` = 9 AND `enable` = 1 LIMIT 1   [ RunTime:0.0004s ]
SQL: UPDATE `sk_video` SET `play_num`=play_num+1 WHERE `id` = 9 AND `enable` = 1 [ RunTime:0.0010s ]
SQL: SHOW COLUMNS FROM `sk_userinfo` [ RunTime:0.0075s ]
SQL: SHOW COLUMNS FROM `sk_videopraise` [ RunTime:0.0059s ]
SQL: SELECT * FROM `sk_videopraise` WHERE `video_id` = 9 LIMIT 1   [ RunTime:0.0003s ]
SQL: SELECT * FROM `sk_userinfo` WHERE `user_id` = 3 LIMIT 1   [ RunTime:0.0002s ]
SQL: SELECT * FROM `sk_userinfo` WHERE `user_id` = 2 LIMIT 1   [ RunTime:0.0002s ]
SQL: SELECT * FROM `sk_userinfo` WHERE `user_id` = 1 LIMIT 1   [ RunTime:0.0002s ]
SQL: SHOW COLUMNS FROM `sk_videocomment` [ RunTime:0.0056s ]
SQL: SELECT * FROM `sk_videocomment` WHERE `video_id` = 9 AND `enable` = 1 ORDER BY comment_time desc LIMIT 5   [ RunTime:0.0006s ]

[ 2016-06-15T09:33:49+08:00 ] ::1 /snailkids.php/Api/Video/index/videoId/9
INFO: [ app_init ] --START--
INFO: Run Behavior\BuildLiteBehavior [ RunTime:0.000033s ]
INFO: [ app_init ] --END-- [ RunTime:0.000604s ]
INFO: [ app_begin ] --START--
INFO: Run Behavior\ReadHtmlCacheBehavior [ RunTime:0.001318s ]
INFO: [ app_begin ] --END-- [ RunTime:0.001484s ]
SQL: SHOW COLUMNS FROM `sk_video` [ RunTime:0.0052s ]
SQL: SELECT * FROM `sk_video` WHERE `id` = 9 AND `enable` = 1 LIMIT 1   [ RunTime:0.0004s ]
SQL: UPDATE `sk_video` SET `play_num`=play_num+1 WHERE `id` = 9 AND `enable` = 1 [ RunTime:0.0010s ]
SQL: SHOW COLUMNS FROM `sk_userinfo` [ RunTime:0.0063s ]
SQL: SHOW COLUMNS FROM `sk_videopraise` [ RunTime:0.0051s ]
SQL: SELECT * FROM `sk_videopraise` WHERE `video_id` = 9 LIMIT 1   [ RunTime:0.0003s ]
SQL: SELECT * FROM `sk_userinfo` WHERE `user_id` = 3 LIMIT 1   [ RunTime:0.0002s ]
SQL: SELECT * FROM `sk_userinfo` WHERE `user_id` = 2 LIMIT 1   [ RunTime:0.0002s ]
SQL: SELECT * FROM `sk_userinfo` WHERE `user_id` = 1 LIMIT 1   [ RunTime:0.0002s ]
SQL: SHOW COLUMNS FROM `sk_videocomment` [ RunTime:0.0053s ]
SQL: SELECT * FROM `sk_videocomment` WHERE `video_id` = 9 AND `enable` = 1 ORDER BY comment_time desc LIMIT 5   [ RunTime:0.0003s ]

[ 2016-06-15T09:33:49+08:00 ] ::1 /snailkids.php/Api/Video/index/videoId/9
INFO: [ app_init ] --START--
INFO: Run Behavior\BuildLiteBehavior [ RunTime:0.000037s ]
INFO: [ app_init ] --END-- [ RunTime:0.001026s ]
INFO: [ app_begin ] --START--
INFO: Run Behavior\ReadHtmlCacheBehavior [ RunTime:0.000960s ]
INFO: [ app_begin ] --END-- [ RunTime:0.001106s ]
SQL: SHOW COLUMNS FROM `sk_video` [ RunTime:0.0059s ]
SQL: SELECT * FROM `sk_video` WHERE `id` = 9 AND `enable` = 1 LIMIT 1   [ RunTime:0.0005s ]
SQL: UPDATE `sk_video` SET `play_num`=play_num+1 WHERE `id` = 9 AND `enable` = 1 [ RunTime:0.0016s ]
SQL: SHOW COLUMNS FROM `sk_userinfo` [ RunTime:0.0061s ]
SQL: SHOW COLUMNS FROM `sk_videopraise` [ RunTime:0.0074s ]
SQL: SELECT * FROM `sk_videopraise` WHERE `video_id` = 9 LIMIT 1   [ RunTime:0.0003s ]
SQL: SELECT * FROM `sk_userinfo` WHERE `user_id` = 3 LIMIT 1   [ RunTime:0.0002s ]
SQL: SELECT * FROM `sk_userinfo` WHERE `user_id` = 2 LIMIT 1   [ RunTime:0.0002s ]
SQL: SELECT * FROM `sk_userinfo` WHERE `user_id` = 1 LIMIT 1   [ RunTime:0.0002s ]
SQL: SHOW COLUMNS FROM `sk_videocomment` [ RunTime:0.0053s ]
SQL: SELECT * FROM `sk_videocomment` WHERE `video_id` = 9 AND `enable` = 1 ORDER BY comment_time desc LIMIT 5   [ RunTime:0.0003s ]

[ 2016-06-15T09:33:50+08:00 ] ::1 /snailkids.php/Api/Video/index/videoId/9
INFO: [ app_init ] --START--
INFO: Run Behavior\BuildLiteBehavior [ RunTime:0.000047s ]
INFO: [ app_init ] --END-- [ RunTime:0.000928s ]
INFO: [ app_begin ] --START--
INFO: Run Behavior\ReadHtmlCacheBehavior [ RunTime:0.002453s ]
INFO: [ app_begin ] --END-- [ RunTime:0.002905s ]
SQL: SHOW COLUMNS FROM `sk_video` [ RunTime:0.0101s ]
SQL: SELECT * FROM `sk_video` WHERE `id` = 9 AND `enable` = 1 LIMIT 1   [ RunTime:0.0015s ]
SQL: UPDATE `sk_video` SET `play_num`=play_num+1 WHERE `id` = 9 AND `enable` = 1 [ RunTime:0.0016s ]
SQL: SHOW COLUMNS FROM `sk_userinfo` [ RunTime:0.0098s ]
SQL: SHOW COLUMNS FROM `sk_videopraise` [ RunTime:0.0064s ]
SQL: SELECT * FROM `sk_videopraise` WHERE `video_id` = 9 LIMIT 1   [ RunTime:0.0003s ]
SQL: SELECT * FROM `sk_userinfo` WHERE `user_id` = 3 LIMIT 1   [ RunTime:0.0005s ]
SQL: SELECT * FROM `sk_userinfo` WHERE `user_id` = 2 LIMIT 1   [ RunTime:0.0004s ]
SQL: SELECT * FROM `sk_userinfo` WHERE `user_id` = 1 LIMIT 1   [ RunTime:0.0002s ]
SQL: SHOW COLUMNS FROM `sk_videocomment` [ RunTime:0.0083s ]
SQL: SELECT * FROM `sk_videocomment` WHERE `video_id` = 9 AND `enable` = 1 ORDER BY comment_time desc LIMIT 5   [ RunTime:0.0003s ]

[ 2016-06-15T15:43:06+08:00 ] ::1 /snailkids.php/Api/Package/index
INFO: [ app_init ] --START--
INFO: Run Behavior\BuildLiteBehavior [ RunTime:0.000033s ]
INFO: [ app_init ] --END-- [ RunTime:0.000619s ]
INFO: [ app_begin ] --START--
INFO: Run Behavior\ReadHtmlCacheBehavior [ RunTime:0.000860s ]
INFO: [ app_begin ] --END-- [ RunTime:0.000989s ]
SQL: SHOW COLUMNS FROM `sk_package` [ RunTime:0.0120s ]
SQL: SELECT `id`,`name` FROM `sk_package` WHERE `enable` = 1 ORDER BY id  [ RunTime:0.0004s ]
SQL: SELECT * FROM `sk_package` WHERE `enable` = 1 AND `id` = 1 LIMIT 1   [ RunTime:0.0003s ]

[ 2016-06-15T15:44:31+08:00 ] ::1 /snailkids.php/Api/Package/index
INFO: [ app_init ] --START--
INFO: Run Behavior\BuildLiteBehavior [ RunTime:0.000048s ]
INFO: [ app_init ] --END-- [ RunTime:0.001012s ]
INFO: [ app_begin ] --START--
INFO: Run Behavior\ReadHtmlCacheBehavior [ RunTime:0.001279s ]
INFO: [ app_begin ] --END-- [ RunTime:0.001533s ]
SQL: SHOW COLUMNS FROM `sk_package` [ RunTime:0.0125s ]
SQL: SELECT `id`,`name` FROM `sk_package` WHERE `enable` = 1 ORDER BY id  [ RunTime:0.0004s ]
SQL: SELECT * FROM `sk_package` WHERE `enable` = 1 AND `id` = 1 LIMIT 1   [ RunTime:0.0004s ]

[ 2016-06-15T15:44:35+08:00 ] ::1 /snailkids.php/Api/Package/index
INFO: [ app_init ] --START--
INFO: Run Behavior\BuildLiteBehavior [ RunTime:0.000032s ]
INFO: [ app_init ] --END-- [ RunTime:0.000591s ]
INFO: [ app_begin ] --START--
INFO: Run Behavior\ReadHtmlCacheBehavior [ RunTime:0.000994s ]
INFO: [ app_begin ] --END-- [ RunTime:0.001137s ]
SQL: SHOW COLUMNS FROM `sk_package` [ RunTime:0.0093s ]
SQL: SELECT `id`,`name` FROM `sk_package` WHERE `enable` = 1 ORDER BY id  [ RunTime:0.0004s ]
SQL: SELECT * FROM `sk_package` WHERE `enable` = 1 AND `id` = 1 LIMIT 1   [ RunTime:0.0003s ]

[ 2016-06-15T15:44:37+08:00 ] ::1 /snailkids.php/Api/Package/index
INFO: [ app_init ] --START--
INFO: Run Behavior\BuildLiteBehavior [ RunTime:0.000045s ]
INFO: [ app_init ] --END-- [ RunTime:0.000706s ]
INFO: [ app_begin ] --START--
INFO: Run Behavior\ReadHtmlCacheBehavior [ RunTime:0.000861s ]
INFO: [ app_begin ] --END-- [ RunTime:0.000994s ]
SQL: SHOW COLUMNS FROM `sk_package` [ RunTime:0.0104s ]
SQL: SELECT `id`,`name` FROM `sk_package` WHERE `enable` = 1 ORDER BY id  [ RunTime:0.0003s ]
SQL: SELECT * FROM `sk_package` WHERE `enable` = 1 AND `id` = 1 LIMIT 1   [ RunTime:0.0004s ]

[ 2016-06-15T15:44:39+08:00 ] ::1 /snailkids.php/Api/Package/index
INFO: [ app_init ] --START--
INFO: Run Behavior\BuildLiteBehavior [ RunTime:0.000031s ]
INFO: [ app_init ] --END-- [ RunTime:0.000608s ]
INFO: [ app_begin ] --START--
INFO: Run Behavior\ReadHtmlCacheBehavior [ RunTime:0.001229s ]
INFO: [ app_begin ] --END-- [ RunTime:0.001405s ]
SQL: SHOW COLUMNS FROM `sk_package` [ RunTime:0.0091s ]
SQL: SELECT `id`,`name` FROM `sk_package` WHERE `enable` = 1 ORDER BY id  [ RunTime:0.0004s ]
SQL: SELECT * FROM `sk_package` WHERE `enable` = 1 AND `id` = 1 LIMIT 1   [ RunTime:0.0004s ]

[ 2016-06-15T15:44:47+08:00 ] ::1 /snailkids.php/Api/Package/index/packag
INFO: [ app_init ] --START--
INFO: Run Behavior\BuildLiteBehavior [ RunTime:0.000032s ]
INFO: [ app_init ] --END-- [ RunTime:0.000580s ]
INFO: [ app_begin ] --START--
INFO: Run Behavior\ReadHtmlCacheBehavior [ RunTime:0.001206s ]
INFO: [ app_begin ] --END-- [ RunTime:0.001351s ]
SQL: SHOW COLUMNS FROM `sk_package` [ RunTime:0.0087s ]
SQL: SELECT `id`,`name` FROM `sk_package` WHERE `enable` = 1 ORDER BY id  [ RunTime:0.0004s ]
SQL: SELECT * FROM `sk_package` WHERE `enable` = 1 AND `id` = 1 LIMIT 1   [ RunTime:0.0003s ]

[ 2016-06-15T15:44:54+08:00 ] ::1 /snailkids.php/Api/Package/index/packageId/2
INFO: [ app_init ] --START--
INFO: Run Behavior\BuildLiteBehavior [ RunTime:0.000037s ]
INFO: [ app_init ] --END-- [ RunTime:0.001129s ]
INFO: [ app_begin ] --START--
INFO: Run Behavior\ReadHtmlCacheBehavior [ RunTime:0.001080s ]
INFO: [ app_begin ] --END-- [ RunTime:0.001289s ]
SQL: SHOW COLUMNS FROM `sk_package` [ RunTime:0.0090s ]
SQL: SELECT `id`,`name` FROM `sk_package` WHERE `enable` = 1 ORDER BY id  [ RunTime:0.0003s ]
SQL: SELECT * FROM `sk_package` WHERE `enable` = 1 AND `id` = 2 LIMIT 1   [ RunTime:0.0003s ]

[ 2016-06-15T15:45:00+08:00 ] ::1 /snailkids.php/Api/Package/index/packageId/1
INFO: [ app_init ] --START--
INFO: Run Behavior\BuildLiteBehavior [ RunTime:0.000035s ]
INFO: [ app_init ] --END-- [ RunTime:0.000659s ]
INFO: [ app_begin ] --START--
INFO: Run Behavior\ReadHtmlCacheBehavior [ RunTime:0.001394s ]
INFO: [ app_begin ] --END-- [ RunTime:0.001614s ]
SQL: SHOW COLUMNS FROM `sk_package` [ RunTime:0.2954s ]
SQL: SELECT `id`,`name` FROM `sk_package` WHERE `enable` = 1 ORDER BY id  [ RunTime:0.0007s ]
SQL: SELECT * FROM `sk_package` WHERE `enable` = 1 AND `id` = 1 LIMIT 1   [ RunTime:0.0007s ]

[ 2016-06-15T15:45:05+08:00 ] ::1 /snailkids.php/Api/Package/index/packageId/3
INFO: [ app_init ] --START--
INFO: Run Behavior\BuildLiteBehavior [ RunTime:0.000038s ]
INFO: [ app_init ] --END-- [ RunTime:0.000596s ]
INFO: [ app_begin ] --START--
INFO: Run Behavior\ReadHtmlCacheBehavior [ RunTime:0.000840s ]
INFO: [ app_begin ] --END-- [ RunTime:0.000966s ]
SQL: SHOW COLUMNS FROM `sk_package` [ RunTime:0.0093s ]
SQL: SELECT `id`,`name` FROM `sk_package` WHERE `enable` = 1 ORDER BY id  [ RunTime:0.0004s ]
SQL: SELECT * FROM `sk_package` WHERE `enable` = 1 AND `id` = 3 LIMIT 1   [ RunTime:0.0004s ]

[ 2016-06-15T15:45:07+08:00 ] ::1 /snailkids.php/Api/Package/index/packageId/4
INFO: [ app_init ] --START--
INFO: Run Behavior\BuildLiteBehavior [ RunTime:0.000037s ]
INFO: [ app_init ] --END-- [ RunTime:0.000777s ]
INFO: [ app_begin ] --START--
INFO: Run Behavior\ReadHtmlCacheBehavior [ RunTime:0.000873s ]
INFO: [ app_begin ] --END-- [ RunTime:0.001009s ]
SQL: SHOW COLUMNS FROM `sk_package` [ RunTime:0.0105s ]
SQL: SELECT `id`,`name` FROM `sk_package` WHERE `enable` = 1 ORDER BY id  [ RunTime:0.0003s ]
SQL: SELECT * FROM `sk_package` WHERE `enable` = 1 AND `id` = 4 LIMIT 1   [ RunTime:0.0003s ]

[ 2016-06-15T15:45:12+08:00 ] ::1 /snailkids.php/Api/Package/index/packageId/5
INFO: [ app_init ] --START--
INFO: Run Behavior\BuildLiteBehavior [ RunTime:0.000030s ]
INFO: [ app_init ] --END-- [ RunTime:0.000580s ]
INFO: [ app_begin ] --START--
INFO: Run Behavior\ReadHtmlCacheBehavior [ RunTime:0.000813s ]
INFO: [ app_begin ] --END-- [ RunTime:0.000943s ]
SQL: SHOW COLUMNS FROM `sk_package` [ RunTime:0.0099s ]
SQL: SELECT `id`,`name` FROM `sk_package` WHERE `enable` = 1 ORDER BY id  [ RunTime:0.0003s ]

[ 2016-06-15T17:31:00+08:00 ] ::1 /snailkids.php/Api/Order/test
INFO: [ app_init ] --START--
INFO: Run Behavior\BuildLiteBehavior [ RunTime:0.000043s ]
INFO: [ app_init ] --END-- [ RunTime:0.000774s ]
INFO: [ app_begin ] --START--
INFO: Run Behavior\ReadHtmlCacheBehavior [ RunTime:0.000927s ]
INFO: [ app_begin ] --END-- [ RunTime:0.001056s ]
INFO: [ view_parse ] --START--
INFO: [ template_filter ] --START--
INFO: Run Behavior\ContentReplaceBehavior [ RunTime:0.000071s ]
INFO: [ template_filter ] --END-- [ RunTime:0.000201s ]
INFO: Run Behavior\ParseTemplateBehavior [ RunTime:0.012048s ]
INFO: [ view_parse ] --END-- [ RunTime:0.012202s ]
INFO: [ view_filter ] --START--
INFO: Run Behavior\WriteHtmlCacheBehavior [ RunTime:0.000599s ]
INFO: [ view_filter ] --END-- [ RunTime:0.000707s ]
INFO: [ app_end ] --START--
INFO: Run Behavior\ShowPageTraceBehavior [ RunTime:0.000933s ]
INFO: [ app_end ] --END-- [ RunTime:0.001048s ]

[ 2016-06-15T17:32:54+08:00 ] ::1 /snailkids.php/Api/Order/test
INFO: [ app_init ] --START--
INFO: Run Behavior\BuildLiteBehavior [ RunTime:0.000032s ]
INFO: [ app_init ] --END-- [ RunTime:0.000657s ]
INFO: [ app_begin ] --START--
INFO: Run Behavior\ReadHtmlCacheBehavior [ RunTime:0.000917s ]
INFO: [ app_begin ] --END-- [ RunTime:0.001044s ]
INFO: [ view_parse ] --START--
INFO: [ template_filter ] --START--
INFO: Run Behavior\ContentReplaceBehavior [ RunTime:0.000076s ]
INFO: [ template_filter ] --END-- [ RunTime:0.000207s ]
INFO: Run Behavior\ParseTemplateBehavior [ RunTime:0.012420s ]
INFO: [ view_parse ] --END-- [ RunTime:0.012562s ]
INFO: [ view_filter ] --START--
INFO: Run Behavior\WriteHtmlCacheBehavior [ RunTime:0.000596s ]
INFO: [ view_filter ] --END-- [ RunTime:0.000708s ]
INFO: [ app_end ] --START--
INFO: Run Behavior\ShowPageTraceBehavior [ RunTime:0.001192s ]
INFO: [ app_end ] --END-- [ RunTime:0.001453s ]

[ 2016-06-15T17:34:13+08:00 ] ::1 /snailkids.php/Api/Order/test
INFO: [ app_init ] --START--
INFO: Run Behavior\BuildLiteBehavior [ RunTime:0.000034s ]
INFO: [ app_init ] --END-- [ RunTime:0.000640s ]
INFO: [ app_begin ] --START--
INFO: Run Behavior\ReadHtmlCacheBehavior [ RunTime:0.000996s ]
INFO: [ app_begin ] --END-- [ RunTime:0.001187s ]
INFO: [ view_parse ] --START--
INFO: [ template_filter ] --START--
INFO: Run Behavior\ContentReplaceBehavior [ RunTime:0.000079s ]
INFO: [ template_filter ] --END-- [ RunTime:0.000213s ]
INFO: Run Behavior\ParseTemplateBehavior [ RunTime:0.009379s ]
INFO: [ view_parse ] --END-- [ RunTime:0.009518s ]
INFO: [ view_filter ] --START--
INFO: Run Behavior\WriteHtmlCacheBehavior [ RunTime:0.000568s ]
INFO: [ view_filter ] --END-- [ RunTime:0.000674s ]
INFO: [ app_end ] --START--
INFO: Run Behavior\ShowPageTraceBehavior [ RunTime:0.001371s ]
INFO: [ app_end ] --END-- [ RunTime:0.001560s ]

[ 2016-06-15T17:34:14+08:00 ] ::1 /snailkids.php/Api/Order/testDo
INFO: [ app_init ] --START--
INFO: Run Behavior\BuildLiteBehavior [ RunTime:0.000032s ]
INFO: [ app_init ] --END-- [ RunTime:0.000619s ]
INFO: [ app_begin ] --START--
INFO: Run Behavior\ReadHtmlCacheBehavior [ RunTime:0.000888s ]
INFO: [ app_begin ] --END-- [ RunTime:0.001017s ]
SQL: SHOW COLUMNS FROM `sk_orderdetail` [ RunTime:0.0094s ]
NOTIC: [8] Undefined index: validate D:\Programs\wamp\www3\ThinkPHP\Library\Think\Model.class.php 第 1185 行.
NOTIC: [8] Undefined index: phase_id D:\Programs\wamp\www3\ThinkPHP\Library\Think\Model.class.php 第 1303 行.
INFO: [ app_end ] --START--
INFO: Run Behavior\ShowPageTraceBehavior [ RunTime:0.001069s ]
INFO: [ app_end ] --END-- [ RunTime:0.001189s ]

[ 2016-06-15T17:34:24+08:00 ] ::1 /snailkids.php/Api/Order/testDo
INFO: [ app_init ] --START--
INFO: Run Behavior\BuildLiteBehavior [ RunTime:0.000032s ]
INFO: [ app_init ] --END-- [ RunTime:0.000765s ]
INFO: [ app_begin ] --START--
INFO: Run Behavior\ReadHtmlCacheBehavior [ RunTime:0.000938s ]
INFO: [ app_begin ] --END-- [ RunTime:0.001135s ]
SQL: SHOW COLUMNS FROM `sk_orderdetail` [ RunTime:0.0105s ]
NOTIC: [8] Undefined index: validate D:\Programs\wamp\www3\ThinkPHP\Library\Think\Model.class.php 第 1185 行.
NOTIC: [8] Undefined index: phase_id D:\Programs\wamp\www3\ThinkPHP\Library\Think\Model.class.php 第 1303 行.
INFO: [ view_parse ] --START--
INFO: [ template_filter ] --START--
INFO: Run Behavior\ContentReplaceBehavior [ RunTime:0.000086s ]
INFO: [ template_filter ] --END-- [ RunTime:0.000218s ]
INFO: Run Behavior\ParseTemplateBehavior [ RunTime:0.017562s ]
INFO: [ view_parse ] --END-- [ RunTime:0.017710s ]
INFO: [ view_filter ] --START--
INFO: Run Behavior\WriteHtmlCacheBehavior [ RunTime:0.000547s ]
INFO: [ view_filter ] --END-- [ RunTime:0.000664s ]

[ 2016-06-15T17:34:44+08:00 ] ::1 /snailkids.php/Api/Order/test
INFO: [ app_init ] --START--
INFO: Run Behavior\BuildLiteBehavior [ RunTime:0.000076s ]
INFO: [ app_init ] --END-- [ RunTime:0.000671s ]
INFO: [ app_begin ] --START--
INFO: Run Behavior\ReadHtmlCacheBehavior [ RunTime:0.001084s ]
INFO: [ app_begin ] --END-- [ RunTime:0.001238s ]
INFO: [ view_parse ] --START--
INFO: [ template_filter ] --START--
INFO: Run Behavior\ContentReplaceBehavior [ RunTime:0.000079s ]
INFO: [ template_filter ] --END-- [ RunTime:0.000218s ]
INFO: Run Behavior\ParseTemplateBehavior [ RunTime:0.008815s ]
INFO: [ view_parse ] --END-- [ RunTime:0.008984s ]
INFO: [ view_filter ] --START--
INFO: Run Behavior\WriteHtmlCacheBehavior [ RunTime:0.000596s ]
INFO: [ view_filter ] --END-- [ RunTime:0.000718s ]
INFO: [ app_end ] --START--
INFO: Run Behavior\ShowPageTraceBehavior [ RunTime:0.000922s ]
INFO: [ app_end ] --END-- [ RunTime:0.001038s ]

[ 2016-06-15T17:34:45+08:00 ] ::1 /snailkids.php/Api/Order/testDo
INFO: [ app_init ] --START--
INFO: Run Behavior\BuildLiteBehavior [ RunTime:0.000041s ]
INFO: [ app_init ] --END-- [ RunTime:0.000605s ]
INFO: [ app_begin ] --START--
INFO: Run Behavior\ReadHtmlCacheBehavior [ RunTime:0.000889s ]
INFO: [ app_begin ] --END-- [ RunTime:0.001037s ]
SQL: SHOW COLUMNS FROM `sk_orderdetail` [ RunTime:0.0111s ]
NOTIC: [8] Undefined index: validate D:\Programs\wamp\www3\ThinkPHP\Library\Think\Model.class.php 第 1185 行.
INFO: [ view_parse ] --START--
INFO: [ template_filter ] --START--
INFO: Run Behavior\ContentReplaceBehavior [ RunTime:0.000155s ]
INFO: [ template_filter ] --END-- [ RunTime:0.000353s ]
INFO: Run Behavior\ParseTemplateBehavior [ RunTime:0.009436s ]
INFO: [ view_parse ] --END-- [ RunTime:0.009637s ]
INFO: [ view_filter ] --START--
INFO: Run Behavior\WriteHtmlCacheBehavior [ RunTime:0.000908s ]
INFO: [ view_filter ] --END-- [ RunTime:0.001058s ]

[ 2016-06-15T17:34:49+08:00 ] ::1 /snailkids.php/Api/Order/testDo
INFO: [ app_init ] --START--
INFO: Run Behavior\BuildLiteBehavior [ RunTime:0.000031s ]
INFO: [ app_init ] --END-- [ RunTime:0.000623s ]
INFO: [ app_begin ] --START--
INFO: Run Behavior\ReadHtmlCacheBehavior [ RunTime:0.000913s ]
INFO: [ app_begin ] --END-- [ RunTime:0.001043s ]
SQL: SHOW COLUMNS FROM `sk_orderdetail` [ RunTime:0.0097s ]
NOTIC: [8] Undefined index: validate D:\Programs\wamp\www3\ThinkPHP\Library\Think\Model.class.php 第 1185 行.
NOTIC: [8] Undefined index: auto D:\Programs\wamp\www3\ThinkPHP\Library\Think\Model.class.php 第 1128 行.
INFO: [ app_end ] --START--
INFO: Run Behavior\ShowPageTraceBehavior [ RunTime:0.001087s ]
INFO: [ app_end ] --END-- [ RunTime:0.001208s ]

[ 2016-06-15T17:35:12+08:00 ] ::1 /snailkids.php/Api/Order/test
INFO: [ app_init ] --START--
INFO: Run Behavior\BuildLiteBehavior [ RunTime:0.000030s ]
INFO: [ app_init ] --END-- [ RunTime:0.000622s ]
INFO: [ app_begin ] --START--
INFO: Run Behavior\ReadHtmlCacheBehavior [ RunTime:0.000937s ]
INFO: [ app_begin ] --END-- [ RunTime:0.001064s ]
INFO: [ view_parse ] --START--
INFO: [ template_filter ] --START--
INFO: Run Behavior\ContentReplaceBehavior [ RunTime:0.000077s ]
INFO: [ template_filter ] --END-- [ RunTime:0.000213s ]
INFO: Run Behavior\ParseTemplateBehavior [ RunTime:0.008974s ]
INFO: [ view_parse ] --END-- [ RunTime:0.009156s ]
INFO: [ view_filter ] --START--
INFO: Run Behavior\WriteHtmlCacheBehavior [ RunTime:0.000567s ]
INFO: [ view_filter ] --END-- [ RunTime:0.000677s ]
INFO: [ app_end ] --START--
INFO: Run Behavior\ShowPageTraceBehavior [ RunTime:0.000930s ]
INFO: [ app_end ] --END-- [ RunTime:0.001044s ]

[ 2016-06-15T17:35:13+08:00 ] ::1 /snailkids.php/Api/Order/testDo
INFO: [ app_init ] --START--
INFO: Run Behavior\BuildLiteBehavior [ RunTime:0.000031s ]
INFO: [ app_init ] --END-- [ RunTime:0.000567s ]
INFO: [ app_begin ] --START--
INFO: Run Behavior\ReadHtmlCacheBehavior [ RunTime:0.000922s ]
INFO: [ app_begin ] --END-- [ RunTime:0.001054s ]
SQL: SHOW COLUMNS FROM `sk_orderdetail` [ RunTime:0.0092s ]
NOTIC: [8] Undefined index: validate D:\Programs\wamp\www3\ThinkPHP\Library\Think\Model.class.php 第 1185 行.
NOTIC: [8] Undefined index: auto D:\Programs\wamp\www3\ThinkPHP\Library\Think\Model.class.php 第 1128 行.
INFO: [ app_end ] --START--
INFO: Run Behavior\ShowPageTraceBehavior [ RunTime:0.001021s ]
INFO: [ app_end ] --END-- [ RunTime:0.001142s ]

[ 2016-06-15T17:35:17+08:00 ] ::1 /snailkids.php/Api/Order/testDo
INFO: [ app_init ] --START--
INFO: Run Behavior\BuildLiteBehavior [ RunTime:0.000031s ]
INFO: [ app_init ] --END-- [ RunTime:0.000577s ]
INFO: [ app_begin ] --START--
INFO: Run Behavior\ReadHtmlCacheBehavior [ RunTime:0.000894s ]
INFO: [ app_begin ] --END-- [ RunTime:0.001023s ]
SQL: SHOW COLUMNS FROM `sk_orderdetail` [ RunTime:0.0087s ]
NOTIC: [8] Undefined index: validate D:\Programs\wamp\www3\ThinkPHP\Library\Think\Model.class.php 第 1185 行.
NOTIC: [8] Undefined index: auto D:\Programs\wamp\www3\ThinkPHP\Library\Think\Model.class.php 第 1128 行.
INFO: [ app_end ] --START--
INFO: Run Behavior\ShowPageTraceBehavior [ RunTime:0.001086s ]
INFO: [ app_end ] --END-- [ RunTime:0.001208s ]

[ 2016-06-15T17:35:43+08:00 ] ::1 /snailkids.php/Api/Order/test
INFO: [ app_init ] --START--
INFO: Run Behavior\BuildLiteBehavior [ RunTime:0.000032s ]
INFO: [ app_init ] --END-- [ RunTime:0.000609s ]
INFO: [ app_begin ] --START--
INFO: Run Behavior\ReadHtmlCacheBehavior [ RunTime:0.001252s ]
INFO: [ app_begin ] --END-- [ RunTime:0.001429s ]
INFO: [ view_parse ] --START--
INFO: [ template_filter ] --START--
INFO: Run Behavior\ContentReplaceBehavior [ RunTime:0.000075s ]
INFO: [ template_filter ] --END-- [ RunTime:0.000208s ]
INFO: Run Behavior\ParseTemplateBehavior [ RunTime:0.009341s ]
INFO: [ view_parse ] --END-- [ RunTime:0.009503s ]
INFO: [ view_filter ] --START--
INFO: Run Behavior\WriteHtmlCacheBehavior [ RunTime:0.000569s ]
INFO: [ view_filter ] --END-- [ RunTime:0.000676s ]
INFO: [ app_end ] --START--
INFO: Run Behavior\ShowPageTraceBehavior [ RunTime:0.000908s ]
INFO: [ app_end ] --END-- [ RunTime:0.001022s ]

[ 2016-06-15T17:35:43+08:00 ] ::1 /snailkids.php/Api/Order/testDo
INFO: [ app_init ] --START--
INFO: Run Behavior\BuildLiteBehavior [ RunTime:0.000031s ]
INFO: [ app_init ] --END-- [ RunTime:0.000594s ]
INFO: [ app_begin ] --START--
INFO: Run Behavior\ReadHtmlCacheBehavior [ RunTime:0.001010s ]
INFO: [ app_begin ] --END-- [ RunTime:0.001146s ]
SQL: SHOW COLUMNS FROM `sk_orderdetail` [ RunTime:0.0091s ]
NOTIC: [8] Undefined index: validate D:\Programs\wamp\www3\ThinkPHP\Library\Think\Model.class.php 第 1185 行.
NOTIC: [8] Undefined index: auto D:\Programs\wamp\www3\ThinkPHP\Library\Think\Model.class.php 第 1128 行.
INFO: [ app_end ] --START--
INFO: Run Behavior\ShowPageTraceBehavior [ RunTime:0.001004s ]
INFO: [ app_end ] --END-- [ RunTime:0.001119s ]

[ 2016-06-15T17:36:07+08:00 ] ::1 /snailkids.php/Api/Order/test
INFO: [ app_init ] --START--
INFO: Run Behavior\BuildLiteBehavior [ RunTime:0.000032s ]
INFO: [ app_init ] --END-- [ RunTime:0.000612s ]
INFO: [ app_begin ] --START--
INFO: Run Behavior\ReadHtmlCacheBehavior [ RunTime:0.001066s ]
INFO: [ app_begin ] --END-- [ RunTime:0.001198s ]
INFO: [ view_parse ] --START--
INFO: [ template_filter ] --START--
INFO: Run Behavior\ContentReplaceBehavior [ RunTime:0.000073s ]
INFO: [ template_filter ] --END-- [ RunTime:0.000204s ]
INFO: Run Behavior\ParseTemplateBehavior [ RunTime:0.009420s ]
INFO: [ view_parse ] --END-- [ RunTime:0.009561s ]
INFO: [ view_filter ] --START--
INFO: Run Behavior\WriteHtmlCacheBehavior [ RunTime:0.000573s ]
INFO: [ view_filter ] --END-- [ RunTime:0.000696s ]
INFO: [ app_end ] --START--
INFO: Run Behavior\ShowPageTraceBehavior [ RunTime:0.000937s ]
INFO: [ app_end ] --END-- [ RunTime:0.001053s ]

[ 2016-06-15T17:36:07+08:00 ] ::1 /snailkids.php/Api/Order/testDo
INFO: [ app_init ] --START--
INFO: Run Behavior\BuildLiteBehavior [ RunTime:0.000031s ]
INFO: [ app_init ] --END-- [ RunTime:0.000622s ]
INFO: [ app_begin ] --START--
INFO: Run Behavior\ReadHtmlCacheBehavior [ RunTime:0.000927s ]
INFO: [ app_begin ] --END-- [ RunTime:0.001069s ]
SQL: SHOW COLUMNS FROM `sk_orderdetail` [ RunTime:0.0093s ]
NOTIC: [8] Undefined index: validate D:\Programs\wamp\www3\ThinkPHP\Library\Think\Model.class.php 第 1185 行.
INFO: [ view_parse ] --START--
INFO: [ template_filter ] --START--
INFO: Run Behavior\ContentReplaceBehavior [ RunTime:0.000089s ]
INFO: [ template_filter ] --END-- [ RunTime:0.000216s ]
INFO: Run Behavior\ParseTemplateBehavior [ RunTime:0.016638s ]
INFO: [ view_parse ] --END-- [ RunTime:0.016823s ]
INFO: [ view_filter ] --START--
INFO: Run Behavior\WriteHtmlCacheBehavior [ RunTime:0.000549s ]
INFO: [ view_filter ] --END-- [ RunTime:0.000658s ]

[ 2016-06-15T17:36:12+08:00 ] ::1 /snailkids.php/Api/Order/testDo
INFO: [ app_init ] --START--
INFO: Run Behavior\BuildLiteBehavior [ RunTime:0.000041s ]
INFO: [ app_init ] --END-- [ RunTime:0.000616s ]
INFO: [ app_begin ] --START--
INFO: Run Behavior\ReadHtmlCacheBehavior [ RunTime:0.001350s ]
INFO: [ app_begin ] --END-- [ RunTime:0.001519s ]
SQL: SHOW COLUMNS FROM `sk_orderdetail` [ RunTime:0.0092s ]
NOTIC: [8] Undefined index: validate D:\Programs\wamp\www3\ThinkPHP\Library\Think\Model.class.php 第 1185 行.
NOTIC: [8] Undefined index: auto D:\Programs\wamp\www3\ThinkPHP\Library\Think\Model.class.php 第 1128 行.
INFO: [ app_end ] --START--
INFO: Run Behavior\ShowPageTraceBehavior [ RunTime:0.001091s ]
INFO: [ app_end ] --END-- [ RunTime:0.001209s ]

[ 2016-06-15T17:36:18+08:00 ] ::1 /snailkids.php/Api/Order/test
INFO: [ app_init ] --START--
INFO: Run Behavior\BuildLiteBehavior [ RunTime:0.000032s ]
INFO: [ app_init ] --END-- [ RunTime:0.000626s ]
INFO: [ app_begin ] --START--
INFO: Run Behavior\ReadHtmlCacheBehavior [ RunTime:0.001325s ]
INFO: [ app_begin ] --END-- [ RunTime:0.001479s ]
INFO: [ view_parse ] --START--
INFO: [ template_filter ] --START--
INFO: Run Behavior\ContentReplaceBehavior [ RunTime:0.000076s ]
INFO: [ template_filter ] --END-- [ RunTime:0.000208s ]
INFO: Run Behavior\ParseTemplateBehavior [ RunTime:0.008986s ]
INFO: [ view_parse ] --END-- [ RunTime:0.009129s ]
INFO: [ view_filter ] --START--
INFO: Run Behavior\WriteHtmlCacheBehavior [ RunTime:0.000569s ]
INFO: [ view_filter ] --END-- [ RunTime:0.000710s ]
INFO: [ app_end ] --START--
INFO: Run Behavior\ShowPageTraceBehavior [ RunTime:0.001466s ]
INFO: [ app_end ] --END-- [ RunTime:0.001618s ]

[ 2016-06-15T17:36:18+08:00 ] ::1 /snailkids.php/Api/Order/testDo
INFO: [ app_init ] --START--
INFO: Run Behavior\BuildLiteBehavior [ RunTime:0.000031s ]
INFO: [ app_init ] --END-- [ RunTime:0.000604s ]
INFO: [ app_begin ] --START--
INFO: Run Behavior\ReadHtmlCacheBehavior [ RunTime:0.000962s ]
INFO: [ app_begin ] --END-- [ RunTime:0.001125s ]
SQL: SHOW COLUMNS FROM `sk_orderdetail` [ RunTime:0.0099s ]
NOTIC: [8] Undefined index: validate D:\Programs\wamp\www3\ThinkPHP\Library\Think\Model.class.php 第 1185 行.
INFO: [ view_parse ] --START--
INFO: [ template_filter ] --START--
INFO: Run Behavior\ContentReplaceBehavior [ RunTime:0.000082s ]
INFO: [ template_filter ] --END-- [ RunTime:0.000206s ]
INFO: Run Behavior\ParseTemplateBehavior [ RunTime:0.009192s ]
INFO: [ view_parse ] --END-- [ RunTime:0.009337s ]
INFO: [ view_filter ] --START--
INFO: Run Behavior\WriteHtmlCacheBehavior [ RunTime:0.000451s ]
INFO: [ view_filter ] --END-- [ RunTime:0.000562s ]

[ 2016-06-15T17:36:23+08:00 ] ::1 /snailkids.php/Api/Order/testDo
INFO: [ app_init ] --START--
INFO: Run Behavior\BuildLiteBehavior [ RunTime:0.000030s ]
INFO: [ app_init ] --END-- [ RunTime:0.000602s ]
INFO: [ app_begin ] --START--
INFO: Run Behavior\ReadHtmlCacheBehavior [ RunTime:0.000846s ]
INFO: [ app_begin ] --END-- [ RunTime:0.000999s ]
SQL: SHOW COLUMNS FROM `sk_orderdetail` [ RunTime:0.0091s ]
NOTIC: [8] Undefined index: validate D:\Programs\wamp\www3\ThinkPHP\Library\Think\Model.class.php 第 1185 行.
INFO: [ view_parse ] --START--
INFO: [ template_filter ] --START--
INFO: Run Behavior\ContentReplaceBehavior [ RunTime:0.000085s ]
INFO: [ template_filter ] --END-- [ RunTime:0.000264s ]
INFO: Run Behavior\ParseTemplateBehavior [ RunTime:0.009387s ]
INFO: [ view_parse ] --END-- [ RunTime:0.009529s ]
INFO: [ view_filter ] --START--
INFO: Run Behavior\WriteHtmlCacheBehavior [ RunTime:0.000480s ]
INFO: [ view_filter ] --END-- [ RunTime:0.000588s ]

[ 2016-06-15T17:36:26+08:00 ] ::1 /snailkids.php/Api/Order/testDo
INFO: [ app_init ] --START--
INFO: Run Behavior\BuildLiteBehavior [ RunTime:0.000032s ]
INFO: [ app_init ] --END-- [ RunTime:0.000620s ]
INFO: [ app_begin ] --START--
INFO: Run Behavior\ReadHtmlCacheBehavior [ RunTime:0.000831s ]
INFO: [ app_begin ] --END-- [ RunTime:0.000959s ]
SQL: SHOW COLUMNS FROM `sk_orderdetail` [ RunTime:0.0089s ]
NOTIC: [8] Undefined index: validate D:\Programs\wamp\www3\ThinkPHP\Library\Think\Model.class.php 第 1185 行.
NOTIC: [8] Undefined index: auto D:\Programs\wamp\www3\ThinkPHP\Library\Think\Model.class.php 第 1128 行.
INFO: [ app_end ] --START--
INFO: Run Behavior\ShowPageTraceBehavior [ RunTime:0.000964s ]
INFO: [ app_end ] --END-- [ RunTime:0.001083s ]

[ 2016-06-15T17:36:53+08:00 ] ::1 /snailkids.php/Api/Order/test
INFO: [ app_init ] --START--
INFO: Run Behavior\BuildLiteBehavior [ RunTime:0.000031s ]
INFO: [ app_init ] --END-- [ RunTime:0.000580s ]
INFO: [ app_begin ] --START--
INFO: Run Behavior\ReadHtmlCacheBehavior [ RunTime:0.001101s ]
INFO: [ app_begin ] --END-- [ RunTime:0.001287s ]
INFO: [ view_parse ] --START--
INFO: [ template_filter ] --START--
INFO: Run Behavior\ContentReplaceBehavior [ RunTime:0.000072s ]
INFO: [ template_filter ] --END-- [ RunTime:0.000202s ]
INFO: Run Behavior\ParseTemplateBehavior [ RunTime:0.008645s ]
INFO: [ view_parse ] --END-- [ RunTime:0.008826s ]
INFO: [ view_filter ] --START--
INFO: Run Behavior\WriteHtmlCacheBehavior [ RunTime:0.000483s ]
INFO: [ view_filter ] --END-- [ RunTime:0.000592s ]
INFO: [ app_end ] --START--
INFO: Run Behavior\ShowPageTraceBehavior [ RunTime:0.000877s ]
INFO: [ app_end ] --END-- [ RunTime:0.000993s ]

[ 2016-06-15T17:36:54+08:00 ] ::1 /snailkids.php/Api/Order/testDo
INFO: [ app_init ] --START--
INFO: Run Behavior\BuildLiteBehavior [ RunTime:0.000030s ]
INFO: [ app_init ] --END-- [ RunTime:0.000596s ]
INFO: [ app_begin ] --START--
INFO: Run Behavior\ReadHtmlCacheBehavior [ RunTime:0.000916s ]
INFO: [ app_begin ] --END-- [ RunTime:0.001078s ]
SQL: SHOW COLUMNS FROM `sk_orderdetail` [ RunTime:0.0116s ]
NOTIC: [8] Undefined index: validate D:\Programs\wamp\www3\ThinkPHP\Library\Think\Model.class.php 第 1185 行.
INFO: [ view_parse ] --START--
INFO: [ template_filter ] --START--
INFO: Run Behavior\ContentReplaceBehavior [ RunTime:0.000085s ]
INFO: [ template_filter ] --END-- [ RunTime:0.000218s ]
INFO: Run Behavior\ParseTemplateBehavior [ RunTime:0.010288s ]
INFO: [ view_parse ] --END-- [ RunTime:0.010466s ]
INFO: [ view_filter ] --START--
INFO: Run Behavior\WriteHtmlCacheBehavior [ RunTime:0.000474s ]
INFO: [ view_filter ] --END-- [ RunTime:0.000581s ]

